2025-11-11 16:51:41.302 [TestNG-test-Test-1] INFO  [verifyingSideMenuCollapsedLangAsInSettings] ===== STARTING TEST: verifyingSideMenuCollapsedLangAsInSettings  | Thread: 31 =====
2025-11-11 16:51:41.322 [TestNG-test-Test-1] INFO  [verifyingSideMenuCollapsedLangAsInSettings] No existing WebDriver found for current thread. Initializing a new ChromeDriver...
2025-11-11 16:51:41.323 [TestNG-test-Test-1] INFO  [verifyingSideMenuCollapsedLangAsInSettings] Loaded masterdata.properties from classpath (32 keys).
2025-11-11 16:51:43.046 [TestNG-test-Test-1] INFO  [verifyingSideMenuCollapsedLangAsInSettings] WebDriverManager: chromedriver setup OK
2025-11-11 16:51:54.642 [TestNG-test-Test-1] INFO  [verifyingSideMenuCollapsedLangAsInSettings] ChromeDriver initialized successfully for thread: 31
2025-11-11 16:51:54.642 [TestNG-test-Test-1] INFO  [verifyingSideMenuCollapsedLangAsInSettings] Driver initialized successfully for test: verifyingSideMenuCollapsedLangAsInSettings
2025-11-11 16:51:55.459 [TestNG-test-Test-1] INFO  [verifyingSideMenuCollapsedLangAsInSettings] SafeActions initialized with driver ChromeDriver: chrome on windows (e72c92a7cb41a36cdb033979e9900d12)
2025-11-11 16:51:55.460 [TestNG-test-Test-1] INFO  [verifyingSideMenuCollapsedLangAsInSettings] Initialized YtLandingPage with driver: ChromeDriver: chrome on windows (e72c92a7cb41a36cdb033979e9900d12)
2025-11-11 16:51:55.461 [TestNG-test-Test-1] INFO  [verifyingSideMenuCollapsedLangAsInSettings] SafeActions initialized with driver ChromeDriver: chrome on windows (e72c92a7cb41a36cdb033979e9900d12)
2025-11-11 16:51:57.538 [TestNG-test-Test-1] INFO  [verifyingSideMenuCollapsedLangAsInSettings] Opened YouTube landing page.
2025-11-11 16:51:57.544 [TestNG-test-Test-1] INFO  [verifyingSideMenuCollapsedLangAsInSettings] [verifyingSideMenuCollapsedLangAsInSettings] Capturing screenshot: verifyingSideMenuCollapsedLangAsInSettings__2025-11-11_165157.png
2025-11-11 16:51:57.791 [TestNG-test-Test-1] INFO  [verifyingSideMenuCollapsedLangAsInSettings] [verifyingSideMenuCollapsedLangAsInSettings] Screenshot saved at: test-output/screenshots/Run_2025-11-11_16-50-57/verifyingSideMenuCollapsedLangAsInSettings/verifyingSideMenuCollapsedLangAsInSettings__2025-11-11_165157.png
2025-11-11 16:51:57.792 [TestNG-test-Test-1] INFO  [verifyingSideMenuCollapsedLangAsInSettings] Clicking left ellipses in the landing page
2025-11-11 16:51:57.792 [TestNG-test-Test-1] INFO  [verifyingSideMenuCollapsedLangAsInSettings] [verifyingSideMenuCollapsedLangAsInSettings] Trying to find element: By.xpath: //ytd-topbar-logo-renderer[@id='logo']/preceding-sibling::*[@id='guide-button']
2025-11-11 16:51:57.843 [TestNG-test-Test-1] INFO  [verifyingSideMenuCollapsedLangAsInSettings] [verifyingSideMenuCollapsedLangAsInSettings] Element found and ready (attempt 1): By.xpath: //ytd-topbar-logo-renderer[@id='logo']/preceding-sibling::*[@id='guide-button']
2025-11-11 16:51:58.150 [TestNG-test-Test-1] INFO  [verifyingSideMenuCollapsedLangAsInSettings] [verifyingSideMenuCollapsedLangAsInSettings] Capturing screenshot: verifyingSideMenuCollapsedLangAsInSettings__2025-11-11_165158.png
2025-11-11 16:51:58.361 [TestNG-test-Test-1] INFO  [verifyingSideMenuCollapsedLangAsInSettings] [verifyingSideMenuCollapsedLangAsInSettings] Screenshot saved at: test-output/screenshots/Run_2025-11-11_16-50-57/verifyingSideMenuCollapsedLangAsInSettings/verifyingSideMenuCollapsedLangAsInSettings__2025-11-11_165158.png
2025-11-11 16:52:01.362 [TestNG-test-Test-1] INFO  [verifyingSideMenuCollapsedLangAsInSettings] Clicking settings ellipses button...
2025-11-11 16:52:01.362 [TestNG-test-Test-1] INFO  [verifyingSideMenuCollapsedLangAsInSettings] [verifyingSideMenuCollapsedLangAsInSettings] Trying to find element: By.xpath: //ytd-topbar-menu-button-renderer[@class='style-scope ytd-masthead style-default']
2025-11-11 16:52:01.396 [TestNG-test-Test-1] INFO  [verifyingSideMenuCollapsedLangAsInSettings] [verifyingSideMenuCollapsedLangAsInSettings] Element found and ready (attempt 1): By.xpath: //ytd-topbar-menu-button-renderer[@class='style-scope ytd-masthead style-default']
2025-11-11 16:52:02.481 [TestNG-test-Test-1] WARN  [verifyingSideMenuCollapsedLangAsInSettings] [verifyingSideMenuCollapsedLangAsInSettings] Retrying test 'verifyingSideMenuCollapsedLangAsInSettings' (attempt 1) due to: element click intercepted: Element <ytd-topbar-menu-button-renderer class="style-scope ytd-masthead style-default" use-keyboard-focused="" is-icon-button="" has-no-text="">...</ytd-topbar-menu-button-renderer> is not clickable at point (870, 28). Other element would receive the click: <div id="scrim" class="style-scope tp-yt-app-drawer visible" style="transition-duration: 200ms;"></div>
  (Session info: chrome=142.0.7444.60)
Build info: version: '4.27.0', revision: 'd6e718d134'
System info: os.name: 'Windows Server 2025', os.arch: 'amd64', os.version: '10.0', java.version: '24.0.2'
Driver info: org.openqa.selenium.chrome.ChromeDriver
Command: [e72c92a7cb41a36cdb033979e9900d12, clickElement {id=f.21C2936A3104722339124A266E6770F1.d.B84DC37473A1571A16B79E6E6ACFDFE5.e.19}]
Capabilities {acceptInsecureCerts: false, browserName: chrome, browserVersion: 142.0.7444.60, chrome: {chromedriverVersion: 142.0.7444.61 (9884f628acbc..., userDataDir: C:\Windows\SystemTemp\scope...}, fedcm:accounts: true, goog:chromeOptions: {debuggerAddress: localhost:51368}, goog:processID: 5748, networkConnectionEnabled: false, pageLoadStrategy: normal, platformName: windows, proxy: Proxy(), se:cdp: ws://localhost:51368/devtoo..., se:cdpVersion: 142.0.7444.60, setWindowRect: true, strictFileInteractability: false, timeouts: {implicit: 0, pageLoad: 300000, script: 30000}, unhandledPromptBehavior: dismiss and notify, webauthn:extension:credBlob: true, webauthn:extension:largeBlob: true, webauthn:extension:minPinLength: true, webauthn:extension:prf: true, webauthn:virtualAuthenticators: true}
Element: [[ChromeDriver: chrome on windows (e72c92a7cb41a36cdb033979e9900d12)] -> xpath: //ytd-topbar-menu-button-renderer[@class='style-scope ytd-masthead style-default']]
Session ID: e72c92a7cb41a36cdb033979e9900d12
2025-11-11 16:52:02.500 [TestNG-test-Test-1] WARN  [verifyingSideMenuCollapsedLangAsInSettings] Test SKIPPED: verifyingSideMenuCollapsedLangAsInSettings
2025-11-11 16:52:02.500 [TestNG-test-Test-1] INFO  [verifyingSideMenuCollapsedLangAsInSettings] Closing WebDriver for thread: 31
2025-11-11 16:52:02.817 [TestNG-test-Test-1] INFO  [verifyingSideMenuCollapsedLangAsInSettings] WebDriver instance removed from ThreadLocal for thread: 31
2025-11-11 16:52:02.817 [TestNG-test-Test-1] INFO  [verifyingSideMenuCollapsedLangAsInSettings] Driver closed for test: verifyingSideMenuCollapsedLangAsInSettings
2025-11-11 16:52:04.823 [TestNG-test-Test-1] INFO  [verifyingSideMenuCollapsedLangAsInSettings] ===== STARTING TEST: verifyingSideMenuCollapsedLangAsInSettings  | Thread: 31 =====
2025-11-11 16:52:04.823 [TestNG-test-Test-1] INFO  [verifyingSideMenuCollapsedLangAsInSettings] No existing WebDriver found for current thread. Initializing a new ChromeDriver...
2025-11-11 16:52:05.011 [TestNG-test-Test-1] INFO  [verifyingSideMenuCollapsedLangAsInSettings] WebDriverManager: chromedriver setup OK
2025-11-11 16:52:06.269 [TestNG-test-Test-1] INFO  [verifyingSideMenuCollapsedLangAsInSettings] ChromeDriver initialized successfully for thread: 31
2025-11-11 16:52:06.269 [TestNG-test-Test-1] INFO  [verifyingSideMenuCollapsedLangAsInSettings] Driver initialized successfully for test: verifyingSideMenuCollapsedLangAsInSettings
2025-11-11 16:52:06.362 [TestNG-test-Test-1] INFO  [verifyingSideMenuCollapsedLangAsInSettings] SafeActions initialized with driver ChromeDriver: chrome on windows (9c97a8728182ecd0a55210058b19aac3)
2025-11-11 16:52:06.362 [TestNG-test-Test-1] INFO  [verifyingSideMenuCollapsedLangAsInSettings] Initialized YtLandingPage with driver: ChromeDriver: chrome on windows (9c97a8728182ecd0a55210058b19aac3)
2025-11-11 16:52:06.362 [TestNG-test-Test-1] INFO  [verifyingSideMenuCollapsedLangAsInSettings] SafeActions initialized with driver ChromeDriver: chrome on windows (9c97a8728182ecd0a55210058b19aac3)
2025-11-11 16:52:08.791 [TestNG-test-Test-1] INFO  [verifyingSideMenuCollapsedLangAsInSettings] Opened YouTube landing page.
2025-11-11 16:52:08.794 [TestNG-test-Test-1] INFO  [verifyingSideMenuCollapsedLangAsInSettings] [verifyingSideMenuCollapsedLangAsInSettings] Capturing screenshot: verifyingSideMenuCollapsedLangAsInSettings__2025-11-11_165208.png
2025-11-11 16:52:08.967 [TestNG-test-Test-1] INFO  [verifyingSideMenuCollapsedLangAsInSettings] [verifyingSideMenuCollapsedLangAsInSettings] Screenshot saved at: test-output/screenshots/Run_2025-11-11_16-50-57/verifyingSideMenuCollapsedLangAsInSettings/verifyingSideMenuCollapsedLangAsInSettings__2025-11-11_165208.png
2025-11-11 16:52:08.969 [TestNG-test-Test-1] INFO  [verifyingSideMenuCollapsedLangAsInSettings] Clicking left ellipses in the landing page
2025-11-11 16:52:08.969 [TestNG-test-Test-1] INFO  [verifyingSideMenuCollapsedLangAsInSettings] [verifyingSideMenuCollapsedLangAsInSettings] Trying to find element: By.xpath: //ytd-topbar-logo-renderer[@id='logo']/preceding-sibling::*[@id='guide-button']
2025-11-11 16:52:09.015 [TestNG-test-Test-1] INFO  [verifyingSideMenuCollapsedLangAsInSettings] [verifyingSideMenuCollapsedLangAsInSettings] Element found and ready (attempt 1): By.xpath: //ytd-topbar-logo-renderer[@id='logo']/preceding-sibling::*[@id='guide-button']
2025-11-11 16:52:09.204 [TestNG-test-Test-1] INFO  [verifyingSideMenuCollapsedLangAsInSettings] [verifyingSideMenuCollapsedLangAsInSettings] Capturing screenshot: verifyingSideMenuCollapsedLangAsInSettings__2025-11-11_165209.png
2025-11-11 16:52:09.369 [TestNG-test-Test-1] INFO  [verifyingSideMenuCollapsedLangAsInSettings] [verifyingSideMenuCollapsedLangAsInSettings] Screenshot saved at: test-output/screenshots/Run_2025-11-11_16-50-57/verifyingSideMenuCollapsedLangAsInSettings/verifyingSideMenuCollapsedLangAsInSettings__2025-11-11_165209.png
2025-11-11 16:52:12.371 [TestNG-test-Test-1] INFO  [verifyingSideMenuCollapsedLangAsInSettings] Clicking settings ellipses button...
2025-11-11 16:52:12.371 [TestNG-test-Test-1] INFO  [verifyingSideMenuCollapsedLangAsInSettings] [verifyingSideMenuCollapsedLangAsInSettings] Trying to find element: By.xpath: //ytd-topbar-menu-button-renderer[@class='style-scope ytd-masthead style-default']
2025-11-11 16:52:12.407 [TestNG-test-Test-1] INFO  [verifyingSideMenuCollapsedLangAsInSettings] [verifyingSideMenuCollapsedLangAsInSettings] Element found and ready (attempt 1): By.xpath: //ytd-topbar-menu-button-renderer[@class='style-scope ytd-masthead style-default']
2025-11-11 16:52:13.485 [TestNG-test-Test-1] INFO  [verifyingSideMenuCollapsedLangAsInSettings] [verifyingSideMenuCollapsedLangAsInSettings] Not retrying test 'verifyingSideMenuCollapsedLangAsInSettings'. Retry count: 1, Cause: element click intercepted: Element <ytd-topbar-menu-button-renderer class="style-scope ytd-masthead style-default" use-keyboard-focused="" is-icon-button="" has-no-text="">...</ytd-topbar-menu-button-renderer> is not clickable at point (870, 28). Other element would receive the click: <div id="scrim" class="style-scope tp-yt-app-drawer visible" style="transition-duration: 200ms;"></div>
  (Session info: chrome=142.0.7444.60)
Build info: version: '4.27.0', revision: 'd6e718d134'
System info: os.name: 'Windows Server 2025', os.arch: 'amd64', os.version: '10.0', java.version: '24.0.2'
Driver info: org.openqa.selenium.chrome.ChromeDriver
Command: [9c97a8728182ecd0a55210058b19aac3, clickElement {id=f.37D656816C833C55F3B34832E4C70788.d.15C8B1A724B75967D89A1DF841771304.e.19}]
Capabilities {acceptInsecureCerts: false, browserName: chrome, browserVersion: 142.0.7444.60, chrome: {chromedriverVersion: 142.0.7444.61 (9884f628acbc..., userDataDir: C:\Windows\SystemTemp\scope...}, fedcm:accounts: true, goog:chromeOptions: {debuggerAddress: localhost:52667}, goog:processID: 4112, networkConnectionEnabled: false, pageLoadStrategy: normal, platformName: windows, proxy: Proxy(), se:cdp: ws://localhost:52667/devtoo..., se:cdpVersion: 142.0.7444.60, setWindowRect: true, strictFileInteractability: false, timeouts: {implicit: 0, pageLoad: 300000, script: 30000}, unhandledPromptBehavior: dismiss and notify, webauthn:extension:credBlob: true, webauthn:extension:largeBlob: true, webauthn:extension:minPinLength: true, webauthn:extension:prf: true, webauthn:virtualAuthenticators: true}
Element: [[ChromeDriver: chrome on windows (9c97a8728182ecd0a55210058b19aac3)] -> xpath: //ytd-topbar-menu-button-renderer[@class='style-scope ytd-masthead style-default']]
Session ID: 9c97a8728182ecd0a55210058b19aac3
2025-11-11 16:52:13.495 [TestNG-test-Test-1] ERROR [verifyingSideMenuCollapsedLangAsInSettings] Test FAILED: verifyingSideMenuCollapsedLangAsInSettings - org.openqa.selenium.ElementClickInterceptedException: element click intercepted: Element <ytd-topbar-menu-button-renderer class="style-scope ytd-masthead style-default" use-keyboard-focused="" is-icon-button="" has-no-text="">...</ytd-topbar-menu-button-renderer> is not clickable at point (870, 28). Other element would receive the click: <div id="scrim" class="style-scope tp-yt-app-drawer visible" style="transition-duration: 200ms;"></div>
  (Session info: chrome=142.0.7444.60)
Build info: version: '4.27.0', revision: 'd6e718d134'
System info: os.name: 'Windows Server 2025', os.arch: 'amd64', os.version: '10.0', java.version: '24.0.2'
Driver info: org.openqa.selenium.chrome.ChromeDriver
Command: [9c97a8728182ecd0a55210058b19aac3, clickElement {id=f.37D656816C833C55F3B34832E4C70788.d.15C8B1A724B75967D89A1DF841771304.e.19}]
Capabilities {acceptInsecureCerts: false, browserName: chrome, browserVersion: 142.0.7444.60, chrome: {chromedriverVersion: 142.0.7444.61 (9884f628acbc..., userDataDir: C:\Windows\SystemTemp\scope...}, fedcm:accounts: true, goog:chromeOptions: {debuggerAddress: localhost:52667}, goog:processID: 4112, networkConnectionEnabled: false, pageLoadStrategy: normal, platformName: windows, proxy: Proxy(), se:cdp: ws://localhost:52667/devtoo..., se:cdpVersion: 142.0.7444.60, setWindowRect: true, strictFileInteractability: false, timeouts: {implicit: 0, pageLoad: 300000, script: 30000}, unhandledPromptBehavior: dismiss and notify, webauthn:extension:credBlob: true, webauthn:extension:largeBlob: true, webauthn:extension:minPinLength: true, webauthn:extension:prf: true, webauthn:virtualAuthenticators: true}
Element: [[ChromeDriver: chrome on windows (9c97a8728182ecd0a55210058b19aac3)] -> xpath: //ytd-topbar-menu-button-renderer[@class='style-scope ytd-masthead style-default']]
Session ID: 9c97a8728182ecd0a55210058b19aac3
2025-11-11 16:52:13.495 [TestNG-test-Test-1] INFO  [verifyingSideMenuCollapsedLangAsInSettings] Closing WebDriver for thread: 31
2025-11-11 16:52:13.780 [TestNG-test-Test-1] INFO  [verifyingSideMenuCollapsedLangAsInSettings] WebDriver instance removed from ThreadLocal for thread: 31
2025-11-11 16:52:13.780 [TestNG-test-Test-1] INFO  [verifyingSideMenuCollapsedLangAsInSettings] Driver closed for test: verifyingSideMenuCollapsedLangAsInSettings
