<?xml version="1.0" encoding="UTF-8"?>
<testng-results ignored="0" total="4" passed="0" failed="4" skipped="0">
  <reporter-output>
  </reporter-output>
  <suite started-at="2025-09-29T22:25:51 IST" name="Suite" finished-at="2025-09-29T22:26:20 IST" duration-ms="29460">
    <groups>
    </groups>
    <test started-at="2025-09-29T22:25:51 IST" name="Test" finished-at="2025-09-29T22:26:20 IST" duration-ms="29460">
      <class name="tests.YtMasterTests">
        <test-method is-config="true" signature="setUp(java.lang.reflect.Method)[pri:0, instance:tests.YtMasterTests@1755e85b]" started-at="2025-09-29T22:25:51 IST" name="setUp" finished-at="2025-09-29T22:26:00 IST" duration-ms="8721" status="PASS">
          <params>
            <param index="0">
              <value>
                <![CDATA[public void tests.YtMasterTests.verifyingSideMenuLanguageAsInSettings3() throws java.lang.InterruptedException]]>
              </value>
            </param>
          </params>
          <reporter-output>
          </reporter-output>
        </test-method> <!-- setUp -->
        <test-method is-config="true" signature="setUp(java.lang.reflect.Method)[pri:0, instance:tests.YtMasterTests@1755e85b]" started-at="2025-09-29T22:25:51 IST" name="setUp" finished-at="2025-09-29T22:26:00 IST" duration-ms="8956" status="PASS">
          <params>
            <param index="0">
              <value>
                <![CDATA[public void tests.YtMasterTests.verifyingSideMenuLanguageAsInSettings4() throws java.lang.InterruptedException]]>
              </value>
            </param>
          </params>
          <reporter-output>
          </reporter-output>
        </test-method> <!-- setUp -->
        <test-method is-config="true" signature="setUp(java.lang.reflect.Method)[pri:0, instance:tests.YtMasterTests@1755e85b]" started-at="2025-09-29T22:25:51 IST" name="setUp" finished-at="2025-09-29T22:26:01 IST" duration-ms="9984" status="PASS">
          <params>
            <param index="0">
              <value>
                <![CDATA[public void tests.YtMasterTests.verifyingSideMenuLanguageAsInSettings() throws java.lang.InterruptedException]]>
              </value>
            </param>
          </params>
          <reporter-output>
          </reporter-output>
        </test-method> <!-- setUp -->
        <test-method is-config="true" signature="setUp(java.lang.reflect.Method)[pri:0, instance:tests.YtMasterTests@1755e85b]" started-at="2025-09-29T22:25:51 IST" name="setUp" finished-at="2025-09-29T22:26:00 IST" duration-ms="8886" status="PASS">
          <params>
            <param index="0">
              <value>
                <![CDATA[public void tests.YtMasterTests.verifyingSideMenuLanguageAsInSettings2() throws java.lang.InterruptedException]]>
              </value>
            </param>
          </params>
          <reporter-output>
          </reporter-output>
        </test-method> <!-- setUp -->
        <test-method signature="verifyingSideMenuLanguageAsInSettings3()[pri:0, instance:tests.YtMasterTests@1755e85b]" started-at="2025-09-29T22:26:00 IST" name="verifyingSideMenuLanguageAsInSettings3" finished-at="2025-09-29T22:26:17 IST" duration-ms="17636" status="FAIL">
          <exception class="java.lang.ClassCastException">
            <message>
              <![CDATA[class java.util.ArrayList cannot be cast to class org.openqa.selenium.By (java.util.ArrayList is in module java.base of loader 'bootstrap'; org.openqa.selenium.By is in unnamed module of loader 'app')]]>
            </message>
            <full-stacktrace>
              <![CDATA[java.lang.ClassCastException: class java.util.ArrayList cannot be cast to class org.openqa.selenium.By (java.util.ArrayList is in module java.base of loader 'bootstrap'; org.openqa.selenium.By is in unnamed module of loader 'app')
at POM.YtLandingPage.applyingAllLanguagesFromList(YtLandingPage.java:95)
at tests.YtMasterTests.verifyingSideMenuLanguageAsInSettings3(YtMasterTests.java:70)
at java.base/jdk.internal.reflect.DirectMethodHandleAccessor.invoke(DirectMethodHandleAccessor.java:103)
at java.base/java.lang.reflect.Method.invoke(Method.java:580)
at org.testng.internal.invokers.MethodInvocationHelper.invokeMethod(MethodInvocationHelper.java:141)
at org.testng.internal.invokers.TestInvoker.invokeMethod(TestInvoker.java:686)
at org.testng.internal.invokers.TestInvoker.invokeTestMethod(TestInvoker.java:230)
at org.testng.internal.invokers.MethodRunner.runInSequence(MethodRunner.java:63)
at org.testng.internal.invokers.TestInvoker$MethodInvocationAgent.invoke(TestInvoker.java:992)
at org.testng.internal.invokers.TestInvoker.invokeTestMethods(TestInvoker.java:203)
at org.testng.internal.invokers.TestMethodWorker.invokeTestMethods(TestMethodWorker.java:154)
at org.testng.internal.invokers.TestMethodWorker.run(TestMethodWorker.java:134)
at java.base/java.util.concurrent.Executors$RunnableAdapter.call(Executors.java:572)
at java.base/java.util.concurrent.FutureTask.run(FutureTask.java:317)
at org.testng.internal.thread.graph.TestNGFutureTask.run(TestNGFutureTask.java:22)
at java.base/java.util.concurrent.ThreadPoolExecutor.runWorker(ThreadPoolExecutor.java:1144)
at java.base/java.util.concurrent.ThreadPoolExecutor$Worker.run(ThreadPoolExecutor.java:642)
at java.base/java.lang.Thread.run(Thread.java:1583)
]]>
            </full-stacktrace>
          </exception> <!-- java.lang.ClassCastException -->
          <reporter-output>
          </reporter-output>
        </test-method> <!-- verifyingSideMenuLanguageAsInSettings3 -->
        <test-method signature="verifyingSideMenuLanguageAsInSettings2()[pri:0, instance:tests.YtMasterTests@1755e85b]" started-at="2025-09-29T22:26:00 IST" name="verifyingSideMenuLanguageAsInSettings2" finished-at="2025-09-29T22:26:20 IST" duration-ms="20269" status="FAIL">
          <exception class="java.lang.ClassCastException">
            <message>
              <![CDATA[class java.util.ArrayList cannot be cast to class org.openqa.selenium.By (java.util.ArrayList is in module java.base of loader 'bootstrap'; org.openqa.selenium.By is in unnamed module of loader 'app')]]>
            </message>
            <full-stacktrace>
              <![CDATA[java.lang.ClassCastException: class java.util.ArrayList cannot be cast to class org.openqa.selenium.By (java.util.ArrayList is in module java.base of loader 'bootstrap'; org.openqa.selenium.By is in unnamed module of loader 'app')
at POM.YtLandingPage.applyingAllLanguagesFromList(YtLandingPage.java:95)
at tests.YtMasterTests.verifyingSideMenuLanguageAsInSettings2(YtMasterTests.java:53)
at java.base/jdk.internal.reflect.DirectMethodHandleAccessor.invoke(DirectMethodHandleAccessor.java:103)
at java.base/java.lang.reflect.Method.invoke(Method.java:580)
at org.testng.internal.invokers.MethodInvocationHelper.invokeMethod(MethodInvocationHelper.java:141)
at org.testng.internal.invokers.TestInvoker.invokeMethod(TestInvoker.java:686)
at org.testng.internal.invokers.TestInvoker.invokeTestMethod(TestInvoker.java:230)
at org.testng.internal.invokers.MethodRunner.runInSequence(MethodRunner.java:63)
at org.testng.internal.invokers.TestInvoker$MethodInvocationAgent.invoke(TestInvoker.java:992)
at org.testng.internal.invokers.TestInvoker.invokeTestMethods(TestInvoker.java:203)
at org.testng.internal.invokers.TestMethodWorker.invokeTestMethods(TestMethodWorker.java:154)
at org.testng.internal.invokers.TestMethodWorker.run(TestMethodWorker.java:134)
at java.base/java.util.concurrent.Executors$RunnableAdapter.call(Executors.java:572)
at java.base/java.util.concurrent.FutureTask.run(FutureTask.java:317)
at org.testng.internal.thread.graph.TestNGFutureTask.run(TestNGFutureTask.java:22)
at java.base/java.util.concurrent.ThreadPoolExecutor.runWorker(ThreadPoolExecutor.java:1144)
at java.base/java.util.concurrent.ThreadPoolExecutor$Worker.run(ThreadPoolExecutor.java:642)
at java.base/java.lang.Thread.run(Thread.java:1583)
]]>
            </full-stacktrace>
          </exception> <!-- java.lang.ClassCastException -->
          <reporter-output>
          </reporter-output>
        </test-method> <!-- verifyingSideMenuLanguageAsInSettings2 -->
        <test-method signature="verifyingSideMenuLanguageAsInSettings4()[pri:0, instance:tests.YtMasterTests@1755e85b]" started-at="2025-09-29T22:26:00 IST" name="verifyingSideMenuLanguageAsInSettings4" finished-at="2025-09-29T22:26:19 IST" duration-ms="19106" status="FAIL">
          <exception class="java.lang.ClassCastException">
            <message>
              <![CDATA[class java.util.ArrayList cannot be cast to class org.openqa.selenium.By (java.util.ArrayList is in module java.base of loader 'bootstrap'; org.openqa.selenium.By is in unnamed module of loader 'app')]]>
            </message>
            <full-stacktrace>
              <![CDATA[java.lang.ClassCastException: class java.util.ArrayList cannot be cast to class org.openqa.selenium.By (java.util.ArrayList is in module java.base of loader 'bootstrap'; org.openqa.selenium.By is in unnamed module of loader 'app')
at POM.YtLandingPage.applyingAllLanguagesFromList(YtLandingPage.java:95)
at tests.YtMasterTests.verifyingSideMenuLanguageAsInSettings4(YtMasterTests.java:88)
at java.base/jdk.internal.reflect.DirectMethodHandleAccessor.invoke(DirectMethodHandleAccessor.java:103)
at java.base/java.lang.reflect.Method.invoke(Method.java:580)
at org.testng.internal.invokers.MethodInvocationHelper.invokeMethod(MethodInvocationHelper.java:141)
at org.testng.internal.invokers.TestInvoker.invokeMethod(TestInvoker.java:686)
at org.testng.internal.invokers.TestInvoker.invokeTestMethod(TestInvoker.java:230)
at org.testng.internal.invokers.MethodRunner.runInSequence(MethodRunner.java:63)
at org.testng.internal.invokers.TestInvoker$MethodInvocationAgent.invoke(TestInvoker.java:992)
at org.testng.internal.invokers.TestInvoker.invokeTestMethods(TestInvoker.java:203)
at org.testng.internal.invokers.TestMethodWorker.invokeTestMethods(TestMethodWorker.java:154)
at org.testng.internal.invokers.TestMethodWorker.run(TestMethodWorker.java:134)
at java.base/java.util.concurrent.Executors$RunnableAdapter.call(Executors.java:572)
at java.base/java.util.concurrent.FutureTask.run(FutureTask.java:317)
at org.testng.internal.thread.graph.TestNGFutureTask.run(TestNGFutureTask.java:22)
at java.base/java.util.concurrent.ThreadPoolExecutor.runWorker(ThreadPoolExecutor.java:1144)
at java.base/java.util.concurrent.ThreadPoolExecutor$Worker.run(ThreadPoolExecutor.java:642)
at java.base/java.lang.Thread.run(Thread.java:1583)
]]>
            </full-stacktrace>
          </exception> <!-- java.lang.ClassCastException -->
          <reporter-output>
          </reporter-output>
        </test-method> <!-- verifyingSideMenuLanguageAsInSettings4 -->
        <test-method signature="verifyingSideMenuLanguageAsInSettings()[pri:0, instance:tests.YtMasterTests@1755e85b]" started-at="2025-09-29T22:26:01 IST" name="verifyingSideMenuLanguageAsInSettings" finished-at="2025-09-29T22:26:19 IST" duration-ms="17843" status="FAIL">
          <exception class="java.lang.ClassCastException">
            <message>
              <![CDATA[class java.util.ArrayList cannot be cast to class org.openqa.selenium.By (java.util.ArrayList is in module java.base of loader 'bootstrap'; org.openqa.selenium.By is in unnamed module of loader 'app')]]>
            </message>
            <full-stacktrace>
              <![CDATA[java.lang.ClassCastException: class java.util.ArrayList cannot be cast to class org.openqa.selenium.By (java.util.ArrayList is in module java.base of loader 'bootstrap'; org.openqa.selenium.By is in unnamed module of loader 'app')
at POM.YtLandingPage.applyingAllLanguagesFromList(YtLandingPage.java:95)
at tests.YtMasterTests.verifyingSideMenuLanguageAsInSettings(YtMasterTests.java:32)
at java.base/jdk.internal.reflect.DirectMethodHandleAccessor.invoke(DirectMethodHandleAccessor.java:103)
at java.base/java.lang.reflect.Method.invoke(Method.java:580)
at org.testng.internal.invokers.MethodInvocationHelper.invokeMethod(MethodInvocationHelper.java:141)
at org.testng.internal.invokers.TestInvoker.invokeMethod(TestInvoker.java:686)
at org.testng.internal.invokers.TestInvoker.invokeTestMethod(TestInvoker.java:230)
at org.testng.internal.invokers.MethodRunner.runInSequence(MethodRunner.java:63)
at org.testng.internal.invokers.TestInvoker$MethodInvocationAgent.invoke(TestInvoker.java:992)
at org.testng.internal.invokers.TestInvoker.invokeTestMethods(TestInvoker.java:203)
at org.testng.internal.invokers.TestMethodWorker.invokeTestMethods(TestMethodWorker.java:154)
at org.testng.internal.invokers.TestMethodWorker.run(TestMethodWorker.java:134)
at java.base/java.util.concurrent.Executors$RunnableAdapter.call(Executors.java:572)
at java.base/java.util.concurrent.FutureTask.run(FutureTask.java:317)
at org.testng.internal.thread.graph.TestNGFutureTask.run(TestNGFutureTask.java:22)
at java.base/java.util.concurrent.ThreadPoolExecutor.runWorker(ThreadPoolExecutor.java:1144)
at java.base/java.util.concurrent.ThreadPoolExecutor$Worker.run(ThreadPoolExecutor.java:642)
at java.base/java.lang.Thread.run(Thread.java:1583)
]]>
            </full-stacktrace>
          </exception> <!-- java.lang.ClassCastException -->
          <reporter-output>
          </reporter-output>
        </test-method> <!-- verifyingSideMenuLanguageAsInSettings -->
        <test-method is-config="true" signature="tearDown(org.testng.ITestResult)[pri:0, instance:tests.YtMasterTests@1755e85b]" started-at="2025-09-29T22:26:17 IST" name="tearDown" finished-at="2025-09-29T22:26:18 IST" duration-ms="452" status="PASS">
          <params>
            <param index="0">
              <value>
                <![CDATA[[TestResult name=verifyingSideMenuLanguageAsInSettings3 status=FAILURE method=YtMasterTests.verifyingSideMenuLanguageAsInSettings3()[pri:0, instance:tests.YtMasterTests@1755e85b] output={null}]]]>
              </value>
            </param>
          </params>
          <reporter-output>
          </reporter-output>
        </test-method> <!-- tearDown -->
        <test-method is-config="true" signature="tearDown(org.testng.ITestResult)[pri:0, instance:tests.YtMasterTests@1755e85b]" started-at="2025-09-29T22:26:19 IST" name="tearDown" finished-at="2025-09-29T22:26:20 IST" duration-ms="856" status="PASS">
          <params>
            <param index="0">
              <value>
                <![CDATA[[TestResult name=verifyingSideMenuLanguageAsInSettings status=FAILURE method=YtMasterTests.verifyingSideMenuLanguageAsInSettings()[pri:0, instance:tests.YtMasterTests@1755e85b] output={null}]]]>
              </value>
            </param>
          </params>
          <reporter-output>
          </reporter-output>
        </test-method> <!-- tearDown -->
        <test-method is-config="true" signature="tearDown(org.testng.ITestResult)[pri:0, instance:tests.YtMasterTests@1755e85b]" started-at="2025-09-29T22:26:19 IST" name="tearDown" finished-at="2025-09-29T22:26:20 IST" duration-ms="624" status="PASS">
          <params>
            <param index="0">
              <value>
                <![CDATA[[TestResult name=verifyingSideMenuLanguageAsInSettings4 status=FAILURE method=YtMasterTests.verifyingSideMenuLanguageAsInSettings4()[pri:0, instance:tests.YtMasterTests@1755e85b] output={null}]]]>
              </value>
            </param>
          </params>
          <reporter-output>
          </reporter-output>
        </test-method> <!-- tearDown -->
        <test-method is-config="true" signature="tearDown(org.testng.ITestResult)[pri:0, instance:tests.YtMasterTests@1755e85b]" started-at="2025-09-29T22:26:20 IST" name="tearDown" finished-at="2025-09-29T22:26:20 IST" duration-ms="259" status="PASS">
          <params>
            <param index="0">
              <value>
                <![CDATA[[TestResult name=verifyingSideMenuLanguageAsInSettings2 status=FAILURE method=YtMasterTests.verifyingSideMenuLanguageAsInSettings2()[pri:0, instance:tests.YtMasterTests@1755e85b] output={null}]]]>
              </value>
            </param>
          </params>
          <reporter-output>
          </reporter-output>
        </test-method> <!-- tearDown -->
      </class> <!-- tests.YtMasterTests -->
    </test> <!-- Test -->
  </suite> <!-- Suite -->
</testng-results>
