2026-01-08 18:17:21.388 [TestNG-test-Smoke Tests-1] INFO  [verifyingSideMenuLanguageAsInSettings] ===== STARTING TEST: verifyingSideMenuLanguageAsInSettings  | Thread: 34 =====
2026-01-08 18:17:21.393 [TestNG-test-Smoke Tests-1] INFO  [verifyingSideMenuLanguageAsInSettings] No existing WebDriver found for current thread. Initializing a new ChromeDriver...
2026-01-08 18:17:21.402 [TestNG-test-Smoke Tests-1] INFO  [verifyingSideMenuLanguageAsInSettings] WebDriverManager: chromedriver setup OK
2026-01-08 18:17:22.560 [TestNG-test-Smoke Tests-1] INFO  [verifyingSideMenuLanguageAsInSettings] ChromeDriver initialized successfully for thread: 34
2026-01-08 18:17:22.560 [TestNG-test-Smoke Tests-1] INFO  [verifyingSideMenuLanguageAsInSettings] Driver initialized successfully for test: verifyingSideMenuLanguageAsInSettings
2026-01-08 18:17:22.561 [TestNG-test-Smoke Tests-1] INFO  [verifyingSideMenuLanguageAsInSettings] SafeActions initialized with driver ChromeDriver: chrome on windows (650b348ae1a0e3bd0af719c727d2eea9)
2026-01-08 18:17:22.561 [TestNG-test-Smoke Tests-1] INFO  [verifyingSideMenuLanguageAsInSettings] Initialized YtLandingPage with driver: ChromeDriver: chrome on windows (650b348ae1a0e3bd0af719c727d2eea9)
2026-01-08 18:17:22.699 [TestNG-test-Smoke Tests-1] INFO  [verifyingSideMenuLanguageAsInSettings] Opened YouTube landing page.
2026-01-08 18:17:22.699 [TestNG-test-Smoke Tests-1] INFO  [verifyingSideMenuLanguageAsInSettings] Clicking settings ellipses button...
2026-01-08 18:17:22.699 [TestNG-test-Smoke Tests-1] INFO  [verifyingSideMenuLanguageAsInSettings] [verifyingSideMenuLanguageAsInSettings] Trying to find element: By.xpath: //ytd-topbar-menu-button-renderer[@class='style-scope ytd-masthead style-default']
2026-01-08 18:17:24.404 [TestNG-test-Smoke Tests-1] INFO  [verifyingSideMenuLanguageAsInSettings] [verifyingSideMenuLanguageAsInSettings] Element found and ready (attempt 1): By.xpath: //ytd-topbar-menu-button-renderer[@class='style-scope ytd-masthead style-default']
2026-01-08 18:17:26.539 [TestNG-test-Smoke Tests-1] INFO  [verifyingSideMenuLanguageAsInSettings] Clicking language dropdown...
2026-01-08 18:17:26.539 [TestNG-test-Smoke Tests-1] INFO  [verifyingSideMenuLanguageAsInSettings] [verifyingSideMenuLanguageAsInSettings] Trying to find element: By.xpath: (//div[@id='content-icon'])[2]
2026-01-08 18:17:26.563 [TestNG-test-Smoke Tests-1] INFO  [verifyingSideMenuLanguageAsInSettings] [verifyingSideMenuLanguageAsInSettings] Element found and ready (attempt 1): By.xpath: (//div[@id='content-icon'])[2]
2026-01-08 18:17:28.941 [TestNG-test-Smoke Tests-1] INFO  [verifyingSideMenuLanguageAsInSettings] [verifyingSideMenuLanguageAsInSettings] Execution is Not CRON Job Hence refering to normal keys from UtilData
2026-01-08 18:17:28.944 [TestNG-test-Smoke Tests-1] INFO  [verifyingSideMenuLanguageAsInSettings] [verifyingSideMenuLanguageAsInSettings] Capturing screenshot: Filter Applied is Afrikaans__2026-01-08_181728.png
2026-01-08 18:17:29.026 [TestNG-test-Smoke Tests-1] INFO  [verifyingSideMenuLanguageAsInSettings] [verifyingSideMenuLanguageAsInSettings] Screenshot saved at: test-output/screenshots/Run_2026-01-08_18-11-19/verifyingSideMenuLanguageAsInSettings/Filter Applied is Afrikaans__2026-01-08_181728.png
2026-01-08 18:17:30.026 [TestNG-test-Smoke Tests-1] INFO  [verifyingSideMenuLanguageAsInSettings] Looking for language element with name: Afrikaans
2026-01-08 18:17:30.027 [TestNG-test-Smoke Tests-1] INFO  [verifyingSideMenuLanguageAsInSettings] [verifyingSideMenuLanguageAsInSettings] Trying to find element: By.xpath: //yt-multi-page-menu-section-renderer[@class='style-scope ytd-multi-page-menu-renderer']//yt-formatted-string[@id='label' and text()='Afrikaans']
2026-01-08 18:17:30.052 [TestNG-test-Smoke Tests-1] INFO  [verifyingSideMenuLanguageAsInSettings] [verifyingSideMenuLanguageAsInSettings] Element found and ready (attempt 1): By.xpath: //yt-multi-page-menu-section-renderer[@class='style-scope ytd-multi-page-menu-renderer']//yt-formatted-string[@id='label' and text()='Afrikaans']
2026-01-08 18:17:33.163 [TestNG-test-Smoke Tests-1] INFO  [verifyingSideMenuLanguageAsInSettings] Fetching the side menu in expanded view
2026-01-08 18:17:33.163 [TestNG-test-Smoke Tests-1] INFO  [verifyingSideMenuLanguageAsInSettings] [verifyingSideMenuLanguageAsInSettings] Finding elements list: By.xpath: //ytd-guide-entry-renderer[@class='style-scope ytd-guide-section-renderer']
2026-01-08 18:17:43.492 [TestNG-test-Smoke Tests-1] WARN  [verifyingSideMenuLanguageAsInSettings] [verifyingSideMenuLanguageAsInSettings] Attempt 1 failed to find elements: By.xpath: //ytd-guide-entry-renderer[@class='style-scope ytd-guide-section-renderer'] -> org.openqa.selenium.TimeoutException: Expected condition failed: waiting for presence of any elements located by By.xpath: //ytd-guide-entry-renderer[@class='style-scope ytd-guide-section-renderer'] (tried for 10 second(s) with 500 milliseconds interval)
Build info: version: '4.27.0', revision: 'd6e718d134'
System info: os.name: 'Windows Server 2025', os.arch: 'amd64', os.version: '10.0', java.version: '24.0.2'
Driver info: org.openqa.selenium.chrome.ChromeDriver
Capabilities {acceptInsecureCerts: false, browserName: chrome, browserVersion: 143.0.7499.170, chrome: {chromedriverVersion: 143.0.7499.192 (be2c1f4fd45..., userDataDir: C:\Windows\SystemTemp\scope...}, fedcm:accounts: true, goog:chromeOptions: {debuggerAddress: localhost:65022}, goog:processID: 7952, networkConnectionEnabled: false, pageLoadStrategy: normal, platformName: windows, proxy: Proxy(), se:cdp: ws://localhost:65022/devtoo..., se:cdpVersion: 143.0.7499.170, setWindowRect: true, strictFileInteractability: false, timeouts: {implicit: 0, pageLoad: 300000, script: 30000}, unhandledPromptBehavior: dismiss and notify, webauthn:extension:credBlob: true, webauthn:extension:largeBlob: true, webauthn:extension:minPinLength: true, webauthn:extension:prf: true, webauthn:virtualAuthenticators: true}
Session ID: 650b348ae1a0e3bd0af719c727d2eea9
2026-01-08 18:17:53.660 [TestNG-test-Smoke Tests-1] WARN  [verifyingSideMenuLanguageAsInSettings] [verifyingSideMenuLanguageAsInSettings] Attempt 2 failed to find elements: By.xpath: //ytd-guide-entry-renderer[@class='style-scope ytd-guide-section-renderer'] -> org.openqa.selenium.TimeoutException: Expected condition failed: waiting for presence of any elements located by By.xpath: //ytd-guide-entry-renderer[@class='style-scope ytd-guide-section-renderer'] (tried for 10 second(s) with 500 milliseconds interval)
Build info: version: '4.27.0', revision: 'd6e718d134'
System info: os.name: 'Windows Server 2025', os.arch: 'amd64', os.version: '10.0', java.version: '24.0.2'
Driver info: org.openqa.selenium.chrome.ChromeDriver
Capabilities {acceptInsecureCerts: false, browserName: chrome, browserVersion: 143.0.7499.170, chrome: {chromedriverVersion: 143.0.7499.192 (be2c1f4fd45..., userDataDir: C:\Windows\SystemTemp\scope...}, fedcm:accounts: true, goog:chromeOptions: {debuggerAddress: localhost:65022}, goog:processID: 7952, networkConnectionEnabled: false, pageLoadStrategy: normal, platformName: windows, proxy: Proxy(), se:cdp: ws://localhost:65022/devtoo..., se:cdpVersion: 143.0.7499.170, setWindowRect: true, strictFileInteractability: false, timeouts: {implicit: 0, pageLoad: 300000, script: 30000}, unhandledPromptBehavior: dismiss and notify, webauthn:extension:credBlob: true, webauthn:extension:largeBlob: true, webauthn:extension:minPinLength: true, webauthn:extension:prf: true, webauthn:virtualAuthenticators: true}
Session ID: 650b348ae1a0e3bd0af719c727d2eea9
2026-01-08 18:17:53.660 [TestNG-test-Smoke Tests-1] WARN  [verifyingSideMenuLanguageAsInSettings] [verifyingSideMenuLanguageAsInSettings] Attempt 2 failed — refreshing the page to recover...
2026-01-08 18:17:53.665 [TestNG-test-Smoke Tests-1] INFO  [verifyingSideMenuLanguageAsInSettings] [verifyingSideMenuLanguageAsInSettings] Current URL before refresh: https://www.youtube.com/
2026-01-08 18:17:53.772 [TestNG-test-Smoke Tests-1] INFO  [verifyingSideMenuLanguageAsInSettings] [verifyingSideMenuLanguageAsInSettings] Page refreshed successfully.
2026-01-08 18:17:55.281 [TestNG-test-Smoke Tests-1] INFO  [verifyingSideMenuLanguageAsInSettings] [verifyingSideMenuLanguageAsInSettings] Page fully loaded after refresh.
2026-01-08 18:18:05.457 [TestNG-test-Smoke Tests-1] WARN  [verifyingSideMenuLanguageAsInSettings] [verifyingSideMenuLanguageAsInSettings] Attempt 3 failed to find elements: By.xpath: //ytd-guide-entry-renderer[@class='style-scope ytd-guide-section-renderer'] -> org.openqa.selenium.TimeoutException: Expected condition failed: waiting for presence of any elements located by By.xpath: //ytd-guide-entry-renderer[@class='style-scope ytd-guide-section-renderer'] (tried for 10 second(s) with 500 milliseconds interval)
Build info: version: '4.27.0', revision: 'd6e718d134'
System info: os.name: 'Windows Server 2025', os.arch: 'amd64', os.version: '10.0', java.version: '24.0.2'
Driver info: org.openqa.selenium.chrome.ChromeDriver
Capabilities {acceptInsecureCerts: false, browserName: chrome, browserVersion: 143.0.7499.170, chrome: {chromedriverVersion: 143.0.7499.192 (be2c1f4fd45..., userDataDir: C:\Windows\SystemTemp\scope...}, fedcm:accounts: true, goog:chromeOptions: {debuggerAddress: localhost:65022}, goog:processID: 7952, networkConnectionEnabled: false, pageLoadStrategy: normal, platformName: windows, proxy: Proxy(), se:cdp: ws://localhost:65022/devtoo..., se:cdpVersion: 143.0.7499.170, setWindowRect: true, strictFileInteractability: false, timeouts: {implicit: 0, pageLoad: 300000, script: 30000}, unhandledPromptBehavior: dismiss and notify, webauthn:extension:credBlob: true, webauthn:extension:largeBlob: true, webauthn:extension:minPinLength: true, webauthn:extension:prf: true, webauthn:virtualAuthenticators: true}
Session ID: 650b348ae1a0e3bd0af719c727d2eea9
2026-01-08 18:18:05.458 [TestNG-test-Smoke Tests-1] WARN  [verifyingSideMenuLanguageAsInSettings] [verifyingSideMenuLanguageAsInSettings] Attempt 3 failed — refreshing the page to recover...
2026-01-08 18:18:05.461 [TestNG-test-Smoke Tests-1] INFO  [verifyingSideMenuLanguageAsInSettings] [verifyingSideMenuLanguageAsInSettings] Current URL before refresh: https://www.youtube.com/
2026-01-08 18:18:05.559 [TestNG-test-Smoke Tests-1] INFO  [verifyingSideMenuLanguageAsInSettings] [verifyingSideMenuLanguageAsInSettings] Page refreshed successfully.
2026-01-08 18:18:07.066 [TestNG-test-Smoke Tests-1] INFO  [verifyingSideMenuLanguageAsInSettings] [verifyingSideMenuLanguageAsInSettings] Page fully loaded after refresh.
2026-01-08 18:18:07.066 [TestNG-test-Smoke Tests-1] ERROR [verifyingSideMenuLanguageAsInSettings] [verifyingSideMenuLanguageAsInSettings] No elements ready after 3 attempts: By.xpath: //ytd-guide-entry-renderer[@class='style-scope ytd-guide-section-renderer']
2026-01-08 18:18:07.067 [TestNG-test-Smoke Tests-1] INFO  [verifyingSideMenuLanguageAsInSettings] Clicking settings ellipses button...
2026-01-08 18:18:07.067 [TestNG-test-Smoke Tests-1] INFO  [verifyingSideMenuLanguageAsInSettings] [verifyingSideMenuLanguageAsInSettings] Trying to find element: By.xpath: //ytd-topbar-menu-button-renderer[@class='style-scope ytd-masthead style-default']
2026-01-08 18:18:07.091 [TestNG-test-Smoke Tests-1] INFO  [verifyingSideMenuLanguageAsInSettings] [verifyingSideMenuLanguageAsInSettings] Element found and ready (attempt 1): By.xpath: //ytd-topbar-menu-button-renderer[@class='style-scope ytd-masthead style-default']
2026-01-08 18:18:09.279 [TestNG-test-Smoke Tests-1] INFO  [verifyingSideMenuLanguageAsInSettings] Clicking language dropdown...
2026-01-08 18:18:09.279 [TestNG-test-Smoke Tests-1] INFO  [verifyingSideMenuLanguageAsInSettings] [verifyingSideMenuLanguageAsInSettings] Trying to find element: By.xpath: (//div[@id='content-icon'])[2]
2026-01-08 18:18:09.306 [TestNG-test-Smoke Tests-1] INFO  [verifyingSideMenuLanguageAsInSettings] [verifyingSideMenuLanguageAsInSettings] Element found and ready (attempt 1): By.xpath: (//div[@id='content-icon'])[2]
2026-01-08 18:18:11.652 [TestNG-test-Smoke Tests-1] INFO  [verifyingSideMenuLanguageAsInSettings] [verifyingSideMenuLanguageAsInSettings] Capturing screenshot: Filter Applied is Azərbaycan__2026-01-08_181811.png
2026-01-08 18:18:11.738 [TestNG-test-Smoke Tests-1] INFO  [verifyingSideMenuLanguageAsInSettings] [verifyingSideMenuLanguageAsInSettings] Screenshot saved at: test-output/screenshots/Run_2026-01-08_18-11-19/verifyingSideMenuLanguageAsInSettings/Filter Applied is Azərbaycan__2026-01-08_181811.png
2026-01-08 18:18:12.739 [TestNG-test-Smoke Tests-1] INFO  [verifyingSideMenuLanguageAsInSettings] Looking for language element with name: Azərbaycan
2026-01-08 18:18:12.739 [TestNG-test-Smoke Tests-1] INFO  [verifyingSideMenuLanguageAsInSettings] [verifyingSideMenuLanguageAsInSettings] Trying to find element: By.xpath: //yt-multi-page-menu-section-renderer[@class='style-scope ytd-multi-page-menu-renderer']//yt-formatted-string[@id='label' and text()='Azərbaycan']
2026-01-08 18:18:12.765 [TestNG-test-Smoke Tests-1] INFO  [verifyingSideMenuLanguageAsInSettings] [verifyingSideMenuLanguageAsInSettings] Element found and ready (attempt 1): By.xpath: //yt-multi-page-menu-section-renderer[@class='style-scope ytd-multi-page-menu-renderer']//yt-formatted-string[@id='label' and text()='Azərbaycan']
2026-01-08 18:18:15.836 [TestNG-test-Smoke Tests-1] INFO  [verifyingSideMenuLanguageAsInSettings] Fetching the side menu in expanded view
2026-01-08 18:18:15.836 [TestNG-test-Smoke Tests-1] INFO  [verifyingSideMenuLanguageAsInSettings] [verifyingSideMenuLanguageAsInSettings] Finding elements list: By.xpath: //ytd-guide-entry-renderer[@class='style-scope ytd-guide-section-renderer']
2026-01-08 18:18:26.021 [TestNG-test-Smoke Tests-1] WARN  [verifyingSideMenuLanguageAsInSettings] [verifyingSideMenuLanguageAsInSettings] Attempt 1 failed to find elements: By.xpath: //ytd-guide-entry-renderer[@class='style-scope ytd-guide-section-renderer'] -> org.openqa.selenium.TimeoutException: Expected condition failed: waiting for presence of any elements located by By.xpath: //ytd-guide-entry-renderer[@class='style-scope ytd-guide-section-renderer'] (tried for 10 second(s) with 500 milliseconds interval)
Build info: version: '4.27.0', revision: 'd6e718d134'
System info: os.name: 'Windows Server 2025', os.arch: 'amd64', os.version: '10.0', java.version: '24.0.2'
Driver info: org.openqa.selenium.chrome.ChromeDriver
Capabilities {acceptInsecureCerts: false, browserName: chrome, browserVersion: 143.0.7499.170, chrome: {chromedriverVersion: 143.0.7499.192 (be2c1f4fd45..., userDataDir: C:\Windows\SystemTemp\scope...}, fedcm:accounts: true, goog:chromeOptions: {debuggerAddress: localhost:65022}, goog:processID: 7952, networkConnectionEnabled: false, pageLoadStrategy: normal, platformName: windows, proxy: Proxy(), se:cdp: ws://localhost:65022/devtoo..., se:cdpVersion: 143.0.7499.170, setWindowRect: true, strictFileInteractability: false, timeouts: {implicit: 0, pageLoad: 300000, script: 30000}, unhandledPromptBehavior: dismiss and notify, webauthn:extension:credBlob: true, webauthn:extension:largeBlob: true, webauthn:extension:minPinLength: true, webauthn:extension:prf: true, webauthn:virtualAuthenticators: true}
Session ID: 650b348ae1a0e3bd0af719c727d2eea9
2026-01-08 18:18:36.296 [TestNG-test-Smoke Tests-1] WARN  [verifyingSideMenuLanguageAsInSettings] [verifyingSideMenuLanguageAsInSettings] Attempt 2 failed to find elements: By.xpath: //ytd-guide-entry-renderer[@class='style-scope ytd-guide-section-renderer'] -> org.openqa.selenium.TimeoutException: Expected condition failed: waiting for presence of any elements located by By.xpath: //ytd-guide-entry-renderer[@class='style-scope ytd-guide-section-renderer'] (tried for 10 second(s) with 500 milliseconds interval)
Build info: version: '4.27.0', revision: 'd6e718d134'
System info: os.name: 'Windows Server 2025', os.arch: 'amd64', os.version: '10.0', java.version: '24.0.2'
Driver info: org.openqa.selenium.chrome.ChromeDriver
Capabilities {acceptInsecureCerts: false, browserName: chrome, browserVersion: 143.0.7499.170, chrome: {chromedriverVersion: 143.0.7499.192 (be2c1f4fd45..., userDataDir: C:\Windows\SystemTemp\scope...}, fedcm:accounts: true, goog:chromeOptions: {debuggerAddress: localhost:65022}, goog:processID: 7952, networkConnectionEnabled: false, pageLoadStrategy: normal, platformName: windows, proxy: Proxy(), se:cdp: ws://localhost:65022/devtoo..., se:cdpVersion: 143.0.7499.170, setWindowRect: true, strictFileInteractability: false, timeouts: {implicit: 0, pageLoad: 300000, script: 30000}, unhandledPromptBehavior: dismiss and notify, webauthn:extension:credBlob: true, webauthn:extension:largeBlob: true, webauthn:extension:minPinLength: true, webauthn:extension:prf: true, webauthn:virtualAuthenticators: true}
Session ID: 650b348ae1a0e3bd0af719c727d2eea9
2026-01-08 18:18:36.296 [TestNG-test-Smoke Tests-1] WARN  [verifyingSideMenuLanguageAsInSettings] [verifyingSideMenuLanguageAsInSettings] Attempt 2 failed — refreshing the page to recover...
2026-01-08 18:18:36.300 [TestNG-test-Smoke Tests-1] INFO  [verifyingSideMenuLanguageAsInSettings] [verifyingSideMenuLanguageAsInSettings] Current URL before refresh: https://www.youtube.com/
2026-01-08 18:18:37.697 [TestNG-test-Smoke Tests-1] INFO  [verifyingSideMenuLanguageAsInSettings] [verifyingSideMenuLanguageAsInSettings] Page refreshed successfully.
2026-01-08 18:18:39.205 [TestNG-test-Smoke Tests-1] INFO  [verifyingSideMenuLanguageAsInSettings] [verifyingSideMenuLanguageAsInSettings] Page fully loaded after refresh.
2026-01-08 18:18:49.399 [TestNG-test-Smoke Tests-1] WARN  [verifyingSideMenuLanguageAsInSettings] [verifyingSideMenuLanguageAsInSettings] Attempt 3 failed to find elements: By.xpath: //ytd-guide-entry-renderer[@class='style-scope ytd-guide-section-renderer'] -> org.openqa.selenium.TimeoutException: Expected condition failed: waiting for presence of any elements located by By.xpath: //ytd-guide-entry-renderer[@class='style-scope ytd-guide-section-renderer'] (tried for 10 second(s) with 500 milliseconds interval)
Build info: version: '4.27.0', revision: 'd6e718d134'
System info: os.name: 'Windows Server 2025', os.arch: 'amd64', os.version: '10.0', java.version: '24.0.2'
Driver info: org.openqa.selenium.chrome.ChromeDriver
Capabilities {acceptInsecureCerts: false, browserName: chrome, browserVersion: 143.0.7499.170, chrome: {chromedriverVersion: 143.0.7499.192 (be2c1f4fd45..., userDataDir: C:\Windows\SystemTemp\scope...}, fedcm:accounts: true, goog:chromeOptions: {debuggerAddress: localhost:65022}, goog:processID: 7952, networkConnectionEnabled: false, pageLoadStrategy: normal, platformName: windows, proxy: Proxy(), se:cdp: ws://localhost:65022/devtoo..., se:cdpVersion: 143.0.7499.170, setWindowRect: true, strictFileInteractability: false, timeouts: {implicit: 0, pageLoad: 300000, script: 30000}, unhandledPromptBehavior: dismiss and notify, webauthn:extension:credBlob: true, webauthn:extension:largeBlob: true, webauthn:extension:minPinLength: true, webauthn:extension:prf: true, webauthn:virtualAuthenticators: true}
Session ID: 650b348ae1a0e3bd0af719c727d2eea9
2026-01-08 18:18:49.399 [TestNG-test-Smoke Tests-1] WARN  [verifyingSideMenuLanguageAsInSettings] [verifyingSideMenuLanguageAsInSettings] Attempt 3 failed — refreshing the page to recover...
2026-01-08 18:18:49.404 [TestNG-test-Smoke Tests-1] INFO  [verifyingSideMenuLanguageAsInSettings] [verifyingSideMenuLanguageAsInSettings] Current URL before refresh: https://www.youtube.com/
2026-01-08 18:18:50.630 [TestNG-test-Smoke Tests-1] INFO  [verifyingSideMenuLanguageAsInSettings] [verifyingSideMenuLanguageAsInSettings] Page refreshed successfully.
2026-01-08 18:18:52.136 [TestNG-test-Smoke Tests-1] INFO  [verifyingSideMenuLanguageAsInSettings] [verifyingSideMenuLanguageAsInSettings] Page fully loaded after refresh.
2026-01-08 18:18:52.136 [TestNG-test-Smoke Tests-1] ERROR [verifyingSideMenuLanguageAsInSettings] [verifyingSideMenuLanguageAsInSettings] No elements ready after 3 attempts: By.xpath: //ytd-guide-entry-renderer[@class='style-scope ytd-guide-section-renderer']
2026-01-08 18:18:52.137 [TestNG-test-Smoke Tests-1] INFO  [verifyingSideMenuLanguageAsInSettings] Clicking settings ellipses button...
2026-01-08 18:18:52.137 [TestNG-test-Smoke Tests-1] INFO  [verifyingSideMenuLanguageAsInSettings] [verifyingSideMenuLanguageAsInSettings] Trying to find element: By.xpath: //ytd-topbar-menu-button-renderer[@class='style-scope ytd-masthead style-default']
2026-01-08 18:18:52.163 [TestNG-test-Smoke Tests-1] INFO  [verifyingSideMenuLanguageAsInSettings] [verifyingSideMenuLanguageAsInSettings] Element found and ready (attempt 1): By.xpath: //ytd-topbar-menu-button-renderer[@class='style-scope ytd-masthead style-default']
2026-01-08 18:18:54.252 [TestNG-test-Smoke Tests-1] INFO  [verifyingSideMenuLanguageAsInSettings] Clicking language dropdown...
2026-01-08 18:18:54.252 [TestNG-test-Smoke Tests-1] INFO  [verifyingSideMenuLanguageAsInSettings] [verifyingSideMenuLanguageAsInSettings] Trying to find element: By.xpath: (//div[@id='content-icon'])[2]
2026-01-08 18:18:54.275 [TestNG-test-Smoke Tests-1] INFO  [verifyingSideMenuLanguageAsInSettings] [verifyingSideMenuLanguageAsInSettings] Element found and ready (attempt 1): By.xpath: (//div[@id='content-icon'])[2]
2026-01-08 18:18:56.699 [TestNG-test-Smoke Tests-1] INFO  [verifyingSideMenuLanguageAsInSettings] [verifyingSideMenuLanguageAsInSettings] Capturing screenshot: Filter Applied is Bahasa Indonesia__2026-01-08_181856.png
2026-01-08 18:18:56.815 [TestNG-test-Smoke Tests-1] INFO  [verifyingSideMenuLanguageAsInSettings] [verifyingSideMenuLanguageAsInSettings] Screenshot saved at: test-output/screenshots/Run_2026-01-08_18-11-19/verifyingSideMenuLanguageAsInSettings/Filter Applied is Bahasa Indonesia__2026-01-08_181856.png
2026-01-08 18:18:57.817 [TestNG-test-Smoke Tests-1] INFO  [verifyingSideMenuLanguageAsInSettings] Looking for language element with name: Bahasa Indonesia
2026-01-08 18:18:57.817 [TestNG-test-Smoke Tests-1] INFO  [verifyingSideMenuLanguageAsInSettings] [verifyingSideMenuLanguageAsInSettings] Trying to find element: By.xpath: //yt-multi-page-menu-section-renderer[@class='style-scope ytd-multi-page-menu-renderer']//yt-formatted-string[@id='label' and text()='Bahasa Indonesia']
2026-01-08 18:18:57.847 [TestNG-test-Smoke Tests-1] INFO  [verifyingSideMenuLanguageAsInSettings] [verifyingSideMenuLanguageAsInSettings] Element found and ready (attempt 1): By.xpath: //yt-multi-page-menu-section-renderer[@class='style-scope ytd-multi-page-menu-renderer']//yt-formatted-string[@id='label' and text()='Bahasa Indonesia']
2026-01-08 18:19:00.953 [TestNG-test-Smoke Tests-1] INFO  [verifyingSideMenuLanguageAsInSettings] Fetching the side menu in expanded view
2026-01-08 18:19:00.953 [TestNG-test-Smoke Tests-1] INFO  [verifyingSideMenuLanguageAsInSettings] [verifyingSideMenuLanguageAsInSettings] Finding elements list: By.xpath: //ytd-guide-entry-renderer[@class='style-scope ytd-guide-section-renderer']
2026-01-08 18:19:11.139 [TestNG-test-Smoke Tests-1] WARN  [verifyingSideMenuLanguageAsInSettings] [verifyingSideMenuLanguageAsInSettings] Attempt 1 failed to find elements: By.xpath: //ytd-guide-entry-renderer[@class='style-scope ytd-guide-section-renderer'] -> org.openqa.selenium.TimeoutException: Expected condition failed: waiting for presence of any elements located by By.xpath: //ytd-guide-entry-renderer[@class='style-scope ytd-guide-section-renderer'] (tried for 10 second(s) with 500 milliseconds interval)
Build info: version: '4.27.0', revision: 'd6e718d134'
System info: os.name: 'Windows Server 2025', os.arch: 'amd64', os.version: '10.0', java.version: '24.0.2'
Driver info: org.openqa.selenium.chrome.ChromeDriver
Capabilities {acceptInsecureCerts: false, browserName: chrome, browserVersion: 143.0.7499.170, chrome: {chromedriverVersion: 143.0.7499.192 (be2c1f4fd45..., userDataDir: C:\Windows\SystemTemp\scope...}, fedcm:accounts: true, goog:chromeOptions: {debuggerAddress: localhost:65022}, goog:processID: 7952, networkConnectionEnabled: false, pageLoadStrategy: normal, platformName: windows, proxy: Proxy(), se:cdp: ws://localhost:65022/devtoo..., se:cdpVersion: 143.0.7499.170, setWindowRect: true, strictFileInteractability: false, timeouts: {implicit: 0, pageLoad: 300000, script: 30000}, unhandledPromptBehavior: dismiss and notify, webauthn:extension:credBlob: true, webauthn:extension:largeBlob: true, webauthn:extension:minPinLength: true, webauthn:extension:prf: true, webauthn:virtualAuthenticators: true}
Session ID: 650b348ae1a0e3bd0af719c727d2eea9
2026-01-08 18:19:21.303 [TestNG-test-Smoke Tests-1] WARN  [verifyingSideMenuLanguageAsInSettings] [verifyingSideMenuLanguageAsInSettings] Attempt 2 failed to find elements: By.xpath: //ytd-guide-entry-renderer[@class='style-scope ytd-guide-section-renderer'] -> org.openqa.selenium.TimeoutException: Expected condition failed: waiting for presence of any elements located by By.xpath: //ytd-guide-entry-renderer[@class='style-scope ytd-guide-section-renderer'] (tried for 10 second(s) with 500 milliseconds interval)
Build info: version: '4.27.0', revision: 'd6e718d134'
System info: os.name: 'Windows Server 2025', os.arch: 'amd64', os.version: '10.0', java.version: '24.0.2'
Driver info: org.openqa.selenium.chrome.ChromeDriver
Capabilities {acceptInsecureCerts: false, browserName: chrome, browserVersion: 143.0.7499.170, chrome: {chromedriverVersion: 143.0.7499.192 (be2c1f4fd45..., userDataDir: C:\Windows\SystemTemp\scope...}, fedcm:accounts: true, goog:chromeOptions: {debuggerAddress: localhost:65022}, goog:processID: 7952, networkConnectionEnabled: false, pageLoadStrategy: normal, platformName: windows, proxy: Proxy(), se:cdp: ws://localhost:65022/devtoo..., se:cdpVersion: 143.0.7499.170, setWindowRect: true, strictFileInteractability: false, timeouts: {implicit: 0, pageLoad: 300000, script: 30000}, unhandledPromptBehavior: dismiss and notify, webauthn:extension:credBlob: true, webauthn:extension:largeBlob: true, webauthn:extension:minPinLength: true, webauthn:extension:prf: true, webauthn:virtualAuthenticators: true}
Session ID: 650b348ae1a0e3bd0af719c727d2eea9
2026-01-08 18:19:21.303 [TestNG-test-Smoke Tests-1] WARN  [verifyingSideMenuLanguageAsInSettings] [verifyingSideMenuLanguageAsInSettings] Attempt 2 failed — refreshing the page to recover...
2026-01-08 18:19:21.307 [TestNG-test-Smoke Tests-1] INFO  [verifyingSideMenuLanguageAsInSettings] [verifyingSideMenuLanguageAsInSettings] Current URL before refresh: https://www.youtube.com/
2026-01-08 18:19:21.415 [TestNG-test-Smoke Tests-1] INFO  [verifyingSideMenuLanguageAsInSettings] [verifyingSideMenuLanguageAsInSettings] Page refreshed successfully.
2026-01-08 18:19:22.921 [TestNG-test-Smoke Tests-1] INFO  [verifyingSideMenuLanguageAsInSettings] [verifyingSideMenuLanguageAsInSettings] Page fully loaded after refresh.
2026-01-08 18:19:33.087 [TestNG-test-Smoke Tests-1] WARN  [verifyingSideMenuLanguageAsInSettings] [verifyingSideMenuLanguageAsInSettings] Attempt 3 failed to find elements: By.xpath: //ytd-guide-entry-renderer[@class='style-scope ytd-guide-section-renderer'] -> org.openqa.selenium.TimeoutException: Expected condition failed: waiting for presence of any elements located by By.xpath: //ytd-guide-entry-renderer[@class='style-scope ytd-guide-section-renderer'] (tried for 10 second(s) with 500 milliseconds interval)
Build info: version: '4.27.0', revision: 'd6e718d134'
System info: os.name: 'Windows Server 2025', os.arch: 'amd64', os.version: '10.0', java.version: '24.0.2'
Driver info: org.openqa.selenium.chrome.ChromeDriver
Capabilities {acceptInsecureCerts: false, browserName: chrome, browserVersion: 143.0.7499.170, chrome: {chromedriverVersion: 143.0.7499.192 (be2c1f4fd45..., userDataDir: C:\Windows\SystemTemp\scope...}, fedcm:accounts: true, goog:chromeOptions: {debuggerAddress: localhost:65022}, goog:processID: 7952, networkConnectionEnabled: false, pageLoadStrategy: normal, platformName: windows, proxy: Proxy(), se:cdp: ws://localhost:65022/devtoo..., se:cdpVersion: 143.0.7499.170, setWindowRect: true, strictFileInteractability: false, timeouts: {implicit: 0, pageLoad: 300000, script: 30000}, unhandledPromptBehavior: dismiss and notify, webauthn:extension:credBlob: true, webauthn:extension:largeBlob: true, webauthn:extension:minPinLength: true, webauthn:extension:prf: true, webauthn:virtualAuthenticators: true}
Session ID: 650b348ae1a0e3bd0af719c727d2eea9
2026-01-08 18:19:33.087 [TestNG-test-Smoke Tests-1] WARN  [verifyingSideMenuLanguageAsInSettings] [verifyingSideMenuLanguageAsInSettings] Attempt 3 failed — refreshing the page to recover...
2026-01-08 18:19:33.091 [TestNG-test-Smoke Tests-1] INFO  [verifyingSideMenuLanguageAsInSettings] [verifyingSideMenuLanguageAsInSettings] Current URL before refresh: https://www.youtube.com/
2026-01-08 18:19:33.197 [TestNG-test-Smoke Tests-1] INFO  [verifyingSideMenuLanguageAsInSettings] [verifyingSideMenuLanguageAsInSettings] Page refreshed successfully.
2026-01-08 18:19:34.705 [TestNG-test-Smoke Tests-1] INFO  [verifyingSideMenuLanguageAsInSettings] [verifyingSideMenuLanguageAsInSettings] Page fully loaded after refresh.
2026-01-08 18:19:34.705 [TestNG-test-Smoke Tests-1] ERROR [verifyingSideMenuLanguageAsInSettings] [verifyingSideMenuLanguageAsInSettings] No elements ready after 3 attempts: By.xpath: //ytd-guide-entry-renderer[@class='style-scope ytd-guide-section-renderer']
2026-01-08 18:19:34.706 [TestNG-test-Smoke Tests-1] INFO  [verifyingSideMenuLanguageAsInSettings] Clicking settings ellipses button...
2026-01-08 18:19:34.706 [TestNG-test-Smoke Tests-1] INFO  [verifyingSideMenuLanguageAsInSettings] [verifyingSideMenuLanguageAsInSettings] Trying to find element: By.xpath: //ytd-topbar-menu-button-renderer[@class='style-scope ytd-masthead style-default']
2026-01-08 18:19:34.730 [TestNG-test-Smoke Tests-1] INFO  [verifyingSideMenuLanguageAsInSettings] [verifyingSideMenuLanguageAsInSettings] Element found and ready (attempt 1): By.xpath: //ytd-topbar-menu-button-renderer[@class='style-scope ytd-masthead style-default']
2026-01-08 18:19:36.939 [TestNG-test-Smoke Tests-1] INFO  [verifyingSideMenuLanguageAsInSettings] Clicking language dropdown...
2026-01-08 18:19:36.939 [TestNG-test-Smoke Tests-1] INFO  [verifyingSideMenuLanguageAsInSettings] [verifyingSideMenuLanguageAsInSettings] Trying to find element: By.xpath: (//div[@id='content-icon'])[2]
2026-01-08 18:19:36.972 [TestNG-test-Smoke Tests-1] INFO  [verifyingSideMenuLanguageAsInSettings] [verifyingSideMenuLanguageAsInSettings] Element found and ready (attempt 1): By.xpath: (//div[@id='content-icon'])[2]
2026-01-08 18:19:39.297 [TestNG-test-Smoke Tests-1] INFO  [verifyingSideMenuLanguageAsInSettings] [verifyingSideMenuLanguageAsInSettings] Capturing screenshot: Filter Applied is Bosanski__2026-01-08_181939.png
2026-01-08 18:19:39.374 [TestNG-test-Smoke Tests-1] INFO  [verifyingSideMenuLanguageAsInSettings] [verifyingSideMenuLanguageAsInSettings] Screenshot saved at: test-output/screenshots/Run_2026-01-08_18-11-19/verifyingSideMenuLanguageAsInSettings/Filter Applied is Bosanski__2026-01-08_181939.png
2026-01-08 18:19:40.375 [TestNG-test-Smoke Tests-1] INFO  [verifyingSideMenuLanguageAsInSettings] Looking for language element with name: Bosanski
2026-01-08 18:19:40.375 [TestNG-test-Smoke Tests-1] INFO  [verifyingSideMenuLanguageAsInSettings] [verifyingSideMenuLanguageAsInSettings] Trying to find element: By.xpath: //yt-multi-page-menu-section-renderer[@class='style-scope ytd-multi-page-menu-renderer']//yt-formatted-string[@id='label' and text()='Bosanski']
2026-01-08 18:19:40.401 [TestNG-test-Smoke Tests-1] INFO  [verifyingSideMenuLanguageAsInSettings] [verifyingSideMenuLanguageAsInSettings] Element found and ready (attempt 1): By.xpath: //yt-multi-page-menu-section-renderer[@class='style-scope ytd-multi-page-menu-renderer']//yt-formatted-string[@id='label' and text()='Bosanski']
2026-01-08 18:19:43.368 [TestNG-test-Smoke Tests-1] INFO  [verifyingSideMenuLanguageAsInSettings] Fetching the side menu in expanded view
2026-01-08 18:19:43.368 [TestNG-test-Smoke Tests-1] INFO  [verifyingSideMenuLanguageAsInSettings] [verifyingSideMenuLanguageAsInSettings] Finding elements list: By.xpath: //ytd-guide-entry-renderer[@class='style-scope ytd-guide-section-renderer']
2026-01-08 18:19:53.683 [TestNG-test-Smoke Tests-1] WARN  [verifyingSideMenuLanguageAsInSettings] [verifyingSideMenuLanguageAsInSettings] Attempt 1 failed to find elements: By.xpath: //ytd-guide-entry-renderer[@class='style-scope ytd-guide-section-renderer'] -> org.openqa.selenium.TimeoutException: Expected condition failed: waiting for presence of any elements located by By.xpath: //ytd-guide-entry-renderer[@class='style-scope ytd-guide-section-renderer'] (tried for 10 second(s) with 500 milliseconds interval)
Build info: version: '4.27.0', revision: 'd6e718d134'
System info: os.name: 'Windows Server 2025', os.arch: 'amd64', os.version: '10.0', java.version: '24.0.2'
Driver info: org.openqa.selenium.chrome.ChromeDriver
Capabilities {acceptInsecureCerts: false, browserName: chrome, browserVersion: 143.0.7499.170, chrome: {chromedriverVersion: 143.0.7499.192 (be2c1f4fd45..., userDataDir: C:\Windows\SystemTemp\scope...}, fedcm:accounts: true, goog:chromeOptions: {debuggerAddress: localhost:65022}, goog:processID: 7952, networkConnectionEnabled: false, pageLoadStrategy: normal, platformName: windows, proxy: Proxy(), se:cdp: ws://localhost:65022/devtoo..., se:cdpVersion: 143.0.7499.170, setWindowRect: true, strictFileInteractability: false, timeouts: {implicit: 0, pageLoad: 300000, script: 30000}, unhandledPromptBehavior: dismiss and notify, webauthn:extension:credBlob: true, webauthn:extension:largeBlob: true, webauthn:extension:minPinLength: true, webauthn:extension:prf: true, webauthn:virtualAuthenticators: true}
Session ID: 650b348ae1a0e3bd0af719c727d2eea9
2026-01-08 18:20:04.010 [TestNG-test-Smoke Tests-1] WARN  [verifyingSideMenuLanguageAsInSettings] [verifyingSideMenuLanguageAsInSettings] Attempt 2 failed to find elements: By.xpath: //ytd-guide-entry-renderer[@class='style-scope ytd-guide-section-renderer'] -> org.openqa.selenium.TimeoutException: Expected condition failed: waiting for presence of any elements located by By.xpath: //ytd-guide-entry-renderer[@class='style-scope ytd-guide-section-renderer'] (tried for 10 second(s) with 500 milliseconds interval)
Build info: version: '4.27.0', revision: 'd6e718d134'
System info: os.name: 'Windows Server 2025', os.arch: 'amd64', os.version: '10.0', java.version: '24.0.2'
Driver info: org.openqa.selenium.chrome.ChromeDriver
Capabilities {acceptInsecureCerts: false, browserName: chrome, browserVersion: 143.0.7499.170, chrome: {chromedriverVersion: 143.0.7499.192 (be2c1f4fd45..., userDataDir: C:\Windows\SystemTemp\scope...}, fedcm:accounts: true, goog:chromeOptions: {debuggerAddress: localhost:65022}, goog:processID: 7952, networkConnectionEnabled: false, pageLoadStrategy: normal, platformName: windows, proxy: Proxy(), se:cdp: ws://localhost:65022/devtoo..., se:cdpVersion: 143.0.7499.170, setWindowRect: true, strictFileInteractability: false, timeouts: {implicit: 0, pageLoad: 300000, script: 30000}, unhandledPromptBehavior: dismiss and notify, webauthn:extension:credBlob: true, webauthn:extension:largeBlob: true, webauthn:extension:minPinLength: true, webauthn:extension:prf: true, webauthn:virtualAuthenticators: true}
Session ID: 650b348ae1a0e3bd0af719c727d2eea9
2026-01-08 18:20:04.010 [TestNG-test-Smoke Tests-1] WARN  [verifyingSideMenuLanguageAsInSettings] [verifyingSideMenuLanguageAsInSettings] Attempt 2 failed — refreshing the page to recover...
2026-01-08 18:20:04.017 [TestNG-test-Smoke Tests-1] INFO  [verifyingSideMenuLanguageAsInSettings] [verifyingSideMenuLanguageAsInSettings] Current URL before refresh: https://www.youtube.com/
2026-01-08 18:20:05.082 [TestNG-test-Smoke Tests-1] INFO  [verifyingSideMenuLanguageAsInSettings] [verifyingSideMenuLanguageAsInSettings] Page refreshed successfully.
2026-01-08 18:20:06.590 [TestNG-test-Smoke Tests-1] INFO  [verifyingSideMenuLanguageAsInSettings] [verifyingSideMenuLanguageAsInSettings] Page fully loaded after refresh.
2026-01-08 18:20:16.766 [TestNG-test-Smoke Tests-1] WARN  [verifyingSideMenuLanguageAsInSettings] [verifyingSideMenuLanguageAsInSettings] Attempt 3 failed to find elements: By.xpath: //ytd-guide-entry-renderer[@class='style-scope ytd-guide-section-renderer'] -> org.openqa.selenium.TimeoutException: Expected condition failed: waiting for presence of any elements located by By.xpath: //ytd-guide-entry-renderer[@class='style-scope ytd-guide-section-renderer'] (tried for 10 second(s) with 500 milliseconds interval)
Build info: version: '4.27.0', revision: 'd6e718d134'
System info: os.name: 'Windows Server 2025', os.arch: 'amd64', os.version: '10.0', java.version: '24.0.2'
Driver info: org.openqa.selenium.chrome.ChromeDriver
Capabilities {acceptInsecureCerts: false, browserName: chrome, browserVersion: 143.0.7499.170, chrome: {chromedriverVersion: 143.0.7499.192 (be2c1f4fd45..., userDataDir: C:\Windows\SystemTemp\scope...}, fedcm:accounts: true, goog:chromeOptions: {debuggerAddress: localhost:65022}, goog:processID: 7952, networkConnectionEnabled: false, pageLoadStrategy: normal, platformName: windows, proxy: Proxy(), se:cdp: ws://localhost:65022/devtoo..., se:cdpVersion: 143.0.7499.170, setWindowRect: true, strictFileInteractability: false, timeouts: {implicit: 0, pageLoad: 300000, script: 30000}, unhandledPromptBehavior: dismiss and notify, webauthn:extension:credBlob: true, webauthn:extension:largeBlob: true, webauthn:extension:minPinLength: true, webauthn:extension:prf: true, webauthn:virtualAuthenticators: true}
Session ID: 650b348ae1a0e3bd0af719c727d2eea9
2026-01-08 18:20:16.766 [TestNG-test-Smoke Tests-1] WARN  [verifyingSideMenuLanguageAsInSettings] [verifyingSideMenuLanguageAsInSettings] Attempt 3 failed — refreshing the page to recover...
2026-01-08 18:20:16.770 [TestNG-test-Smoke Tests-1] INFO  [verifyingSideMenuLanguageAsInSettings] [verifyingSideMenuLanguageAsInSettings] Current URL before refresh: https://www.youtube.com/
2026-01-08 18:20:17.799 [TestNG-test-Smoke Tests-1] INFO  [verifyingSideMenuLanguageAsInSettings] [verifyingSideMenuLanguageAsInSettings] Page refreshed successfully.
2026-01-08 18:20:19.304 [TestNG-test-Smoke Tests-1] INFO  [verifyingSideMenuLanguageAsInSettings] [verifyingSideMenuLanguageAsInSettings] Page fully loaded after refresh.
2026-01-08 18:20:19.304 [TestNG-test-Smoke Tests-1] ERROR [verifyingSideMenuLanguageAsInSettings] [verifyingSideMenuLanguageAsInSettings] No elements ready after 3 attempts: By.xpath: //ytd-guide-entry-renderer[@class='style-scope ytd-guide-section-renderer']
2026-01-08 18:20:19.305 [TestNG-test-Smoke Tests-1] INFO  [verifyingSideMenuLanguageAsInSettings] Clicking settings ellipses button...
2026-01-08 18:20:19.305 [TestNG-test-Smoke Tests-1] INFO  [verifyingSideMenuLanguageAsInSettings] [verifyingSideMenuLanguageAsInSettings] Trying to find element: By.xpath: //ytd-topbar-menu-button-renderer[@class='style-scope ytd-masthead style-default']
2026-01-08 18:20:19.329 [TestNG-test-Smoke Tests-1] INFO  [verifyingSideMenuLanguageAsInSettings] [verifyingSideMenuLanguageAsInSettings] Element found and ready (attempt 1): By.xpath: //ytd-topbar-menu-button-renderer[@class='style-scope ytd-masthead style-default']
2026-01-08 18:20:21.416 [TestNG-test-Smoke Tests-1] INFO  [verifyingSideMenuLanguageAsInSettings] Clicking language dropdown...
2026-01-08 18:20:21.416 [TestNG-test-Smoke Tests-1] INFO  [verifyingSideMenuLanguageAsInSettings] [verifyingSideMenuLanguageAsInSettings] Trying to find element: By.xpath: (//div[@id='content-icon'])[2]
2026-01-08 18:20:21.447 [TestNG-test-Smoke Tests-1] INFO  [verifyingSideMenuLanguageAsInSettings] [verifyingSideMenuLanguageAsInSettings] Element found and ready (attempt 1): By.xpath: (//div[@id='content-icon'])[2]
2026-01-08 18:20:23.966 [TestNG-test-Smoke Tests-1] INFO  [verifyingSideMenuLanguageAsInSettings] [verifyingSideMenuLanguageAsInSettings] Capturing screenshot: Filter Applied is Català__2026-01-08_182023.png
2026-01-08 18:20:24.125 [TestNG-test-Smoke Tests-1] INFO  [verifyingSideMenuLanguageAsInSettings] [verifyingSideMenuLanguageAsInSettings] Screenshot saved at: test-output/screenshots/Run_2026-01-08_18-11-19/verifyingSideMenuLanguageAsInSettings/Filter Applied is Català__2026-01-08_182023.png
2026-01-08 18:20:25.127 [TestNG-test-Smoke Tests-1] INFO  [verifyingSideMenuLanguageAsInSettings] Looking for language element with name: Català
2026-01-08 18:20:25.127 [TestNG-test-Smoke Tests-1] INFO  [verifyingSideMenuLanguageAsInSettings] [verifyingSideMenuLanguageAsInSettings] Trying to find element: By.xpath: //yt-multi-page-menu-section-renderer[@class='style-scope ytd-multi-page-menu-renderer']//yt-formatted-string[@id='label' and text()='Català']
2026-01-08 18:20:25.152 [TestNG-test-Smoke Tests-1] INFO  [verifyingSideMenuLanguageAsInSettings] [verifyingSideMenuLanguageAsInSettings] Element found and ready (attempt 1): By.xpath: //yt-multi-page-menu-section-renderer[@class='style-scope ytd-multi-page-menu-renderer']//yt-formatted-string[@id='label' and text()='Català']
2026-01-08 18:20:28.533 [TestNG-test-Smoke Tests-1] INFO  [verifyingSideMenuLanguageAsInSettings] Fetching the side menu in expanded view
2026-01-08 18:20:28.533 [TestNG-test-Smoke Tests-1] INFO  [verifyingSideMenuLanguageAsInSettings] [verifyingSideMenuLanguageAsInSettings] Finding elements list: By.xpath: //ytd-guide-entry-renderer[@class='style-scope ytd-guide-section-renderer']
2026-01-08 18:20:38.720 [TestNG-test-Smoke Tests-1] WARN  [verifyingSideMenuLanguageAsInSettings] [verifyingSideMenuLanguageAsInSettings] Attempt 1 failed to find elements: By.xpath: //ytd-guide-entry-renderer[@class='style-scope ytd-guide-section-renderer'] -> org.openqa.selenium.TimeoutException: Expected condition failed: waiting for presence of any elements located by By.xpath: //ytd-guide-entry-renderer[@class='style-scope ytd-guide-section-renderer'] (tried for 10 second(s) with 500 milliseconds interval)
Build info: version: '4.27.0', revision: 'd6e718d134'
System info: os.name: 'Windows Server 2025', os.arch: 'amd64', os.version: '10.0', java.version: '24.0.2'
Driver info: org.openqa.selenium.chrome.ChromeDriver
Capabilities {acceptInsecureCerts: false, browserName: chrome, browserVersion: 143.0.7499.170, chrome: {chromedriverVersion: 143.0.7499.192 (be2c1f4fd45..., userDataDir: C:\Windows\SystemTemp\scope...}, fedcm:accounts: true, goog:chromeOptions: {debuggerAddress: localhost:65022}, goog:processID: 7952, networkConnectionEnabled: false, pageLoadStrategy: normal, platformName: windows, proxy: Proxy(), se:cdp: ws://localhost:65022/devtoo..., se:cdpVersion: 143.0.7499.170, setWindowRect: true, strictFileInteractability: false, timeouts: {implicit: 0, pageLoad: 300000, script: 30000}, unhandledPromptBehavior: dismiss and notify, webauthn:extension:credBlob: true, webauthn:extension:largeBlob: true, webauthn:extension:minPinLength: true, webauthn:extension:prf: true, webauthn:virtualAuthenticators: true}
Session ID: 650b348ae1a0e3bd0af719c727d2eea9
2026-01-08 18:20:48.963 [TestNG-test-Smoke Tests-1] WARN  [verifyingSideMenuLanguageAsInSettings] [verifyingSideMenuLanguageAsInSettings] Attempt 2 failed to find elements: By.xpath: //ytd-guide-entry-renderer[@class='style-scope ytd-guide-section-renderer'] -> org.openqa.selenium.TimeoutException: Expected condition failed: waiting for presence of any elements located by By.xpath: //ytd-guide-entry-renderer[@class='style-scope ytd-guide-section-renderer'] (tried for 10 second(s) with 500 milliseconds interval)
Build info: version: '4.27.0', revision: 'd6e718d134'
System info: os.name: 'Windows Server 2025', os.arch: 'amd64', os.version: '10.0', java.version: '24.0.2'
Driver info: org.openqa.selenium.chrome.ChromeDriver
Capabilities {acceptInsecureCerts: false, browserName: chrome, browserVersion: 143.0.7499.170, chrome: {chromedriverVersion: 143.0.7499.192 (be2c1f4fd45..., userDataDir: C:\Windows\SystemTemp\scope...}, fedcm:accounts: true, goog:chromeOptions: {debuggerAddress: localhost:65022}, goog:processID: 7952, networkConnectionEnabled: false, pageLoadStrategy: normal, platformName: windows, proxy: Proxy(), se:cdp: ws://localhost:65022/devtoo..., se:cdpVersion: 143.0.7499.170, setWindowRect: true, strictFileInteractability: false, timeouts: {implicit: 0, pageLoad: 300000, script: 30000}, unhandledPromptBehavior: dismiss and notify, webauthn:extension:credBlob: true, webauthn:extension:largeBlob: true, webauthn:extension:minPinLength: true, webauthn:extension:prf: true, webauthn:virtualAuthenticators: true}
Session ID: 650b348ae1a0e3bd0af719c727d2eea9
2026-01-08 18:20:48.963 [TestNG-test-Smoke Tests-1] WARN  [verifyingSideMenuLanguageAsInSettings] [verifyingSideMenuLanguageAsInSettings] Attempt 2 failed — refreshing the page to recover...
2026-01-08 18:20:48.968 [TestNG-test-Smoke Tests-1] INFO  [verifyingSideMenuLanguageAsInSettings] [verifyingSideMenuLanguageAsInSettings] Current URL before refresh: https://www.youtube.com/
2026-01-08 18:20:49.079 [TestNG-test-Smoke Tests-1] INFO  [verifyingSideMenuLanguageAsInSettings] [verifyingSideMenuLanguageAsInSettings] Page refreshed successfully.
2026-01-08 18:20:50.596 [TestNG-test-Smoke Tests-1] INFO  [verifyingSideMenuLanguageAsInSettings] [verifyingSideMenuLanguageAsInSettings] Page fully loaded after refresh.
2026-01-08 18:21:00.940 [TestNG-test-Smoke Tests-1] WARN  [verifyingSideMenuLanguageAsInSettings] [verifyingSideMenuLanguageAsInSettings] Attempt 3 failed to find elements: By.xpath: //ytd-guide-entry-renderer[@class='style-scope ytd-guide-section-renderer'] -> org.openqa.selenium.TimeoutException: Expected condition failed: waiting for presence of any elements located by By.xpath: //ytd-guide-entry-renderer[@class='style-scope ytd-guide-section-renderer'] (tried for 10 second(s) with 500 milliseconds interval)
Build info: version: '4.27.0', revision: 'd6e718d134'
System info: os.name: 'Windows Server 2025', os.arch: 'amd64', os.version: '10.0', java.version: '24.0.2'
Driver info: org.openqa.selenium.chrome.ChromeDriver
Capabilities {acceptInsecureCerts: false, browserName: chrome, browserVersion: 143.0.7499.170, chrome: {chromedriverVersion: 143.0.7499.192 (be2c1f4fd45..., userDataDir: C:\Windows\SystemTemp\scope...}, fedcm:accounts: true, goog:chromeOptions: {debuggerAddress: localhost:65022}, goog:processID: 7952, networkConnectionEnabled: false, pageLoadStrategy: normal, platformName: windows, proxy: Proxy(), se:cdp: ws://localhost:65022/devtoo..., se:cdpVersion: 143.0.7499.170, setWindowRect: true, strictFileInteractability: false, timeouts: {implicit: 0, pageLoad: 300000, script: 30000}, unhandledPromptBehavior: dismiss and notify, webauthn:extension:credBlob: true, webauthn:extension:largeBlob: true, webauthn:extension:minPinLength: true, webauthn:extension:prf: true, webauthn:virtualAuthenticators: true}
Session ID: 650b348ae1a0e3bd0af719c727d2eea9
2026-01-08 18:21:00.940 [TestNG-test-Smoke Tests-1] WARN  [verifyingSideMenuLanguageAsInSettings] [verifyingSideMenuLanguageAsInSettings] Attempt 3 failed — refreshing the page to recover...
2026-01-08 18:21:00.944 [TestNG-test-Smoke Tests-1] INFO  [verifyingSideMenuLanguageAsInSettings] [verifyingSideMenuLanguageAsInSettings] Current URL before refresh: https://www.youtube.com/
2026-01-08 18:21:01.044 [TestNG-test-Smoke Tests-1] INFO  [verifyingSideMenuLanguageAsInSettings] [verifyingSideMenuLanguageAsInSettings] Page refreshed successfully.
2026-01-08 18:21:02.560 [TestNG-test-Smoke Tests-1] INFO  [verifyingSideMenuLanguageAsInSettings] [verifyingSideMenuLanguageAsInSettings] Page fully loaded after refresh.
2026-01-08 18:21:02.561 [TestNG-test-Smoke Tests-1] ERROR [verifyingSideMenuLanguageAsInSettings] [verifyingSideMenuLanguageAsInSettings] No elements ready after 3 attempts: By.xpath: //ytd-guide-entry-renderer[@class='style-scope ytd-guide-section-renderer']
2026-01-08 18:21:02.561 [TestNG-test-Smoke Tests-1] INFO  [verifyingSideMenuLanguageAsInSettings] Clicking settings ellipses button...
2026-01-08 18:21:02.561 [TestNG-test-Smoke Tests-1] INFO  [verifyingSideMenuLanguageAsInSettings] [verifyingSideMenuLanguageAsInSettings] Trying to find element: By.xpath: //ytd-topbar-menu-button-renderer[@class='style-scope ytd-masthead style-default']
2026-01-08 18:21:02.582 [TestNG-test-Smoke Tests-1] INFO  [verifyingSideMenuLanguageAsInSettings] [verifyingSideMenuLanguageAsInSettings] Element found and ready (attempt 1): By.xpath: //ytd-topbar-menu-button-renderer[@class='style-scope ytd-masthead style-default']
2026-01-08 18:21:04.762 [TestNG-test-Smoke Tests-1] INFO  [verifyingSideMenuLanguageAsInSettings] Clicking language dropdown...
2026-01-08 18:21:04.762 [TestNG-test-Smoke Tests-1] INFO  [verifyingSideMenuLanguageAsInSettings] [verifyingSideMenuLanguageAsInSettings] Trying to find element: By.xpath: (//div[@id='content-icon'])[2]
2026-01-08 18:21:04.784 [TestNG-test-Smoke Tests-1] INFO  [verifyingSideMenuLanguageAsInSettings] [verifyingSideMenuLanguageAsInSettings] Element found and ready (attempt 1): By.xpath: (//div[@id='content-icon'])[2]
2026-01-08 18:21:07.112 [TestNG-test-Smoke Tests-1] INFO  [verifyingSideMenuLanguageAsInSettings] [verifyingSideMenuLanguageAsInSettings] Capturing screenshot: Filter Applied is Dansk__2026-01-08_182107.png
2026-01-08 18:21:07.206 [TestNG-test-Smoke Tests-1] INFO  [verifyingSideMenuLanguageAsInSettings] [verifyingSideMenuLanguageAsInSettings] Screenshot saved at: test-output/screenshots/Run_2026-01-08_18-11-19/verifyingSideMenuLanguageAsInSettings/Filter Applied is Dansk__2026-01-08_182107.png
2026-01-08 18:21:08.208 [TestNG-test-Smoke Tests-1] INFO  [verifyingSideMenuLanguageAsInSettings] Looking for language element with name: Dansk
2026-01-08 18:21:08.208 [TestNG-test-Smoke Tests-1] INFO  [verifyingSideMenuLanguageAsInSettings] [verifyingSideMenuLanguageAsInSettings] Trying to find element: By.xpath: //yt-multi-page-menu-section-renderer[@class='style-scope ytd-multi-page-menu-renderer']//yt-formatted-string[@id='label' and text()='Dansk']
2026-01-08 18:21:08.234 [TestNG-test-Smoke Tests-1] INFO  [verifyingSideMenuLanguageAsInSettings] [verifyingSideMenuLanguageAsInSettings] Element found and ready (attempt 1): By.xpath: //yt-multi-page-menu-section-renderer[@class='style-scope ytd-multi-page-menu-renderer']//yt-formatted-string[@id='label' and text()='Dansk']
2026-01-08 18:21:11.553 [TestNG-test-Smoke Tests-1] INFO  [verifyingSideMenuLanguageAsInSettings] Fetching the side menu in expanded view
2026-01-08 18:21:11.553 [TestNG-test-Smoke Tests-1] INFO  [verifyingSideMenuLanguageAsInSettings] [verifyingSideMenuLanguageAsInSettings] Finding elements list: By.xpath: //ytd-guide-entry-renderer[@class='style-scope ytd-guide-section-renderer']
2026-01-08 18:21:21.920 [TestNG-test-Smoke Tests-1] WARN  [verifyingSideMenuLanguageAsInSettings] [verifyingSideMenuLanguageAsInSettings] Attempt 1 failed to find elements: By.xpath: //ytd-guide-entry-renderer[@class='style-scope ytd-guide-section-renderer'] -> org.openqa.selenium.TimeoutException: Expected condition failed: waiting for presence of any elements located by By.xpath: //ytd-guide-entry-renderer[@class='style-scope ytd-guide-section-renderer'] (tried for 10 second(s) with 500 milliseconds interval)
Build info: version: '4.27.0', revision: 'd6e718d134'
System info: os.name: 'Windows Server 2025', os.arch: 'amd64', os.version: '10.0', java.version: '24.0.2'
Driver info: org.openqa.selenium.chrome.ChromeDriver
Capabilities {acceptInsecureCerts: false, browserName: chrome, browserVersion: 143.0.7499.170, chrome: {chromedriverVersion: 143.0.7499.192 (be2c1f4fd45..., userDataDir: C:\Windows\SystemTemp\scope...}, fedcm:accounts: true, goog:chromeOptions: {debuggerAddress: localhost:65022}, goog:processID: 7952, networkConnectionEnabled: false, pageLoadStrategy: normal, platformName: windows, proxy: Proxy(), se:cdp: ws://localhost:65022/devtoo..., se:cdpVersion: 143.0.7499.170, setWindowRect: true, strictFileInteractability: false, timeouts: {implicit: 0, pageLoad: 300000, script: 30000}, unhandledPromptBehavior: dismiss and notify, webauthn:extension:credBlob: true, webauthn:extension:largeBlob: true, webauthn:extension:minPinLength: true, webauthn:extension:prf: true, webauthn:virtualAuthenticators: true}
Session ID: 650b348ae1a0e3bd0af719c727d2eea9
2026-01-08 18:21:32.238 [TestNG-test-Smoke Tests-1] WARN  [verifyingSideMenuLanguageAsInSettings] [verifyingSideMenuLanguageAsInSettings] Attempt 2 failed to find elements: By.xpath: //ytd-guide-entry-renderer[@class='style-scope ytd-guide-section-renderer'] -> org.openqa.selenium.TimeoutException: Expected condition failed: waiting for presence of any elements located by By.xpath: //ytd-guide-entry-renderer[@class='style-scope ytd-guide-section-renderer'] (tried for 10 second(s) with 500 milliseconds interval)
Build info: version: '4.27.0', revision: 'd6e718d134'
System info: os.name: 'Windows Server 2025', os.arch: 'amd64', os.version: '10.0', java.version: '24.0.2'
Driver info: org.openqa.selenium.chrome.ChromeDriver
Capabilities {acceptInsecureCerts: false, browserName: chrome, browserVersion: 143.0.7499.170, chrome: {chromedriverVersion: 143.0.7499.192 (be2c1f4fd45..., userDataDir: C:\Windows\SystemTemp\scope...}, fedcm:accounts: true, goog:chromeOptions: {debuggerAddress: localhost:65022}, goog:processID: 7952, networkConnectionEnabled: false, pageLoadStrategy: normal, platformName: windows, proxy: Proxy(), se:cdp: ws://localhost:65022/devtoo..., se:cdpVersion: 143.0.7499.170, setWindowRect: true, strictFileInteractability: false, timeouts: {implicit: 0, pageLoad: 300000, script: 30000}, unhandledPromptBehavior: dismiss and notify, webauthn:extension:credBlob: true, webauthn:extension:largeBlob: true, webauthn:extension:minPinLength: true, webauthn:extension:prf: true, webauthn:virtualAuthenticators: true}
Session ID: 650b348ae1a0e3bd0af719c727d2eea9
2026-01-08 18:21:32.238 [TestNG-test-Smoke Tests-1] WARN  [verifyingSideMenuLanguageAsInSettings] [verifyingSideMenuLanguageAsInSettings] Attempt 2 failed — refreshing the page to recover...
2026-01-08 18:21:32.242 [TestNG-test-Smoke Tests-1] INFO  [verifyingSideMenuLanguageAsInSettings] [verifyingSideMenuLanguageAsInSettings] Current URL before refresh: https://www.youtube.com/
2026-01-08 18:21:32.348 [TestNG-test-Smoke Tests-1] INFO  [verifyingSideMenuLanguageAsInSettings] [verifyingSideMenuLanguageAsInSettings] Page refreshed successfully.
2026-01-08 18:21:33.854 [TestNG-test-Smoke Tests-1] INFO  [verifyingSideMenuLanguageAsInSettings] [verifyingSideMenuLanguageAsInSettings] Page fully loaded after refresh.
2026-01-08 18:21:44.022 [TestNG-test-Smoke Tests-1] WARN  [verifyingSideMenuLanguageAsInSettings] [verifyingSideMenuLanguageAsInSettings] Attempt 3 failed to find elements: By.xpath: //ytd-guide-entry-renderer[@class='style-scope ytd-guide-section-renderer'] -> org.openqa.selenium.TimeoutException: Expected condition failed: waiting for presence of any elements located by By.xpath: //ytd-guide-entry-renderer[@class='style-scope ytd-guide-section-renderer'] (tried for 10 second(s) with 500 milliseconds interval)
Build info: version: '4.27.0', revision: 'd6e718d134'
System info: os.name: 'Windows Server 2025', os.arch: 'amd64', os.version: '10.0', java.version: '24.0.2'
Driver info: org.openqa.selenium.chrome.ChromeDriver
Capabilities {acceptInsecureCerts: false, browserName: chrome, browserVersion: 143.0.7499.170, chrome: {chromedriverVersion: 143.0.7499.192 (be2c1f4fd45..., userDataDir: C:\Windows\SystemTemp\scope...}, fedcm:accounts: true, goog:chromeOptions: {debuggerAddress: localhost:65022}, goog:processID: 7952, networkConnectionEnabled: false, pageLoadStrategy: normal, platformName: windows, proxy: Proxy(), se:cdp: ws://localhost:65022/devtoo..., se:cdpVersion: 143.0.7499.170, setWindowRect: true, strictFileInteractability: false, timeouts: {implicit: 0, pageLoad: 300000, script: 30000}, unhandledPromptBehavior: dismiss and notify, webauthn:extension:credBlob: true, webauthn:extension:largeBlob: true, webauthn:extension:minPinLength: true, webauthn:extension:prf: true, webauthn:virtualAuthenticators: true}
Session ID: 650b348ae1a0e3bd0af719c727d2eea9
2026-01-08 18:21:44.022 [TestNG-test-Smoke Tests-1] WARN  [verifyingSideMenuLanguageAsInSettings] [verifyingSideMenuLanguageAsInSettings] Attempt 3 failed — refreshing the page to recover...
2026-01-08 18:21:44.026 [TestNG-test-Smoke Tests-1] INFO  [verifyingSideMenuLanguageAsInSettings] [verifyingSideMenuLanguageAsInSettings] Current URL before refresh: https://www.youtube.com/
2026-01-08 18:21:44.137 [TestNG-test-Smoke Tests-1] INFO  [verifyingSideMenuLanguageAsInSettings] [verifyingSideMenuLanguageAsInSettings] Page refreshed successfully.
2026-01-08 18:21:45.643 [TestNG-test-Smoke Tests-1] INFO  [verifyingSideMenuLanguageAsInSettings] [verifyingSideMenuLanguageAsInSettings] Page fully loaded after refresh.
2026-01-08 18:21:45.643 [TestNG-test-Smoke Tests-1] ERROR [verifyingSideMenuLanguageAsInSettings] [verifyingSideMenuLanguageAsInSettings] No elements ready after 3 attempts: By.xpath: //ytd-guide-entry-renderer[@class='style-scope ytd-guide-section-renderer']
2026-01-08 18:21:45.644 [TestNG-test-Smoke Tests-1] INFO  [verifyingSideMenuLanguageAsInSettings] Clicking settings ellipses button...
2026-01-08 18:21:45.644 [TestNG-test-Smoke Tests-1] INFO  [verifyingSideMenuLanguageAsInSettings] [verifyingSideMenuLanguageAsInSettings] Trying to find element: By.xpath: //ytd-topbar-menu-button-renderer[@class='style-scope ytd-masthead style-default']
2026-01-08 18:21:45.665 [TestNG-test-Smoke Tests-1] INFO  [verifyingSideMenuLanguageAsInSettings] [verifyingSideMenuLanguageAsInSettings] Element found and ready (attempt 1): By.xpath: //ytd-topbar-menu-button-renderer[@class='style-scope ytd-masthead style-default']
2026-01-08 18:21:47.842 [TestNG-test-Smoke Tests-1] INFO  [verifyingSideMenuLanguageAsInSettings] Clicking language dropdown...
2026-01-08 18:21:47.842 [TestNG-test-Smoke Tests-1] INFO  [verifyingSideMenuLanguageAsInSettings] [verifyingSideMenuLanguageAsInSettings] Trying to find element: By.xpath: (//div[@id='content-icon'])[2]
2026-01-08 18:21:47.938 [TestNG-test-Smoke Tests-1] INFO  [verifyingSideMenuLanguageAsInSettings] [verifyingSideMenuLanguageAsInSettings] Element found and ready (attempt 1): By.xpath: (//div[@id='content-icon'])[2]
2026-01-08 18:21:50.448 [TestNG-test-Smoke Tests-1] INFO  [verifyingSideMenuLanguageAsInSettings] [verifyingSideMenuLanguageAsInSettings] Capturing screenshot: Filter Applied is Deutsch__2026-01-08_182150.png
2026-01-08 18:21:50.561 [TestNG-test-Smoke Tests-1] INFO  [verifyingSideMenuLanguageAsInSettings] [verifyingSideMenuLanguageAsInSettings] Screenshot saved at: test-output/screenshots/Run_2026-01-08_18-11-19/verifyingSideMenuLanguageAsInSettings/Filter Applied is Deutsch__2026-01-08_182150.png
2026-01-08 18:21:51.562 [TestNG-test-Smoke Tests-1] INFO  [verifyingSideMenuLanguageAsInSettings] Looking for language element with name: Deutsch
2026-01-08 18:21:51.562 [TestNG-test-Smoke Tests-1] INFO  [verifyingSideMenuLanguageAsInSettings] [verifyingSideMenuLanguageAsInSettings] Trying to find element: By.xpath: //yt-multi-page-menu-section-renderer[@class='style-scope ytd-multi-page-menu-renderer']//yt-formatted-string[@id='label' and text()='Deutsch']
2026-01-08 18:21:51.587 [TestNG-test-Smoke Tests-1] INFO  [verifyingSideMenuLanguageAsInSettings] [verifyingSideMenuLanguageAsInSettings] Element found and ready (attempt 1): By.xpath: //yt-multi-page-menu-section-renderer[@class='style-scope ytd-multi-page-menu-renderer']//yt-formatted-string[@id='label' and text()='Deutsch']
2026-01-08 18:21:54.795 [TestNG-test-Smoke Tests-1] INFO  [verifyingSideMenuLanguageAsInSettings] Fetching the side menu in expanded view
2026-01-08 18:21:54.795 [TestNG-test-Smoke Tests-1] INFO  [verifyingSideMenuLanguageAsInSettings] [verifyingSideMenuLanguageAsInSettings] Finding elements list: By.xpath: //ytd-guide-entry-renderer[@class='style-scope ytd-guide-section-renderer']
2026-01-08 18:22:05.211 [TestNG-test-Smoke Tests-1] WARN  [verifyingSideMenuLanguageAsInSettings] [verifyingSideMenuLanguageAsInSettings] Attempt 1 failed to find elements: By.xpath: //ytd-guide-entry-renderer[@class='style-scope ytd-guide-section-renderer'] -> org.openqa.selenium.TimeoutException: Expected condition failed: waiting for presence of any elements located by By.xpath: //ytd-guide-entry-renderer[@class='style-scope ytd-guide-section-renderer'] (tried for 10 second(s) with 500 milliseconds interval)
Build info: version: '4.27.0', revision: 'd6e718d134'
System info: os.name: 'Windows Server 2025', os.arch: 'amd64', os.version: '10.0', java.version: '24.0.2'
Driver info: org.openqa.selenium.chrome.ChromeDriver
Capabilities {acceptInsecureCerts: false, browserName: chrome, browserVersion: 143.0.7499.170, chrome: {chromedriverVersion: 143.0.7499.192 (be2c1f4fd45..., userDataDir: C:\Windows\SystemTemp\scope...}, fedcm:accounts: true, goog:chromeOptions: {debuggerAddress: localhost:65022}, goog:processID: 7952, networkConnectionEnabled: false, pageLoadStrategy: normal, platformName: windows, proxy: Proxy(), se:cdp: ws://localhost:65022/devtoo..., se:cdpVersion: 143.0.7499.170, setWindowRect: true, strictFileInteractability: false, timeouts: {implicit: 0, pageLoad: 300000, script: 30000}, unhandledPromptBehavior: dismiss and notify, webauthn:extension:credBlob: true, webauthn:extension:largeBlob: true, webauthn:extension:minPinLength: true, webauthn:extension:prf: true, webauthn:virtualAuthenticators: true}
Session ID: 650b348ae1a0e3bd0af719c727d2eea9
2026-01-08 18:22:15.496 [TestNG-test-Smoke Tests-1] WARN  [verifyingSideMenuLanguageAsInSettings] [verifyingSideMenuLanguageAsInSettings] Attempt 2 failed to find elements: By.xpath: //ytd-guide-entry-renderer[@class='style-scope ytd-guide-section-renderer'] -> org.openqa.selenium.TimeoutException: Expected condition failed: waiting for presence of any elements located by By.xpath: //ytd-guide-entry-renderer[@class='style-scope ytd-guide-section-renderer'] (tried for 10 second(s) with 500 milliseconds interval)
Build info: version: '4.27.0', revision: 'd6e718d134'
System info: os.name: 'Windows Server 2025', os.arch: 'amd64', os.version: '10.0', java.version: '24.0.2'
Driver info: org.openqa.selenium.chrome.ChromeDriver
Capabilities {acceptInsecureCerts: false, browserName: chrome, browserVersion: 143.0.7499.170, chrome: {chromedriverVersion: 143.0.7499.192 (be2c1f4fd45..., userDataDir: C:\Windows\SystemTemp\scope...}, fedcm:accounts: true, goog:chromeOptions: {debuggerAddress: localhost:65022}, goog:processID: 7952, networkConnectionEnabled: false, pageLoadStrategy: normal, platformName: windows, proxy: Proxy(), se:cdp: ws://localhost:65022/devtoo..., se:cdpVersion: 143.0.7499.170, setWindowRect: true, strictFileInteractability: false, timeouts: {implicit: 0, pageLoad: 300000, script: 30000}, unhandledPromptBehavior: dismiss and notify, webauthn:extension:credBlob: true, webauthn:extension:largeBlob: true, webauthn:extension:minPinLength: true, webauthn:extension:prf: true, webauthn:virtualAuthenticators: true}
Session ID: 650b348ae1a0e3bd0af719c727d2eea9
2026-01-08 18:22:15.496 [TestNG-test-Smoke Tests-1] WARN  [verifyingSideMenuLanguageAsInSettings] [verifyingSideMenuLanguageAsInSettings] Attempt 2 failed — refreshing the page to recover...
2026-01-08 18:22:15.500 [TestNG-test-Smoke Tests-1] INFO  [verifyingSideMenuLanguageAsInSettings] [verifyingSideMenuLanguageAsInSettings] Current URL before refresh: https://www.youtube.com/
2026-01-08 18:22:15.598 [TestNG-test-Smoke Tests-1] INFO  [verifyingSideMenuLanguageAsInSettings] [verifyingSideMenuLanguageAsInSettings] Page refreshed successfully.
2026-01-08 18:22:17.103 [TestNG-test-Smoke Tests-1] INFO  [verifyingSideMenuLanguageAsInSettings] [verifyingSideMenuLanguageAsInSettings] Page fully loaded after refresh.
2026-01-08 18:22:27.264 [TestNG-test-Smoke Tests-1] WARN  [verifyingSideMenuLanguageAsInSettings] [verifyingSideMenuLanguageAsInSettings] Attempt 3 failed to find elements: By.xpath: //ytd-guide-entry-renderer[@class='style-scope ytd-guide-section-renderer'] -> org.openqa.selenium.TimeoutException: Expected condition failed: waiting for presence of any elements located by By.xpath: //ytd-guide-entry-renderer[@class='style-scope ytd-guide-section-renderer'] (tried for 10 second(s) with 500 milliseconds interval)
Build info: version: '4.27.0', revision: 'd6e718d134'
System info: os.name: 'Windows Server 2025', os.arch: 'amd64', os.version: '10.0', java.version: '24.0.2'
Driver info: org.openqa.selenium.chrome.ChromeDriver
Capabilities {acceptInsecureCerts: false, browserName: chrome, browserVersion: 143.0.7499.170, chrome: {chromedriverVersion: 143.0.7499.192 (be2c1f4fd45..., userDataDir: C:\Windows\SystemTemp\scope...}, fedcm:accounts: true, goog:chromeOptions: {debuggerAddress: localhost:65022}, goog:processID: 7952, networkConnectionEnabled: false, pageLoadStrategy: normal, platformName: windows, proxy: Proxy(), se:cdp: ws://localhost:65022/devtoo..., se:cdpVersion: 143.0.7499.170, setWindowRect: true, strictFileInteractability: false, timeouts: {implicit: 0, pageLoad: 300000, script: 30000}, unhandledPromptBehavior: dismiss and notify, webauthn:extension:credBlob: true, webauthn:extension:largeBlob: true, webauthn:extension:minPinLength: true, webauthn:extension:prf: true, webauthn:virtualAuthenticators: true}
Session ID: 650b348ae1a0e3bd0af719c727d2eea9
2026-01-08 18:22:27.264 [TestNG-test-Smoke Tests-1] WARN  [verifyingSideMenuLanguageAsInSettings] [verifyingSideMenuLanguageAsInSettings] Attempt 3 failed — refreshing the page to recover...
2026-01-08 18:22:27.267 [TestNG-test-Smoke Tests-1] INFO  [verifyingSideMenuLanguageAsInSettings] [verifyingSideMenuLanguageAsInSettings] Current URL before refresh: https://www.youtube.com/
2026-01-08 18:22:27.373 [TestNG-test-Smoke Tests-1] INFO  [verifyingSideMenuLanguageAsInSettings] [verifyingSideMenuLanguageAsInSettings] Page refreshed successfully.
2026-01-08 18:22:28.880 [TestNG-test-Smoke Tests-1] INFO  [verifyingSideMenuLanguageAsInSettings] [verifyingSideMenuLanguageAsInSettings] Page fully loaded after refresh.
2026-01-08 18:22:28.880 [TestNG-test-Smoke Tests-1] ERROR [verifyingSideMenuLanguageAsInSettings] [verifyingSideMenuLanguageAsInSettings] No elements ready after 3 attempts: By.xpath: //ytd-guide-entry-renderer[@class='style-scope ytd-guide-section-renderer']
2026-01-08 18:22:28.881 [TestNG-test-Smoke Tests-1] INFO  [verifyingSideMenuLanguageAsInSettings] Clicking settings ellipses button...
2026-01-08 18:22:28.881 [TestNG-test-Smoke Tests-1] INFO  [verifyingSideMenuLanguageAsInSettings] [verifyingSideMenuLanguageAsInSettings] Trying to find element: By.xpath: //ytd-topbar-menu-button-renderer[@class='style-scope ytd-masthead style-default']
2026-01-08 18:22:28.902 [TestNG-test-Smoke Tests-1] INFO  [verifyingSideMenuLanguageAsInSettings] [verifyingSideMenuLanguageAsInSettings] Element found and ready (attempt 1): By.xpath: //ytd-topbar-menu-button-renderer[@class='style-scope ytd-masthead style-default']
2026-01-08 18:22:31.089 [TestNG-test-Smoke Tests-1] INFO  [verifyingSideMenuLanguageAsInSettings] Clicking language dropdown...
2026-01-08 18:22:31.089 [TestNG-test-Smoke Tests-1] INFO  [verifyingSideMenuLanguageAsInSettings] [verifyingSideMenuLanguageAsInSettings] Trying to find element: By.xpath: (//div[@id='content-icon'])[2]
2026-01-08 18:22:31.112 [TestNG-test-Smoke Tests-1] INFO  [verifyingSideMenuLanguageAsInSettings] [verifyingSideMenuLanguageAsInSettings] Element found and ready (attempt 1): By.xpath: (//div[@id='content-icon'])[2]
2026-01-08 18:22:33.581 [TestNG-test-Smoke Tests-1] INFO  [verifyingSideMenuLanguageAsInSettings] [verifyingSideMenuLanguageAsInSettings] Capturing screenshot: Filter Applied is Eesti__2026-01-08_182233.png
2026-01-08 18:22:33.678 [TestNG-test-Smoke Tests-1] INFO  [verifyingSideMenuLanguageAsInSettings] [verifyingSideMenuLanguageAsInSettings] Screenshot saved at: test-output/screenshots/Run_2026-01-08_18-11-19/verifyingSideMenuLanguageAsInSettings/Filter Applied is Eesti__2026-01-08_182233.png
2026-01-08 18:22:34.679 [TestNG-test-Smoke Tests-1] INFO  [verifyingSideMenuLanguageAsInSettings] Looking for language element with name: Eesti
2026-01-08 18:22:34.679 [TestNG-test-Smoke Tests-1] INFO  [verifyingSideMenuLanguageAsInSettings] [verifyingSideMenuLanguageAsInSettings] Trying to find element: By.xpath: //yt-multi-page-menu-section-renderer[@class='style-scope ytd-multi-page-menu-renderer']//yt-formatted-string[@id='label' and text()='Eesti']
2026-01-08 18:22:34.703 [TestNG-test-Smoke Tests-1] INFO  [verifyingSideMenuLanguageAsInSettings] [verifyingSideMenuLanguageAsInSettings] Element found and ready (attempt 1): By.xpath: //yt-multi-page-menu-section-renderer[@class='style-scope ytd-multi-page-menu-renderer']//yt-formatted-string[@id='label' and text()='Eesti']
2026-01-08 18:22:37.651 [TestNG-test-Smoke Tests-1] INFO  [verifyingSideMenuLanguageAsInSettings] Fetching the side menu in expanded view
2026-01-08 18:22:37.651 [TestNG-test-Smoke Tests-1] INFO  [verifyingSideMenuLanguageAsInSettings] [verifyingSideMenuLanguageAsInSettings] Finding elements list: By.xpath: //ytd-guide-entry-renderer[@class='style-scope ytd-guide-section-renderer']
2026-01-08 18:22:47.996 [TestNG-test-Smoke Tests-1] WARN  [verifyingSideMenuLanguageAsInSettings] [verifyingSideMenuLanguageAsInSettings] Attempt 1 failed to find elements: By.xpath: //ytd-guide-entry-renderer[@class='style-scope ytd-guide-section-renderer'] -> org.openqa.selenium.TimeoutException: Expected condition failed: waiting for presence of any elements located by By.xpath: //ytd-guide-entry-renderer[@class='style-scope ytd-guide-section-renderer'] (tried for 10 second(s) with 500 milliseconds interval)
Build info: version: '4.27.0', revision: 'd6e718d134'
System info: os.name: 'Windows Server 2025', os.arch: 'amd64', os.version: '10.0', java.version: '24.0.2'
Driver info: org.openqa.selenium.chrome.ChromeDriver
Capabilities {acceptInsecureCerts: false, browserName: chrome, browserVersion: 143.0.7499.170, chrome: {chromedriverVersion: 143.0.7499.192 (be2c1f4fd45..., userDataDir: C:\Windows\SystemTemp\scope...}, fedcm:accounts: true, goog:chromeOptions: {debuggerAddress: localhost:65022}, goog:processID: 7952, networkConnectionEnabled: false, pageLoadStrategy: normal, platformName: windows, proxy: Proxy(), se:cdp: ws://localhost:65022/devtoo..., se:cdpVersion: 143.0.7499.170, setWindowRect: true, strictFileInteractability: false, timeouts: {implicit: 0, pageLoad: 300000, script: 30000}, unhandledPromptBehavior: dismiss and notify, webauthn:extension:credBlob: true, webauthn:extension:largeBlob: true, webauthn:extension:minPinLength: true, webauthn:extension:prf: true, webauthn:virtualAuthenticators: true}
Session ID: 650b348ae1a0e3bd0af719c727d2eea9
2026-01-08 18:22:58.230 [TestNG-test-Smoke Tests-1] WARN  [verifyingSideMenuLanguageAsInSettings] [verifyingSideMenuLanguageAsInSettings] Attempt 2 failed to find elements: By.xpath: //ytd-guide-entry-renderer[@class='style-scope ytd-guide-section-renderer'] -> org.openqa.selenium.TimeoutException: Expected condition failed: waiting for presence of any elements located by By.xpath: //ytd-guide-entry-renderer[@class='style-scope ytd-guide-section-renderer'] (tried for 10 second(s) with 500 milliseconds interval)
Build info: version: '4.27.0', revision: 'd6e718d134'
System info: os.name: 'Windows Server 2025', os.arch: 'amd64', os.version: '10.0', java.version: '24.0.2'
Driver info: org.openqa.selenium.chrome.ChromeDriver
Capabilities {acceptInsecureCerts: false, browserName: chrome, browserVersion: 143.0.7499.170, chrome: {chromedriverVersion: 143.0.7499.192 (be2c1f4fd45..., userDataDir: C:\Windows\SystemTemp\scope...}, fedcm:accounts: true, goog:chromeOptions: {debuggerAddress: localhost:65022}, goog:processID: 7952, networkConnectionEnabled: false, pageLoadStrategy: normal, platformName: windows, proxy: Proxy(), se:cdp: ws://localhost:65022/devtoo..., se:cdpVersion: 143.0.7499.170, setWindowRect: true, strictFileInteractability: false, timeouts: {implicit: 0, pageLoad: 300000, script: 30000}, unhandledPromptBehavior: dismiss and notify, webauthn:extension:credBlob: true, webauthn:extension:largeBlob: true, webauthn:extension:minPinLength: true, webauthn:extension:prf: true, webauthn:virtualAuthenticators: true}
Session ID: 650b348ae1a0e3bd0af719c727d2eea9
2026-01-08 18:22:58.230 [TestNG-test-Smoke Tests-1] WARN  [verifyingSideMenuLanguageAsInSettings] [verifyingSideMenuLanguageAsInSettings] Attempt 2 failed — refreshing the page to recover...
2026-01-08 18:22:58.235 [TestNG-test-Smoke Tests-1] INFO  [verifyingSideMenuLanguageAsInSettings] [verifyingSideMenuLanguageAsInSettings] Current URL before refresh: https://www.youtube.com/
2026-01-08 18:22:58.341 [TestNG-test-Smoke Tests-1] INFO  [verifyingSideMenuLanguageAsInSettings] [verifyingSideMenuLanguageAsInSettings] Page refreshed successfully.
2026-01-08 18:22:59.848 [TestNG-test-Smoke Tests-1] INFO  [verifyingSideMenuLanguageAsInSettings] [verifyingSideMenuLanguageAsInSettings] Page fully loaded after refresh.
2026-01-08 18:23:10.032 [TestNG-test-Smoke Tests-1] WARN  [verifyingSideMenuLanguageAsInSettings] [verifyingSideMenuLanguageAsInSettings] Attempt 3 failed to find elements: By.xpath: //ytd-guide-entry-renderer[@class='style-scope ytd-guide-section-renderer'] -> org.openqa.selenium.TimeoutException: Expected condition failed: waiting for presence of any elements located by By.xpath: //ytd-guide-entry-renderer[@class='style-scope ytd-guide-section-renderer'] (tried for 10 second(s) with 500 milliseconds interval)
Build info: version: '4.27.0', revision: 'd6e718d134'
System info: os.name: 'Windows Server 2025', os.arch: 'amd64', os.version: '10.0', java.version: '24.0.2'
Driver info: org.openqa.selenium.chrome.ChromeDriver
Capabilities {acceptInsecureCerts: false, browserName: chrome, browserVersion: 143.0.7499.170, chrome: {chromedriverVersion: 143.0.7499.192 (be2c1f4fd45..., userDataDir: C:\Windows\SystemTemp\scope...}, fedcm:accounts: true, goog:chromeOptions: {debuggerAddress: localhost:65022}, goog:processID: 7952, networkConnectionEnabled: false, pageLoadStrategy: normal, platformName: windows, proxy: Proxy(), se:cdp: ws://localhost:65022/devtoo..., se:cdpVersion: 143.0.7499.170, setWindowRect: true, strictFileInteractability: false, timeouts: {implicit: 0, pageLoad: 300000, script: 30000}, unhandledPromptBehavior: dismiss and notify, webauthn:extension:credBlob: true, webauthn:extension:largeBlob: true, webauthn:extension:minPinLength: true, webauthn:extension:prf: true, webauthn:virtualAuthenticators: true}
Session ID: 650b348ae1a0e3bd0af719c727d2eea9
2026-01-08 18:23:10.032 [TestNG-test-Smoke Tests-1] WARN  [verifyingSideMenuLanguageAsInSettings] [verifyingSideMenuLanguageAsInSettings] Attempt 3 failed — refreshing the page to recover...
2026-01-08 18:23:10.035 [TestNG-test-Smoke Tests-1] INFO  [verifyingSideMenuLanguageAsInSettings] [verifyingSideMenuLanguageAsInSettings] Current URL before refresh: https://www.youtube.com/
2026-01-08 18:23:10.151 [TestNG-test-Smoke Tests-1] INFO  [verifyingSideMenuLanguageAsInSettings] [verifyingSideMenuLanguageAsInSettings] Page refreshed successfully.
2026-01-08 18:23:11.657 [TestNG-test-Smoke Tests-1] INFO  [verifyingSideMenuLanguageAsInSettings] [verifyingSideMenuLanguageAsInSettings] Page fully loaded after refresh.
2026-01-08 18:23:11.657 [TestNG-test-Smoke Tests-1] ERROR [verifyingSideMenuLanguageAsInSettings] [verifyingSideMenuLanguageAsInSettings] No elements ready after 3 attempts: By.xpath: //ytd-guide-entry-renderer[@class='style-scope ytd-guide-section-renderer']
2026-01-08 18:23:11.657 [TestNG-test-Smoke Tests-1] INFO  [verifyingSideMenuLanguageAsInSettings] Clicking settings ellipses button...
2026-01-08 18:23:11.657 [TestNG-test-Smoke Tests-1] INFO  [verifyingSideMenuLanguageAsInSettings] [verifyingSideMenuLanguageAsInSettings] Trying to find element: By.xpath: //ytd-topbar-menu-button-renderer[@class='style-scope ytd-masthead style-default']
2026-01-08 18:23:11.680 [TestNG-test-Smoke Tests-1] INFO  [verifyingSideMenuLanguageAsInSettings] [verifyingSideMenuLanguageAsInSettings] Element found and ready (attempt 1): By.xpath: //ytd-topbar-menu-button-renderer[@class='style-scope ytd-masthead style-default']
2026-01-08 18:23:13.756 [TestNG-test-Smoke Tests-1] INFO  [verifyingSideMenuLanguageAsInSettings] Clicking language dropdown...
2026-01-08 18:23:13.756 [TestNG-test-Smoke Tests-1] INFO  [verifyingSideMenuLanguageAsInSettings] [verifyingSideMenuLanguageAsInSettings] Trying to find element: By.xpath: (//div[@id='content-icon'])[2]
2026-01-08 18:23:13.777 [TestNG-test-Smoke Tests-1] INFO  [verifyingSideMenuLanguageAsInSettings] [verifyingSideMenuLanguageAsInSettings] Element found and ready (attempt 1): By.xpath: (//div[@id='content-icon'])[2]
2026-01-08 18:23:16.098 [TestNG-test-Smoke Tests-1] INFO  [verifyingSideMenuLanguageAsInSettings] [verifyingSideMenuLanguageAsInSettings] Capturing screenshot: Filter Applied is English (India)__2026-01-08_182316.png
2026-01-08 18:23:16.255 [TestNG-test-Smoke Tests-1] INFO  [verifyingSideMenuLanguageAsInSettings] [verifyingSideMenuLanguageAsInSettings] Screenshot saved at: test-output/screenshots/Run_2026-01-08_18-11-19/verifyingSideMenuLanguageAsInSettings/Filter Applied is English (India)__2026-01-08_182316.png
2026-01-08 18:23:17.256 [TestNG-test-Smoke Tests-1] INFO  [verifyingSideMenuLanguageAsInSettings] Looking for language element with name: English (India)
2026-01-08 18:23:17.257 [TestNG-test-Smoke Tests-1] INFO  [verifyingSideMenuLanguageAsInSettings] [verifyingSideMenuLanguageAsInSettings] Trying to find element: By.xpath: //yt-multi-page-menu-section-renderer[@class='style-scope ytd-multi-page-menu-renderer']//yt-formatted-string[@id='label' and text()='English (India)']
2026-01-08 18:23:17.288 [TestNG-test-Smoke Tests-1] INFO  [verifyingSideMenuLanguageAsInSettings] [verifyingSideMenuLanguageAsInSettings] Element found and ready (attempt 1): By.xpath: //yt-multi-page-menu-section-renderer[@class='style-scope ytd-multi-page-menu-renderer']//yt-formatted-string[@id='label' and text()='English (India)']
2026-01-08 18:23:20.434 [TestNG-test-Smoke Tests-1] INFO  [verifyingSideMenuLanguageAsInSettings] Fetching the side menu in expanded view
2026-01-08 18:23:20.434 [TestNG-test-Smoke Tests-1] INFO  [verifyingSideMenuLanguageAsInSettings] [verifyingSideMenuLanguageAsInSettings] Finding elements list: By.xpath: //ytd-guide-entry-renderer[@class='style-scope ytd-guide-section-renderer']
2026-01-08 18:23:30.606 [TestNG-test-Smoke Tests-1] WARN  [verifyingSideMenuLanguageAsInSettings] [verifyingSideMenuLanguageAsInSettings] Attempt 1 failed to find elements: By.xpath: //ytd-guide-entry-renderer[@class='style-scope ytd-guide-section-renderer'] -> org.openqa.selenium.TimeoutException: Expected condition failed: waiting for presence of any elements located by By.xpath: //ytd-guide-entry-renderer[@class='style-scope ytd-guide-section-renderer'] (tried for 10 second(s) with 500 milliseconds interval)
Build info: version: '4.27.0', revision: 'd6e718d134'
System info: os.name: 'Windows Server 2025', os.arch: 'amd64', os.version: '10.0', java.version: '24.0.2'
Driver info: org.openqa.selenium.chrome.ChromeDriver
Capabilities {acceptInsecureCerts: false, browserName: chrome, browserVersion: 143.0.7499.170, chrome: {chromedriverVersion: 143.0.7499.192 (be2c1f4fd45..., userDataDir: C:\Windows\SystemTemp\scope...}, fedcm:accounts: true, goog:chromeOptions: {debuggerAddress: localhost:65022}, goog:processID: 7952, networkConnectionEnabled: false, pageLoadStrategy: normal, platformName: windows, proxy: Proxy(), se:cdp: ws://localhost:65022/devtoo..., se:cdpVersion: 143.0.7499.170, setWindowRect: true, strictFileInteractability: false, timeouts: {implicit: 0, pageLoad: 300000, script: 30000}, unhandledPromptBehavior: dismiss and notify, webauthn:extension:credBlob: true, webauthn:extension:largeBlob: true, webauthn:extension:minPinLength: true, webauthn:extension:prf: true, webauthn:virtualAuthenticators: true}
Session ID: 650b348ae1a0e3bd0af719c727d2eea9
2026-01-08 18:23:40.785 [TestNG-test-Smoke Tests-1] WARN  [verifyingSideMenuLanguageAsInSettings] [verifyingSideMenuLanguageAsInSettings] Attempt 2 failed to find elements: By.xpath: //ytd-guide-entry-renderer[@class='style-scope ytd-guide-section-renderer'] -> org.openqa.selenium.TimeoutException: Expected condition failed: waiting for presence of any elements located by By.xpath: //ytd-guide-entry-renderer[@class='style-scope ytd-guide-section-renderer'] (tried for 10 second(s) with 500 milliseconds interval)
Build info: version: '4.27.0', revision: 'd6e718d134'
System info: os.name: 'Windows Server 2025', os.arch: 'amd64', os.version: '10.0', java.version: '24.0.2'
Driver info: org.openqa.selenium.chrome.ChromeDriver
Capabilities {acceptInsecureCerts: false, browserName: chrome, browserVersion: 143.0.7499.170, chrome: {chromedriverVersion: 143.0.7499.192 (be2c1f4fd45..., userDataDir: C:\Windows\SystemTemp\scope...}, fedcm:accounts: true, goog:chromeOptions: {debuggerAddress: localhost:65022}, goog:processID: 7952, networkConnectionEnabled: false, pageLoadStrategy: normal, platformName: windows, proxy: Proxy(), se:cdp: ws://localhost:65022/devtoo..., se:cdpVersion: 143.0.7499.170, setWindowRect: true, strictFileInteractability: false, timeouts: {implicit: 0, pageLoad: 300000, script: 30000}, unhandledPromptBehavior: dismiss and notify, webauthn:extension:credBlob: true, webauthn:extension:largeBlob: true, webauthn:extension:minPinLength: true, webauthn:extension:prf: true, webauthn:virtualAuthenticators: true}
Session ID: 650b348ae1a0e3bd0af719c727d2eea9
2026-01-08 18:23:40.785 [TestNG-test-Smoke Tests-1] WARN  [verifyingSideMenuLanguageAsInSettings] [verifyingSideMenuLanguageAsInSettings] Attempt 2 failed — refreshing the page to recover...
2026-01-08 18:23:40.789 [TestNG-test-Smoke Tests-1] INFO  [verifyingSideMenuLanguageAsInSettings] [verifyingSideMenuLanguageAsInSettings] Current URL before refresh: https://www.youtube.com/
2026-01-08 18:23:40.894 [TestNG-test-Smoke Tests-1] INFO  [verifyingSideMenuLanguageAsInSettings] [verifyingSideMenuLanguageAsInSettings] Page refreshed successfully.
2026-01-08 18:23:42.400 [TestNG-test-Smoke Tests-1] INFO  [verifyingSideMenuLanguageAsInSettings] [verifyingSideMenuLanguageAsInSettings] Page fully loaded after refresh.
2026-01-08 18:23:52.613 [TestNG-test-Smoke Tests-1] WARN  [verifyingSideMenuLanguageAsInSettings] [verifyingSideMenuLanguageAsInSettings] Attempt 3 failed to find elements: By.xpath: //ytd-guide-entry-renderer[@class='style-scope ytd-guide-section-renderer'] -> org.openqa.selenium.TimeoutException: Expected condition failed: waiting for presence of any elements located by By.xpath: //ytd-guide-entry-renderer[@class='style-scope ytd-guide-section-renderer'] (tried for 10 second(s) with 500 milliseconds interval)
Build info: version: '4.27.0', revision: 'd6e718d134'
System info: os.name: 'Windows Server 2025', os.arch: 'amd64', os.version: '10.0', java.version: '24.0.2'
Driver info: org.openqa.selenium.chrome.ChromeDriver
Capabilities {acceptInsecureCerts: false, browserName: chrome, browserVersion: 143.0.7499.170, chrome: {chromedriverVersion: 143.0.7499.192 (be2c1f4fd45..., userDataDir: C:\Windows\SystemTemp\scope...}, fedcm:accounts: true, goog:chromeOptions: {debuggerAddress: localhost:65022}, goog:processID: 7952, networkConnectionEnabled: false, pageLoadStrategy: normal, platformName: windows, proxy: Proxy(), se:cdp: ws://localhost:65022/devtoo..., se:cdpVersion: 143.0.7499.170, setWindowRect: true, strictFileInteractability: false, timeouts: {implicit: 0, pageLoad: 300000, script: 30000}, unhandledPromptBehavior: dismiss and notify, webauthn:extension:credBlob: true, webauthn:extension:largeBlob: true, webauthn:extension:minPinLength: true, webauthn:extension:prf: true, webauthn:virtualAuthenticators: true}
Session ID: 650b348ae1a0e3bd0af719c727d2eea9
2026-01-08 18:23:52.613 [TestNG-test-Smoke Tests-1] WARN  [verifyingSideMenuLanguageAsInSettings] [verifyingSideMenuLanguageAsInSettings] Attempt 3 failed — refreshing the page to recover...
2026-01-08 18:23:52.616 [TestNG-test-Smoke Tests-1] INFO  [verifyingSideMenuLanguageAsInSettings] [verifyingSideMenuLanguageAsInSettings] Current URL before refresh: https://www.youtube.com/
2026-01-08 18:23:53.547 [TestNG-test-Smoke Tests-1] INFO  [verifyingSideMenuLanguageAsInSettings] [verifyingSideMenuLanguageAsInSettings] Page refreshed successfully.
2026-01-08 18:23:55.053 [TestNG-test-Smoke Tests-1] INFO  [verifyingSideMenuLanguageAsInSettings] [verifyingSideMenuLanguageAsInSettings] Page fully loaded after refresh.
2026-01-08 18:23:55.054 [TestNG-test-Smoke Tests-1] ERROR [verifyingSideMenuLanguageAsInSettings] [verifyingSideMenuLanguageAsInSettings] No elements ready after 3 attempts: By.xpath: //ytd-guide-entry-renderer[@class='style-scope ytd-guide-section-renderer']
2026-01-08 18:23:55.054 [TestNG-test-Smoke Tests-1] INFO  [verifyingSideMenuLanguageAsInSettings] Clicking settings ellipses button...
2026-01-08 18:23:55.054 [TestNG-test-Smoke Tests-1] INFO  [verifyingSideMenuLanguageAsInSettings] [verifyingSideMenuLanguageAsInSettings] Trying to find element: By.xpath: //ytd-topbar-menu-button-renderer[@class='style-scope ytd-masthead style-default']
2026-01-08 18:23:55.075 [TestNG-test-Smoke Tests-1] INFO  [verifyingSideMenuLanguageAsInSettings] [verifyingSideMenuLanguageAsInSettings] Element found and ready (attempt 1): By.xpath: //ytd-topbar-menu-button-renderer[@class='style-scope ytd-masthead style-default']
2026-01-08 18:23:57.153 [TestNG-test-Smoke Tests-1] INFO  [verifyingSideMenuLanguageAsInSettings] Clicking language dropdown...
2026-01-08 18:23:57.153 [TestNG-test-Smoke Tests-1] INFO  [verifyingSideMenuLanguageAsInSettings] [verifyingSideMenuLanguageAsInSettings] Trying to find element: By.xpath: (//div[@id='content-icon'])[2]
2026-01-08 18:23:57.173 [TestNG-test-Smoke Tests-1] INFO  [verifyingSideMenuLanguageAsInSettings] [verifyingSideMenuLanguageAsInSettings] Element found and ready (attempt 1): By.xpath: (//div[@id='content-icon'])[2]
2026-01-08 18:23:59.507 [TestNG-test-Smoke Tests-1] INFO  [verifyingSideMenuLanguageAsInSettings] [verifyingSideMenuLanguageAsInSettings] Not retrying test 'verifyingSideMenuLanguageAsInSettings'. Retry count: 0, Cause: The following asserts failed:
	Mismatch in the Actual and Expected data expected [Tuis Kortvideo's Intekeninge Myne Geskiedenis Musiek Flieks Regstreeks YouTube Premium YouTube Music YouTube Kids Instellings Aangeegeskiedenis Hulp Stuur terugvoer] but found [],
	Mismatch in the Actual and Expected data expected [Ev Shorts Abunəliklər Siz Tarixçə Musiqi Filmlər Canlı YouTube Premium YouTube Music YouTube Kids Ayarlar Xəbər tarixçəsi Yardım Rəy göndərin] but found [],
	Mismatch in the Actual and Expected data expected [Beranda Shorts Subscription Anda Histori Musik Film Live YouTube Premium YouTube Music YouTube Kids Setelan Histori laporan Bantuan Kirim masukan] but found [],
	Mismatch in the Actual and Expected data expected [Početna stranica Shorts Pretplate Vi Hi‪storija Muzika Filmovi Uživo YouTube Premium YouTube Music YouTube Kids Postavke Historija prijava Pomoć Pošaljite povratne informacije] but found [],
	Mismatch in the Actual and Expected data expected [Inici YouTube Shorts Subscripcions Tu Historial Música Pel·lícules En directe YouTube Premium YouTube Music YouTube Kids Configuració Historial d'informes Ajuda Envia suggeriments] but found [],
	Mismatch in the Actual and Expected data expected [Start Shorts Abonnementer Dig Historik Musik Film Live YouTube Premium YouTube Music YouTube Kids Indstillinger Rapporteringshistorik Hjælp Send feedback] but found [],
	Mismatch in the Actual and Expected data expected [Startseite Shorts Abos Mein YouTube Verlauf Musik Filme Live YouTube Premium YouTube Music YouTube Kids Einstellungen Meldeverlauf Hilfe Feedback senden] but found [],
	Mismatch in the Actual and Expected data expected [Avaleht Shorts Tellimused Teie Ajalugu Muusika Filmid Otse YouTube Premium YouTube Music YouTube Kids Seaded Teavituste ajalugu Abi Tagasiside saatmine] but found [],
	Mismatch in the Actual and Expected data expected [Home Shorts Subscriptions You History Shopping Music Films YouTube Premium YouTube Music YouTube Kids Settings Report history Help Send feedback] but found []
2026-01-08 18:23:59.516 [TestNG-test-Smoke Tests-1] ERROR [verifyingSideMenuLanguageAsInSettings] Test FAILED: verifyingSideMenuLanguageAsInSettings - java.lang.AssertionError: The following asserts failed:
	Mismatch in the Actual and Expected data expected [Tuis Kortvideo's Intekeninge Myne Geskiedenis Musiek Flieks Regstreeks YouTube Premium YouTube Music YouTube Kids Instellings Aangeegeskiedenis Hulp Stuur terugvoer] but found [],
	Mismatch in the Actual and Expected data expected [Ev Shorts Abunəliklər Siz Tarixçə Musiqi Filmlər Canlı YouTube Premium YouTube Music YouTube Kids Ayarlar Xəbər tarixçəsi Yardım Rəy göndərin] but found [],
	Mismatch in the Actual and Expected data expected [Beranda Shorts Subscription Anda Histori Musik Film Live YouTube Premium YouTube Music YouTube Kids Setelan Histori laporan Bantuan Kirim masukan] but found [],
	Mismatch in the Actual and Expected data expected [Početna stranica Shorts Pretplate Vi Hi‪storija Muzika Filmovi Uživo YouTube Premium YouTube Music YouTube Kids Postavke Historija prijava Pomoć Pošaljite povratne informacije] but found [],
	Mismatch in the Actual and Expected data expected [Inici YouTube Shorts Subscripcions Tu Historial Música Pel·lícules En directe YouTube Premium YouTube Music YouTube Kids Configuració Historial d'informes Ajuda Envia suggeriments] but found [],
	Mismatch in the Actual and Expected data expected [Start Shorts Abonnementer Dig Historik Musik Film Live YouTube Premium YouTube Music YouTube Kids Indstillinger Rapporteringshistorik Hjælp Send feedback] but found [],
	Mismatch in the Actual and Expected data expected [Startseite Shorts Abos Mein YouTube Verlauf Musik Filme Live YouTube Premium YouTube Music YouTube Kids Einstellungen Meldeverlauf Hilfe Feedback senden] but found [],
	Mismatch in the Actual and Expected data expected [Avaleht Shorts Tellimused Teie Ajalugu Muusika Filmid Otse YouTube Premium YouTube Music YouTube Kids Seaded Teavituste ajalugu Abi Tagasiside saatmine] but found [],
	Mismatch in the Actual and Expected data expected [Home Shorts Subscriptions You History Shopping Music Films YouTube Premium YouTube Music YouTube Kids Settings Report history Help Send feedback] but found []
2026-01-08 18:23:59.516 [TestNG-test-Smoke Tests-1] INFO  [verifyingSideMenuLanguageAsInSettings] Closing WebDriver for thread: 34
2026-01-08 18:23:59.884 [TestNG-test-Smoke Tests-1] INFO  [verifyingSideMenuLanguageAsInSettings] WebDriver instance removed from ThreadLocal for thread: 34
2026-01-08 18:23:59.884 [TestNG-test-Smoke Tests-1] INFO  [verifyingSideMenuLanguageAsInSettings] Driver closed for test: verifyingSideMenuLanguageAsInSettings
