2026-01-31 15:11:45.477 [TestNG-test-Yt Master Tests-1] INFO  [verifyingSettingOptionsLang] ===== STARTING TEST: verifyingSettingOptionsLang  | Thread: 34 =====
2026-01-31 15:11:45.480 [TestNG-test-Yt Master Tests-1] INFO  [verifyingSettingOptionsLang] No existing WebDriver found for current thread. Initializing a new ChromeDriver...
2026-01-31 15:11:45.490 [TestNG-test-Yt Master Tests-1] INFO  [verifyingSettingOptionsLang] WebDriverManager: chromedriver setup OK
2026-01-31 15:11:46.523 [TestNG-test-Yt Master Tests-1] INFO  [verifyingSettingOptionsLang] ChromeDriver initialized successfully for thread: 34
2026-01-31 15:11:46.523 [TestNG-test-Yt Master Tests-1] INFO  [verifyingSettingOptionsLang] Driver initialized successfully for test: verifyingSettingOptionsLang
2026-01-31 15:11:46.524 [TestNG-test-Yt Master Tests-1] INFO  [verifyingSettingOptionsLang] SafeActions initialized with driver ChromeDriver: chrome on windows (fbab4cca532657254dc59deef8ea19d5)
2026-01-31 15:11:46.524 [TestNG-test-Yt Master Tests-1] INFO  [verifyingSettingOptionsLang] Initialized YtLandingPage with driver: ChromeDriver: chrome on windows (fbab4cca532657254dc59deef8ea19d5)
2026-01-31 15:11:46.524 [TestNG-test-Yt Master Tests-1] INFO  [verifyingSettingOptionsLang] SafeActions initialized with driver ChromeDriver: chrome on windows (fbab4cca532657254dc59deef8ea19d5)
2026-01-31 15:11:46.573 [TestNG-test-Yt Master Tests-1] WARN  [verifyingSettingOptionsLang] [verifyingSettingOptionsLang] Retrying test 'verifyingSettingOptionsLang' (attempt 1) due to: ❌ Sheet not found: Attribute
2026-01-31 15:11:46.574 [TestNG-test-Yt Master Tests-1] WARN  [verifyingSettingOptionsLang] Test SKIPPED: verifyingSettingOptionsLang
2026-01-31 15:11:46.575 [TestNG-test-Yt Master Tests-1] INFO  [verifyingSettingOptionsLang] Closing WebDriver for thread: 34
2026-01-31 15:11:46.722 [TestNG-test-Yt Master Tests-1] INFO  [verifyingSettingOptionsLang] WebDriver instance removed from ThreadLocal for thread: 34
2026-01-31 15:11:46.722 [TestNG-test-Yt Master Tests-1] INFO  [verifyingSettingOptionsLang] Driver closed for test: verifyingSettingOptionsLang
2026-01-31 15:11:48.724 [TestNG-test-Yt Master Tests-1] INFO  [verifyingSettingOptionsLang] ===== STARTING TEST: verifyingSettingOptionsLang  | Thread: 34 =====
2026-01-31 15:11:48.724 [TestNG-test-Yt Master Tests-1] INFO  [verifyingSettingOptionsLang] No existing WebDriver found for current thread. Initializing a new ChromeDriver...
2026-01-31 15:11:48.735 [TestNG-test-Yt Master Tests-1] INFO  [verifyingSettingOptionsLang] WebDriverManager: chromedriver setup OK
2026-01-31 15:11:49.769 [TestNG-test-Yt Master Tests-1] INFO  [verifyingSettingOptionsLang] ChromeDriver initialized successfully for thread: 34
2026-01-31 15:11:49.769 [TestNG-test-Yt Master Tests-1] INFO  [verifyingSettingOptionsLang] Driver initialized successfully for test: verifyingSettingOptionsLang
2026-01-31 15:11:49.770 [TestNG-test-Yt Master Tests-1] INFO  [verifyingSettingOptionsLang] SafeActions initialized with driver ChromeDriver: chrome on windows (32b0b41562d485e3ec4873152a4062eb)
2026-01-31 15:11:49.770 [TestNG-test-Yt Master Tests-1] INFO  [verifyingSettingOptionsLang] Initialized YtLandingPage with driver: ChromeDriver: chrome on windows (32b0b41562d485e3ec4873152a4062eb)
2026-01-31 15:11:49.770 [TestNG-test-Yt Master Tests-1] INFO  [verifyingSettingOptionsLang] SafeActions initialized with driver ChromeDriver: chrome on windows (32b0b41562d485e3ec4873152a4062eb)
2026-01-31 15:11:49.930 [TestNG-test-Yt Master Tests-1] INFO  [verifyingSettingOptionsLang] [verifyingSettingOptionsLang] Not retrying test 'verifyingSettingOptionsLang'. Retry count: 1, Cause: ❌ Sheet not found: Attribute
2026-01-31 15:11:49.933 [TestNG-test-Yt Master Tests-1] ERROR [verifyingSettingOptionsLang] Test FAILED: verifyingSettingOptionsLang - java.lang.RuntimeException: ❌ Sheet not found: Attribute
2026-01-31 15:11:49.933 [TestNG-test-Yt Master Tests-1] INFO  [verifyingSettingOptionsLang] Closing WebDriver for thread: 34
2026-01-31 15:11:50.122 [TestNG-test-Yt Master Tests-1] INFO  [verifyingSettingOptionsLang] WebDriver instance removed from ThreadLocal for thread: 34
2026-01-31 15:11:50.122 [TestNG-test-Yt Master Tests-1] INFO  [verifyingSettingOptionsLang] Driver closed for test: verifyingSettingOptionsLang
