2026-01-31 17:46:04.288 [TestNG-test-Yt Master Tests-2] INFO  [verifyingSideMenuLanguageAsInSettingsLingua] ===== STARTING TEST: verifyingSideMenuLanguageAsInSettingsLingua  | Thread: 35 =====
2026-01-31 17:46:04.292 [TestNG-test-Yt Master Tests-2] INFO  [verifyingSideMenuLanguageAsInSettingsLingua] No existing WebDriver found for current thread. Initializing a new ChromeDriver...
2026-01-31 17:46:04.302 [TestNG-test-Yt Master Tests-2] INFO  [verifyingSideMenuLanguageAsInSettingsLingua] WebDriverManager: chromedriver setup OK
2026-01-31 17:46:13.093 [TestNG-test-Yt Master Tests-2] INFO  [verifyingSideMenuLanguageAsInSettingsLingua] ChromeDriver initialized successfully for thread: 35
2026-01-31 17:46:13.093 [TestNG-test-Yt Master Tests-2] INFO  [verifyingSideMenuLanguageAsInSettingsLingua] Driver initialized successfully for test: verifyingSideMenuLanguageAsInSettingsLingua
2026-01-31 17:46:13.095 [TestNG-test-Yt Master Tests-2] INFO  [verifyingSideMenuLanguageAsInSettingsLingua] SafeActions initialized with driver ChromeDriver: chrome on windows (364e13bccd111af00f166eddb6d305ba)
2026-01-31 17:46:13.095 [TestNG-test-Yt Master Tests-2] INFO  [verifyingSideMenuLanguageAsInSettingsLingua] Initialized YtLandingPage with driver: ChromeDriver: chrome on windows (364e13bccd111af00f166eddb6d305ba)
2026-01-31 17:46:13.095 [TestNG-test-Yt Master Tests-2] INFO  [verifyingSideMenuLanguageAsInSettingsLingua] SafeActions initialized with driver ChromeDriver: chrome on windows (364e13bccd111af00f166eddb6d305ba)
2026-01-31 17:46:13.138 [TestNG-test-Yt Master Tests-2] WARN  [verifyingSideMenuLanguageAsInSettingsLingua] [verifyingSideMenuLanguageAsInSettingsLingua] Retrying test 'verifyingSideMenuLanguageAsInSettingsLingua' (attempt 1) due to: ❌ Sheet not found: Attribute
2026-01-31 17:46:13.141 [TestNG-test-Yt Master Tests-2] WARN  [verifyingSideMenuLanguageAsInSettingsLingua] Test SKIPPED: verifyingSideMenuLanguageAsInSettingsLingua
2026-01-31 17:46:13.141 [TestNG-test-Yt Master Tests-2] INFO  [verifyingSideMenuLanguageAsInSettingsLingua] Closing WebDriver for thread: 35
2026-01-31 17:46:13.280 [TestNG-test-Yt Master Tests-2] INFO  [verifyingSideMenuLanguageAsInSettingsLingua] WebDriver instance removed from ThreadLocal for thread: 35
2026-01-31 17:46:13.280 [TestNG-test-Yt Master Tests-2] INFO  [verifyingSideMenuLanguageAsInSettingsLingua] Driver closed for test: verifyingSideMenuLanguageAsInSettingsLingua
2026-01-31 17:46:15.282 [TestNG-test-Yt Master Tests-2] INFO  [verifyingSideMenuLanguageAsInSettingsLingua] ===== STARTING TEST: verifyingSideMenuLanguageAsInSettingsLingua  | Thread: 35 =====
2026-01-31 17:46:15.282 [TestNG-test-Yt Master Tests-2] INFO  [verifyingSideMenuLanguageAsInSettingsLingua] No existing WebDriver found for current thread. Initializing a new ChromeDriver...
2026-01-31 17:46:15.291 [TestNG-test-Yt Master Tests-2] INFO  [verifyingSideMenuLanguageAsInSettingsLingua] WebDriverManager: chromedriver setup OK
2026-01-31 17:46:16.367 [TestNG-test-Yt Master Tests-2] INFO  [verifyingSideMenuLanguageAsInSettingsLingua] ChromeDriver initialized successfully for thread: 35
2026-01-31 17:46:16.367 [TestNG-test-Yt Master Tests-2] INFO  [verifyingSideMenuLanguageAsInSettingsLingua] Driver initialized successfully for test: verifyingSideMenuLanguageAsInSettingsLingua
2026-01-31 17:46:16.368 [TestNG-test-Yt Master Tests-2] INFO  [verifyingSideMenuLanguageAsInSettingsLingua] SafeActions initialized with driver ChromeDriver: chrome on windows (fadfdb86d375175bfba3bb8845e26ef9)
2026-01-31 17:46:16.368 [TestNG-test-Yt Master Tests-2] INFO  [verifyingSideMenuLanguageAsInSettingsLingua] Initialized YtLandingPage with driver: ChromeDriver: chrome on windows (fadfdb86d375175bfba3bb8845e26ef9)
2026-01-31 17:46:16.368 [TestNG-test-Yt Master Tests-2] INFO  [verifyingSideMenuLanguageAsInSettingsLingua] SafeActions initialized with driver ChromeDriver: chrome on windows (fadfdb86d375175bfba3bb8845e26ef9)
2026-01-31 17:46:16.408 [TestNG-test-Yt Master Tests-2] INFO  [verifyingSideMenuLanguageAsInSettingsLingua] [verifyingSideMenuLanguageAsInSettingsLingua] Not retrying test 'verifyingSideMenuLanguageAsInSettingsLingua'. Retry count: 1, Cause: ❌ Sheet not found: Attribute
2026-01-31 17:46:16.410 [TestNG-test-Yt Master Tests-2] ERROR [verifyingSideMenuLanguageAsInSettingsLingua] Test FAILED: verifyingSideMenuLanguageAsInSettingsLingua - java.lang.RuntimeException: ❌ Sheet not found: Attribute
2026-01-31 17:46:16.410 [TestNG-test-Yt Master Tests-2] INFO  [verifyingSideMenuLanguageAsInSettingsLingua] Closing WebDriver for thread: 35
2026-01-31 17:46:16.533 [TestNG-test-Yt Master Tests-2] INFO  [verifyingSideMenuLanguageAsInSettingsLingua] WebDriver instance removed from ThreadLocal for thread: 35
2026-01-31 17:46:16.533 [TestNG-test-Yt Master Tests-2] INFO  [verifyingSideMenuLanguageAsInSettingsLingua] Driver closed for test: verifyingSideMenuLanguageAsInSettingsLingua
