2025-11-08 17:41:46.318 [TestNG-test-Test-3] INFO  [verifyingSideMenuCollapsedLangAsInSettings] ===== STARTING TEST: verifyingSideMenuCollapsedLangAsInSettings  | Thread: 36 =====
2025-11-08 17:41:46.329 [TestNG-test-Test-3] INFO  [verifyingSideMenuCollapsedLangAsInSettings] No existing WebDriver found for current thread. Initializing a new ChromeDriver...
2025-11-08 17:41:46.714 [TestNG-test-Test-3] INFO  [verifyingSideMenuCollapsedLangAsInSettings] WebDriverManager: chromedriver setup OK
2025-11-08 17:41:47.992 [TestNG-test-Test-3] INFO  [verifyingSideMenuCollapsedLangAsInSettings] ChromeDriver initialized successfully for thread: 36
2025-11-08 17:41:47.992 [TestNG-test-Test-3] INFO  [verifyingSideMenuCollapsedLangAsInSettings] Driver initialized successfully for test: verifyingSideMenuCollapsedLangAsInSettings
2025-11-08 17:41:47.995 [TestNG-test-Test-3] INFO  [verifyingSideMenuCollapsedLangAsInSettings] CI DEBUG: sys.runTimestamp='2025-11-08_17-30-57' env.RUN_TIMESTAMP='2025-11-08_17-30-57' sys.logs.dir='D:\a\youtube-multi-lang-ui-validator-automation\youtube-multi-lang-ui-validator-automation\yt_multi_language_ui_validator/logs/run_2025-11-08_17-30-57'
2025-11-08 17:41:47.995 [TestNG-test-Test-3] INFO  [verifyingSideMenuCollapsedLangAsInSettings] BasePage initialized successfully for thread 36
2025-11-08 17:41:47.996 [TestNG-test-Test-3] INFO  [verifyingSideMenuCollapsedLangAsInSettings] SafeActions initialized with driver ChromeDriver: chrome on windows (c8bfa4c12e419b2bc0dd41a03d0227bf)
2025-11-08 17:41:47.996 [TestNG-test-Test-3] INFO  [verifyingSideMenuCollapsedLangAsInSettings] Initialized YtLandingPage with driver: ChromeDriver: chrome on windows (c8bfa4c12e419b2bc0dd41a03d0227bf)
2025-11-08 17:41:47.996 [TestNG-test-Test-3] INFO  [verifyingSideMenuCollapsedLangAsInSettings] CI DEBUG: sys.runTimestamp='2025-11-08_17-30-57' env.RUN_TIMESTAMP='2025-11-08_17-30-57' sys.logs.dir='D:\a\youtube-multi-lang-ui-validator-automation\youtube-multi-lang-ui-validator-automation\yt_multi_language_ui_validator/logs/run_2025-11-08_17-30-57'
2025-11-08 17:41:47.996 [TestNG-test-Test-3] INFO  [verifyingSideMenuCollapsedLangAsInSettings] BasePage initialized successfully for thread 36
2025-11-08 17:41:47.996 [TestNG-test-Test-3] INFO  [verifyingSideMenuCollapsedLangAsInSettings] SafeActions initialized with driver ChromeDriver: chrome on windows (c8bfa4c12e419b2bc0dd41a03d0227bf)
2025-11-08 17:41:51.017 [TestNG-test-Test-3] INFO  [verifyingSideMenuCollapsedLangAsInSettings] Opened YouTube landing page.
2025-11-08 17:41:51.018 [TestNG-test-Test-3] INFO  [verifyingSideMenuCollapsedLangAsInSettings] Clicking left ellipses in the landing page
2025-11-08 17:41:51.018 [TestNG-test-Test-3] INFO  [verifyingSideMenuCollapsedLangAsInSettings] [verifyingSideMenuCollapsedLangAsInSettings] Trying to find element: By.xpath: //ytd-topbar-logo-renderer[@id='logo']/preceding-sibling::*[@id='guide-button']
2025-11-08 17:41:51.144 [TestNG-test-Test-3] INFO  [verifyingSideMenuCollapsedLangAsInSettings] [verifyingSideMenuCollapsedLangAsInSettings] Element found and ready (attempt 1): By.xpath: //ytd-topbar-logo-renderer[@id='logo']/preceding-sibling::*[@id='guide-button']
2025-11-08 17:41:52.812 [TestNG-test-Test-3] INFO  [verifyingSideMenuCollapsedLangAsInSettings] Clicking settings ellipses button...
2025-11-08 17:41:52.812 [TestNG-test-Test-3] INFO  [verifyingSideMenuCollapsedLangAsInSettings] [verifyingSideMenuCollapsedLangAsInSettings] Trying to find element: By.xpath: //ytd-topbar-menu-button-renderer[@class='style-scope ytd-masthead style-default']
2025-11-08 17:41:52.849 [TestNG-test-Test-3] INFO  [verifyingSideMenuCollapsedLangAsInSettings] [verifyingSideMenuCollapsedLangAsInSettings] Element found and ready (attempt 1): By.xpath: //ytd-topbar-menu-button-renderer[@class='style-scope ytd-masthead style-default']
2025-11-08 17:41:53.933 [TestNG-test-Test-3] WARN  [verifyingSideMenuCollapsedLangAsInSettings] [verifyingSideMenuCollapsedLangAsInSettings] Retrying test 'verifyingSideMenuCollapsedLangAsInSettings' (attempt 1) due to: element click intercepted: Element <ytd-topbar-menu-button-renderer class="style-scope ytd-masthead style-default" use-keyboard-focused="" is-icon-button="" has-no-text="">...</ytd-topbar-menu-button-renderer> is not clickable at point (866, 28). Other element would receive the click: <div id="scrim" class="style-scope tp-yt-app-drawer visible" style="transition-duration: 200ms;"></div>
  (Session info: chrome=142.0.7444.60)
Build info: version: '4.27.0', revision: 'd6e718d134'
System info: os.name: 'Windows Server 2025', os.arch: 'amd64', os.version: '10.0', java.version: '24.0.2'
Driver info: org.openqa.selenium.chrome.ChromeDriver
Command: [c8bfa4c12e419b2bc0dd41a03d0227bf, clickElement {id=f.CFDBC176CC2023A6FB95AAE4ADB01849.d.32E9D35FD03686E161F2202550509353.e.17}]
Capabilities {acceptInsecureCerts: false, browserName: chrome, browserVersion: 142.0.7444.60, chrome: {chromedriverVersion: 142.0.7444.61 (9884f628acbc..., userDataDir: C:\Windows\SystemTemp\scope...}, fedcm:accounts: true, goog:chromeOptions: {debuggerAddress: localhost:57309}, goog:processID: 8596, networkConnectionEnabled: false, pageLoadStrategy: normal, platformName: windows, proxy: Proxy(), se:cdp: ws://localhost:57309/devtoo..., se:cdpVersion: 142.0.7444.60, setWindowRect: true, strictFileInteractability: false, timeouts: {implicit: 0, pageLoad: 300000, script: 30000}, unhandledPromptBehavior: dismiss and notify, webauthn:extension:credBlob: true, webauthn:extension:largeBlob: true, webauthn:extension:minPinLength: true, webauthn:extension:prf: true, webauthn:virtualAuthenticators: true}
Element: [[ChromeDriver: chrome on windows (c8bfa4c12e419b2bc0dd41a03d0227bf)] -> xpath: //ytd-topbar-menu-button-renderer[@class='style-scope ytd-masthead style-default']]
Session ID: c8bfa4c12e419b2bc0dd41a03d0227bf
2025-11-08 17:41:53.936 [TestNG-test-Test-3] WARN  [verifyingSideMenuCollapsedLangAsInSettings] Test SKIPPED: verifyingSideMenuCollapsedLangAsInSettings
2025-11-08 17:41:53.936 [TestNG-test-Test-3] INFO  [verifyingSideMenuCollapsedLangAsInSettings] Closing WebDriver for thread: 36
2025-11-08 17:41:55.405 [TestNG-test-Test-3] INFO  [verifyingSideMenuCollapsedLangAsInSettings] WebDriver instance removed from ThreadLocal for thread: 36
2025-11-08 17:41:55.406 [TestNG-test-Test-3] INFO  [verifyingSideMenuCollapsedLangAsInSettings] Driver closed for test: verifyingSideMenuCollapsedLangAsInSettings
2025-11-08 17:41:57.411 [TestNG-test-Test-3] INFO  [verifyingSideMenuCollapsedLangAsInSettings] ===== STARTING TEST: verifyingSideMenuCollapsedLangAsInSettings  | Thread: 36 =====
2025-11-08 17:41:57.411 [TestNG-test-Test-3] INFO  [verifyingSideMenuCollapsedLangAsInSettings] No existing WebDriver found for current thread. Initializing a new ChromeDriver...
2025-11-08 17:41:57.425 [TestNG-test-Test-3] INFO  [verifyingSideMenuCollapsedLangAsInSettings] WebDriverManager: chromedriver setup OK
2025-11-08 17:41:58.627 [TestNG-test-Test-3] INFO  [verifyingSideMenuCollapsedLangAsInSettings] ChromeDriver initialized successfully for thread: 36
2025-11-08 17:41:58.627 [TestNG-test-Test-3] INFO  [verifyingSideMenuCollapsedLangAsInSettings] Driver initialized successfully for test: verifyingSideMenuCollapsedLangAsInSettings
2025-11-08 17:41:58.627 [TestNG-test-Test-3] INFO  [verifyingSideMenuCollapsedLangAsInSettings] CI DEBUG: sys.runTimestamp='2025-11-08_17-30-57' env.RUN_TIMESTAMP='2025-11-08_17-30-57' sys.logs.dir='D:\a\youtube-multi-lang-ui-validator-automation\youtube-multi-lang-ui-validator-automation\yt_multi_language_ui_validator/logs/run_2025-11-08_17-30-57'
2025-11-08 17:41:58.627 [TestNG-test-Test-3] INFO  [verifyingSideMenuCollapsedLangAsInSettings] BasePage initialized successfully for thread 36
2025-11-08 17:41:58.627 [TestNG-test-Test-3] INFO  [verifyingSideMenuCollapsedLangAsInSettings] SafeActions initialized with driver ChromeDriver: chrome on windows (73c28dc7f57536e4a870edef7bffd949)
2025-11-08 17:41:58.628 [TestNG-test-Test-3] INFO  [verifyingSideMenuCollapsedLangAsInSettings] Initialized YtLandingPage with driver: ChromeDriver: chrome on windows (73c28dc7f57536e4a870edef7bffd949)
2025-11-08 17:41:58.628 [TestNG-test-Test-3] INFO  [verifyingSideMenuCollapsedLangAsInSettings] CI DEBUG: sys.runTimestamp='2025-11-08_17-30-57' env.RUN_TIMESTAMP='2025-11-08_17-30-57' sys.logs.dir='D:\a\youtube-multi-lang-ui-validator-automation\youtube-multi-lang-ui-validator-automation\yt_multi_language_ui_validator/logs/run_2025-11-08_17-30-57'
2025-11-08 17:41:58.628 [TestNG-test-Test-3] INFO  [verifyingSideMenuCollapsedLangAsInSettings] BasePage initialized successfully for thread 36
2025-11-08 17:41:58.628 [TestNG-test-Test-3] INFO  [verifyingSideMenuCollapsedLangAsInSettings] SafeActions initialized with driver ChromeDriver: chrome on windows (73c28dc7f57536e4a870edef7bffd949)
2025-11-08 17:42:01.272 [TestNG-test-Test-3] INFO  [verifyingSideMenuCollapsedLangAsInSettings] Opened YouTube landing page.
2025-11-08 17:42:01.272 [TestNG-test-Test-3] INFO  [verifyingSideMenuCollapsedLangAsInSettings] Clicking left ellipses in the landing page
2025-11-08 17:42:01.272 [TestNG-test-Test-3] INFO  [verifyingSideMenuCollapsedLangAsInSettings] [verifyingSideMenuCollapsedLangAsInSettings] Trying to find element: By.xpath: //ytd-topbar-logo-renderer[@id='logo']/preceding-sibling::*[@id='guide-button']
2025-11-08 17:42:01.312 [TestNG-test-Test-3] INFO  [verifyingSideMenuCollapsedLangAsInSettings] [verifyingSideMenuCollapsedLangAsInSettings] Element found and ready (attempt 1): By.xpath: //ytd-topbar-logo-renderer[@id='logo']/preceding-sibling::*[@id='guide-button']
2025-11-08 17:42:02.571 [TestNG-test-Test-3] INFO  [verifyingSideMenuCollapsedLangAsInSettings] Clicking settings ellipses button...
2025-11-08 17:42:02.571 [TestNG-test-Test-3] INFO  [verifyingSideMenuCollapsedLangAsInSettings] [verifyingSideMenuCollapsedLangAsInSettings] Trying to find element: By.xpath: //ytd-topbar-menu-button-renderer[@class='style-scope ytd-masthead style-default']
2025-11-08 17:42:02.598 [TestNG-test-Test-3] INFO  [verifyingSideMenuCollapsedLangAsInSettings] [verifyingSideMenuCollapsedLangAsInSettings] Element found and ready (attempt 1): By.xpath: //ytd-topbar-menu-button-renderer[@class='style-scope ytd-masthead style-default']
2025-11-08 17:42:03.836 [TestNG-test-Test-3] INFO  [verifyingSideMenuCollapsedLangAsInSettings] [verifyingSideMenuCollapsedLangAsInSettings] Not retrying test 'verifyingSideMenuCollapsedLangAsInSettings'. Retry count: 1, Cause: element click intercepted: Element <ytd-topbar-menu-button-renderer class="style-scope ytd-masthead style-default" use-keyboard-focused="" is-icon-button="" has-no-text="">...</ytd-topbar-menu-button-renderer> is not clickable at point (866, 28). Other element would receive the click: <div id="scrim" class="style-scope tp-yt-app-drawer visible" style="transition-duration: 200ms;"></div>
  (Session info: chrome=142.0.7444.60)
Build info: version: '4.27.0', revision: 'd6e718d134'
System info: os.name: 'Windows Server 2025', os.arch: 'amd64', os.version: '10.0', java.version: '24.0.2'
Driver info: org.openqa.selenium.chrome.ChromeDriver
Command: [73c28dc7f57536e4a870edef7bffd949, clickElement {id=f.EE4BE0D32A28DC2A22CC4F1C7275BAC6.d.AEA4CCFEC4B1B0FD09672C1AC5CAAA6C.e.17}]
Capabilities {acceptInsecureCerts: false, browserName: chrome, browserVersion: 142.0.7444.60, chrome: {chromedriverVersion: 142.0.7444.61 (9884f628acbc..., userDataDir: C:\Windows\SystemTemp\scope...}, fedcm:accounts: true, goog:chromeOptions: {debuggerAddress: localhost:62862}, goog:processID: 10676, networkConnectionEnabled: false, pageLoadStrategy: normal, platformName: windows, proxy: Proxy(), se:cdp: ws://localhost:62862/devtoo..., se:cdpVersion: 142.0.7444.60, setWindowRect: true, strictFileInteractability: false, timeouts: {implicit: 0, pageLoad: 300000, script: 30000}, unhandledPromptBehavior: dismiss and notify, webauthn:extension:credBlob: true, webauthn:extension:largeBlob: true, webauthn:extension:minPinLength: true, webauthn:extension:prf: true, webauthn:virtualAuthenticators: true}
Element: [[ChromeDriver: chrome on windows (73c28dc7f57536e4a870edef7bffd949)] -> xpath: //ytd-topbar-menu-button-renderer[@class='style-scope ytd-masthead style-default']]
Session ID: 73c28dc7f57536e4a870edef7bffd949
2025-11-08 17:42:03.856 [TestNG-test-Test-3] ERROR [verifyingSideMenuCollapsedLangAsInSettings] Test FAILED: verifyingSideMenuCollapsedLangAsInSettings - org.openqa.selenium.ElementClickInterceptedException: element click intercepted: Element <ytd-topbar-menu-button-renderer class="style-scope ytd-masthead style-default" use-keyboard-focused="" is-icon-button="" has-no-text="">...</ytd-topbar-menu-button-renderer> is not clickable at point (866, 28). Other element would receive the click: <div id="scrim" class="style-scope tp-yt-app-drawer visible" style="transition-duration: 200ms;"></div>
  (Session info: chrome=142.0.7444.60)
Build info: version: '4.27.0', revision: 'd6e718d134'
System info: os.name: 'Windows Server 2025', os.arch: 'amd64', os.version: '10.0', java.version: '24.0.2'
Driver info: org.openqa.selenium.chrome.ChromeDriver
Command: [73c28dc7f57536e4a870edef7bffd949, clickElement {id=f.EE4BE0D32A28DC2A22CC4F1C7275BAC6.d.AEA4CCFEC4B1B0FD09672C1AC5CAAA6C.e.17}]
Capabilities {acceptInsecureCerts: false, browserName: chrome, browserVersion: 142.0.7444.60, chrome: {chromedriverVersion: 142.0.7444.61 (9884f628acbc..., userDataDir: C:\Windows\SystemTemp\scope...}, fedcm:accounts: true, goog:chromeOptions: {debuggerAddress: localhost:62862}, goog:processID: 10676, networkConnectionEnabled: false, pageLoadStrategy: normal, platformName: windows, proxy: Proxy(), se:cdp: ws://localhost:62862/devtoo..., se:cdpVersion: 142.0.7444.60, setWindowRect: true, strictFileInteractability: false, timeouts: {implicit: 0, pageLoad: 300000, script: 30000}, unhandledPromptBehavior: dismiss and notify, webauthn:extension:credBlob: true, webauthn:extension:largeBlob: true, webauthn:extension:minPinLength: true, webauthn:extension:prf: true, webauthn:virtualAuthenticators: true}
Element: [[ChromeDriver: chrome on windows (73c28dc7f57536e4a870edef7bffd949)] -> xpath: //ytd-topbar-menu-button-renderer[@class='style-scope ytd-masthead style-default']]
Session ID: 73c28dc7f57536e4a870edef7bffd949
2025-11-08 17:42:03.856 [TestNG-test-Test-3] INFO  [verifyingSideMenuCollapsedLangAsInSettings] Closing WebDriver for thread: 36
2025-11-08 17:42:04.164 [TestNG-test-Test-3] INFO  [verifyingSideMenuCollapsedLangAsInSettings] WebDriver instance removed from ThreadLocal for thread: 36
2025-11-08 17:42:04.164 [TestNG-test-Test-3] INFO  [verifyingSideMenuCollapsedLangAsInSettings] Driver closed for test: verifyingSideMenuCollapsedLangAsInSettings
