2025-12-22 11:16:06.588 [TestNG-test-Smoke Tests-1] INFO  [verifyingSideMenuLanguageAsInSettingsLingua] ===== STARTING TEST: verifyingSideMenuLanguageAsInSettingsLingua  | Thread: 34 =====
2025-12-22 11:16:06.591 [TestNG-test-Smoke Tests-1] INFO  [verifyingSideMenuLanguageAsInSettingsLingua] No existing WebDriver found for current thread. Initializing a new ChromeDriver...
2025-12-22 11:16:06.602 [TestNG-test-Smoke Tests-1] INFO  [verifyingSideMenuLanguageAsInSettingsLingua] WebDriverManager: chromedriver setup OK
2025-12-22 11:16:10.064 [TestNG-test-Smoke Tests-1] INFO  [verifyingSideMenuLanguageAsInSettingsLingua] ChromeDriver initialized successfully for thread: 34
2025-12-22 11:16:10.065 [TestNG-test-Smoke Tests-1] INFO  [verifyingSideMenuLanguageAsInSettingsLingua] Driver initialized successfully for test: verifyingSideMenuLanguageAsInSettingsLingua
2025-12-22 11:16:10.066 [TestNG-test-Smoke Tests-1] INFO  [verifyingSideMenuLanguageAsInSettingsLingua] SafeActions initialized with driver ChromeDriver: chrome on windows (794cab74150dfd225d746d8b18d39fd0)
2025-12-22 11:16:10.066 [TestNG-test-Smoke Tests-1] INFO  [verifyingSideMenuLanguageAsInSettingsLingua] Initialized YtLandingPage with driver: ChromeDriver: chrome on windows (794cab74150dfd225d746d8b18d39fd0)
2025-12-22 11:16:10.066 [TestNG-test-Smoke Tests-1] INFO  [verifyingSideMenuLanguageAsInSettingsLingua] SafeActions initialized with driver ChromeDriver: chrome on windows (794cab74150dfd225d746d8b18d39fd0)
2025-12-22 11:16:25.720 [TestNG-test-Smoke Tests-1] INFO  [verifyingSideMenuLanguageAsInSettingsLingua] Opened YouTube landing page.
2025-12-22 11:16:25.720 [TestNG-test-Smoke Tests-1] INFO  [verifyingSideMenuLanguageAsInSettingsLingua] Clicking settings ellipses button...
2025-12-22 11:16:25.720 [TestNG-test-Smoke Tests-1] INFO  [verifyingSideMenuLanguageAsInSettingsLingua] [verifyingSideMenuLanguageAsInSettingsLingua] Trying to find element: By.xpath: //ytd-topbar-menu-button-renderer[@class='style-scope ytd-masthead style-default']
2025-12-22 11:16:25.760 [TestNG-test-Smoke Tests-1] INFO  [verifyingSideMenuLanguageAsInSettingsLingua] [verifyingSideMenuLanguageAsInSettingsLingua] Element found and ready (attempt 1): By.xpath: //ytd-topbar-menu-button-renderer[@class='style-scope ytd-masthead style-default']
2025-12-22 11:16:28.060 [TestNG-test-Smoke Tests-1] INFO  [verifyingSideMenuLanguageAsInSettingsLingua] Clicking language dropdown...
2025-12-22 11:16:28.060 [TestNG-test-Smoke Tests-1] INFO  [verifyingSideMenuLanguageAsInSettingsLingua] [verifyingSideMenuLanguageAsInSettingsLingua] Trying to find element: By.xpath: (//div[@id='content-icon'])[2]
2025-12-22 11:16:28.092 [TestNG-test-Smoke Tests-1] INFO  [verifyingSideMenuLanguageAsInSettingsLingua] [verifyingSideMenuLanguageAsInSettingsLingua] Element found and ready (attempt 1): By.xpath: (//div[@id='content-icon'])[2]
2025-12-22 11:16:30.927 [TestNG-test-Smoke Tests-1] INFO  [verifyingSideMenuLanguageAsInSettingsLingua] [verifyingSideMenuLanguageAsInSettingsLingua] Execution is Not CRON Job Hence refering to normal keys from UtilData
2025-12-22 11:16:30.927 [TestNG-test-Smoke Tests-1] INFO  [verifyingSideMenuLanguageAsInSettingsLingua] [verifyingSideMenuLanguageAsInSettingsLingua] Capturing screenshot: Filter Applied is Afrikaans__2025-12-22_111630.png
2025-12-22 11:16:31.022 [TestNG-test-Smoke Tests-1] INFO  [verifyingSideMenuLanguageAsInSettingsLingua] [verifyingSideMenuLanguageAsInSettingsLingua] Screenshot saved at: test-output/screenshots/Run_2025-12-22_11-09-56/verifyingSideMenuLanguageAsInSettingsLingua/Filter Applied is Afrikaans__2025-12-22_111630.png
2025-12-22 11:16:32.025 [TestNG-test-Smoke Tests-1] INFO  [verifyingSideMenuLanguageAsInSettingsLingua] Looking for language element with name: Afrikaans
2025-12-22 11:16:32.025 [TestNG-test-Smoke Tests-1] INFO  [verifyingSideMenuLanguageAsInSettingsLingua] [verifyingSideMenuLanguageAsInSettingsLingua] Trying to find element: By.xpath: //yt-multi-page-menu-section-renderer[@class='style-scope ytd-multi-page-menu-renderer']//yt-formatted-string[@id='label' and text()='Afrikaans']
2025-12-22 11:16:32.053 [TestNG-test-Smoke Tests-1] INFO  [verifyingSideMenuLanguageAsInSettingsLingua] [verifyingSideMenuLanguageAsInSettingsLingua] Element found and ready (attempt 1): By.xpath: //yt-multi-page-menu-section-renderer[@class='style-scope ytd-multi-page-menu-renderer']//yt-formatted-string[@id='label' and text()='Afrikaans']
2025-12-22 11:16:35.332 [TestNG-test-Smoke Tests-1] INFO  [verifyingSideMenuLanguageAsInSettingsLingua] Fetching the side menu in expanded view
2025-12-22 11:16:35.332 [TestNG-test-Smoke Tests-1] INFO  [verifyingSideMenuLanguageAsInSettingsLingua] [verifyingSideMenuLanguageAsInSettingsLingua] Finding elements list: By.xpath: //ytd-guide-entry-renderer[@class='style-scope ytd-guide-section-renderer']
2025-12-22 11:16:45.765 [TestNG-test-Smoke Tests-1] WARN  [verifyingSideMenuLanguageAsInSettingsLingua] [verifyingSideMenuLanguageAsInSettingsLingua] Attempt 1 failed to find elements: By.xpath: //ytd-guide-entry-renderer[@class='style-scope ytd-guide-section-renderer'] -> org.openqa.selenium.TimeoutException: Expected condition failed: waiting for presence of any elements located by By.xpath: //ytd-guide-entry-renderer[@class='style-scope ytd-guide-section-renderer'] (tried for 10 second(s) with 500 milliseconds interval)
Build info: version: '4.27.0', revision: 'd6e718d134'
System info: os.name: 'Windows Server 2025', os.arch: 'amd64', os.version: '10.0', java.version: '24.0.2'
Driver info: org.openqa.selenium.chrome.ChromeDriver
Capabilities {acceptInsecureCerts: false, browserName: chrome, browserVersion: 143.0.7499.110, chrome: {chromedriverVersion: 143.0.7499.169 (164b20aab62..., userDataDir: C:\Windows\SystemTemp\scope...}, fedcm:accounts: true, goog:chromeOptions: {debuggerAddress: localhost:62664}, goog:processID: 4452, networkConnectionEnabled: false, pageLoadStrategy: normal, platformName: windows, proxy: Proxy(), se:cdp: ws://localhost:62664/devtoo..., se:cdpVersion: 143.0.7499.110, setWindowRect: true, strictFileInteractability: false, timeouts: {implicit: 0, pageLoad: 300000, script: 30000}, unhandledPromptBehavior: dismiss and notify, webauthn:extension:credBlob: true, webauthn:extension:largeBlob: true, webauthn:extension:minPinLength: true, webauthn:extension:prf: true, webauthn:virtualAuthenticators: true}
Session ID: 794cab74150dfd225d746d8b18d39fd0
2025-12-22 11:16:56.158 [TestNG-test-Smoke Tests-1] WARN  [verifyingSideMenuLanguageAsInSettingsLingua] [verifyingSideMenuLanguageAsInSettingsLingua] Attempt 2 failed to find elements: By.xpath: //ytd-guide-entry-renderer[@class='style-scope ytd-guide-section-renderer'] -> org.openqa.selenium.TimeoutException: Expected condition failed: waiting for presence of any elements located by By.xpath: //ytd-guide-entry-renderer[@class='style-scope ytd-guide-section-renderer'] (tried for 10 second(s) with 500 milliseconds interval)
Build info: version: '4.27.0', revision: 'd6e718d134'
System info: os.name: 'Windows Server 2025', os.arch: 'amd64', os.version: '10.0', java.version: '24.0.2'
Driver info: org.openqa.selenium.chrome.ChromeDriver
Capabilities {acceptInsecureCerts: false, browserName: chrome, browserVersion: 143.0.7499.110, chrome: {chromedriverVersion: 143.0.7499.169 (164b20aab62..., userDataDir: C:\Windows\SystemTemp\scope...}, fedcm:accounts: true, goog:chromeOptions: {debuggerAddress: localhost:62664}, goog:processID: 4452, networkConnectionEnabled: false, pageLoadStrategy: normal, platformName: windows, proxy: Proxy(), se:cdp: ws://localhost:62664/devtoo..., se:cdpVersion: 143.0.7499.110, setWindowRect: true, strictFileInteractability: false, timeouts: {implicit: 0, pageLoad: 300000, script: 30000}, unhandledPromptBehavior: dismiss and notify, webauthn:extension:credBlob: true, webauthn:extension:largeBlob: true, webauthn:extension:minPinLength: true, webauthn:extension:prf: true, webauthn:virtualAuthenticators: true}
Session ID: 794cab74150dfd225d746d8b18d39fd0
2025-12-22 11:16:56.158 [TestNG-test-Smoke Tests-1] WARN  [verifyingSideMenuLanguageAsInSettingsLingua] [verifyingSideMenuLanguageAsInSettingsLingua] Attempt 2 failed — refreshing the page to recover...
2025-12-22 11:16:56.164 [TestNG-test-Smoke Tests-1] INFO  [verifyingSideMenuLanguageAsInSettingsLingua] [verifyingSideMenuLanguageAsInSettingsLingua] Current URL before refresh: https://www.youtube.com/
2025-12-22 11:16:56.320 [TestNG-test-Smoke Tests-1] INFO  [verifyingSideMenuLanguageAsInSettingsLingua] [verifyingSideMenuLanguageAsInSettingsLingua] Page refreshed successfully.
2025-12-22 11:16:57.828 [TestNG-test-Smoke Tests-1] INFO  [verifyingSideMenuLanguageAsInSettingsLingua] [verifyingSideMenuLanguageAsInSettingsLingua] Page fully loaded after refresh.
2025-12-22 11:17:08.004 [TestNG-test-Smoke Tests-1] WARN  [verifyingSideMenuLanguageAsInSettingsLingua] [verifyingSideMenuLanguageAsInSettingsLingua] Attempt 3 failed to find elements: By.xpath: //ytd-guide-entry-renderer[@class='style-scope ytd-guide-section-renderer'] -> org.openqa.selenium.TimeoutException: Expected condition failed: waiting for presence of any elements located by By.xpath: //ytd-guide-entry-renderer[@class='style-scope ytd-guide-section-renderer'] (tried for 10 second(s) with 500 milliseconds interval)
Build info: version: '4.27.0', revision: 'd6e718d134'
System info: os.name: 'Windows Server 2025', os.arch: 'amd64', os.version: '10.0', java.version: '24.0.2'
Driver info: org.openqa.selenium.chrome.ChromeDriver
Capabilities {acceptInsecureCerts: false, browserName: chrome, browserVersion: 143.0.7499.110, chrome: {chromedriverVersion: 143.0.7499.169 (164b20aab62..., userDataDir: C:\Windows\SystemTemp\scope...}, fedcm:accounts: true, goog:chromeOptions: {debuggerAddress: localhost:62664}, goog:processID: 4452, networkConnectionEnabled: false, pageLoadStrategy: normal, platformName: windows, proxy: Proxy(), se:cdp: ws://localhost:62664/devtoo..., se:cdpVersion: 143.0.7499.110, setWindowRect: true, strictFileInteractability: false, timeouts: {implicit: 0, pageLoad: 300000, script: 30000}, unhandledPromptBehavior: dismiss and notify, webauthn:extension:credBlob: true, webauthn:extension:largeBlob: true, webauthn:extension:minPinLength: true, webauthn:extension:prf: true, webauthn:virtualAuthenticators: true}
Session ID: 794cab74150dfd225d746d8b18d39fd0
2025-12-22 11:17:08.004 [TestNG-test-Smoke Tests-1] WARN  [verifyingSideMenuLanguageAsInSettingsLingua] [verifyingSideMenuLanguageAsInSettingsLingua] Attempt 3 failed — refreshing the page to recover...
2025-12-22 11:17:08.009 [TestNG-test-Smoke Tests-1] INFO  [verifyingSideMenuLanguageAsInSettingsLingua] [verifyingSideMenuLanguageAsInSettingsLingua] Current URL before refresh: https://www.youtube.com/
2025-12-22 11:17:08.167 [TestNG-test-Smoke Tests-1] INFO  [verifyingSideMenuLanguageAsInSettingsLingua] [verifyingSideMenuLanguageAsInSettingsLingua] Page refreshed successfully.
2025-12-22 11:17:09.672 [TestNG-test-Smoke Tests-1] INFO  [verifyingSideMenuLanguageAsInSettingsLingua] [verifyingSideMenuLanguageAsInSettingsLingua] Page fully loaded after refresh.
2025-12-22 11:17:09.673 [TestNG-test-Smoke Tests-1] ERROR [verifyingSideMenuLanguageAsInSettingsLingua] [verifyingSideMenuLanguageAsInSettingsLingua] No elements ready after 3 attempts: By.xpath: //ytd-guide-entry-renderer[@class='style-scope ytd-guide-section-renderer']
2025-12-22 11:17:09.673 [TestNG-test-Smoke Tests-1] INFO  [verifyingSideMenuLanguageAsInSettingsLingua] getExpectedLangageViaApplicableLangInput(Afrikaans)
2025-12-22 11:17:09.673 [TestNG-test-Smoke Tests-1] INFO  [verifyingSideMenuLanguageAsInSettingsLingua] Expected language for 'Afrikaans' -> AFRIKAANS
2025-12-22 11:17:09.673 [TestNG-test-Smoke Tests-1] INFO  [verifyingSideMenuLanguageAsInSettingsLingua] getLangAttributeViaLanguageInput(Afrikaans)
2025-12-22 11:17:09.673 [TestNG-test-Smoke Tests-1] INFO  [verifyingSideMenuLanguageAsInSettingsLingua] Mapped Afrikaans -> af-ZA
2025-12-22 11:17:09.673 [TestNG-test-Smoke Tests-1] INFO  [verifyingSideMenuLanguageAsInSettingsLingua] getLangAttribute() - locating <html> and reading lang property
2025-12-22 11:17:09.688 [TestNG-test-Smoke Tests-1] INFO  [verifyingSideMenuLanguageAsInSettingsLingua] Language attribute read: af-ZA
2025-12-22 11:17:09.689 [TestNG-test-Smoke Tests-1] INFO  [verifyingSideMenuLanguageAsInSettingsLingua] Clicking settings ellipses button...
2025-12-22 11:17:09.689 [TestNG-test-Smoke Tests-1] INFO  [verifyingSideMenuLanguageAsInSettingsLingua] [verifyingSideMenuLanguageAsInSettingsLingua] Trying to find element: By.xpath: //ytd-topbar-menu-button-renderer[@class='style-scope ytd-masthead style-default']
2025-12-22 11:17:09.712 [TestNG-test-Smoke Tests-1] INFO  [verifyingSideMenuLanguageAsInSettingsLingua] [verifyingSideMenuLanguageAsInSettingsLingua] Element found and ready (attempt 1): By.xpath: //ytd-topbar-menu-button-renderer[@class='style-scope ytd-masthead style-default']
2025-12-22 11:17:11.886 [TestNG-test-Smoke Tests-1] INFO  [verifyingSideMenuLanguageAsInSettingsLingua] Clicking language dropdown...
2025-12-22 11:17:11.886 [TestNG-test-Smoke Tests-1] INFO  [verifyingSideMenuLanguageAsInSettingsLingua] [verifyingSideMenuLanguageAsInSettingsLingua] Trying to find element: By.xpath: (//div[@id='content-icon'])[2]
2025-12-22 11:17:11.910 [TestNG-test-Smoke Tests-1] INFO  [verifyingSideMenuLanguageAsInSettingsLingua] [verifyingSideMenuLanguageAsInSettingsLingua] Element found and ready (attempt 1): By.xpath: (//div[@id='content-icon'])[2]
2025-12-22 11:17:14.275 [TestNG-test-Smoke Tests-1] INFO  [verifyingSideMenuLanguageAsInSettingsLingua] [verifyingSideMenuLanguageAsInSettingsLingua] Capturing screenshot: Filter Applied is Azərbaycan__2025-12-22_111714.png
2025-12-22 11:17:14.388 [TestNG-test-Smoke Tests-1] INFO  [verifyingSideMenuLanguageAsInSettingsLingua] [verifyingSideMenuLanguageAsInSettingsLingua] Screenshot saved at: test-output/screenshots/Run_2025-12-22_11-09-56/verifyingSideMenuLanguageAsInSettingsLingua/Filter Applied is Azərbaycan__2025-12-22_111714.png
2025-12-22 11:17:15.389 [TestNG-test-Smoke Tests-1] INFO  [verifyingSideMenuLanguageAsInSettingsLingua] Looking for language element with name: Azərbaycan
2025-12-22 11:17:15.389 [TestNG-test-Smoke Tests-1] INFO  [verifyingSideMenuLanguageAsInSettingsLingua] [verifyingSideMenuLanguageAsInSettingsLingua] Trying to find element: By.xpath: //yt-multi-page-menu-section-renderer[@class='style-scope ytd-multi-page-menu-renderer']//yt-formatted-string[@id='label' and text()='Azərbaycan']
2025-12-22 11:17:15.421 [TestNG-test-Smoke Tests-1] INFO  [verifyingSideMenuLanguageAsInSettingsLingua] [verifyingSideMenuLanguageAsInSettingsLingua] Element found and ready (attempt 1): By.xpath: //yt-multi-page-menu-section-renderer[@class='style-scope ytd-multi-page-menu-renderer']//yt-formatted-string[@id='label' and text()='Azərbaycan']
2025-12-22 11:17:18.912 [TestNG-test-Smoke Tests-1] INFO  [verifyingSideMenuLanguageAsInSettingsLingua] Fetching the side menu in expanded view
2025-12-22 11:17:18.912 [TestNG-test-Smoke Tests-1] INFO  [verifyingSideMenuLanguageAsInSettingsLingua] [verifyingSideMenuLanguageAsInSettingsLingua] Finding elements list: By.xpath: //ytd-guide-entry-renderer[@class='style-scope ytd-guide-section-renderer']
2025-12-22 11:17:29.111 [TestNG-test-Smoke Tests-1] WARN  [verifyingSideMenuLanguageAsInSettingsLingua] [verifyingSideMenuLanguageAsInSettingsLingua] Attempt 1 failed to find elements: By.xpath: //ytd-guide-entry-renderer[@class='style-scope ytd-guide-section-renderer'] -> org.openqa.selenium.TimeoutException: Expected condition failed: waiting for presence of any elements located by By.xpath: //ytd-guide-entry-renderer[@class='style-scope ytd-guide-section-renderer'] (tried for 10 second(s) with 500 milliseconds interval)
Build info: version: '4.27.0', revision: 'd6e718d134'
System info: os.name: 'Windows Server 2025', os.arch: 'amd64', os.version: '10.0', java.version: '24.0.2'
Driver info: org.openqa.selenium.chrome.ChromeDriver
Capabilities {acceptInsecureCerts: false, browserName: chrome, browserVersion: 143.0.7499.110, chrome: {chromedriverVersion: 143.0.7499.169 (164b20aab62..., userDataDir: C:\Windows\SystemTemp\scope...}, fedcm:accounts: true, goog:chromeOptions: {debuggerAddress: localhost:62664}, goog:processID: 4452, networkConnectionEnabled: false, pageLoadStrategy: normal, platformName: windows, proxy: Proxy(), se:cdp: ws://localhost:62664/devtoo..., se:cdpVersion: 143.0.7499.110, setWindowRect: true, strictFileInteractability: false, timeouts: {implicit: 0, pageLoad: 300000, script: 30000}, unhandledPromptBehavior: dismiss and notify, webauthn:extension:credBlob: true, webauthn:extension:largeBlob: true, webauthn:extension:minPinLength: true, webauthn:extension:prf: true, webauthn:virtualAuthenticators: true}
Session ID: 794cab74150dfd225d746d8b18d39fd0
2025-12-22 11:17:39.293 [TestNG-test-Smoke Tests-1] WARN  [verifyingSideMenuLanguageAsInSettingsLingua] [verifyingSideMenuLanguageAsInSettingsLingua] Attempt 2 failed to find elements: By.xpath: //ytd-guide-entry-renderer[@class='style-scope ytd-guide-section-renderer'] -> org.openqa.selenium.TimeoutException: Expected condition failed: waiting for presence of any elements located by By.xpath: //ytd-guide-entry-renderer[@class='style-scope ytd-guide-section-renderer'] (tried for 10 second(s) with 500 milliseconds interval)
Build info: version: '4.27.0', revision: 'd6e718d134'
System info: os.name: 'Windows Server 2025', os.arch: 'amd64', os.version: '10.0', java.version: '24.0.2'
Driver info: org.openqa.selenium.chrome.ChromeDriver
Capabilities {acceptInsecureCerts: false, browserName: chrome, browserVersion: 143.0.7499.110, chrome: {chromedriverVersion: 143.0.7499.169 (164b20aab62..., userDataDir: C:\Windows\SystemTemp\scope...}, fedcm:accounts: true, goog:chromeOptions: {debuggerAddress: localhost:62664}, goog:processID: 4452, networkConnectionEnabled: false, pageLoadStrategy: normal, platformName: windows, proxy: Proxy(), se:cdp: ws://localhost:62664/devtoo..., se:cdpVersion: 143.0.7499.110, setWindowRect: true, strictFileInteractability: false, timeouts: {implicit: 0, pageLoad: 300000, script: 30000}, unhandledPromptBehavior: dismiss and notify, webauthn:extension:credBlob: true, webauthn:extension:largeBlob: true, webauthn:extension:minPinLength: true, webauthn:extension:prf: true, webauthn:virtualAuthenticators: true}
Session ID: 794cab74150dfd225d746d8b18d39fd0
2025-12-22 11:17:39.294 [TestNG-test-Smoke Tests-1] WARN  [verifyingSideMenuLanguageAsInSettingsLingua] [verifyingSideMenuLanguageAsInSettingsLingua] Attempt 2 failed — refreshing the page to recover...
2025-12-22 11:17:39.298 [TestNG-test-Smoke Tests-1] INFO  [verifyingSideMenuLanguageAsInSettingsLingua] [verifyingSideMenuLanguageAsInSettingsLingua] Current URL before refresh: https://www.youtube.com/
2025-12-22 11:17:40.393 [TestNG-test-Smoke Tests-1] INFO  [verifyingSideMenuLanguageAsInSettingsLingua] [verifyingSideMenuLanguageAsInSettingsLingua] Page refreshed successfully.
2025-12-22 11:17:41.899 [TestNG-test-Smoke Tests-1] INFO  [verifyingSideMenuLanguageAsInSettingsLingua] [verifyingSideMenuLanguageAsInSettingsLingua] Page fully loaded after refresh.
2025-12-22 11:17:52.075 [TestNG-test-Smoke Tests-1] WARN  [verifyingSideMenuLanguageAsInSettingsLingua] [verifyingSideMenuLanguageAsInSettingsLingua] Attempt 3 failed to find elements: By.xpath: //ytd-guide-entry-renderer[@class='style-scope ytd-guide-section-renderer'] -> org.openqa.selenium.TimeoutException: Expected condition failed: waiting for presence of any elements located by By.xpath: //ytd-guide-entry-renderer[@class='style-scope ytd-guide-section-renderer'] (tried for 10 second(s) with 500 milliseconds interval)
Build info: version: '4.27.0', revision: 'd6e718d134'
System info: os.name: 'Windows Server 2025', os.arch: 'amd64', os.version: '10.0', java.version: '24.0.2'
Driver info: org.openqa.selenium.chrome.ChromeDriver
Capabilities {acceptInsecureCerts: false, browserName: chrome, browserVersion: 143.0.7499.110, chrome: {chromedriverVersion: 143.0.7499.169 (164b20aab62..., userDataDir: C:\Windows\SystemTemp\scope...}, fedcm:accounts: true, goog:chromeOptions: {debuggerAddress: localhost:62664}, goog:processID: 4452, networkConnectionEnabled: false, pageLoadStrategy: normal, platformName: windows, proxy: Proxy(), se:cdp: ws://localhost:62664/devtoo..., se:cdpVersion: 143.0.7499.110, setWindowRect: true, strictFileInteractability: false, timeouts: {implicit: 0, pageLoad: 300000, script: 30000}, unhandledPromptBehavior: dismiss and notify, webauthn:extension:credBlob: true, webauthn:extension:largeBlob: true, webauthn:extension:minPinLength: true, webauthn:extension:prf: true, webauthn:virtualAuthenticators: true}
Session ID: 794cab74150dfd225d746d8b18d39fd0
2025-12-22 11:17:52.075 [TestNG-test-Smoke Tests-1] WARN  [verifyingSideMenuLanguageAsInSettingsLingua] [verifyingSideMenuLanguageAsInSettingsLingua] Attempt 3 failed — refreshing the page to recover...
2025-12-22 11:17:52.079 [TestNG-test-Smoke Tests-1] INFO  [verifyingSideMenuLanguageAsInSettingsLingua] [verifyingSideMenuLanguageAsInSettingsLingua] Current URL before refresh: https://www.youtube.com/
2025-12-22 11:17:52.234 [TestNG-test-Smoke Tests-1] INFO  [verifyingSideMenuLanguageAsInSettingsLingua] [verifyingSideMenuLanguageAsInSettingsLingua] Page refreshed successfully.
2025-12-22 11:17:53.741 [TestNG-test-Smoke Tests-1] INFO  [verifyingSideMenuLanguageAsInSettingsLingua] [verifyingSideMenuLanguageAsInSettingsLingua] Page fully loaded after refresh.
2025-12-22 11:17:53.741 [TestNG-test-Smoke Tests-1] ERROR [verifyingSideMenuLanguageAsInSettingsLingua] [verifyingSideMenuLanguageAsInSettingsLingua] No elements ready after 3 attempts: By.xpath: //ytd-guide-entry-renderer[@class='style-scope ytd-guide-section-renderer']
2025-12-22 11:17:53.741 [TestNG-test-Smoke Tests-1] INFO  [verifyingSideMenuLanguageAsInSettingsLingua] getExpectedLangageViaApplicableLangInput(Azərbaycan)
2025-12-22 11:17:53.741 [TestNG-test-Smoke Tests-1] INFO  [verifyingSideMenuLanguageAsInSettingsLingua] Expected language for 'Azərbaycan' -> AZERBAIJANI
2025-12-22 11:17:53.741 [TestNG-test-Smoke Tests-1] INFO  [verifyingSideMenuLanguageAsInSettingsLingua] getLangAttributeViaLanguageInput(Azərbaycan)
2025-12-22 11:17:53.741 [TestNG-test-Smoke Tests-1] INFO  [verifyingSideMenuLanguageAsInSettingsLingua] Mapped Azərbaycan -> az-Latn-AZ
2025-12-22 11:17:53.741 [TestNG-test-Smoke Tests-1] INFO  [verifyingSideMenuLanguageAsInSettingsLingua] getLangAttribute() - locating <html> and reading lang property
2025-12-22 11:17:53.754 [TestNG-test-Smoke Tests-1] INFO  [verifyingSideMenuLanguageAsInSettingsLingua] Language attribute read: az-Latn-AZ
2025-12-22 11:17:53.754 [TestNG-test-Smoke Tests-1] INFO  [verifyingSideMenuLanguageAsInSettingsLingua] Clicking settings ellipses button...
2025-12-22 11:17:53.754 [TestNG-test-Smoke Tests-1] INFO  [verifyingSideMenuLanguageAsInSettingsLingua] [verifyingSideMenuLanguageAsInSettingsLingua] Trying to find element: By.xpath: //ytd-topbar-menu-button-renderer[@class='style-scope ytd-masthead style-default']
2025-12-22 11:17:53.779 [TestNG-test-Smoke Tests-1] INFO  [verifyingSideMenuLanguageAsInSettingsLingua] [verifyingSideMenuLanguageAsInSettingsLingua] Element found and ready (attempt 1): By.xpath: //ytd-topbar-menu-button-renderer[@class='style-scope ytd-masthead style-default']
2025-12-22 11:17:55.965 [TestNG-test-Smoke Tests-1] INFO  [verifyingSideMenuLanguageAsInSettingsLingua] Clicking language dropdown...
2025-12-22 11:17:55.965 [TestNG-test-Smoke Tests-1] INFO  [verifyingSideMenuLanguageAsInSettingsLingua] [verifyingSideMenuLanguageAsInSettingsLingua] Trying to find element: By.xpath: (//div[@id='content-icon'])[2]
2025-12-22 11:17:55.987 [TestNG-test-Smoke Tests-1] INFO  [verifyingSideMenuLanguageAsInSettingsLingua] [verifyingSideMenuLanguageAsInSettingsLingua] Element found and ready (attempt 1): By.xpath: (//div[@id='content-icon'])[2]
2025-12-22 11:17:58.361 [TestNG-test-Smoke Tests-1] INFO  [verifyingSideMenuLanguageAsInSettingsLingua] [verifyingSideMenuLanguageAsInSettingsLingua] Capturing screenshot: Filter Applied is Bahasa Indonesia__2025-12-22_111758.png
2025-12-22 11:17:58.504 [TestNG-test-Smoke Tests-1] INFO  [verifyingSideMenuLanguageAsInSettingsLingua] [verifyingSideMenuLanguageAsInSettingsLingua] Screenshot saved at: test-output/screenshots/Run_2025-12-22_11-09-56/verifyingSideMenuLanguageAsInSettingsLingua/Filter Applied is Bahasa Indonesia__2025-12-22_111758.png
2025-12-22 11:17:59.529 [TestNG-test-Smoke Tests-1] INFO  [verifyingSideMenuLanguageAsInSettingsLingua] Looking for language element with name: Bahasa Indonesia
2025-12-22 11:17:59.529 [TestNG-test-Smoke Tests-1] INFO  [verifyingSideMenuLanguageAsInSettingsLingua] [verifyingSideMenuLanguageAsInSettingsLingua] Trying to find element: By.xpath: //yt-multi-page-menu-section-renderer[@class='style-scope ytd-multi-page-menu-renderer']//yt-formatted-string[@id='label' and text()='Bahasa Indonesia']
2025-12-22 11:17:59.603 [TestNG-test-Smoke Tests-1] INFO  [verifyingSideMenuLanguageAsInSettingsLingua] [verifyingSideMenuLanguageAsInSettingsLingua] Element found and ready (attempt 1): By.xpath: //yt-multi-page-menu-section-renderer[@class='style-scope ytd-multi-page-menu-renderer']//yt-formatted-string[@id='label' and text()='Bahasa Indonesia']
2025-12-22 11:18:02.715 [TestNG-test-Smoke Tests-1] INFO  [verifyingSideMenuLanguageAsInSettingsLingua] Fetching the side menu in expanded view
2025-12-22 11:18:02.715 [TestNG-test-Smoke Tests-1] INFO  [verifyingSideMenuLanguageAsInSettingsLingua] [verifyingSideMenuLanguageAsInSettingsLingua] Finding elements list: By.xpath: //ytd-guide-entry-renderer[@class='style-scope ytd-guide-section-renderer']
2025-12-22 11:18:12.918 [TestNG-test-Smoke Tests-1] WARN  [verifyingSideMenuLanguageAsInSettingsLingua] [verifyingSideMenuLanguageAsInSettingsLingua] Attempt 1 failed to find elements: By.xpath: //ytd-guide-entry-renderer[@class='style-scope ytd-guide-section-renderer'] -> org.openqa.selenium.TimeoutException: Expected condition failed: waiting for presence of any elements located by By.xpath: //ytd-guide-entry-renderer[@class='style-scope ytd-guide-section-renderer'] (tried for 10 second(s) with 500 milliseconds interval)
Build info: version: '4.27.0', revision: 'd6e718d134'
System info: os.name: 'Windows Server 2025', os.arch: 'amd64', os.version: '10.0', java.version: '24.0.2'
Driver info: org.openqa.selenium.chrome.ChromeDriver
Capabilities {acceptInsecureCerts: false, browserName: chrome, browserVersion: 143.0.7499.110, chrome: {chromedriverVersion: 143.0.7499.169 (164b20aab62..., userDataDir: C:\Windows\SystemTemp\scope...}, fedcm:accounts: true, goog:chromeOptions: {debuggerAddress: localhost:62664}, goog:processID: 4452, networkConnectionEnabled: false, pageLoadStrategy: normal, platformName: windows, proxy: Proxy(), se:cdp: ws://localhost:62664/devtoo..., se:cdpVersion: 143.0.7499.110, setWindowRect: true, strictFileInteractability: false, timeouts: {implicit: 0, pageLoad: 300000, script: 30000}, unhandledPromptBehavior: dismiss and notify, webauthn:extension:credBlob: true, webauthn:extension:largeBlob: true, webauthn:extension:minPinLength: true, webauthn:extension:prf: true, webauthn:virtualAuthenticators: true}
Session ID: 794cab74150dfd225d746d8b18d39fd0
2025-12-22 11:18:23.098 [TestNG-test-Smoke Tests-1] WARN  [verifyingSideMenuLanguageAsInSettingsLingua] [verifyingSideMenuLanguageAsInSettingsLingua] Attempt 2 failed to find elements: By.xpath: //ytd-guide-entry-renderer[@class='style-scope ytd-guide-section-renderer'] -> org.openqa.selenium.TimeoutException: Expected condition failed: waiting for presence of any elements located by By.xpath: //ytd-guide-entry-renderer[@class='style-scope ytd-guide-section-renderer'] (tried for 10 second(s) with 500 milliseconds interval)
Build info: version: '4.27.0', revision: 'd6e718d134'
System info: os.name: 'Windows Server 2025', os.arch: 'amd64', os.version: '10.0', java.version: '24.0.2'
Driver info: org.openqa.selenium.chrome.ChromeDriver
Capabilities {acceptInsecureCerts: false, browserName: chrome, browserVersion: 143.0.7499.110, chrome: {chromedriverVersion: 143.0.7499.169 (164b20aab62..., userDataDir: C:\Windows\SystemTemp\scope...}, fedcm:accounts: true, goog:chromeOptions: {debuggerAddress: localhost:62664}, goog:processID: 4452, networkConnectionEnabled: false, pageLoadStrategy: normal, platformName: windows, proxy: Proxy(), se:cdp: ws://localhost:62664/devtoo..., se:cdpVersion: 143.0.7499.110, setWindowRect: true, strictFileInteractability: false, timeouts: {implicit: 0, pageLoad: 300000, script: 30000}, unhandledPromptBehavior: dismiss and notify, webauthn:extension:credBlob: true, webauthn:extension:largeBlob: true, webauthn:extension:minPinLength: true, webauthn:extension:prf: true, webauthn:virtualAuthenticators: true}
Session ID: 794cab74150dfd225d746d8b18d39fd0
2025-12-22 11:18:23.098 [TestNG-test-Smoke Tests-1] WARN  [verifyingSideMenuLanguageAsInSettingsLingua] [verifyingSideMenuLanguageAsInSettingsLingua] Attempt 2 failed — refreshing the page to recover...
2025-12-22 11:18:23.102 [TestNG-test-Smoke Tests-1] INFO  [verifyingSideMenuLanguageAsInSettingsLingua] [verifyingSideMenuLanguageAsInSettingsLingua] Current URL before refresh: https://www.youtube.com/
2025-12-22 11:18:24.134 [TestNG-test-Smoke Tests-1] INFO  [verifyingSideMenuLanguageAsInSettingsLingua] [verifyingSideMenuLanguageAsInSettingsLingua] Page refreshed successfully.
2025-12-22 11:18:25.642 [TestNG-test-Smoke Tests-1] INFO  [verifyingSideMenuLanguageAsInSettingsLingua] [verifyingSideMenuLanguageAsInSettingsLingua] Page fully loaded after refresh.
2025-12-22 11:18:35.802 [TestNG-test-Smoke Tests-1] WARN  [verifyingSideMenuLanguageAsInSettingsLingua] [verifyingSideMenuLanguageAsInSettingsLingua] Attempt 3 failed to find elements: By.xpath: //ytd-guide-entry-renderer[@class='style-scope ytd-guide-section-renderer'] -> org.openqa.selenium.TimeoutException: Expected condition failed: waiting for presence of any elements located by By.xpath: //ytd-guide-entry-renderer[@class='style-scope ytd-guide-section-renderer'] (tried for 10 second(s) with 500 milliseconds interval)
Build info: version: '4.27.0', revision: 'd6e718d134'
System info: os.name: 'Windows Server 2025', os.arch: 'amd64', os.version: '10.0', java.version: '24.0.2'
Driver info: org.openqa.selenium.chrome.ChromeDriver
Capabilities {acceptInsecureCerts: false, browserName: chrome, browserVersion: 143.0.7499.110, chrome: {chromedriverVersion: 143.0.7499.169 (164b20aab62..., userDataDir: C:\Windows\SystemTemp\scope...}, fedcm:accounts: true, goog:chromeOptions: {debuggerAddress: localhost:62664}, goog:processID: 4452, networkConnectionEnabled: false, pageLoadStrategy: normal, platformName: windows, proxy: Proxy(), se:cdp: ws://localhost:62664/devtoo..., se:cdpVersion: 143.0.7499.110, setWindowRect: true, strictFileInteractability: false, timeouts: {implicit: 0, pageLoad: 300000, script: 30000}, unhandledPromptBehavior: dismiss and notify, webauthn:extension:credBlob: true, webauthn:extension:largeBlob: true, webauthn:extension:minPinLength: true, webauthn:extension:prf: true, webauthn:virtualAuthenticators: true}
Session ID: 794cab74150dfd225d746d8b18d39fd0
2025-12-22 11:18:35.802 [TestNG-test-Smoke Tests-1] WARN  [verifyingSideMenuLanguageAsInSettingsLingua] [verifyingSideMenuLanguageAsInSettingsLingua] Attempt 3 failed — refreshing the page to recover...
2025-12-22 11:18:35.806 [TestNG-test-Smoke Tests-1] INFO  [verifyingSideMenuLanguageAsInSettingsLingua] [verifyingSideMenuLanguageAsInSettingsLingua] Current URL before refresh: https://www.youtube.com/
2025-12-22 11:18:35.961 [TestNG-test-Smoke Tests-1] INFO  [verifyingSideMenuLanguageAsInSettingsLingua] [verifyingSideMenuLanguageAsInSettingsLingua] Page refreshed successfully.
2025-12-22 11:18:37.468 [TestNG-test-Smoke Tests-1] INFO  [verifyingSideMenuLanguageAsInSettingsLingua] [verifyingSideMenuLanguageAsInSettingsLingua] Page fully loaded after refresh.
2025-12-22 11:18:37.468 [TestNG-test-Smoke Tests-1] ERROR [verifyingSideMenuLanguageAsInSettingsLingua] [verifyingSideMenuLanguageAsInSettingsLingua] No elements ready after 3 attempts: By.xpath: //ytd-guide-entry-renderer[@class='style-scope ytd-guide-section-renderer']
2025-12-22 11:18:37.468 [TestNG-test-Smoke Tests-1] INFO  [verifyingSideMenuLanguageAsInSettingsLingua] getExpectedLangageViaApplicableLangInput(Bahasa Indonesia)
2025-12-22 11:18:37.468 [TestNG-test-Smoke Tests-1] INFO  [verifyingSideMenuLanguageAsInSettingsLingua] Expected language for 'Bahasa Indonesia' -> INDONESIAN
2025-12-22 11:18:37.469 [TestNG-test-Smoke Tests-1] INFO  [verifyingSideMenuLanguageAsInSettingsLingua] getLangAttributeViaLanguageInput(Bahasa Indonesia)
2025-12-22 11:18:37.469 [TestNG-test-Smoke Tests-1] INFO  [verifyingSideMenuLanguageAsInSettingsLingua] Mapped Bahasa Indonesia -> id-ID
2025-12-22 11:18:37.469 [TestNG-test-Smoke Tests-1] INFO  [verifyingSideMenuLanguageAsInSettingsLingua] getLangAttribute() - locating <html> and reading lang property
2025-12-22 11:18:37.484 [TestNG-test-Smoke Tests-1] INFO  [verifyingSideMenuLanguageAsInSettingsLingua] Language attribute read: id-ID
2025-12-22 11:18:37.484 [TestNG-test-Smoke Tests-1] INFO  [verifyingSideMenuLanguageAsInSettingsLingua] Clicking settings ellipses button...
2025-12-22 11:18:37.484 [TestNG-test-Smoke Tests-1] INFO  [verifyingSideMenuLanguageAsInSettingsLingua] [verifyingSideMenuLanguageAsInSettingsLingua] Trying to find element: By.xpath: //ytd-topbar-menu-button-renderer[@class='style-scope ytd-masthead style-default']
2025-12-22 11:18:37.506 [TestNG-test-Smoke Tests-1] INFO  [verifyingSideMenuLanguageAsInSettingsLingua] [verifyingSideMenuLanguageAsInSettingsLingua] Element found and ready (attempt 1): By.xpath: //ytd-topbar-menu-button-renderer[@class='style-scope ytd-masthead style-default']
2025-12-22 11:18:39.693 [TestNG-test-Smoke Tests-1] INFO  [verifyingSideMenuLanguageAsInSettingsLingua] Clicking language dropdown...
2025-12-22 11:18:39.693 [TestNG-test-Smoke Tests-1] INFO  [verifyingSideMenuLanguageAsInSettingsLingua] [verifyingSideMenuLanguageAsInSettingsLingua] Trying to find element: By.xpath: (//div[@id='content-icon'])[2]
2025-12-22 11:18:39.718 [TestNG-test-Smoke Tests-1] INFO  [verifyingSideMenuLanguageAsInSettingsLingua] [verifyingSideMenuLanguageAsInSettingsLingua] Element found and ready (attempt 1): By.xpath: (//div[@id='content-icon'])[2]
2025-12-22 11:18:42.065 [TestNG-test-Smoke Tests-1] INFO  [verifyingSideMenuLanguageAsInSettingsLingua] [verifyingSideMenuLanguageAsInSettingsLingua] Capturing screenshot: Filter Applied is Bosanski__2025-12-22_111842.png
2025-12-22 11:18:42.192 [TestNG-test-Smoke Tests-1] INFO  [verifyingSideMenuLanguageAsInSettingsLingua] [verifyingSideMenuLanguageAsInSettingsLingua] Screenshot saved at: test-output/screenshots/Run_2025-12-22_11-09-56/verifyingSideMenuLanguageAsInSettingsLingua/Filter Applied is Bosanski__2025-12-22_111842.png
2025-12-22 11:18:43.194 [TestNG-test-Smoke Tests-1] INFO  [verifyingSideMenuLanguageAsInSettingsLingua] Looking for language element with name: Bosanski
2025-12-22 11:18:43.194 [TestNG-test-Smoke Tests-1] INFO  [verifyingSideMenuLanguageAsInSettingsLingua] [verifyingSideMenuLanguageAsInSettingsLingua] Trying to find element: By.xpath: //yt-multi-page-menu-section-renderer[@class='style-scope ytd-multi-page-menu-renderer']//yt-formatted-string[@id='label' and text()='Bosanski']
2025-12-22 11:18:43.219 [TestNG-test-Smoke Tests-1] INFO  [verifyingSideMenuLanguageAsInSettingsLingua] [verifyingSideMenuLanguageAsInSettingsLingua] Element found and ready (attempt 1): By.xpath: //yt-multi-page-menu-section-renderer[@class='style-scope ytd-multi-page-menu-renderer']//yt-formatted-string[@id='label' and text()='Bosanski']
2025-12-22 11:18:46.477 [TestNG-test-Smoke Tests-1] INFO  [verifyingSideMenuLanguageAsInSettingsLingua] Fetching the side menu in expanded view
2025-12-22 11:18:46.477 [TestNG-test-Smoke Tests-1] INFO  [verifyingSideMenuLanguageAsInSettingsLingua] [verifyingSideMenuLanguageAsInSettingsLingua] Finding elements list: By.xpath: //ytd-guide-entry-renderer[@class='style-scope ytd-guide-section-renderer']
2025-12-22 11:18:56.714 [TestNG-test-Smoke Tests-1] WARN  [verifyingSideMenuLanguageAsInSettingsLingua] [verifyingSideMenuLanguageAsInSettingsLingua] Attempt 1 failed to find elements: By.xpath: //ytd-guide-entry-renderer[@class='style-scope ytd-guide-section-renderer'] -> org.openqa.selenium.TimeoutException: Expected condition failed: waiting for presence of any elements located by By.xpath: //ytd-guide-entry-renderer[@class='style-scope ytd-guide-section-renderer'] (tried for 10 second(s) with 500 milliseconds interval)
Build info: version: '4.27.0', revision: 'd6e718d134'
System info: os.name: 'Windows Server 2025', os.arch: 'amd64', os.version: '10.0', java.version: '24.0.2'
Driver info: org.openqa.selenium.chrome.ChromeDriver
Capabilities {acceptInsecureCerts: false, browserName: chrome, browserVersion: 143.0.7499.110, chrome: {chromedriverVersion: 143.0.7499.169 (164b20aab62..., userDataDir: C:\Windows\SystemTemp\scope...}, fedcm:accounts: true, goog:chromeOptions: {debuggerAddress: localhost:62664}, goog:processID: 4452, networkConnectionEnabled: false, pageLoadStrategy: normal, platformName: windows, proxy: Proxy(), se:cdp: ws://localhost:62664/devtoo..., se:cdpVersion: 143.0.7499.110, setWindowRect: true, strictFileInteractability: false, timeouts: {implicit: 0, pageLoad: 300000, script: 30000}, unhandledPromptBehavior: dismiss and notify, webauthn:extension:credBlob: true, webauthn:extension:largeBlob: true, webauthn:extension:minPinLength: true, webauthn:extension:prf: true, webauthn:virtualAuthenticators: true}
Session ID: 794cab74150dfd225d746d8b18d39fd0
2025-12-22 11:19:06.926 [TestNG-test-Smoke Tests-1] WARN  [verifyingSideMenuLanguageAsInSettingsLingua] [verifyingSideMenuLanguageAsInSettingsLingua] Attempt 2 failed to find elements: By.xpath: //ytd-guide-entry-renderer[@class='style-scope ytd-guide-section-renderer'] -> org.openqa.selenium.TimeoutException: Expected condition failed: waiting for presence of any elements located by By.xpath: //ytd-guide-entry-renderer[@class='style-scope ytd-guide-section-renderer'] (tried for 10 second(s) with 500 milliseconds interval)
Build info: version: '4.27.0', revision: 'd6e718d134'
System info: os.name: 'Windows Server 2025', os.arch: 'amd64', os.version: '10.0', java.version: '24.0.2'
Driver info: org.openqa.selenium.chrome.ChromeDriver
Capabilities {acceptInsecureCerts: false, browserName: chrome, browserVersion: 143.0.7499.110, chrome: {chromedriverVersion: 143.0.7499.169 (164b20aab62..., userDataDir: C:\Windows\SystemTemp\scope...}, fedcm:accounts: true, goog:chromeOptions: {debuggerAddress: localhost:62664}, goog:processID: 4452, networkConnectionEnabled: false, pageLoadStrategy: normal, platformName: windows, proxy: Proxy(), se:cdp: ws://localhost:62664/devtoo..., se:cdpVersion: 143.0.7499.110, setWindowRect: true, strictFileInteractability: false, timeouts: {implicit: 0, pageLoad: 300000, script: 30000}, unhandledPromptBehavior: dismiss and notify, webauthn:extension:credBlob: true, webauthn:extension:largeBlob: true, webauthn:extension:minPinLength: true, webauthn:extension:prf: true, webauthn:virtualAuthenticators: true}
Session ID: 794cab74150dfd225d746d8b18d39fd0
2025-12-22 11:19:06.926 [TestNG-test-Smoke Tests-1] WARN  [verifyingSideMenuLanguageAsInSettingsLingua] [verifyingSideMenuLanguageAsInSettingsLingua] Attempt 2 failed — refreshing the page to recover...
2025-12-22 11:19:06.930 [TestNG-test-Smoke Tests-1] INFO  [verifyingSideMenuLanguageAsInSettingsLingua] [verifyingSideMenuLanguageAsInSettingsLingua] Current URL before refresh: https://www.youtube.com/
2025-12-22 11:19:07.079 [TestNG-test-Smoke Tests-1] INFO  [verifyingSideMenuLanguageAsInSettingsLingua] [verifyingSideMenuLanguageAsInSettingsLingua] Page refreshed successfully.
2025-12-22 11:19:08.586 [TestNG-test-Smoke Tests-1] INFO  [verifyingSideMenuLanguageAsInSettingsLingua] [verifyingSideMenuLanguageAsInSettingsLingua] Page fully loaded after refresh.
2025-12-22 11:19:18.759 [TestNG-test-Smoke Tests-1] WARN  [verifyingSideMenuLanguageAsInSettingsLingua] [verifyingSideMenuLanguageAsInSettingsLingua] Attempt 3 failed to find elements: By.xpath: //ytd-guide-entry-renderer[@class='style-scope ytd-guide-section-renderer'] -> org.openqa.selenium.TimeoutException: Expected condition failed: waiting for presence of any elements located by By.xpath: //ytd-guide-entry-renderer[@class='style-scope ytd-guide-section-renderer'] (tried for 10 second(s) with 500 milliseconds interval)
Build info: version: '4.27.0', revision: 'd6e718d134'
System info: os.name: 'Windows Server 2025', os.arch: 'amd64', os.version: '10.0', java.version: '24.0.2'
Driver info: org.openqa.selenium.chrome.ChromeDriver
Capabilities {acceptInsecureCerts: false, browserName: chrome, browserVersion: 143.0.7499.110, chrome: {chromedriverVersion: 143.0.7499.169 (164b20aab62..., userDataDir: C:\Windows\SystemTemp\scope...}, fedcm:accounts: true, goog:chromeOptions: {debuggerAddress: localhost:62664}, goog:processID: 4452, networkConnectionEnabled: false, pageLoadStrategy: normal, platformName: windows, proxy: Proxy(), se:cdp: ws://localhost:62664/devtoo..., se:cdpVersion: 143.0.7499.110, setWindowRect: true, strictFileInteractability: false, timeouts: {implicit: 0, pageLoad: 300000, script: 30000}, unhandledPromptBehavior: dismiss and notify, webauthn:extension:credBlob: true, webauthn:extension:largeBlob: true, webauthn:extension:minPinLength: true, webauthn:extension:prf: true, webauthn:virtualAuthenticators: true}
Session ID: 794cab74150dfd225d746d8b18d39fd0
2025-12-22 11:19:18.759 [TestNG-test-Smoke Tests-1] WARN  [verifyingSideMenuLanguageAsInSettingsLingua] [verifyingSideMenuLanguageAsInSettingsLingua] Attempt 3 failed — refreshing the page to recover...
2025-12-22 11:19:18.764 [TestNG-test-Smoke Tests-1] INFO  [verifyingSideMenuLanguageAsInSettingsLingua] [verifyingSideMenuLanguageAsInSettingsLingua] Current URL before refresh: https://www.youtube.com/
2025-12-22 11:19:18.893 [TestNG-test-Smoke Tests-1] INFO  [verifyingSideMenuLanguageAsInSettingsLingua] [verifyingSideMenuLanguageAsInSettingsLingua] Page refreshed successfully.
2025-12-22 11:19:20.399 [TestNG-test-Smoke Tests-1] INFO  [verifyingSideMenuLanguageAsInSettingsLingua] [verifyingSideMenuLanguageAsInSettingsLingua] Page fully loaded after refresh.
2025-12-22 11:19:20.399 [TestNG-test-Smoke Tests-1] ERROR [verifyingSideMenuLanguageAsInSettingsLingua] [verifyingSideMenuLanguageAsInSettingsLingua] No elements ready after 3 attempts: By.xpath: //ytd-guide-entry-renderer[@class='style-scope ytd-guide-section-renderer']
2025-12-22 11:19:20.399 [TestNG-test-Smoke Tests-1] INFO  [verifyingSideMenuLanguageAsInSettingsLingua] getExpectedLangageViaApplicableLangInput(Bosanski)
2025-12-22 11:19:20.399 [TestNG-test-Smoke Tests-1] INFO  [verifyingSideMenuLanguageAsInSettingsLingua] Expected language for 'Bosanski' -> CROATIAN
2025-12-22 11:19:20.399 [TestNG-test-Smoke Tests-1] INFO  [verifyingSideMenuLanguageAsInSettingsLingua] getLangAttributeViaLanguageInput(Bosanski)
2025-12-22 11:19:20.399 [TestNG-test-Smoke Tests-1] INFO  [verifyingSideMenuLanguageAsInSettingsLingua] Mapped Bosanski -> bs-Latn-BA
2025-12-22 11:19:20.399 [TestNG-test-Smoke Tests-1] INFO  [verifyingSideMenuLanguageAsInSettingsLingua] getLangAttribute() - locating <html> and reading lang property
2025-12-22 11:19:20.411 [TestNG-test-Smoke Tests-1] INFO  [verifyingSideMenuLanguageAsInSettingsLingua] Language attribute read: bs-Latn-BA
2025-12-22 11:19:20.411 [TestNG-test-Smoke Tests-1] INFO  [verifyingSideMenuLanguageAsInSettingsLingua] Clicking settings ellipses button...
2025-12-22 11:19:20.411 [TestNG-test-Smoke Tests-1] INFO  [verifyingSideMenuLanguageAsInSettingsLingua] [verifyingSideMenuLanguageAsInSettingsLingua] Trying to find element: By.xpath: //ytd-topbar-menu-button-renderer[@class='style-scope ytd-masthead style-default']
2025-12-22 11:19:20.433 [TestNG-test-Smoke Tests-1] INFO  [verifyingSideMenuLanguageAsInSettingsLingua] [verifyingSideMenuLanguageAsInSettingsLingua] Element found and ready (attempt 1): By.xpath: //ytd-topbar-menu-button-renderer[@class='style-scope ytd-masthead style-default']
2025-12-22 11:19:22.629 [TestNG-test-Smoke Tests-1] INFO  [verifyingSideMenuLanguageAsInSettingsLingua] Clicking language dropdown...
2025-12-22 11:19:22.629 [TestNG-test-Smoke Tests-1] INFO  [verifyingSideMenuLanguageAsInSettingsLingua] [verifyingSideMenuLanguageAsInSettingsLingua] Trying to find element: By.xpath: (//div[@id='content-icon'])[2]
2025-12-22 11:19:22.651 [TestNG-test-Smoke Tests-1] INFO  [verifyingSideMenuLanguageAsInSettingsLingua] [verifyingSideMenuLanguageAsInSettingsLingua] Element found and ready (attempt 1): By.xpath: (//div[@id='content-icon'])[2]
2025-12-22 11:19:25.028 [TestNG-test-Smoke Tests-1] INFO  [verifyingSideMenuLanguageAsInSettingsLingua] [verifyingSideMenuLanguageAsInSettingsLingua] Capturing screenshot: Filter Applied is Català__2025-12-22_111925.png
2025-12-22 11:19:25.224 [TestNG-test-Smoke Tests-1] INFO  [verifyingSideMenuLanguageAsInSettingsLingua] [verifyingSideMenuLanguageAsInSettingsLingua] Screenshot saved at: test-output/screenshots/Run_2025-12-22_11-09-56/verifyingSideMenuLanguageAsInSettingsLingua/Filter Applied is Català__2025-12-22_111925.png
2025-12-22 11:19:26.226 [TestNG-test-Smoke Tests-1] INFO  [verifyingSideMenuLanguageAsInSettingsLingua] Looking for language element with name: Català
2025-12-22 11:19:26.226 [TestNG-test-Smoke Tests-1] INFO  [verifyingSideMenuLanguageAsInSettingsLingua] [verifyingSideMenuLanguageAsInSettingsLingua] Trying to find element: By.xpath: //yt-multi-page-menu-section-renderer[@class='style-scope ytd-multi-page-menu-renderer']//yt-formatted-string[@id='label' and text()='Català']
2025-12-22 11:19:26.253 [TestNG-test-Smoke Tests-1] INFO  [verifyingSideMenuLanguageAsInSettingsLingua] [verifyingSideMenuLanguageAsInSettingsLingua] Element found and ready (attempt 1): By.xpath: //yt-multi-page-menu-section-renderer[@class='style-scope ytd-multi-page-menu-renderer']//yt-formatted-string[@id='label' and text()='Català']
2025-12-22 11:19:29.439 [TestNG-test-Smoke Tests-1] INFO  [verifyingSideMenuLanguageAsInSettingsLingua] Fetching the side menu in expanded view
2025-12-22 11:19:29.439 [TestNG-test-Smoke Tests-1] INFO  [verifyingSideMenuLanguageAsInSettingsLingua] [verifyingSideMenuLanguageAsInSettingsLingua] Finding elements list: By.xpath: //ytd-guide-entry-renderer[@class='style-scope ytd-guide-section-renderer']
2025-12-22 11:19:39.637 [TestNG-test-Smoke Tests-1] WARN  [verifyingSideMenuLanguageAsInSettingsLingua] [verifyingSideMenuLanguageAsInSettingsLingua] Attempt 1 failed to find elements: By.xpath: //ytd-guide-entry-renderer[@class='style-scope ytd-guide-section-renderer'] -> org.openqa.selenium.TimeoutException: Expected condition failed: waiting for presence of any elements located by By.xpath: //ytd-guide-entry-renderer[@class='style-scope ytd-guide-section-renderer'] (tried for 10 second(s) with 500 milliseconds interval)
Build info: version: '4.27.0', revision: 'd6e718d134'
System info: os.name: 'Windows Server 2025', os.arch: 'amd64', os.version: '10.0', java.version: '24.0.2'
Driver info: org.openqa.selenium.chrome.ChromeDriver
Capabilities {acceptInsecureCerts: false, browserName: chrome, browserVersion: 143.0.7499.110, chrome: {chromedriverVersion: 143.0.7499.169 (164b20aab62..., userDataDir: C:\Windows\SystemTemp\scope...}, fedcm:accounts: true, goog:chromeOptions: {debuggerAddress: localhost:62664}, goog:processID: 4452, networkConnectionEnabled: false, pageLoadStrategy: normal, platformName: windows, proxy: Proxy(), se:cdp: ws://localhost:62664/devtoo..., se:cdpVersion: 143.0.7499.110, setWindowRect: true, strictFileInteractability: false, timeouts: {implicit: 0, pageLoad: 300000, script: 30000}, unhandledPromptBehavior: dismiss and notify, webauthn:extension:credBlob: true, webauthn:extension:largeBlob: true, webauthn:extension:minPinLength: true, webauthn:extension:prf: true, webauthn:virtualAuthenticators: true}
Session ID: 794cab74150dfd225d746d8b18d39fd0
2025-12-22 11:19:49.838 [TestNG-test-Smoke Tests-1] WARN  [verifyingSideMenuLanguageAsInSettingsLingua] [verifyingSideMenuLanguageAsInSettingsLingua] Attempt 2 failed to find elements: By.xpath: //ytd-guide-entry-renderer[@class='style-scope ytd-guide-section-renderer'] -> org.openqa.selenium.TimeoutException: Expected condition failed: waiting for presence of any elements located by By.xpath: //ytd-guide-entry-renderer[@class='style-scope ytd-guide-section-renderer'] (tried for 10 second(s) with 500 milliseconds interval)
Build info: version: '4.27.0', revision: 'd6e718d134'
System info: os.name: 'Windows Server 2025', os.arch: 'amd64', os.version: '10.0', java.version: '24.0.2'
Driver info: org.openqa.selenium.chrome.ChromeDriver
Capabilities {acceptInsecureCerts: false, browserName: chrome, browserVersion: 143.0.7499.110, chrome: {chromedriverVersion: 143.0.7499.169 (164b20aab62..., userDataDir: C:\Windows\SystemTemp\scope...}, fedcm:accounts: true, goog:chromeOptions: {debuggerAddress: localhost:62664}, goog:processID: 4452, networkConnectionEnabled: false, pageLoadStrategy: normal, platformName: windows, proxy: Proxy(), se:cdp: ws://localhost:62664/devtoo..., se:cdpVersion: 143.0.7499.110, setWindowRect: true, strictFileInteractability: false, timeouts: {implicit: 0, pageLoad: 300000, script: 30000}, unhandledPromptBehavior: dismiss and notify, webauthn:extension:credBlob: true, webauthn:extension:largeBlob: true, webauthn:extension:minPinLength: true, webauthn:extension:prf: true, webauthn:virtualAuthenticators: true}
Session ID: 794cab74150dfd225d746d8b18d39fd0
2025-12-22 11:19:49.839 [TestNG-test-Smoke Tests-1] WARN  [verifyingSideMenuLanguageAsInSettingsLingua] [verifyingSideMenuLanguageAsInSettingsLingua] Attempt 2 failed — refreshing the page to recover...
2025-12-22 11:19:49.844 [TestNG-test-Smoke Tests-1] INFO  [verifyingSideMenuLanguageAsInSettingsLingua] [verifyingSideMenuLanguageAsInSettingsLingua] Current URL before refresh: https://www.youtube.com/
2025-12-22 11:19:49.992 [TestNG-test-Smoke Tests-1] INFO  [verifyingSideMenuLanguageAsInSettingsLingua] [verifyingSideMenuLanguageAsInSettingsLingua] Page refreshed successfully.
2025-12-22 11:19:51.497 [TestNG-test-Smoke Tests-1] INFO  [verifyingSideMenuLanguageAsInSettingsLingua] [verifyingSideMenuLanguageAsInSettingsLingua] Page fully loaded after refresh.
2025-12-22 11:20:01.663 [TestNG-test-Smoke Tests-1] WARN  [verifyingSideMenuLanguageAsInSettingsLingua] [verifyingSideMenuLanguageAsInSettingsLingua] Attempt 3 failed to find elements: By.xpath: //ytd-guide-entry-renderer[@class='style-scope ytd-guide-section-renderer'] -> org.openqa.selenium.TimeoutException: Expected condition failed: waiting for presence of any elements located by By.xpath: //ytd-guide-entry-renderer[@class='style-scope ytd-guide-section-renderer'] (tried for 10 second(s) with 500 milliseconds interval)
Build info: version: '4.27.0', revision: 'd6e718d134'
System info: os.name: 'Windows Server 2025', os.arch: 'amd64', os.version: '10.0', java.version: '24.0.2'
Driver info: org.openqa.selenium.chrome.ChromeDriver
Capabilities {acceptInsecureCerts: false, browserName: chrome, browserVersion: 143.0.7499.110, chrome: {chromedriverVersion: 143.0.7499.169 (164b20aab62..., userDataDir: C:\Windows\SystemTemp\scope...}, fedcm:accounts: true, goog:chromeOptions: {debuggerAddress: localhost:62664}, goog:processID: 4452, networkConnectionEnabled: false, pageLoadStrategy: normal, platformName: windows, proxy: Proxy(), se:cdp: ws://localhost:62664/devtoo..., se:cdpVersion: 143.0.7499.110, setWindowRect: true, strictFileInteractability: false, timeouts: {implicit: 0, pageLoad: 300000, script: 30000}, unhandledPromptBehavior: dismiss and notify, webauthn:extension:credBlob: true, webauthn:extension:largeBlob: true, webauthn:extension:minPinLength: true, webauthn:extension:prf: true, webauthn:virtualAuthenticators: true}
Session ID: 794cab74150dfd225d746d8b18d39fd0
2025-12-22 11:20:01.663 [TestNG-test-Smoke Tests-1] WARN  [verifyingSideMenuLanguageAsInSettingsLingua] [verifyingSideMenuLanguageAsInSettingsLingua] Attempt 3 failed — refreshing the page to recover...
2025-12-22 11:20:01.667 [TestNG-test-Smoke Tests-1] INFO  [verifyingSideMenuLanguageAsInSettingsLingua] [verifyingSideMenuLanguageAsInSettingsLingua] Current URL before refresh: https://www.youtube.com/
2025-12-22 11:20:01.795 [TestNG-test-Smoke Tests-1] INFO  [verifyingSideMenuLanguageAsInSettingsLingua] [verifyingSideMenuLanguageAsInSettingsLingua] Page refreshed successfully.
2025-12-22 11:20:03.303 [TestNG-test-Smoke Tests-1] INFO  [verifyingSideMenuLanguageAsInSettingsLingua] [verifyingSideMenuLanguageAsInSettingsLingua] Page fully loaded after refresh.
2025-12-22 11:20:03.304 [TestNG-test-Smoke Tests-1] ERROR [verifyingSideMenuLanguageAsInSettingsLingua] [verifyingSideMenuLanguageAsInSettingsLingua] No elements ready after 3 attempts: By.xpath: //ytd-guide-entry-renderer[@class='style-scope ytd-guide-section-renderer']
2025-12-22 11:20:03.304 [TestNG-test-Smoke Tests-1] INFO  [verifyingSideMenuLanguageAsInSettingsLingua] getExpectedLangageViaApplicableLangInput(Català)
2025-12-22 11:20:03.304 [TestNG-test-Smoke Tests-1] INFO  [verifyingSideMenuLanguageAsInSettingsLingua] Expected language for 'Català' -> CATALAN
2025-12-22 11:20:03.304 [TestNG-test-Smoke Tests-1] INFO  [verifyingSideMenuLanguageAsInSettingsLingua] getLangAttributeViaLanguageInput(Català)
2025-12-22 11:20:03.304 [TestNG-test-Smoke Tests-1] INFO  [verifyingSideMenuLanguageAsInSettingsLingua] Mapped Català -> ca-ES
2025-12-22 11:20:03.304 [TestNG-test-Smoke Tests-1] INFO  [verifyingSideMenuLanguageAsInSettingsLingua] getLangAttribute() - locating <html> and reading lang property
2025-12-22 11:20:03.319 [TestNG-test-Smoke Tests-1] INFO  [verifyingSideMenuLanguageAsInSettingsLingua] Language attribute read: ca-ES
2025-12-22 11:20:03.319 [TestNG-test-Smoke Tests-1] INFO  [verifyingSideMenuLanguageAsInSettingsLingua] Clicking settings ellipses button...
2025-12-22 11:20:03.319 [TestNG-test-Smoke Tests-1] INFO  [verifyingSideMenuLanguageAsInSettingsLingua] [verifyingSideMenuLanguageAsInSettingsLingua] Trying to find element: By.xpath: //ytd-topbar-menu-button-renderer[@class='style-scope ytd-masthead style-default']
2025-12-22 11:20:03.341 [TestNG-test-Smoke Tests-1] INFO  [verifyingSideMenuLanguageAsInSettingsLingua] [verifyingSideMenuLanguageAsInSettingsLingua] Element found and ready (attempt 1): By.xpath: //ytd-topbar-menu-button-renderer[@class='style-scope ytd-masthead style-default']
2025-12-22 11:20:05.557 [TestNG-test-Smoke Tests-1] INFO  [verifyingSideMenuLanguageAsInSettingsLingua] Clicking language dropdown...
2025-12-22 11:20:05.557 [TestNG-test-Smoke Tests-1] INFO  [verifyingSideMenuLanguageAsInSettingsLingua] [verifyingSideMenuLanguageAsInSettingsLingua] Trying to find element: By.xpath: (//div[@id='content-icon'])[2]
2025-12-22 11:20:05.579 [TestNG-test-Smoke Tests-1] INFO  [verifyingSideMenuLanguageAsInSettingsLingua] [verifyingSideMenuLanguageAsInSettingsLingua] Element found and ready (attempt 1): By.xpath: (//div[@id='content-icon'])[2]
2025-12-22 11:20:07.991 [TestNG-test-Smoke Tests-1] INFO  [verifyingSideMenuLanguageAsInSettingsLingua] [verifyingSideMenuLanguageAsInSettingsLingua] Capturing screenshot: Filter Applied is Dansk__2025-12-22_112007.png
2025-12-22 11:20:08.227 [TestNG-test-Smoke Tests-1] INFO  [verifyingSideMenuLanguageAsInSettingsLingua] [verifyingSideMenuLanguageAsInSettingsLingua] Screenshot saved at: test-output/screenshots/Run_2025-12-22_11-09-56/verifyingSideMenuLanguageAsInSettingsLingua/Filter Applied is Dansk__2025-12-22_112007.png
2025-12-22 11:20:09.228 [TestNG-test-Smoke Tests-1] INFO  [verifyingSideMenuLanguageAsInSettingsLingua] Looking for language element with name: Dansk
2025-12-22 11:20:09.228 [TestNG-test-Smoke Tests-1] INFO  [verifyingSideMenuLanguageAsInSettingsLingua] [verifyingSideMenuLanguageAsInSettingsLingua] Trying to find element: By.xpath: //yt-multi-page-menu-section-renderer[@class='style-scope ytd-multi-page-menu-renderer']//yt-formatted-string[@id='label' and text()='Dansk']
2025-12-22 11:20:09.255 [TestNG-test-Smoke Tests-1] INFO  [verifyingSideMenuLanguageAsInSettingsLingua] [verifyingSideMenuLanguageAsInSettingsLingua] Element found and ready (attempt 1): By.xpath: //yt-multi-page-menu-section-renderer[@class='style-scope ytd-multi-page-menu-renderer']//yt-formatted-string[@id='label' and text()='Dansk']
2025-12-22 11:20:12.355 [TestNG-test-Smoke Tests-1] INFO  [verifyingSideMenuLanguageAsInSettingsLingua] Fetching the side menu in expanded view
2025-12-22 11:20:12.355 [TestNG-test-Smoke Tests-1] INFO  [verifyingSideMenuLanguageAsInSettingsLingua] [verifyingSideMenuLanguageAsInSettingsLingua] Finding elements list: By.xpath: //ytd-guide-entry-renderer[@class='style-scope ytd-guide-section-renderer']
2025-12-22 11:20:22.548 [TestNG-test-Smoke Tests-1] WARN  [verifyingSideMenuLanguageAsInSettingsLingua] [verifyingSideMenuLanguageAsInSettingsLingua] Attempt 1 failed to find elements: By.xpath: //ytd-guide-entry-renderer[@class='style-scope ytd-guide-section-renderer'] -> org.openqa.selenium.TimeoutException: Expected condition failed: waiting for presence of any elements located by By.xpath: //ytd-guide-entry-renderer[@class='style-scope ytd-guide-section-renderer'] (tried for 10 second(s) with 500 milliseconds interval)
Build info: version: '4.27.0', revision: 'd6e718d134'
System info: os.name: 'Windows Server 2025', os.arch: 'amd64', os.version: '10.0', java.version: '24.0.2'
Driver info: org.openqa.selenium.chrome.ChromeDriver
Capabilities {acceptInsecureCerts: false, browserName: chrome, browserVersion: 143.0.7499.110, chrome: {chromedriverVersion: 143.0.7499.169 (164b20aab62..., userDataDir: C:\Windows\SystemTemp\scope...}, fedcm:accounts: true, goog:chromeOptions: {debuggerAddress: localhost:62664}, goog:processID: 4452, networkConnectionEnabled: false, pageLoadStrategy: normal, platformName: windows, proxy: Proxy(), se:cdp: ws://localhost:62664/devtoo..., se:cdpVersion: 143.0.7499.110, setWindowRect: true, strictFileInteractability: false, timeouts: {implicit: 0, pageLoad: 300000, script: 30000}, unhandledPromptBehavior: dismiss and notify, webauthn:extension:credBlob: true, webauthn:extension:largeBlob: true, webauthn:extension:minPinLength: true, webauthn:extension:prf: true, webauthn:virtualAuthenticators: true}
Session ID: 794cab74150dfd225d746d8b18d39fd0
2025-12-22 11:20:32.737 [TestNG-test-Smoke Tests-1] WARN  [verifyingSideMenuLanguageAsInSettingsLingua] [verifyingSideMenuLanguageAsInSettingsLingua] Attempt 2 failed to find elements: By.xpath: //ytd-guide-entry-renderer[@class='style-scope ytd-guide-section-renderer'] -> org.openqa.selenium.TimeoutException: Expected condition failed: waiting for presence of any elements located by By.xpath: //ytd-guide-entry-renderer[@class='style-scope ytd-guide-section-renderer'] (tried for 10 second(s) with 500 milliseconds interval)
Build info: version: '4.27.0', revision: 'd6e718d134'
System info: os.name: 'Windows Server 2025', os.arch: 'amd64', os.version: '10.0', java.version: '24.0.2'
Driver info: org.openqa.selenium.chrome.ChromeDriver
Capabilities {acceptInsecureCerts: false, browserName: chrome, browserVersion: 143.0.7499.110, chrome: {chromedriverVersion: 143.0.7499.169 (164b20aab62..., userDataDir: C:\Windows\SystemTemp\scope...}, fedcm:accounts: true, goog:chromeOptions: {debuggerAddress: localhost:62664}, goog:processID: 4452, networkConnectionEnabled: false, pageLoadStrategy: normal, platformName: windows, proxy: Proxy(), se:cdp: ws://localhost:62664/devtoo..., se:cdpVersion: 143.0.7499.110, setWindowRect: true, strictFileInteractability: false, timeouts: {implicit: 0, pageLoad: 300000, script: 30000}, unhandledPromptBehavior: dismiss and notify, webauthn:extension:credBlob: true, webauthn:extension:largeBlob: true, webauthn:extension:minPinLength: true, webauthn:extension:prf: true, webauthn:virtualAuthenticators: true}
Session ID: 794cab74150dfd225d746d8b18d39fd0
2025-12-22 11:20:32.737 [TestNG-test-Smoke Tests-1] WARN  [verifyingSideMenuLanguageAsInSettingsLingua] [verifyingSideMenuLanguageAsInSettingsLingua] Attempt 2 failed — refreshing the page to recover...
2025-12-22 11:20:32.741 [TestNG-test-Smoke Tests-1] INFO  [verifyingSideMenuLanguageAsInSettingsLingua] [verifyingSideMenuLanguageAsInSettingsLingua] Current URL before refresh: https://www.youtube.com/
2025-12-22 11:20:32.890 [TestNG-test-Smoke Tests-1] INFO  [verifyingSideMenuLanguageAsInSettingsLingua] [verifyingSideMenuLanguageAsInSettingsLingua] Page refreshed successfully.
2025-12-22 11:20:35.026 [TestNG-test-Smoke Tests-1] INFO  [verifyingSideMenuLanguageAsInSettingsLingua] [verifyingSideMenuLanguageAsInSettingsLingua] Page fully loaded after refresh.
2025-12-22 11:20:45.184 [TestNG-test-Smoke Tests-1] WARN  [verifyingSideMenuLanguageAsInSettingsLingua] [verifyingSideMenuLanguageAsInSettingsLingua] Attempt 3 failed to find elements: By.xpath: //ytd-guide-entry-renderer[@class='style-scope ytd-guide-section-renderer'] -> org.openqa.selenium.TimeoutException: Expected condition failed: waiting for presence of any elements located by By.xpath: //ytd-guide-entry-renderer[@class='style-scope ytd-guide-section-renderer'] (tried for 10 second(s) with 500 milliseconds interval)
Build info: version: '4.27.0', revision: 'd6e718d134'
System info: os.name: 'Windows Server 2025', os.arch: 'amd64', os.version: '10.0', java.version: '24.0.2'
Driver info: org.openqa.selenium.chrome.ChromeDriver
Capabilities {acceptInsecureCerts: false, browserName: chrome, browserVersion: 143.0.7499.110, chrome: {chromedriverVersion: 143.0.7499.169 (164b20aab62..., userDataDir: C:\Windows\SystemTemp\scope...}, fedcm:accounts: true, goog:chromeOptions: {debuggerAddress: localhost:62664}, goog:processID: 4452, networkConnectionEnabled: false, pageLoadStrategy: normal, platformName: windows, proxy: Proxy(), se:cdp: ws://localhost:62664/devtoo..., se:cdpVersion: 143.0.7499.110, setWindowRect: true, strictFileInteractability: false, timeouts: {implicit: 0, pageLoad: 300000, script: 30000}, unhandledPromptBehavior: dismiss and notify, webauthn:extension:credBlob: true, webauthn:extension:largeBlob: true, webauthn:extension:minPinLength: true, webauthn:extension:prf: true, webauthn:virtualAuthenticators: true}
Session ID: 794cab74150dfd225d746d8b18d39fd0
2025-12-22 11:20:45.184 [TestNG-test-Smoke Tests-1] WARN  [verifyingSideMenuLanguageAsInSettingsLingua] [verifyingSideMenuLanguageAsInSettingsLingua] Attempt 3 failed — refreshing the page to recover...
2025-12-22 11:20:45.189 [TestNG-test-Smoke Tests-1] INFO  [verifyingSideMenuLanguageAsInSettingsLingua] [verifyingSideMenuLanguageAsInSettingsLingua] Current URL before refresh: https://www.youtube.com/
2025-12-22 11:20:45.308 [TestNG-test-Smoke Tests-1] INFO  [verifyingSideMenuLanguageAsInSettingsLingua] [verifyingSideMenuLanguageAsInSettingsLingua] Page refreshed successfully.
2025-12-22 11:20:46.813 [TestNG-test-Smoke Tests-1] INFO  [verifyingSideMenuLanguageAsInSettingsLingua] [verifyingSideMenuLanguageAsInSettingsLingua] Page fully loaded after refresh.
2025-12-22 11:20:46.813 [TestNG-test-Smoke Tests-1] ERROR [verifyingSideMenuLanguageAsInSettingsLingua] [verifyingSideMenuLanguageAsInSettingsLingua] No elements ready after 3 attempts: By.xpath: //ytd-guide-entry-renderer[@class='style-scope ytd-guide-section-renderer']
2025-12-22 11:20:46.813 [TestNG-test-Smoke Tests-1] INFO  [verifyingSideMenuLanguageAsInSettingsLingua] getExpectedLangageViaApplicableLangInput(Dansk)
2025-12-22 11:20:46.813 [TestNG-test-Smoke Tests-1] INFO  [verifyingSideMenuLanguageAsInSettingsLingua] Expected language for 'Dansk' -> DANISH
2025-12-22 11:20:46.813 [TestNG-test-Smoke Tests-1] INFO  [verifyingSideMenuLanguageAsInSettingsLingua] getLangAttributeViaLanguageInput(Dansk)
2025-12-22 11:20:46.813 [TestNG-test-Smoke Tests-1] INFO  [verifyingSideMenuLanguageAsInSettingsLingua] Mapped Dansk -> da-DK
2025-12-22 11:20:46.813 [TestNG-test-Smoke Tests-1] INFO  [verifyingSideMenuLanguageAsInSettingsLingua] getLangAttribute() - locating <html> and reading lang property
2025-12-22 11:20:46.826 [TestNG-test-Smoke Tests-1] INFO  [verifyingSideMenuLanguageAsInSettingsLingua] Language attribute read: da-DK
2025-12-22 11:20:46.826 [TestNG-test-Smoke Tests-1] INFO  [verifyingSideMenuLanguageAsInSettingsLingua] Clicking settings ellipses button...
2025-12-22 11:20:46.826 [TestNG-test-Smoke Tests-1] INFO  [verifyingSideMenuLanguageAsInSettingsLingua] [verifyingSideMenuLanguageAsInSettingsLingua] Trying to find element: By.xpath: //ytd-topbar-menu-button-renderer[@class='style-scope ytd-masthead style-default']
2025-12-22 11:20:46.849 [TestNG-test-Smoke Tests-1] INFO  [verifyingSideMenuLanguageAsInSettingsLingua] [verifyingSideMenuLanguageAsInSettingsLingua] Element found and ready (attempt 1): By.xpath: //ytd-topbar-menu-button-renderer[@class='style-scope ytd-masthead style-default']
2025-12-22 11:20:49.072 [TestNG-test-Smoke Tests-1] INFO  [verifyingSideMenuLanguageAsInSettingsLingua] Clicking language dropdown...
2025-12-22 11:20:49.072 [TestNG-test-Smoke Tests-1] INFO  [verifyingSideMenuLanguageAsInSettingsLingua] [verifyingSideMenuLanguageAsInSettingsLingua] Trying to find element: By.xpath: (//div[@id='content-icon'])[2]
2025-12-22 11:20:49.096 [TestNG-test-Smoke Tests-1] INFO  [verifyingSideMenuLanguageAsInSettingsLingua] [verifyingSideMenuLanguageAsInSettingsLingua] Element found and ready (attempt 1): By.xpath: (//div[@id='content-icon'])[2]
2025-12-22 11:20:51.463 [TestNG-test-Smoke Tests-1] INFO  [verifyingSideMenuLanguageAsInSettingsLingua] [verifyingSideMenuLanguageAsInSettingsLingua] Capturing screenshot: Filter Applied is Deutsch__2025-12-22_112051.png
2025-12-22 11:20:51.608 [TestNG-test-Smoke Tests-1] INFO  [verifyingSideMenuLanguageAsInSettingsLingua] [verifyingSideMenuLanguageAsInSettingsLingua] Screenshot saved at: test-output/screenshots/Run_2025-12-22_11-09-56/verifyingSideMenuLanguageAsInSettingsLingua/Filter Applied is Deutsch__2025-12-22_112051.png
2025-12-22 11:20:52.608 [TestNG-test-Smoke Tests-1] INFO  [verifyingSideMenuLanguageAsInSettingsLingua] Looking for language element with name: Deutsch
2025-12-22 11:20:52.608 [TestNG-test-Smoke Tests-1] INFO  [verifyingSideMenuLanguageAsInSettingsLingua] [verifyingSideMenuLanguageAsInSettingsLingua] Trying to find element: By.xpath: //yt-multi-page-menu-section-renderer[@class='style-scope ytd-multi-page-menu-renderer']//yt-formatted-string[@id='label' and text()='Deutsch']
2025-12-22 11:20:52.634 [TestNG-test-Smoke Tests-1] INFO  [verifyingSideMenuLanguageAsInSettingsLingua] [verifyingSideMenuLanguageAsInSettingsLingua] Element found and ready (attempt 1): By.xpath: //yt-multi-page-menu-section-renderer[@class='style-scope ytd-multi-page-menu-renderer']//yt-formatted-string[@id='label' and text()='Deutsch']
2025-12-22 11:20:56.019 [TestNG-test-Smoke Tests-1] INFO  [verifyingSideMenuLanguageAsInSettingsLingua] Fetching the side menu in expanded view
2025-12-22 11:20:56.019 [TestNG-test-Smoke Tests-1] INFO  [verifyingSideMenuLanguageAsInSettingsLingua] [verifyingSideMenuLanguageAsInSettingsLingua] Finding elements list: By.xpath: //ytd-guide-entry-renderer[@class='style-scope ytd-guide-section-renderer']
2025-12-22 11:21:06.269 [TestNG-test-Smoke Tests-1] WARN  [verifyingSideMenuLanguageAsInSettingsLingua] [verifyingSideMenuLanguageAsInSettingsLingua] Attempt 1 failed to find elements: By.xpath: //ytd-guide-entry-renderer[@class='style-scope ytd-guide-section-renderer'] -> org.openqa.selenium.TimeoutException: Expected condition failed: waiting for presence of any elements located by By.xpath: //ytd-guide-entry-renderer[@class='style-scope ytd-guide-section-renderer'] (tried for 10 second(s) with 500 milliseconds interval)
Build info: version: '4.27.0', revision: 'd6e718d134'
System info: os.name: 'Windows Server 2025', os.arch: 'amd64', os.version: '10.0', java.version: '24.0.2'
Driver info: org.openqa.selenium.chrome.ChromeDriver
Capabilities {acceptInsecureCerts: false, browserName: chrome, browserVersion: 143.0.7499.110, chrome: {chromedriverVersion: 143.0.7499.169 (164b20aab62..., userDataDir: C:\Windows\SystemTemp\scope...}, fedcm:accounts: true, goog:chromeOptions: {debuggerAddress: localhost:62664}, goog:processID: 4452, networkConnectionEnabled: false, pageLoadStrategy: normal, platformName: windows, proxy: Proxy(), se:cdp: ws://localhost:62664/devtoo..., se:cdpVersion: 143.0.7499.110, setWindowRect: true, strictFileInteractability: false, timeouts: {implicit: 0, pageLoad: 300000, script: 30000}, unhandledPromptBehavior: dismiss and notify, webauthn:extension:credBlob: true, webauthn:extension:largeBlob: true, webauthn:extension:minPinLength: true, webauthn:extension:prf: true, webauthn:virtualAuthenticators: true}
Session ID: 794cab74150dfd225d746d8b18d39fd0
2025-12-22 11:21:16.531 [TestNG-test-Smoke Tests-1] WARN  [verifyingSideMenuLanguageAsInSettingsLingua] [verifyingSideMenuLanguageAsInSettingsLingua] Attempt 2 failed to find elements: By.xpath: //ytd-guide-entry-renderer[@class='style-scope ytd-guide-section-renderer'] -> org.openqa.selenium.TimeoutException: Expected condition failed: waiting for presence of any elements located by By.xpath: //ytd-guide-entry-renderer[@class='style-scope ytd-guide-section-renderer'] (tried for 10 second(s) with 500 milliseconds interval)
Build info: version: '4.27.0', revision: 'd6e718d134'
System info: os.name: 'Windows Server 2025', os.arch: 'amd64', os.version: '10.0', java.version: '24.0.2'
Driver info: org.openqa.selenium.chrome.ChromeDriver
Capabilities {acceptInsecureCerts: false, browserName: chrome, browserVersion: 143.0.7499.110, chrome: {chromedriverVersion: 143.0.7499.169 (164b20aab62..., userDataDir: C:\Windows\SystemTemp\scope...}, fedcm:accounts: true, goog:chromeOptions: {debuggerAddress: localhost:62664}, goog:processID: 4452, networkConnectionEnabled: false, pageLoadStrategy: normal, platformName: windows, proxy: Proxy(), se:cdp: ws://localhost:62664/devtoo..., se:cdpVersion: 143.0.7499.110, setWindowRect: true, strictFileInteractability: false, timeouts: {implicit: 0, pageLoad: 300000, script: 30000}, unhandledPromptBehavior: dismiss and notify, webauthn:extension:credBlob: true, webauthn:extension:largeBlob: true, webauthn:extension:minPinLength: true, webauthn:extension:prf: true, webauthn:virtualAuthenticators: true}
Session ID: 794cab74150dfd225d746d8b18d39fd0
2025-12-22 11:21:16.531 [TestNG-test-Smoke Tests-1] WARN  [verifyingSideMenuLanguageAsInSettingsLingua] [verifyingSideMenuLanguageAsInSettingsLingua] Attempt 2 failed — refreshing the page to recover...
2025-12-22 11:21:16.535 [TestNG-test-Smoke Tests-1] INFO  [verifyingSideMenuLanguageAsInSettingsLingua] [verifyingSideMenuLanguageAsInSettingsLingua] Current URL before refresh: https://www.youtube.com/
2025-12-22 11:21:16.668 [TestNG-test-Smoke Tests-1] INFO  [verifyingSideMenuLanguageAsInSettingsLingua] [verifyingSideMenuLanguageAsInSettingsLingua] Page refreshed successfully.
2025-12-22 11:21:18.175 [TestNG-test-Smoke Tests-1] INFO  [verifyingSideMenuLanguageAsInSettingsLingua] [verifyingSideMenuLanguageAsInSettingsLingua] Page fully loaded after refresh.
2025-12-22 11:21:28.418 [TestNG-test-Smoke Tests-1] WARN  [verifyingSideMenuLanguageAsInSettingsLingua] [verifyingSideMenuLanguageAsInSettingsLingua] Attempt 3 failed to find elements: By.xpath: //ytd-guide-entry-renderer[@class='style-scope ytd-guide-section-renderer'] -> org.openqa.selenium.TimeoutException: Expected condition failed: waiting for presence of any elements located by By.xpath: //ytd-guide-entry-renderer[@class='style-scope ytd-guide-section-renderer'] (tried for 10 second(s) with 500 milliseconds interval)
Build info: version: '4.27.0', revision: 'd6e718d134'
System info: os.name: 'Windows Server 2025', os.arch: 'amd64', os.version: '10.0', java.version: '24.0.2'
Driver info: org.openqa.selenium.chrome.ChromeDriver
Capabilities {acceptInsecureCerts: false, browserName: chrome, browserVersion: 143.0.7499.110, chrome: {chromedriverVersion: 143.0.7499.169 (164b20aab62..., userDataDir: C:\Windows\SystemTemp\scope...}, fedcm:accounts: true, goog:chromeOptions: {debuggerAddress: localhost:62664}, goog:processID: 4452, networkConnectionEnabled: false, pageLoadStrategy: normal, platformName: windows, proxy: Proxy(), se:cdp: ws://localhost:62664/devtoo..., se:cdpVersion: 143.0.7499.110, setWindowRect: true, strictFileInteractability: false, timeouts: {implicit: 0, pageLoad: 300000, script: 30000}, unhandledPromptBehavior: dismiss and notify, webauthn:extension:credBlob: true, webauthn:extension:largeBlob: true, webauthn:extension:minPinLength: true, webauthn:extension:prf: true, webauthn:virtualAuthenticators: true}
Session ID: 794cab74150dfd225d746d8b18d39fd0
2025-12-22 11:21:28.418 [TestNG-test-Smoke Tests-1] WARN  [verifyingSideMenuLanguageAsInSettingsLingua] [verifyingSideMenuLanguageAsInSettingsLingua] Attempt 3 failed — refreshing the page to recover...
2025-12-22 11:21:28.423 [TestNG-test-Smoke Tests-1] INFO  [verifyingSideMenuLanguageAsInSettingsLingua] [verifyingSideMenuLanguageAsInSettingsLingua] Current URL before refresh: https://www.youtube.com/
2025-12-22 11:21:29.510 [TestNG-test-Smoke Tests-1] INFO  [verifyingSideMenuLanguageAsInSettingsLingua] [verifyingSideMenuLanguageAsInSettingsLingua] Page refreshed successfully.
2025-12-22 11:21:31.016 [TestNG-test-Smoke Tests-1] INFO  [verifyingSideMenuLanguageAsInSettingsLingua] [verifyingSideMenuLanguageAsInSettingsLingua] Page fully loaded after refresh.
2025-12-22 11:21:31.016 [TestNG-test-Smoke Tests-1] ERROR [verifyingSideMenuLanguageAsInSettingsLingua] [verifyingSideMenuLanguageAsInSettingsLingua] No elements ready after 3 attempts: By.xpath: //ytd-guide-entry-renderer[@class='style-scope ytd-guide-section-renderer']
2025-12-22 11:21:31.016 [TestNG-test-Smoke Tests-1] INFO  [verifyingSideMenuLanguageAsInSettingsLingua] getExpectedLangageViaApplicableLangInput(Deutsch)
2025-12-22 11:21:31.016 [TestNG-test-Smoke Tests-1] INFO  [verifyingSideMenuLanguageAsInSettingsLingua] Expected language for 'Deutsch' -> GERMAN
2025-12-22 11:21:31.016 [TestNG-test-Smoke Tests-1] INFO  [verifyingSideMenuLanguageAsInSettingsLingua] getLangAttributeViaLanguageInput(Deutsch)
2025-12-22 11:21:31.016 [TestNG-test-Smoke Tests-1] INFO  [verifyingSideMenuLanguageAsInSettingsLingua] Mapped Deutsch -> de-DE
2025-12-22 11:21:31.016 [TestNG-test-Smoke Tests-1] INFO  [verifyingSideMenuLanguageAsInSettingsLingua] getLangAttribute() - locating <html> and reading lang property
2025-12-22 11:21:31.034 [TestNG-test-Smoke Tests-1] INFO  [verifyingSideMenuLanguageAsInSettingsLingua] Language attribute read: de-DE
2025-12-22 11:21:31.034 [TestNG-test-Smoke Tests-1] INFO  [verifyingSideMenuLanguageAsInSettingsLingua] Clicking settings ellipses button...
2025-12-22 11:21:31.034 [TestNG-test-Smoke Tests-1] INFO  [verifyingSideMenuLanguageAsInSettingsLingua] [verifyingSideMenuLanguageAsInSettingsLingua] Trying to find element: By.xpath: //ytd-topbar-menu-button-renderer[@class='style-scope ytd-masthead style-default']
2025-12-22 11:21:31.063 [TestNG-test-Smoke Tests-1] INFO  [verifyingSideMenuLanguageAsInSettingsLingua] [verifyingSideMenuLanguageAsInSettingsLingua] Element found and ready (attempt 1): By.xpath: //ytd-topbar-menu-button-renderer[@class='style-scope ytd-masthead style-default']
2025-12-22 11:21:33.158 [TestNG-test-Smoke Tests-1] INFO  [verifyingSideMenuLanguageAsInSettingsLingua] Clicking language dropdown...
2025-12-22 11:21:33.158 [TestNG-test-Smoke Tests-1] INFO  [verifyingSideMenuLanguageAsInSettingsLingua] [verifyingSideMenuLanguageAsInSettingsLingua] Trying to find element: By.xpath: (//div[@id='content-icon'])[2]
2025-12-22 11:21:33.192 [TestNG-test-Smoke Tests-1] INFO  [verifyingSideMenuLanguageAsInSettingsLingua] [verifyingSideMenuLanguageAsInSettingsLingua] Element found and ready (attempt 1): By.xpath: (//div[@id='content-icon'])[2]
2025-12-22 11:21:36.050 [TestNG-test-Smoke Tests-1] INFO  [verifyingSideMenuLanguageAsInSettingsLingua] [verifyingSideMenuLanguageAsInSettingsLingua] Capturing screenshot: Filter Applied is Eesti__2025-12-22_112136.png
2025-12-22 11:21:36.188 [TestNG-test-Smoke Tests-1] INFO  [verifyingSideMenuLanguageAsInSettingsLingua] [verifyingSideMenuLanguageAsInSettingsLingua] Screenshot saved at: test-output/screenshots/Run_2025-12-22_11-09-56/verifyingSideMenuLanguageAsInSettingsLingua/Filter Applied is Eesti__2025-12-22_112136.png
2025-12-22 11:21:37.189 [TestNG-test-Smoke Tests-1] INFO  [verifyingSideMenuLanguageAsInSettingsLingua] Looking for language element with name: Eesti
2025-12-22 11:21:37.189 [TestNG-test-Smoke Tests-1] INFO  [verifyingSideMenuLanguageAsInSettingsLingua] [verifyingSideMenuLanguageAsInSettingsLingua] Trying to find element: By.xpath: //yt-multi-page-menu-section-renderer[@class='style-scope ytd-multi-page-menu-renderer']//yt-formatted-string[@id='label' and text()='Eesti']
2025-12-22 11:21:37.217 [TestNG-test-Smoke Tests-1] INFO  [verifyingSideMenuLanguageAsInSettingsLingua] [verifyingSideMenuLanguageAsInSettingsLingua] Element found and ready (attempt 1): By.xpath: //yt-multi-page-menu-section-renderer[@class='style-scope ytd-multi-page-menu-renderer']//yt-formatted-string[@id='label' and text()='Eesti']
2025-12-22 11:21:40.426 [TestNG-test-Smoke Tests-1] INFO  [verifyingSideMenuLanguageAsInSettingsLingua] Fetching the side menu in expanded view
2025-12-22 11:21:40.426 [TestNG-test-Smoke Tests-1] INFO  [verifyingSideMenuLanguageAsInSettingsLingua] [verifyingSideMenuLanguageAsInSettingsLingua] Finding elements list: By.xpath: //ytd-guide-entry-renderer[@class='style-scope ytd-guide-section-renderer']
2025-12-22 11:21:50.612 [TestNG-test-Smoke Tests-1] WARN  [verifyingSideMenuLanguageAsInSettingsLingua] [verifyingSideMenuLanguageAsInSettingsLingua] Attempt 1 failed to find elements: By.xpath: //ytd-guide-entry-renderer[@class='style-scope ytd-guide-section-renderer'] -> org.openqa.selenium.TimeoutException: Expected condition failed: waiting for presence of any elements located by By.xpath: //ytd-guide-entry-renderer[@class='style-scope ytd-guide-section-renderer'] (tried for 10 second(s) with 500 milliseconds interval)
Build info: version: '4.27.0', revision: 'd6e718d134'
System info: os.name: 'Windows Server 2025', os.arch: 'amd64', os.version: '10.0', java.version: '24.0.2'
Driver info: org.openqa.selenium.chrome.ChromeDriver
Capabilities {acceptInsecureCerts: false, browserName: chrome, browserVersion: 143.0.7499.110, chrome: {chromedriverVersion: 143.0.7499.169 (164b20aab62..., userDataDir: C:\Windows\SystemTemp\scope...}, fedcm:accounts: true, goog:chromeOptions: {debuggerAddress: localhost:62664}, goog:processID: 4452, networkConnectionEnabled: false, pageLoadStrategy: normal, platformName: windows, proxy: Proxy(), se:cdp: ws://localhost:62664/devtoo..., se:cdpVersion: 143.0.7499.110, setWindowRect: true, strictFileInteractability: false, timeouts: {implicit: 0, pageLoad: 300000, script: 30000}, unhandledPromptBehavior: dismiss and notify, webauthn:extension:credBlob: true, webauthn:extension:largeBlob: true, webauthn:extension:minPinLength: true, webauthn:extension:prf: true, webauthn:virtualAuthenticators: true}
Session ID: 794cab74150dfd225d746d8b18d39fd0
2025-12-22 11:22:00.877 [TestNG-test-Smoke Tests-1] WARN  [verifyingSideMenuLanguageAsInSettingsLingua] [verifyingSideMenuLanguageAsInSettingsLingua] Attempt 2 failed to find elements: By.xpath: //ytd-guide-entry-renderer[@class='style-scope ytd-guide-section-renderer'] -> org.openqa.selenium.TimeoutException: Expected condition failed: waiting for presence of any elements located by By.xpath: //ytd-guide-entry-renderer[@class='style-scope ytd-guide-section-renderer'] (tried for 10 second(s) with 500 milliseconds interval)
Build info: version: '4.27.0', revision: 'd6e718d134'
System info: os.name: 'Windows Server 2025', os.arch: 'amd64', os.version: '10.0', java.version: '24.0.2'
Driver info: org.openqa.selenium.chrome.ChromeDriver
Capabilities {acceptInsecureCerts: false, browserName: chrome, browserVersion: 143.0.7499.110, chrome: {chromedriverVersion: 143.0.7499.169 (164b20aab62..., userDataDir: C:\Windows\SystemTemp\scope...}, fedcm:accounts: true, goog:chromeOptions: {debuggerAddress: localhost:62664}, goog:processID: 4452, networkConnectionEnabled: false, pageLoadStrategy: normal, platformName: windows, proxy: Proxy(), se:cdp: ws://localhost:62664/devtoo..., se:cdpVersion: 143.0.7499.110, setWindowRect: true, strictFileInteractability: false, timeouts: {implicit: 0, pageLoad: 300000, script: 30000}, unhandledPromptBehavior: dismiss and notify, webauthn:extension:credBlob: true, webauthn:extension:largeBlob: true, webauthn:extension:minPinLength: true, webauthn:extension:prf: true, webauthn:virtualAuthenticators: true}
Session ID: 794cab74150dfd225d746d8b18d39fd0
2025-12-22 11:22:00.877 [TestNG-test-Smoke Tests-1] WARN  [verifyingSideMenuLanguageAsInSettingsLingua] [verifyingSideMenuLanguageAsInSettingsLingua] Attempt 2 failed — refreshing the page to recover...
2025-12-22 11:22:00.882 [TestNG-test-Smoke Tests-1] INFO  [verifyingSideMenuLanguageAsInSettingsLingua] [verifyingSideMenuLanguageAsInSettingsLingua] Current URL before refresh: https://www.youtube.com/
2025-12-22 11:22:01.035 [TestNG-test-Smoke Tests-1] INFO  [verifyingSideMenuLanguageAsInSettingsLingua] [verifyingSideMenuLanguageAsInSettingsLingua] Page refreshed successfully.
2025-12-22 11:22:02.546 [TestNG-test-Smoke Tests-1] INFO  [verifyingSideMenuLanguageAsInSettingsLingua] [verifyingSideMenuLanguageAsInSettingsLingua] Page fully loaded after refresh.
2025-12-22 11:22:12.809 [TestNG-test-Smoke Tests-1] WARN  [verifyingSideMenuLanguageAsInSettingsLingua] [verifyingSideMenuLanguageAsInSettingsLingua] Attempt 3 failed to find elements: By.xpath: //ytd-guide-entry-renderer[@class='style-scope ytd-guide-section-renderer'] -> org.openqa.selenium.TimeoutException: Expected condition failed: waiting for presence of any elements located by By.xpath: //ytd-guide-entry-renderer[@class='style-scope ytd-guide-section-renderer'] (tried for 10 second(s) with 500 milliseconds interval)
Build info: version: '4.27.0', revision: 'd6e718d134'
System info: os.name: 'Windows Server 2025', os.arch: 'amd64', os.version: '10.0', java.version: '24.0.2'
Driver info: org.openqa.selenium.chrome.ChromeDriver
Capabilities {acceptInsecureCerts: false, browserName: chrome, browserVersion: 143.0.7499.110, chrome: {chromedriverVersion: 143.0.7499.169 (164b20aab62..., userDataDir: C:\Windows\SystemTemp\scope...}, fedcm:accounts: true, goog:chromeOptions: {debuggerAddress: localhost:62664}, goog:processID: 4452, networkConnectionEnabled: false, pageLoadStrategy: normal, platformName: windows, proxy: Proxy(), se:cdp: ws://localhost:62664/devtoo..., se:cdpVersion: 143.0.7499.110, setWindowRect: true, strictFileInteractability: false, timeouts: {implicit: 0, pageLoad: 300000, script: 30000}, unhandledPromptBehavior: dismiss and notify, webauthn:extension:credBlob: true, webauthn:extension:largeBlob: true, webauthn:extension:minPinLength: true, webauthn:extension:prf: true, webauthn:virtualAuthenticators: true}
Session ID: 794cab74150dfd225d746d8b18d39fd0
2025-12-22 11:22:12.809 [TestNG-test-Smoke Tests-1] WARN  [verifyingSideMenuLanguageAsInSettingsLingua] [verifyingSideMenuLanguageAsInSettingsLingua] Attempt 3 failed — refreshing the page to recover...
2025-12-22 11:22:12.813 [TestNG-test-Smoke Tests-1] INFO  [verifyingSideMenuLanguageAsInSettingsLingua] [verifyingSideMenuLanguageAsInSettingsLingua] Current URL before refresh: https://www.youtube.com/
2025-12-22 11:22:13.954 [TestNG-test-Smoke Tests-1] INFO  [verifyingSideMenuLanguageAsInSettingsLingua] [verifyingSideMenuLanguageAsInSettingsLingua] Page refreshed successfully.
2025-12-22 11:22:15.461 [TestNG-test-Smoke Tests-1] INFO  [verifyingSideMenuLanguageAsInSettingsLingua] [verifyingSideMenuLanguageAsInSettingsLingua] Page fully loaded after refresh.
2025-12-22 11:22:15.461 [TestNG-test-Smoke Tests-1] ERROR [verifyingSideMenuLanguageAsInSettingsLingua] [verifyingSideMenuLanguageAsInSettingsLingua] No elements ready after 3 attempts: By.xpath: //ytd-guide-entry-renderer[@class='style-scope ytd-guide-section-renderer']
2025-12-22 11:22:15.462 [TestNG-test-Smoke Tests-1] INFO  [verifyingSideMenuLanguageAsInSettingsLingua] getExpectedLangageViaApplicableLangInput(Eesti)
2025-12-22 11:22:15.462 [TestNG-test-Smoke Tests-1] INFO  [verifyingSideMenuLanguageAsInSettingsLingua] Expected language for 'Eesti' -> ESTONIAN
2025-12-22 11:22:15.462 [TestNG-test-Smoke Tests-1] INFO  [verifyingSideMenuLanguageAsInSettingsLingua] getLangAttributeViaLanguageInput(Eesti)
2025-12-22 11:22:15.462 [TestNG-test-Smoke Tests-1] INFO  [verifyingSideMenuLanguageAsInSettingsLingua] Mapped Eesti -> et-EE
2025-12-22 11:22:15.462 [TestNG-test-Smoke Tests-1] INFO  [verifyingSideMenuLanguageAsInSettingsLingua] getLangAttribute() - locating <html> and reading lang property
2025-12-22 11:22:15.478 [TestNG-test-Smoke Tests-1] INFO  [verifyingSideMenuLanguageAsInSettingsLingua] Language attribute read: et-EE
2025-12-22 11:22:15.478 [TestNG-test-Smoke Tests-1] INFO  [verifyingSideMenuLanguageAsInSettingsLingua] Clicking settings ellipses button...
2025-12-22 11:22:15.478 [TestNG-test-Smoke Tests-1] INFO  [verifyingSideMenuLanguageAsInSettingsLingua] [verifyingSideMenuLanguageAsInSettingsLingua] Trying to find element: By.xpath: //ytd-topbar-menu-button-renderer[@class='style-scope ytd-masthead style-default']
2025-12-22 11:22:15.501 [TestNG-test-Smoke Tests-1] INFO  [verifyingSideMenuLanguageAsInSettingsLingua] [verifyingSideMenuLanguageAsInSettingsLingua] Element found and ready (attempt 1): By.xpath: //ytd-topbar-menu-button-renderer[@class='style-scope ytd-masthead style-default']
2025-12-22 11:22:17.598 [TestNG-test-Smoke Tests-1] INFO  [verifyingSideMenuLanguageAsInSettingsLingua] Clicking language dropdown...
2025-12-22 11:22:17.598 [TestNG-test-Smoke Tests-1] INFO  [verifyingSideMenuLanguageAsInSettingsLingua] [verifyingSideMenuLanguageAsInSettingsLingua] Trying to find element: By.xpath: (//div[@id='content-icon'])[2]
2025-12-22 11:22:17.623 [TestNG-test-Smoke Tests-1] INFO  [verifyingSideMenuLanguageAsInSettingsLingua] [verifyingSideMenuLanguageAsInSettingsLingua] Element found and ready (attempt 1): By.xpath: (//div[@id='content-icon'])[2]
2025-12-22 11:22:20.442 [TestNG-test-Smoke Tests-1] INFO  [verifyingSideMenuLanguageAsInSettingsLingua] [verifyingSideMenuLanguageAsInSettingsLingua] Capturing screenshot: Filter Applied is English (India)__2025-12-22_112220.png
2025-12-22 11:22:20.561 [TestNG-test-Smoke Tests-1] INFO  [verifyingSideMenuLanguageAsInSettingsLingua] [verifyingSideMenuLanguageAsInSettingsLingua] Screenshot saved at: test-output/screenshots/Run_2025-12-22_11-09-56/verifyingSideMenuLanguageAsInSettingsLingua/Filter Applied is English (India)__2025-12-22_112220.png
2025-12-22 11:22:21.562 [TestNG-test-Smoke Tests-1] INFO  [verifyingSideMenuLanguageAsInSettingsLingua] Looking for language element with name: English (India)
2025-12-22 11:22:21.562 [TestNG-test-Smoke Tests-1] INFO  [verifyingSideMenuLanguageAsInSettingsLingua] [verifyingSideMenuLanguageAsInSettingsLingua] Trying to find element: By.xpath: //yt-multi-page-menu-section-renderer[@class='style-scope ytd-multi-page-menu-renderer']//yt-formatted-string[@id='label' and text()='English (India)']
2025-12-22 11:22:21.589 [TestNG-test-Smoke Tests-1] INFO  [verifyingSideMenuLanguageAsInSettingsLingua] [verifyingSideMenuLanguageAsInSettingsLingua] Element found and ready (attempt 1): By.xpath: //yt-multi-page-menu-section-renderer[@class='style-scope ytd-multi-page-menu-renderer']//yt-formatted-string[@id='label' and text()='English (India)']
2025-12-22 11:22:24.724 [TestNG-test-Smoke Tests-1] INFO  [verifyingSideMenuLanguageAsInSettingsLingua] Fetching the side menu in expanded view
2025-12-22 11:22:24.724 [TestNG-test-Smoke Tests-1] INFO  [verifyingSideMenuLanguageAsInSettingsLingua] [verifyingSideMenuLanguageAsInSettingsLingua] Finding elements list: By.xpath: //ytd-guide-entry-renderer[@class='style-scope ytd-guide-section-renderer']
2025-12-22 11:22:34.910 [TestNG-test-Smoke Tests-1] WARN  [verifyingSideMenuLanguageAsInSettingsLingua] [verifyingSideMenuLanguageAsInSettingsLingua] Attempt 1 failed to find elements: By.xpath: //ytd-guide-entry-renderer[@class='style-scope ytd-guide-section-renderer'] -> org.openqa.selenium.TimeoutException: Expected condition failed: waiting for presence of any elements located by By.xpath: //ytd-guide-entry-renderer[@class='style-scope ytd-guide-section-renderer'] (tried for 10 second(s) with 500 milliseconds interval)
Build info: version: '4.27.0', revision: 'd6e718d134'
System info: os.name: 'Windows Server 2025', os.arch: 'amd64', os.version: '10.0', java.version: '24.0.2'
Driver info: org.openqa.selenium.chrome.ChromeDriver
Capabilities {acceptInsecureCerts: false, browserName: chrome, browserVersion: 143.0.7499.110, chrome: {chromedriverVersion: 143.0.7499.169 (164b20aab62..., userDataDir: C:\Windows\SystemTemp\scope...}, fedcm:accounts: true, goog:chromeOptions: {debuggerAddress: localhost:62664}, goog:processID: 4452, networkConnectionEnabled: false, pageLoadStrategy: normal, platformName: windows, proxy: Proxy(), se:cdp: ws://localhost:62664/devtoo..., se:cdpVersion: 143.0.7499.110, setWindowRect: true, strictFileInteractability: false, timeouts: {implicit: 0, pageLoad: 300000, script: 30000}, unhandledPromptBehavior: dismiss and notify, webauthn:extension:credBlob: true, webauthn:extension:largeBlob: true, webauthn:extension:minPinLength: true, webauthn:extension:prf: true, webauthn:virtualAuthenticators: true}
Session ID: 794cab74150dfd225d746d8b18d39fd0
2025-12-22 11:22:45.073 [TestNG-test-Smoke Tests-1] WARN  [verifyingSideMenuLanguageAsInSettingsLingua] [verifyingSideMenuLanguageAsInSettingsLingua] Attempt 2 failed to find elements: By.xpath: //ytd-guide-entry-renderer[@class='style-scope ytd-guide-section-renderer'] -> org.openqa.selenium.TimeoutException: Expected condition failed: waiting for presence of any elements located by By.xpath: //ytd-guide-entry-renderer[@class='style-scope ytd-guide-section-renderer'] (tried for 10 second(s) with 500 milliseconds interval)
Build info: version: '4.27.0', revision: 'd6e718d134'
System info: os.name: 'Windows Server 2025', os.arch: 'amd64', os.version: '10.0', java.version: '24.0.2'
Driver info: org.openqa.selenium.chrome.ChromeDriver
Capabilities {acceptInsecureCerts: false, browserName: chrome, browserVersion: 143.0.7499.110, chrome: {chromedriverVersion: 143.0.7499.169 (164b20aab62..., userDataDir: C:\Windows\SystemTemp\scope...}, fedcm:accounts: true, goog:chromeOptions: {debuggerAddress: localhost:62664}, goog:processID: 4452, networkConnectionEnabled: false, pageLoadStrategy: normal, platformName: windows, proxy: Proxy(), se:cdp: ws://localhost:62664/devtoo..., se:cdpVersion: 143.0.7499.110, setWindowRect: true, strictFileInteractability: false, timeouts: {implicit: 0, pageLoad: 300000, script: 30000}, unhandledPromptBehavior: dismiss and notify, webauthn:extension:credBlob: true, webauthn:extension:largeBlob: true, webauthn:extension:minPinLength: true, webauthn:extension:prf: true, webauthn:virtualAuthenticators: true}
Session ID: 794cab74150dfd225d746d8b18d39fd0
2025-12-22 11:22:45.073 [TestNG-test-Smoke Tests-1] WARN  [verifyingSideMenuLanguageAsInSettingsLingua] [verifyingSideMenuLanguageAsInSettingsLingua] Attempt 2 failed — refreshing the page to recover...
2025-12-22 11:22:45.078 [TestNG-test-Smoke Tests-1] INFO  [verifyingSideMenuLanguageAsInSettingsLingua] [verifyingSideMenuLanguageAsInSettingsLingua] Current URL before refresh: https://www.youtube.com/
2025-12-22 11:22:45.229 [TestNG-test-Smoke Tests-1] INFO  [verifyingSideMenuLanguageAsInSettingsLingua] [verifyingSideMenuLanguageAsInSettingsLingua] Page refreshed successfully.
2025-12-22 11:22:46.735 [TestNG-test-Smoke Tests-1] INFO  [verifyingSideMenuLanguageAsInSettingsLingua] [verifyingSideMenuLanguageAsInSettingsLingua] Page fully loaded after refresh.
2025-12-22 11:22:56.898 [TestNG-test-Smoke Tests-1] WARN  [verifyingSideMenuLanguageAsInSettingsLingua] [verifyingSideMenuLanguageAsInSettingsLingua] Attempt 3 failed to find elements: By.xpath: //ytd-guide-entry-renderer[@class='style-scope ytd-guide-section-renderer'] -> org.openqa.selenium.TimeoutException: Expected condition failed: waiting for presence of any elements located by By.xpath: //ytd-guide-entry-renderer[@class='style-scope ytd-guide-section-renderer'] (tried for 10 second(s) with 500 milliseconds interval)
Build info: version: '4.27.0', revision: 'd6e718d134'
System info: os.name: 'Windows Server 2025', os.arch: 'amd64', os.version: '10.0', java.version: '24.0.2'
Driver info: org.openqa.selenium.chrome.ChromeDriver
Capabilities {acceptInsecureCerts: false, browserName: chrome, browserVersion: 143.0.7499.110, chrome: {chromedriverVersion: 143.0.7499.169 (164b20aab62..., userDataDir: C:\Windows\SystemTemp\scope...}, fedcm:accounts: true, goog:chromeOptions: {debuggerAddress: localhost:62664}, goog:processID: 4452, networkConnectionEnabled: false, pageLoadStrategy: normal, platformName: windows, proxy: Proxy(), se:cdp: ws://localhost:62664/devtoo..., se:cdpVersion: 143.0.7499.110, setWindowRect: true, strictFileInteractability: false, timeouts: {implicit: 0, pageLoad: 300000, script: 30000}, unhandledPromptBehavior: dismiss and notify, webauthn:extension:credBlob: true, webauthn:extension:largeBlob: true, webauthn:extension:minPinLength: true, webauthn:extension:prf: true, webauthn:virtualAuthenticators: true}
Session ID: 794cab74150dfd225d746d8b18d39fd0
2025-12-22 11:22:56.899 [TestNG-test-Smoke Tests-1] WARN  [verifyingSideMenuLanguageAsInSettingsLingua] [verifyingSideMenuLanguageAsInSettingsLingua] Attempt 3 failed — refreshing the page to recover...
2025-12-22 11:22:56.903 [TestNG-test-Smoke Tests-1] INFO  [verifyingSideMenuLanguageAsInSettingsLingua] [verifyingSideMenuLanguageAsInSettingsLingua] Current URL before refresh: https://www.youtube.com/
2025-12-22 11:22:57.885 [TestNG-test-Smoke Tests-1] INFO  [verifyingSideMenuLanguageAsInSettingsLingua] [verifyingSideMenuLanguageAsInSettingsLingua] Page refreshed successfully.
2025-12-22 11:22:59.391 [TestNG-test-Smoke Tests-1] INFO  [verifyingSideMenuLanguageAsInSettingsLingua] [verifyingSideMenuLanguageAsInSettingsLingua] Page fully loaded after refresh.
2025-12-22 11:22:59.391 [TestNG-test-Smoke Tests-1] ERROR [verifyingSideMenuLanguageAsInSettingsLingua] [verifyingSideMenuLanguageAsInSettingsLingua] No elements ready after 3 attempts: By.xpath: //ytd-guide-entry-renderer[@class='style-scope ytd-guide-section-renderer']
2025-12-22 11:22:59.391 [TestNG-test-Smoke Tests-1] INFO  [verifyingSideMenuLanguageAsInSettingsLingua] getExpectedLangageViaApplicableLangInput(English (India))
2025-12-22 11:22:59.391 [TestNG-test-Smoke Tests-1] INFO  [verifyingSideMenuLanguageAsInSettingsLingua] Expected language for 'English (India)' -> ENGLISH
2025-12-22 11:22:59.391 [TestNG-test-Smoke Tests-1] INFO  [verifyingSideMenuLanguageAsInSettingsLingua] getLangAttributeViaLanguageInput(English (India))
2025-12-22 11:22:59.391 [TestNG-test-Smoke Tests-1] INFO  [verifyingSideMenuLanguageAsInSettingsLingua] Mapped English (India) -> en-IN
2025-12-22 11:22:59.391 [TestNG-test-Smoke Tests-1] INFO  [verifyingSideMenuLanguageAsInSettingsLingua] getLangAttribute() - locating <html> and reading lang property
2025-12-22 11:22:59.403 [TestNG-test-Smoke Tests-1] INFO  [verifyingSideMenuLanguageAsInSettingsLingua] Language attribute read: en-IN
2025-12-22 11:22:59.403 [TestNG-test-Smoke Tests-1] INFO  [verifyingSideMenuLanguageAsInSettingsLingua] Clicking settings ellipses button...
2025-12-22 11:22:59.403 [TestNG-test-Smoke Tests-1] INFO  [verifyingSideMenuLanguageAsInSettingsLingua] [verifyingSideMenuLanguageAsInSettingsLingua] Trying to find element: By.xpath: //ytd-topbar-menu-button-renderer[@class='style-scope ytd-masthead style-default']
2025-12-22 11:22:59.423 [TestNG-test-Smoke Tests-1] INFO  [verifyingSideMenuLanguageAsInSettingsLingua] [verifyingSideMenuLanguageAsInSettingsLingua] Element found and ready (attempt 1): By.xpath: //ytd-topbar-menu-button-renderer[@class='style-scope ytd-masthead style-default']
2025-12-22 11:23:01.514 [TestNG-test-Smoke Tests-1] INFO  [verifyingSideMenuLanguageAsInSettingsLingua] Clicking language dropdown...
2025-12-22 11:23:01.514 [TestNG-test-Smoke Tests-1] INFO  [verifyingSideMenuLanguageAsInSettingsLingua] [verifyingSideMenuLanguageAsInSettingsLingua] Trying to find element: By.xpath: (//div[@id='content-icon'])[2]
2025-12-22 11:23:01.534 [TestNG-test-Smoke Tests-1] INFO  [verifyingSideMenuLanguageAsInSettingsLingua] [verifyingSideMenuLanguageAsInSettingsLingua] Element found and ready (attempt 1): By.xpath: (//div[@id='content-icon'])[2]
2025-12-22 11:23:03.843 [TestNG-test-Smoke Tests-1] INFO  [verifyingSideMenuLanguageAsInSettingsLingua] [verifyingSideMenuLanguageAsInSettingsLingua] Not retrying test 'verifyingSideMenuLanguageAsInSettingsLingua'. Retry count: 0, Cause: The following asserts failed:
	Page title mismatch expected [AFRIKAANS] but found [Unknown],
	Page title mismatch expected [AZERBAIJANI] but found [Unknown],
	Page title mismatch expected [INDONESIAN] but found [Unknown],
	Page title mismatch expected [CROATIAN] but found [Unknown],
	Page title mismatch expected [CATALAN] but found [Unknown],
	Page title mismatch expected [DANISH] but found [Unknown],
	Page title mismatch expected [GERMAN] but found [Unknown],
	Page title mismatch expected [ESTONIAN] but found [Unknown],
	Page title mismatch expected [ENGLISH] but found [Unknown]
2025-12-22 11:23:03.847 [TestNG-test-Smoke Tests-1] ERROR [verifyingSideMenuLanguageAsInSettingsLingua] Test FAILED: verifyingSideMenuLanguageAsInSettingsLingua - java.lang.AssertionError: The following asserts failed:
	Page title mismatch expected [AFRIKAANS] but found [Unknown],
	Page title mismatch expected [AZERBAIJANI] but found [Unknown],
	Page title mismatch expected [INDONESIAN] but found [Unknown],
	Page title mismatch expected [CROATIAN] but found [Unknown],
	Page title mismatch expected [CATALAN] but found [Unknown],
	Page title mismatch expected [DANISH] but found [Unknown],
	Page title mismatch expected [GERMAN] but found [Unknown],
	Page title mismatch expected [ESTONIAN] but found [Unknown],
	Page title mismatch expected [ENGLISH] but found [Unknown]
2025-12-22 11:23:03.847 [TestNG-test-Smoke Tests-1] INFO  [verifyingSideMenuLanguageAsInSettingsLingua] Closing WebDriver for thread: 34
2025-12-22 11:23:04.369 [TestNG-test-Smoke Tests-1] INFO  [verifyingSideMenuLanguageAsInSettingsLingua] WebDriver instance removed from ThreadLocal for thread: 34
2025-12-22 11:23:04.369 [TestNG-test-Smoke Tests-1] INFO  [verifyingSideMenuLanguageAsInSettingsLingua] Driver closed for test: verifyingSideMenuLanguageAsInSettingsLingua
