2026-02-01 17:31:54.687 [TestNG-test-Yt Master Tests-1] INFO  [verifyingSideMenuLanguageAsInSettings] ===== STARTING TEST: verifyingSideMenuLanguageAsInSettings  | Thread: 33 =====
2026-02-01 17:31:54.715 [TestNG-test-Yt Master Tests-1] INFO  [verifyingSideMenuLanguageAsInSettings] No existing WebDriver found for current thread. Initializing a new ChromeDriver...
2026-02-01 17:31:54.717 [TestNG-test-Yt Master Tests-1] INFO  [verifyingSideMenuLanguageAsInSettings] Loaded config from classpath: masterdata.properties
2026-02-01 17:31:56.737 [TestNG-test-Yt Master Tests-1] INFO  [verifyingSideMenuLanguageAsInSettings] WebDriverManager: chromedriver setup OK
2026-02-01 17:32:15.883 [TestNG-test-Yt Master Tests-1] INFO  [verifyingSideMenuLanguageAsInSettings] ChromeDriver initialized successfully for thread: 33
2026-02-01 17:32:15.884 [TestNG-test-Yt Master Tests-1] INFO  [verifyingSideMenuLanguageAsInSettings] Driver initialized successfully for test: verifyingSideMenuLanguageAsInSettings
2026-02-01 17:32:15.933 [TestNG-test-Yt Master Tests-1] INFO  [verifyingSideMenuLanguageAsInSettings] SafeActions initialized with driver ChromeDriver: chrome on windows (992943a9e393ff7e9514100dc8c3b864)
2026-02-01 17:32:15.933 [TestNG-test-Yt Master Tests-1] INFO  [verifyingSideMenuLanguageAsInSettings] Initialized YtLandingPage with driver: ChromeDriver: chrome on windows (992943a9e393ff7e9514100dc8c3b864)
2026-02-01 17:32:15.938 [TestNG-test-Yt Master Tests-1] INFO  [verifyingSideMenuLanguageAsInSettings] SafeActions initialized with driver ChromeDriver: chrome on windows (992943a9e393ff7e9514100dc8c3b864)
2026-02-01 17:32:27.064 [TestNG-test-Yt Master Tests-1] INFO  [verifyingSideMenuLanguageAsInSettings] Opened YouTube landing page.
2026-02-01 17:32:27.064 [TestNG-test-Yt Master Tests-1] INFO  [verifyingSideMenuLanguageAsInSettings] Clicking settings ellipses button...
2026-02-01 17:32:27.065 [TestNG-test-Yt Master Tests-1] INFO  [verifyingSideMenuLanguageAsInSettings] [verifyingSideMenuLanguageAsInSettings] Trying to find element: By.xpath: //ytd-topbar-menu-button-renderer[@class='style-scope ytd-masthead style-default']
2026-02-01 17:32:28.562 [TestNG-test-Yt Master Tests-1] INFO  [verifyingSideMenuLanguageAsInSettings] [verifyingSideMenuLanguageAsInSettings] Element found and ready (attempt 1): By.xpath: //ytd-topbar-menu-button-renderer[@class='style-scope ytd-masthead style-default']
2026-02-01 17:32:30.833 [TestNG-test-Yt Master Tests-1] INFO  [verifyingSideMenuLanguageAsInSettings] Clicking language dropdown...
2026-02-01 17:32:30.833 [TestNG-test-Yt Master Tests-1] INFO  [verifyingSideMenuLanguageAsInSettings] [verifyingSideMenuLanguageAsInSettings] Trying to find element: By.xpath: (//div[@id='content-icon'])[2]
2026-02-01 17:32:30.865 [TestNG-test-Yt Master Tests-1] INFO  [verifyingSideMenuLanguageAsInSettings] [verifyingSideMenuLanguageAsInSettings] Element found and ready (attempt 1): By.xpath: (//div[@id='content-icon'])[2]
2026-02-01 17:32:34.137 [TestNG-test-Yt Master Tests-1] INFO  [verifyingSideMenuLanguageAsInSettings] [verifyingSideMenuLanguageAsInSettings] Execution is Not CRON Job Hence refering to normal keys from UtilData
2026-02-01 17:32:34.145 [TestNG-test-Yt Master Tests-1] INFO  [verifyingSideMenuLanguageAsInSettings] [verifyingSideMenuLanguageAsInSettings] Capturing screenshot: Filter Applied is Afrikaans__2026-02-01_173234.png
2026-02-01 17:32:34.269 [TestNG-test-Yt Master Tests-1] INFO  [verifyingSideMenuLanguageAsInSettings] [verifyingSideMenuLanguageAsInSettings] Screenshot saved at: test-output/screenshots/Run_2026-02-01_17-31-30/verifyingSideMenuLanguageAsInSettings/Filter Applied is Afrikaans__2026-02-01_173234.png
2026-02-01 17:32:35.269 [TestNG-test-Yt Master Tests-1] INFO  [verifyingSideMenuLanguageAsInSettings] Looking for language element with name: Afrikaans
2026-02-01 17:32:35.269 [TestNG-test-Yt Master Tests-1] INFO  [verifyingSideMenuLanguageAsInSettings] [verifyingSideMenuLanguageAsInSettings] Trying to find element: By.xpath: //yt-multi-page-menu-section-renderer[@class='style-scope ytd-multi-page-menu-renderer']//yt-formatted-string[@id='label' and text()='Afrikaans']
2026-02-01 17:32:35.308 [TestNG-test-Yt Master Tests-1] INFO  [verifyingSideMenuLanguageAsInSettings] [verifyingSideMenuLanguageAsInSettings] Element found and ready (attempt 1): By.xpath: //yt-multi-page-menu-section-renderer[@class='style-scope ytd-multi-page-menu-renderer']//yt-formatted-string[@id='label' and text()='Afrikaans']
2026-02-01 17:32:37.236 [TestNG-test-Yt Master Tests-1] INFO  [verifyingSideMenuLanguageAsInSettings] Clicking settings ellipses button...
2026-02-01 17:32:37.237 [TestNG-test-Yt Master Tests-1] INFO  [verifyingSideMenuLanguageAsInSettings] [verifyingSideMenuLanguageAsInSettings] Trying to find element: By.xpath: //ytd-topbar-menu-button-renderer[@class='style-scope ytd-masthead style-default']
2026-02-01 17:32:37.684 [TestNG-test-Yt Master Tests-1] INFO  [verifyingSideMenuLanguageAsInSettings] [verifyingSideMenuLanguageAsInSettings] Element found and ready (attempt 1): By.xpath: //ytd-topbar-menu-button-renderer[@class='style-scope ytd-masthead style-default']
2026-02-01 17:32:37.989 [TestNG-test-Yt Master Tests-1] INFO  [verifyingSideMenuLanguageAsInSettings] Looking for language element with name: Afrikaans
2026-02-01 17:32:37.990 [TestNG-test-Yt Master Tests-1] INFO  [verifyingSideMenuLanguageAsInSettings] [verifyingSideMenuLanguageAsInSettings] Waiting until element is visible in viewport
2026-02-01 17:32:48.261 [TestNG-test-Yt Master Tests-1] INFO  [verifyingSideMenuLanguageAsInSettings] [verifyingSideMenuLanguageAsInSettings] Capturing screenshot: Filter Applied is Afrikaans__2026-02-01_173248.png
2026-02-01 17:32:48.328 [TestNG-test-Yt Master Tests-1] INFO  [verifyingSideMenuLanguageAsInSettings] [verifyingSideMenuLanguageAsInSettings] Screenshot saved at: test-output/screenshots/Run_2026-02-01_17-31-30/verifyingSideMenuLanguageAsInSettings/Filter Applied is Afrikaans__2026-02-01_173248.png
2026-02-01 17:32:48.328 [TestNG-test-Yt Master Tests-1] INFO  [verifyingSideMenuLanguageAsInSettings] Clicking settings ellipses button...
2026-02-01 17:32:48.328 [TestNG-test-Yt Master Tests-1] INFO  [verifyingSideMenuLanguageAsInSettings] [verifyingSideMenuLanguageAsInSettings] Trying to find element: By.xpath: //ytd-topbar-menu-button-renderer[@class='style-scope ytd-masthead style-default']
2026-02-01 17:32:48.354 [TestNG-test-Yt Master Tests-1] INFO  [verifyingSideMenuLanguageAsInSettings] [verifyingSideMenuLanguageAsInSettings] Element found and ready (attempt 1): By.xpath: //ytd-topbar-menu-button-renderer[@class='style-scope ytd-masthead style-default']
2026-02-01 17:32:50.545 [TestNG-test-Yt Master Tests-1] INFO  [verifyingSideMenuLanguageAsInSettings] Fetching the side menu in expanded view
2026-02-01 17:32:50.545 [TestNG-test-Yt Master Tests-1] INFO  [verifyingSideMenuLanguageAsInSettings] [verifyingSideMenuLanguageAsInSettings] Finding elements list: By.xpath: //ytd-guide-entry-renderer[@class='style-scope ytd-guide-section-renderer']
2026-02-01 17:33:00.758 [TestNG-test-Yt Master Tests-1] WARN  [verifyingSideMenuLanguageAsInSettings] [verifyingSideMenuLanguageAsInSettings] Attempt 1 failed to find elements: By.xpath: //ytd-guide-entry-renderer[@class='style-scope ytd-guide-section-renderer'] -> org.openqa.selenium.TimeoutException: Expected condition failed: waiting for presence of any elements located by By.xpath: //ytd-guide-entry-renderer[@class='style-scope ytd-guide-section-renderer'] (tried for 10 second(s) with 500 milliseconds interval)
Build info: version: '4.27.0', revision: 'd6e718d134'
System info: os.name: 'Windows Server 2025', os.arch: 'amd64', os.version: '10.0', java.version: '24.0.2'
Driver info: org.openqa.selenium.chrome.ChromeDriver
Capabilities {acceptInsecureCerts: false, browserName: chrome, browserVersion: 144.0.7559.97, chrome: {chromedriverVersion: 144.0.7559.109 (6a8d5e49388..., userDataDir: C:\Windows\SystemTemp\scope...}, fedcm:accounts: true, goog:chromeOptions: {debuggerAddress: localhost:62296}, goog:processID: 1248, networkConnectionEnabled: false, pageLoadStrategy: normal, platformName: windows, proxy: Proxy(), se:cdp: ws://localhost:62296/devtoo..., se:cdpVersion: 144.0.7559.97, setWindowRect: true, strictFileInteractability: false, timeouts: {implicit: 0, pageLoad: 300000, script: 30000}, unhandledPromptBehavior: dismiss and notify, webauthn:extension:credBlob: true, webauthn:extension:largeBlob: true, webauthn:extension:minPinLength: true, webauthn:extension:prf: true, webauthn:virtualAuthenticators: true}
Session ID: 992943a9e393ff7e9514100dc8c3b864
2026-02-01 17:33:10.949 [TestNG-test-Yt Master Tests-1] WARN  [verifyingSideMenuLanguageAsInSettings] [verifyingSideMenuLanguageAsInSettings] Attempt 2 failed to find elements: By.xpath: //ytd-guide-entry-renderer[@class='style-scope ytd-guide-section-renderer'] -> org.openqa.selenium.TimeoutException: Expected condition failed: waiting for presence of any elements located by By.xpath: //ytd-guide-entry-renderer[@class='style-scope ytd-guide-section-renderer'] (tried for 10 second(s) with 500 milliseconds interval)
Build info: version: '4.27.0', revision: 'd6e718d134'
System info: os.name: 'Windows Server 2025', os.arch: 'amd64', os.version: '10.0', java.version: '24.0.2'
Driver info: org.openqa.selenium.chrome.ChromeDriver
Capabilities {acceptInsecureCerts: false, browserName: chrome, browserVersion: 144.0.7559.97, chrome: {chromedriverVersion: 144.0.7559.109 (6a8d5e49388..., userDataDir: C:\Windows\SystemTemp\scope...}, fedcm:accounts: true, goog:chromeOptions: {debuggerAddress: localhost:62296}, goog:processID: 1248, networkConnectionEnabled: false, pageLoadStrategy: normal, platformName: windows, proxy: Proxy(), se:cdp: ws://localhost:62296/devtoo..., se:cdpVersion: 144.0.7559.97, setWindowRect: true, strictFileInteractability: false, timeouts: {implicit: 0, pageLoad: 300000, script: 30000}, unhandledPromptBehavior: dismiss and notify, webauthn:extension:credBlob: true, webauthn:extension:largeBlob: true, webauthn:extension:minPinLength: true, webauthn:extension:prf: true, webauthn:virtualAuthenticators: true}
Session ID: 992943a9e393ff7e9514100dc8c3b864
2026-02-01 17:33:10.949 [TestNG-test-Yt Master Tests-1] WARN  [verifyingSideMenuLanguageAsInSettings] [verifyingSideMenuLanguageAsInSettings] Attempt 2 failed — refreshing the page to recover...
2026-02-01 17:33:10.955 [TestNG-test-Yt Master Tests-1] INFO  [verifyingSideMenuLanguageAsInSettings] [verifyingSideMenuLanguageAsInSettings] Current URL before refresh: https://www.youtube.com/
2026-02-01 17:33:11.131 [TestNG-test-Yt Master Tests-1] INFO  [verifyingSideMenuLanguageAsInSettings] [verifyingSideMenuLanguageAsInSettings] Page refreshed successfully.
2026-02-01 17:33:12.645 [TestNG-test-Yt Master Tests-1] INFO  [verifyingSideMenuLanguageAsInSettings] [verifyingSideMenuLanguageAsInSettings] Page fully loaded after refresh.
2026-02-01 17:33:22.958 [TestNG-test-Yt Master Tests-1] WARN  [verifyingSideMenuLanguageAsInSettings] [verifyingSideMenuLanguageAsInSettings] Attempt 3 failed to find elements: By.xpath: //ytd-guide-entry-renderer[@class='style-scope ytd-guide-section-renderer'] -> org.openqa.selenium.TimeoutException: Expected condition failed: waiting for presence of any elements located by By.xpath: //ytd-guide-entry-renderer[@class='style-scope ytd-guide-section-renderer'] (tried for 10 second(s) with 500 milliseconds interval)
Build info: version: '4.27.0', revision: 'd6e718d134'
System info: os.name: 'Windows Server 2025', os.arch: 'amd64', os.version: '10.0', java.version: '24.0.2'
Driver info: org.openqa.selenium.chrome.ChromeDriver
Capabilities {acceptInsecureCerts: false, browserName: chrome, browserVersion: 144.0.7559.97, chrome: {chromedriverVersion: 144.0.7559.109 (6a8d5e49388..., userDataDir: C:\Windows\SystemTemp\scope...}, fedcm:accounts: true, goog:chromeOptions: {debuggerAddress: localhost:62296}, goog:processID: 1248, networkConnectionEnabled: false, pageLoadStrategy: normal, platformName: windows, proxy: Proxy(), se:cdp: ws://localhost:62296/devtoo..., se:cdpVersion: 144.0.7559.97, setWindowRect: true, strictFileInteractability: false, timeouts: {implicit: 0, pageLoad: 300000, script: 30000}, unhandledPromptBehavior: dismiss and notify, webauthn:extension:credBlob: true, webauthn:extension:largeBlob: true, webauthn:extension:minPinLength: true, webauthn:extension:prf: true, webauthn:virtualAuthenticators: true}
Session ID: 992943a9e393ff7e9514100dc8c3b864
2026-02-01 17:33:22.959 [TestNG-test-Yt Master Tests-1] WARN  [verifyingSideMenuLanguageAsInSettings] [verifyingSideMenuLanguageAsInSettings] Attempt 3 failed — refreshing the page to recover...
2026-02-01 17:33:22.964 [TestNG-test-Yt Master Tests-1] INFO  [verifyingSideMenuLanguageAsInSettings] [verifyingSideMenuLanguageAsInSettings] Current URL before refresh: https://www.youtube.com/
2026-02-01 17:33:23.135 [TestNG-test-Yt Master Tests-1] INFO  [verifyingSideMenuLanguageAsInSettings] [verifyingSideMenuLanguageAsInSettings] Page refreshed successfully.
2026-02-01 17:33:24.643 [TestNG-test-Yt Master Tests-1] INFO  [verifyingSideMenuLanguageAsInSettings] [verifyingSideMenuLanguageAsInSettings] Page fully loaded after refresh.
2026-02-01 17:33:24.643 [TestNG-test-Yt Master Tests-1] ERROR [verifyingSideMenuLanguageAsInSettings] [verifyingSideMenuLanguageAsInSettings] No elements ready after 3 attempts: By.xpath: //ytd-guide-entry-renderer[@class='style-scope ytd-guide-section-renderer']
2026-02-01 17:33:24.653 [TestNG-test-Yt Master Tests-1] INFO  [verifyingSideMenuLanguageAsInSettings] Clicking settings ellipses button...
2026-02-01 17:33:24.653 [TestNG-test-Yt Master Tests-1] INFO  [verifyingSideMenuLanguageAsInSettings] [verifyingSideMenuLanguageAsInSettings] Trying to find element: By.xpath: //ytd-topbar-menu-button-renderer[@class='style-scope ytd-masthead style-default']
2026-02-01 17:33:24.675 [TestNG-test-Yt Master Tests-1] INFO  [verifyingSideMenuLanguageAsInSettings] [verifyingSideMenuLanguageAsInSettings] Element found and ready (attempt 1): By.xpath: //ytd-topbar-menu-button-renderer[@class='style-scope ytd-masthead style-default']
2026-02-01 17:33:26.763 [TestNG-test-Yt Master Tests-1] INFO  [verifyingSideMenuLanguageAsInSettings] Clicking language dropdown...
2026-02-01 17:33:26.763 [TestNG-test-Yt Master Tests-1] INFO  [verifyingSideMenuLanguageAsInSettings] [verifyingSideMenuLanguageAsInSettings] Trying to find element: By.xpath: (//div[@id='content-icon'])[2]
2026-02-01 17:33:26.792 [TestNG-test-Yt Master Tests-1] INFO  [verifyingSideMenuLanguageAsInSettings] [verifyingSideMenuLanguageAsInSettings] Element found and ready (attempt 1): By.xpath: (//div[@id='content-icon'])[2]
2026-02-01 17:33:29.271 [TestNG-test-Yt Master Tests-1] INFO  [verifyingSideMenuLanguageAsInSettings] [verifyingSideMenuLanguageAsInSettings] Capturing screenshot: Filter Applied is Azərbaycan__2026-02-01_173329.png
2026-02-01 17:33:29.400 [TestNG-test-Yt Master Tests-1] INFO  [verifyingSideMenuLanguageAsInSettings] [verifyingSideMenuLanguageAsInSettings] Screenshot saved at: test-output/screenshots/Run_2026-02-01_17-31-30/verifyingSideMenuLanguageAsInSettings/Filter Applied is Azərbaycan__2026-02-01_173329.png
2026-02-01 17:33:30.401 [TestNG-test-Yt Master Tests-1] INFO  [verifyingSideMenuLanguageAsInSettings] Looking for language element with name: Azərbaycan
2026-02-01 17:33:30.401 [TestNG-test-Yt Master Tests-1] INFO  [verifyingSideMenuLanguageAsInSettings] [verifyingSideMenuLanguageAsInSettings] Trying to find element: By.xpath: //yt-multi-page-menu-section-renderer[@class='style-scope ytd-multi-page-menu-renderer']//yt-formatted-string[@id='label' and text()='Azərbaycan']
2026-02-01 17:33:30.432 [TestNG-test-Yt Master Tests-1] INFO  [verifyingSideMenuLanguageAsInSettings] [verifyingSideMenuLanguageAsInSettings] Element found and ready (attempt 1): By.xpath: //yt-multi-page-menu-section-renderer[@class='style-scope ytd-multi-page-menu-renderer']//yt-formatted-string[@id='label' and text()='Azərbaycan']
2026-02-01 17:33:31.601 [TestNG-test-Yt Master Tests-1] INFO  [verifyingSideMenuLanguageAsInSettings] Clicking settings ellipses button...
2026-02-01 17:33:31.601 [TestNG-test-Yt Master Tests-1] INFO  [verifyingSideMenuLanguageAsInSettings] [verifyingSideMenuLanguageAsInSettings] Trying to find element: By.xpath: //ytd-topbar-menu-button-renderer[@class='style-scope ytd-masthead style-default']
2026-02-01 17:33:31.776 [TestNG-test-Yt Master Tests-1] INFO  [verifyingSideMenuLanguageAsInSettings] [verifyingSideMenuLanguageAsInSettings] Element found and ready (attempt 1): By.xpath: //ytd-topbar-menu-button-renderer[@class='style-scope ytd-masthead style-default']
2026-02-01 17:33:32.089 [TestNG-test-Yt Master Tests-1] INFO  [verifyingSideMenuLanguageAsInSettings] Looking for language element with name: Azərbaycan
2026-02-01 17:33:32.090 [TestNG-test-Yt Master Tests-1] INFO  [verifyingSideMenuLanguageAsInSettings] [verifyingSideMenuLanguageAsInSettings] Waiting until element is visible in viewport
2026-02-01 17:33:42.392 [TestNG-test-Yt Master Tests-1] INFO  [verifyingSideMenuLanguageAsInSettings] [verifyingSideMenuLanguageAsInSettings] Capturing screenshot: Filter Applied is Azərbaycan__2026-02-01_173342.png
2026-02-01 17:33:42.455 [TestNG-test-Yt Master Tests-1] INFO  [verifyingSideMenuLanguageAsInSettings] [verifyingSideMenuLanguageAsInSettings] Screenshot saved at: test-output/screenshots/Run_2026-02-01_17-31-30/verifyingSideMenuLanguageAsInSettings/Filter Applied is Azərbaycan__2026-02-01_173342.png
2026-02-01 17:33:42.455 [TestNG-test-Yt Master Tests-1] INFO  [verifyingSideMenuLanguageAsInSettings] Clicking settings ellipses button...
2026-02-01 17:33:42.455 [TestNG-test-Yt Master Tests-1] INFO  [verifyingSideMenuLanguageAsInSettings] [verifyingSideMenuLanguageAsInSettings] Trying to find element: By.xpath: //ytd-topbar-menu-button-renderer[@class='style-scope ytd-masthead style-default']
2026-02-01 17:33:42.513 [TestNG-test-Yt Master Tests-1] INFO  [verifyingSideMenuLanguageAsInSettings] [verifyingSideMenuLanguageAsInSettings] Element found and ready (attempt 1): By.xpath: //ytd-topbar-menu-button-renderer[@class='style-scope ytd-masthead style-default']
2026-02-01 17:33:44.568 [TestNG-test-Yt Master Tests-1] INFO  [verifyingSideMenuLanguageAsInSettings] Fetching the side menu in expanded view
2026-02-01 17:33:44.568 [TestNG-test-Yt Master Tests-1] INFO  [verifyingSideMenuLanguageAsInSettings] [verifyingSideMenuLanguageAsInSettings] Finding elements list: By.xpath: //ytd-guide-entry-renderer[@class='style-scope ytd-guide-section-renderer']
2026-02-01 17:33:54.746 [TestNG-test-Yt Master Tests-1] WARN  [verifyingSideMenuLanguageAsInSettings] [verifyingSideMenuLanguageAsInSettings] Attempt 1 failed to find elements: By.xpath: //ytd-guide-entry-renderer[@class='style-scope ytd-guide-section-renderer'] -> org.openqa.selenium.TimeoutException: Expected condition failed: waiting for presence of any elements located by By.xpath: //ytd-guide-entry-renderer[@class='style-scope ytd-guide-section-renderer'] (tried for 10 second(s) with 500 milliseconds interval)
Build info: version: '4.27.0', revision: 'd6e718d134'
System info: os.name: 'Windows Server 2025', os.arch: 'amd64', os.version: '10.0', java.version: '24.0.2'
Driver info: org.openqa.selenium.chrome.ChromeDriver
Capabilities {acceptInsecureCerts: false, browserName: chrome, browserVersion: 144.0.7559.97, chrome: {chromedriverVersion: 144.0.7559.109 (6a8d5e49388..., userDataDir: C:\Windows\SystemTemp\scope...}, fedcm:accounts: true, goog:chromeOptions: {debuggerAddress: localhost:62296}, goog:processID: 1248, networkConnectionEnabled: false, pageLoadStrategy: normal, platformName: windows, proxy: Proxy(), se:cdp: ws://localhost:62296/devtoo..., se:cdpVersion: 144.0.7559.97, setWindowRect: true, strictFileInteractability: false, timeouts: {implicit: 0, pageLoad: 300000, script: 30000}, unhandledPromptBehavior: dismiss and notify, webauthn:extension:credBlob: true, webauthn:extension:largeBlob: true, webauthn:extension:minPinLength: true, webauthn:extension:prf: true, webauthn:virtualAuthenticators: true}
Session ID: 992943a9e393ff7e9514100dc8c3b864
2026-02-01 17:34:04.921 [TestNG-test-Yt Master Tests-1] WARN  [verifyingSideMenuLanguageAsInSettings] [verifyingSideMenuLanguageAsInSettings] Attempt 2 failed to find elements: By.xpath: //ytd-guide-entry-renderer[@class='style-scope ytd-guide-section-renderer'] -> org.openqa.selenium.TimeoutException: Expected condition failed: waiting for presence of any elements located by By.xpath: //ytd-guide-entry-renderer[@class='style-scope ytd-guide-section-renderer'] (tried for 10 second(s) with 500 milliseconds interval)
Build info: version: '4.27.0', revision: 'd6e718d134'
System info: os.name: 'Windows Server 2025', os.arch: 'amd64', os.version: '10.0', java.version: '24.0.2'
Driver info: org.openqa.selenium.chrome.ChromeDriver
Capabilities {acceptInsecureCerts: false, browserName: chrome, browserVersion: 144.0.7559.97, chrome: {chromedriverVersion: 144.0.7559.109 (6a8d5e49388..., userDataDir: C:\Windows\SystemTemp\scope...}, fedcm:accounts: true, goog:chromeOptions: {debuggerAddress: localhost:62296}, goog:processID: 1248, networkConnectionEnabled: false, pageLoadStrategy: normal, platformName: windows, proxy: Proxy(), se:cdp: ws://localhost:62296/devtoo..., se:cdpVersion: 144.0.7559.97, setWindowRect: true, strictFileInteractability: false, timeouts: {implicit: 0, pageLoad: 300000, script: 30000}, unhandledPromptBehavior: dismiss and notify, webauthn:extension:credBlob: true, webauthn:extension:largeBlob: true, webauthn:extension:minPinLength: true, webauthn:extension:prf: true, webauthn:virtualAuthenticators: true}
Session ID: 992943a9e393ff7e9514100dc8c3b864
2026-02-01 17:34:04.921 [TestNG-test-Yt Master Tests-1] WARN  [verifyingSideMenuLanguageAsInSettings] [verifyingSideMenuLanguageAsInSettings] Attempt 2 failed — refreshing the page to recover...
2026-02-01 17:34:04.926 [TestNG-test-Yt Master Tests-1] INFO  [verifyingSideMenuLanguageAsInSettings] [verifyingSideMenuLanguageAsInSettings] Current URL before refresh: https://www.youtube.com/
2026-02-01 17:34:05.088 [TestNG-test-Yt Master Tests-1] INFO  [verifyingSideMenuLanguageAsInSettings] [verifyingSideMenuLanguageAsInSettings] Page refreshed successfully.
2026-02-01 17:34:06.594 [TestNG-test-Yt Master Tests-1] INFO  [verifyingSideMenuLanguageAsInSettings] [verifyingSideMenuLanguageAsInSettings] Page fully loaded after refresh.
2026-02-01 17:34:16.773 [TestNG-test-Yt Master Tests-1] WARN  [verifyingSideMenuLanguageAsInSettings] [verifyingSideMenuLanguageAsInSettings] Attempt 3 failed to find elements: By.xpath: //ytd-guide-entry-renderer[@class='style-scope ytd-guide-section-renderer'] -> org.openqa.selenium.TimeoutException: Expected condition failed: waiting for presence of any elements located by By.xpath: //ytd-guide-entry-renderer[@class='style-scope ytd-guide-section-renderer'] (tried for 10 second(s) with 500 milliseconds interval)
Build info: version: '4.27.0', revision: 'd6e718d134'
System info: os.name: 'Windows Server 2025', os.arch: 'amd64', os.version: '10.0', java.version: '24.0.2'
Driver info: org.openqa.selenium.chrome.ChromeDriver
Capabilities {acceptInsecureCerts: false, browserName: chrome, browserVersion: 144.0.7559.97, chrome: {chromedriverVersion: 144.0.7559.109 (6a8d5e49388..., userDataDir: C:\Windows\SystemTemp\scope...}, fedcm:accounts: true, goog:chromeOptions: {debuggerAddress: localhost:62296}, goog:processID: 1248, networkConnectionEnabled: false, pageLoadStrategy: normal, platformName: windows, proxy: Proxy(), se:cdp: ws://localhost:62296/devtoo..., se:cdpVersion: 144.0.7559.97, setWindowRect: true, strictFileInteractability: false, timeouts: {implicit: 0, pageLoad: 300000, script: 30000}, unhandledPromptBehavior: dismiss and notify, webauthn:extension:credBlob: true, webauthn:extension:largeBlob: true, webauthn:extension:minPinLength: true, webauthn:extension:prf: true, webauthn:virtualAuthenticators: true}
Session ID: 992943a9e393ff7e9514100dc8c3b864
2026-02-01 17:34:16.773 [TestNG-test-Yt Master Tests-1] WARN  [verifyingSideMenuLanguageAsInSettings] [verifyingSideMenuLanguageAsInSettings] Attempt 3 failed — refreshing the page to recover...
2026-02-01 17:34:16.777 [TestNG-test-Yt Master Tests-1] INFO  [verifyingSideMenuLanguageAsInSettings] [verifyingSideMenuLanguageAsInSettings] Current URL before refresh: https://www.youtube.com/
2026-02-01 17:34:16.956 [TestNG-test-Yt Master Tests-1] INFO  [verifyingSideMenuLanguageAsInSettings] [verifyingSideMenuLanguageAsInSettings] Page refreshed successfully.
2026-02-01 17:34:18.464 [TestNG-test-Yt Master Tests-1] INFO  [verifyingSideMenuLanguageAsInSettings] [verifyingSideMenuLanguageAsInSettings] Page fully loaded after refresh.
2026-02-01 17:34:18.465 [TestNG-test-Yt Master Tests-1] ERROR [verifyingSideMenuLanguageAsInSettings] [verifyingSideMenuLanguageAsInSettings] No elements ready after 3 attempts: By.xpath: //ytd-guide-entry-renderer[@class='style-scope ytd-guide-section-renderer']
2026-02-01 17:34:18.465 [TestNG-test-Yt Master Tests-1] INFO  [verifyingSideMenuLanguageAsInSettings] Clicking settings ellipses button...
2026-02-01 17:34:18.465 [TestNG-test-Yt Master Tests-1] INFO  [verifyingSideMenuLanguageAsInSettings] [verifyingSideMenuLanguageAsInSettings] Trying to find element: By.xpath: //ytd-topbar-menu-button-renderer[@class='style-scope ytd-masthead style-default']
2026-02-01 17:34:18.485 [TestNG-test-Yt Master Tests-1] INFO  [verifyingSideMenuLanguageAsInSettings] [verifyingSideMenuLanguageAsInSettings] Element found and ready (attempt 1): By.xpath: //ytd-topbar-menu-button-renderer[@class='style-scope ytd-masthead style-default']
2026-02-01 17:34:20.557 [TestNG-test-Yt Master Tests-1] INFO  [verifyingSideMenuLanguageAsInSettings] Clicking language dropdown...
2026-02-01 17:34:20.557 [TestNG-test-Yt Master Tests-1] INFO  [verifyingSideMenuLanguageAsInSettings] [verifyingSideMenuLanguageAsInSettings] Trying to find element: By.xpath: (//div[@id='content-icon'])[2]
2026-02-01 17:34:20.582 [TestNG-test-Yt Master Tests-1] INFO  [verifyingSideMenuLanguageAsInSettings] [verifyingSideMenuLanguageAsInSettings] Element found and ready (attempt 1): By.xpath: (//div[@id='content-icon'])[2]
2026-02-01 17:34:23.126 [TestNG-test-Yt Master Tests-1] INFO  [verifyingSideMenuLanguageAsInSettings] [verifyingSideMenuLanguageAsInSettings] Capturing screenshot: Filter Applied is Bahasa Indonesia__2026-02-01_173423.png
2026-02-01 17:34:23.250 [TestNG-test-Yt Master Tests-1] INFO  [verifyingSideMenuLanguageAsInSettings] [verifyingSideMenuLanguageAsInSettings] Screenshot saved at: test-output/screenshots/Run_2026-02-01_17-31-30/verifyingSideMenuLanguageAsInSettings/Filter Applied is Bahasa Indonesia__2026-02-01_173423.png
2026-02-01 17:34:24.252 [TestNG-test-Yt Master Tests-1] INFO  [verifyingSideMenuLanguageAsInSettings] Looking for language element with name: Bahasa Indonesia
2026-02-01 17:34:24.252 [TestNG-test-Yt Master Tests-1] INFO  [verifyingSideMenuLanguageAsInSettings] [verifyingSideMenuLanguageAsInSettings] Trying to find element: By.xpath: //yt-multi-page-menu-section-renderer[@class='style-scope ytd-multi-page-menu-renderer']//yt-formatted-string[@id='label' and text()='Bahasa Indonesia']
2026-02-01 17:34:24.280 [TestNG-test-Yt Master Tests-1] INFO  [verifyingSideMenuLanguageAsInSettings] [verifyingSideMenuLanguageAsInSettings] Element found and ready (attempt 1): By.xpath: //yt-multi-page-menu-section-renderer[@class='style-scope ytd-multi-page-menu-renderer']//yt-formatted-string[@id='label' and text()='Bahasa Indonesia']
2026-02-01 17:34:25.344 [TestNG-test-Yt Master Tests-1] INFO  [verifyingSideMenuLanguageAsInSettings] Clicking settings ellipses button...
2026-02-01 17:34:25.345 [TestNG-test-Yt Master Tests-1] INFO  [verifyingSideMenuLanguageAsInSettings] [verifyingSideMenuLanguageAsInSettings] Trying to find element: By.xpath: //ytd-topbar-menu-button-renderer[@class='style-scope ytd-masthead style-default']
2026-02-01 17:34:25.665 [TestNG-test-Yt Master Tests-1] INFO  [verifyingSideMenuLanguageAsInSettings] [verifyingSideMenuLanguageAsInSettings] Element found and ready (attempt 1): By.xpath: //ytd-topbar-menu-button-renderer[@class='style-scope ytd-masthead style-default']
2026-02-01 17:34:25.755 [TestNG-test-Yt Master Tests-1] INFO  [verifyingSideMenuLanguageAsInSettings] Looking for language element with name: Bahasa Indonesia
2026-02-01 17:34:25.755 [TestNG-test-Yt Master Tests-1] INFO  [verifyingSideMenuLanguageAsInSettings] [verifyingSideMenuLanguageAsInSettings] Waiting until element is visible in viewport
2026-02-01 17:34:36.082 [TestNG-test-Yt Master Tests-1] INFO  [verifyingSideMenuLanguageAsInSettings] [verifyingSideMenuLanguageAsInSettings] Capturing screenshot: Filter Applied is Bahasa Indonesia__2026-02-01_173436.png
2026-02-01 17:34:36.150 [TestNG-test-Yt Master Tests-1] INFO  [verifyingSideMenuLanguageAsInSettings] [verifyingSideMenuLanguageAsInSettings] Screenshot saved at: test-output/screenshots/Run_2026-02-01_17-31-30/verifyingSideMenuLanguageAsInSettings/Filter Applied is Bahasa Indonesia__2026-02-01_173436.png
2026-02-01 17:34:36.151 [TestNG-test-Yt Master Tests-1] INFO  [verifyingSideMenuLanguageAsInSettings] Clicking settings ellipses button...
2026-02-01 17:34:36.151 [TestNG-test-Yt Master Tests-1] INFO  [verifyingSideMenuLanguageAsInSettings] [verifyingSideMenuLanguageAsInSettings] Trying to find element: By.xpath: //ytd-topbar-menu-button-renderer[@class='style-scope ytd-masthead style-default']
2026-02-01 17:34:36.171 [TestNG-test-Yt Master Tests-1] INFO  [verifyingSideMenuLanguageAsInSettings] [verifyingSideMenuLanguageAsInSettings] Element found and ready (attempt 1): By.xpath: //ytd-topbar-menu-button-renderer[@class='style-scope ytd-masthead style-default']
2026-02-01 17:34:38.219 [TestNG-test-Yt Master Tests-1] INFO  [verifyingSideMenuLanguageAsInSettings] Fetching the side menu in expanded view
2026-02-01 17:34:38.219 [TestNG-test-Yt Master Tests-1] INFO  [verifyingSideMenuLanguageAsInSettings] [verifyingSideMenuLanguageAsInSettings] Finding elements list: By.xpath: //ytd-guide-entry-renderer[@class='style-scope ytd-guide-section-renderer']
2026-02-01 17:34:48.391 [TestNG-test-Yt Master Tests-1] WARN  [verifyingSideMenuLanguageAsInSettings] [verifyingSideMenuLanguageAsInSettings] Attempt 1 failed to find elements: By.xpath: //ytd-guide-entry-renderer[@class='style-scope ytd-guide-section-renderer'] -> org.openqa.selenium.TimeoutException: Expected condition failed: waiting for presence of any elements located by By.xpath: //ytd-guide-entry-renderer[@class='style-scope ytd-guide-section-renderer'] (tried for 10 second(s) with 500 milliseconds interval)
Build info: version: '4.27.0', revision: 'd6e718d134'
System info: os.name: 'Windows Server 2025', os.arch: 'amd64', os.version: '10.0', java.version: '24.0.2'
Driver info: org.openqa.selenium.chrome.ChromeDriver
Capabilities {acceptInsecureCerts: false, browserName: chrome, browserVersion: 144.0.7559.97, chrome: {chromedriverVersion: 144.0.7559.109 (6a8d5e49388..., userDataDir: C:\Windows\SystemTemp\scope...}, fedcm:accounts: true, goog:chromeOptions: {debuggerAddress: localhost:62296}, goog:processID: 1248, networkConnectionEnabled: false, pageLoadStrategy: normal, platformName: windows, proxy: Proxy(), se:cdp: ws://localhost:62296/devtoo..., se:cdpVersion: 144.0.7559.97, setWindowRect: true, strictFileInteractability: false, timeouts: {implicit: 0, pageLoad: 300000, script: 30000}, unhandledPromptBehavior: dismiss and notify, webauthn:extension:credBlob: true, webauthn:extension:largeBlob: true, webauthn:extension:minPinLength: true, webauthn:extension:prf: true, webauthn:virtualAuthenticators: true}
Session ID: 992943a9e393ff7e9514100dc8c3b864
2026-02-01 17:34:58.556 [TestNG-test-Yt Master Tests-1] WARN  [verifyingSideMenuLanguageAsInSettings] [verifyingSideMenuLanguageAsInSettings] Attempt 2 failed to find elements: By.xpath: //ytd-guide-entry-renderer[@class='style-scope ytd-guide-section-renderer'] -> org.openqa.selenium.TimeoutException: Expected condition failed: waiting for presence of any elements located by By.xpath: //ytd-guide-entry-renderer[@class='style-scope ytd-guide-section-renderer'] (tried for 10 second(s) with 500 milliseconds interval)
Build info: version: '4.27.0', revision: 'd6e718d134'
System info: os.name: 'Windows Server 2025', os.arch: 'amd64', os.version: '10.0', java.version: '24.0.2'
Driver info: org.openqa.selenium.chrome.ChromeDriver
Capabilities {acceptInsecureCerts: false, browserName: chrome, browserVersion: 144.0.7559.97, chrome: {chromedriverVersion: 144.0.7559.109 (6a8d5e49388..., userDataDir: C:\Windows\SystemTemp\scope...}, fedcm:accounts: true, goog:chromeOptions: {debuggerAddress: localhost:62296}, goog:processID: 1248, networkConnectionEnabled: false, pageLoadStrategy: normal, platformName: windows, proxy: Proxy(), se:cdp: ws://localhost:62296/devtoo..., se:cdpVersion: 144.0.7559.97, setWindowRect: true, strictFileInteractability: false, timeouts: {implicit: 0, pageLoad: 300000, script: 30000}, unhandledPromptBehavior: dismiss and notify, webauthn:extension:credBlob: true, webauthn:extension:largeBlob: true, webauthn:extension:minPinLength: true, webauthn:extension:prf: true, webauthn:virtualAuthenticators: true}
Session ID: 992943a9e393ff7e9514100dc8c3b864
2026-02-01 17:34:58.556 [TestNG-test-Yt Master Tests-1] WARN  [verifyingSideMenuLanguageAsInSettings] [verifyingSideMenuLanguageAsInSettings] Attempt 2 failed — refreshing the page to recover...
2026-02-01 17:34:58.560 [TestNG-test-Yt Master Tests-1] INFO  [verifyingSideMenuLanguageAsInSettings] [verifyingSideMenuLanguageAsInSettings] Current URL before refresh: https://www.youtube.com/
2026-02-01 17:34:59.669 [TestNG-test-Yt Master Tests-1] INFO  [verifyingSideMenuLanguageAsInSettings] [verifyingSideMenuLanguageAsInSettings] Page refreshed successfully.
2026-02-01 17:35:01.176 [TestNG-test-Yt Master Tests-1] INFO  [verifyingSideMenuLanguageAsInSettings] [verifyingSideMenuLanguageAsInSettings] Page fully loaded after refresh.
2026-02-01 17:35:11.349 [TestNG-test-Yt Master Tests-1] WARN  [verifyingSideMenuLanguageAsInSettings] [verifyingSideMenuLanguageAsInSettings] Attempt 3 failed to find elements: By.xpath: //ytd-guide-entry-renderer[@class='style-scope ytd-guide-section-renderer'] -> org.openqa.selenium.TimeoutException: Expected condition failed: waiting for presence of any elements located by By.xpath: //ytd-guide-entry-renderer[@class='style-scope ytd-guide-section-renderer'] (tried for 10 second(s) with 500 milliseconds interval)
Build info: version: '4.27.0', revision: 'd6e718d134'
System info: os.name: 'Windows Server 2025', os.arch: 'amd64', os.version: '10.0', java.version: '24.0.2'
Driver info: org.openqa.selenium.chrome.ChromeDriver
Capabilities {acceptInsecureCerts: false, browserName: chrome, browserVersion: 144.0.7559.97, chrome: {chromedriverVersion: 144.0.7559.109 (6a8d5e49388..., userDataDir: C:\Windows\SystemTemp\scope...}, fedcm:accounts: true, goog:chromeOptions: {debuggerAddress: localhost:62296}, goog:processID: 1248, networkConnectionEnabled: false, pageLoadStrategy: normal, platformName: windows, proxy: Proxy(), se:cdp: ws://localhost:62296/devtoo..., se:cdpVersion: 144.0.7559.97, setWindowRect: true, strictFileInteractability: false, timeouts: {implicit: 0, pageLoad: 300000, script: 30000}, unhandledPromptBehavior: dismiss and notify, webauthn:extension:credBlob: true, webauthn:extension:largeBlob: true, webauthn:extension:minPinLength: true, webauthn:extension:prf: true, webauthn:virtualAuthenticators: true}
Session ID: 992943a9e393ff7e9514100dc8c3b864
2026-02-01 17:35:11.350 [TestNG-test-Yt Master Tests-1] WARN  [verifyingSideMenuLanguageAsInSettings] [verifyingSideMenuLanguageAsInSettings] Attempt 3 failed — refreshing the page to recover...
2026-02-01 17:35:11.354 [TestNG-test-Yt Master Tests-1] INFO  [verifyingSideMenuLanguageAsInSettings] [verifyingSideMenuLanguageAsInSettings] Current URL before refresh: https://www.youtube.com/
2026-02-01 17:35:11.519 [TestNG-test-Yt Master Tests-1] INFO  [verifyingSideMenuLanguageAsInSettings] [verifyingSideMenuLanguageAsInSettings] Page refreshed successfully.
2026-02-01 17:35:13.026 [TestNG-test-Yt Master Tests-1] INFO  [verifyingSideMenuLanguageAsInSettings] [verifyingSideMenuLanguageAsInSettings] Page fully loaded after refresh.
2026-02-01 17:35:13.026 [TestNG-test-Yt Master Tests-1] ERROR [verifyingSideMenuLanguageAsInSettings] [verifyingSideMenuLanguageAsInSettings] No elements ready after 3 attempts: By.xpath: //ytd-guide-entry-renderer[@class='style-scope ytd-guide-section-renderer']
2026-02-01 17:35:13.027 [TestNG-test-Yt Master Tests-1] INFO  [verifyingSideMenuLanguageAsInSettings] Clicking settings ellipses button...
2026-02-01 17:35:13.027 [TestNG-test-Yt Master Tests-1] INFO  [verifyingSideMenuLanguageAsInSettings] [verifyingSideMenuLanguageAsInSettings] Trying to find element: By.xpath: //ytd-topbar-menu-button-renderer[@class='style-scope ytd-masthead style-default']
2026-02-01 17:35:13.064 [TestNG-test-Yt Master Tests-1] INFO  [verifyingSideMenuLanguageAsInSettings] [verifyingSideMenuLanguageAsInSettings] Element found and ready (attempt 1): By.xpath: //ytd-topbar-menu-button-renderer[@class='style-scope ytd-masthead style-default']
2026-02-01 17:35:15.303 [TestNG-test-Yt Master Tests-1] INFO  [verifyingSideMenuLanguageAsInSettings] Clicking language dropdown...
2026-02-01 17:35:15.304 [TestNG-test-Yt Master Tests-1] INFO  [verifyingSideMenuLanguageAsInSettings] [verifyingSideMenuLanguageAsInSettings] Trying to find element: By.xpath: (//div[@id='content-icon'])[2]
2026-02-01 17:35:15.329 [TestNG-test-Yt Master Tests-1] INFO  [verifyingSideMenuLanguageAsInSettings] [verifyingSideMenuLanguageAsInSettings] Element found and ready (attempt 1): By.xpath: (//div[@id='content-icon'])[2]
2026-02-01 17:35:17.668 [TestNG-test-Yt Master Tests-1] INFO  [verifyingSideMenuLanguageAsInSettings] [verifyingSideMenuLanguageAsInSettings] Capturing screenshot: Filter Applied is Bosanski__2026-02-01_173517.png
2026-02-01 17:35:17.766 [TestNG-test-Yt Master Tests-1] INFO  [verifyingSideMenuLanguageAsInSettings] [verifyingSideMenuLanguageAsInSettings] Screenshot saved at: test-output/screenshots/Run_2026-02-01_17-31-30/verifyingSideMenuLanguageAsInSettings/Filter Applied is Bosanski__2026-02-01_173517.png
2026-02-01 17:35:18.768 [TestNG-test-Yt Master Tests-1] INFO  [verifyingSideMenuLanguageAsInSettings] Looking for language element with name: Bosanski
2026-02-01 17:35:18.768 [TestNG-test-Yt Master Tests-1] INFO  [verifyingSideMenuLanguageAsInSettings] [verifyingSideMenuLanguageAsInSettings] Trying to find element: By.xpath: //yt-multi-page-menu-section-renderer[@class='style-scope ytd-multi-page-menu-renderer']//yt-formatted-string[@id='label' and text()='Bosanski']
2026-02-01 17:35:18.794 [TestNG-test-Yt Master Tests-1] INFO  [verifyingSideMenuLanguageAsInSettings] [verifyingSideMenuLanguageAsInSettings] Element found and ready (attempt 1): By.xpath: //yt-multi-page-menu-section-renderer[@class='style-scope ytd-multi-page-menu-renderer']//yt-formatted-string[@id='label' and text()='Bosanski']
2026-02-01 17:35:19.937 [TestNG-test-Yt Master Tests-1] INFO  [verifyingSideMenuLanguageAsInSettings] Clicking settings ellipses button...
2026-02-01 17:35:19.978 [TestNG-test-Yt Master Tests-1] INFO  [verifyingSideMenuLanguageAsInSettings] [verifyingSideMenuLanguageAsInSettings] Trying to find element: By.xpath: //ytd-topbar-menu-button-renderer[@class='style-scope ytd-masthead style-default']
2026-02-01 17:35:20.605 [TestNG-test-Yt Master Tests-1] INFO  [verifyingSideMenuLanguageAsInSettings] [verifyingSideMenuLanguageAsInSettings] Element found and ready (attempt 1): By.xpath: //ytd-topbar-menu-button-renderer[@class='style-scope ytd-masthead style-default']
2026-02-01 17:35:20.721 [TestNG-test-Yt Master Tests-1] INFO  [verifyingSideMenuLanguageAsInSettings] Looking for language element with name: Bosanski
2026-02-01 17:35:20.727 [TestNG-test-Yt Master Tests-1] INFO  [verifyingSideMenuLanguageAsInSettings] [verifyingSideMenuLanguageAsInSettings] Waiting until element is visible in viewport
2026-02-01 17:35:31.046 [TestNG-test-Yt Master Tests-1] INFO  [verifyingSideMenuLanguageAsInSettings] [verifyingSideMenuLanguageAsInSettings] Capturing screenshot: Filter Applied is Bosanski__2026-02-01_173531.png
2026-02-01 17:35:31.113 [TestNG-test-Yt Master Tests-1] INFO  [verifyingSideMenuLanguageAsInSettings] [verifyingSideMenuLanguageAsInSettings] Screenshot saved at: test-output/screenshots/Run_2026-02-01_17-31-30/verifyingSideMenuLanguageAsInSettings/Filter Applied is Bosanski__2026-02-01_173531.png
2026-02-01 17:35:31.114 [TestNG-test-Yt Master Tests-1] INFO  [verifyingSideMenuLanguageAsInSettings] Clicking settings ellipses button...
2026-02-01 17:35:31.114 [TestNG-test-Yt Master Tests-1] INFO  [verifyingSideMenuLanguageAsInSettings] [verifyingSideMenuLanguageAsInSettings] Trying to find element: By.xpath: //ytd-topbar-menu-button-renderer[@class='style-scope ytd-masthead style-default']
2026-02-01 17:35:31.133 [TestNG-test-Yt Master Tests-1] INFO  [verifyingSideMenuLanguageAsInSettings] [verifyingSideMenuLanguageAsInSettings] Element found and ready (attempt 1): By.xpath: //ytd-topbar-menu-button-renderer[@class='style-scope ytd-masthead style-default']
2026-02-01 17:35:33.185 [TestNG-test-Yt Master Tests-1] INFO  [verifyingSideMenuLanguageAsInSettings] Fetching the side menu in expanded view
2026-02-01 17:35:33.185 [TestNG-test-Yt Master Tests-1] INFO  [verifyingSideMenuLanguageAsInSettings] [verifyingSideMenuLanguageAsInSettings] Finding elements list: By.xpath: //ytd-guide-entry-renderer[@class='style-scope ytd-guide-section-renderer']
2026-02-01 17:35:43.357 [TestNG-test-Yt Master Tests-1] WARN  [verifyingSideMenuLanguageAsInSettings] [verifyingSideMenuLanguageAsInSettings] Attempt 1 failed to find elements: By.xpath: //ytd-guide-entry-renderer[@class='style-scope ytd-guide-section-renderer'] -> org.openqa.selenium.TimeoutException: Expected condition failed: waiting for presence of any elements located by By.xpath: //ytd-guide-entry-renderer[@class='style-scope ytd-guide-section-renderer'] (tried for 10 second(s) with 500 milliseconds interval)
Build info: version: '4.27.0', revision: 'd6e718d134'
System info: os.name: 'Windows Server 2025', os.arch: 'amd64', os.version: '10.0', java.version: '24.0.2'
Driver info: org.openqa.selenium.chrome.ChromeDriver
Capabilities {acceptInsecureCerts: false, browserName: chrome, browserVersion: 144.0.7559.97, chrome: {chromedriverVersion: 144.0.7559.109 (6a8d5e49388..., userDataDir: C:\Windows\SystemTemp\scope...}, fedcm:accounts: true, goog:chromeOptions: {debuggerAddress: localhost:62296}, goog:processID: 1248, networkConnectionEnabled: false, pageLoadStrategy: normal, platformName: windows, proxy: Proxy(), se:cdp: ws://localhost:62296/devtoo..., se:cdpVersion: 144.0.7559.97, setWindowRect: true, strictFileInteractability: false, timeouts: {implicit: 0, pageLoad: 300000, script: 30000}, unhandledPromptBehavior: dismiss and notify, webauthn:extension:credBlob: true, webauthn:extension:largeBlob: true, webauthn:extension:minPinLength: true, webauthn:extension:prf: true, webauthn:virtualAuthenticators: true}
Session ID: 992943a9e393ff7e9514100dc8c3b864
2026-02-01 17:35:53.532 [TestNG-test-Yt Master Tests-1] WARN  [verifyingSideMenuLanguageAsInSettings] [verifyingSideMenuLanguageAsInSettings] Attempt 2 failed to find elements: By.xpath: //ytd-guide-entry-renderer[@class='style-scope ytd-guide-section-renderer'] -> org.openqa.selenium.TimeoutException: Expected condition failed: waiting for presence of any elements located by By.xpath: //ytd-guide-entry-renderer[@class='style-scope ytd-guide-section-renderer'] (tried for 10 second(s) with 500 milliseconds interval)
Build info: version: '4.27.0', revision: 'd6e718d134'
System info: os.name: 'Windows Server 2025', os.arch: 'amd64', os.version: '10.0', java.version: '24.0.2'
Driver info: org.openqa.selenium.chrome.ChromeDriver
Capabilities {acceptInsecureCerts: false, browserName: chrome, browserVersion: 144.0.7559.97, chrome: {chromedriverVersion: 144.0.7559.109 (6a8d5e49388..., userDataDir: C:\Windows\SystemTemp\scope...}, fedcm:accounts: true, goog:chromeOptions: {debuggerAddress: localhost:62296}, goog:processID: 1248, networkConnectionEnabled: false, pageLoadStrategy: normal, platformName: windows, proxy: Proxy(), se:cdp: ws://localhost:62296/devtoo..., se:cdpVersion: 144.0.7559.97, setWindowRect: true, strictFileInteractability: false, timeouts: {implicit: 0, pageLoad: 300000, script: 30000}, unhandledPromptBehavior: dismiss and notify, webauthn:extension:credBlob: true, webauthn:extension:largeBlob: true, webauthn:extension:minPinLength: true, webauthn:extension:prf: true, webauthn:virtualAuthenticators: true}
Session ID: 992943a9e393ff7e9514100dc8c3b864
2026-02-01 17:35:53.532 [TestNG-test-Yt Master Tests-1] WARN  [verifyingSideMenuLanguageAsInSettings] [verifyingSideMenuLanguageAsInSettings] Attempt 2 failed — refreshing the page to recover...
2026-02-01 17:35:53.537 [TestNG-test-Yt Master Tests-1] INFO  [verifyingSideMenuLanguageAsInSettings] [verifyingSideMenuLanguageAsInSettings] Current URL before refresh: https://www.youtube.com/
2026-02-01 17:35:53.717 [TestNG-test-Yt Master Tests-1] INFO  [verifyingSideMenuLanguageAsInSettings] [verifyingSideMenuLanguageAsInSettings] Page refreshed successfully.
2026-02-01 17:35:55.224 [TestNG-test-Yt Master Tests-1] INFO  [verifyingSideMenuLanguageAsInSettings] [verifyingSideMenuLanguageAsInSettings] Page fully loaded after refresh.
2026-02-01 17:36:05.386 [TestNG-test-Yt Master Tests-1] WARN  [verifyingSideMenuLanguageAsInSettings] [verifyingSideMenuLanguageAsInSettings] Attempt 3 failed to find elements: By.xpath: //ytd-guide-entry-renderer[@class='style-scope ytd-guide-section-renderer'] -> org.openqa.selenium.TimeoutException: Expected condition failed: waiting for presence of any elements located by By.xpath: //ytd-guide-entry-renderer[@class='style-scope ytd-guide-section-renderer'] (tried for 10 second(s) with 500 milliseconds interval)
Build info: version: '4.27.0', revision: 'd6e718d134'
System info: os.name: 'Windows Server 2025', os.arch: 'amd64', os.version: '10.0', java.version: '24.0.2'
Driver info: org.openqa.selenium.chrome.ChromeDriver
Capabilities {acceptInsecureCerts: false, browserName: chrome, browserVersion: 144.0.7559.97, chrome: {chromedriverVersion: 144.0.7559.109 (6a8d5e49388..., userDataDir: C:\Windows\SystemTemp\scope...}, fedcm:accounts: true, goog:chromeOptions: {debuggerAddress: localhost:62296}, goog:processID: 1248, networkConnectionEnabled: false, pageLoadStrategy: normal, platformName: windows, proxy: Proxy(), se:cdp: ws://localhost:62296/devtoo..., se:cdpVersion: 144.0.7559.97, setWindowRect: true, strictFileInteractability: false, timeouts: {implicit: 0, pageLoad: 300000, script: 30000}, unhandledPromptBehavior: dismiss and notify, webauthn:extension:credBlob: true, webauthn:extension:largeBlob: true, webauthn:extension:minPinLength: true, webauthn:extension:prf: true, webauthn:virtualAuthenticators: true}
Session ID: 992943a9e393ff7e9514100dc8c3b864
2026-02-01 17:36:05.387 [TestNG-test-Yt Master Tests-1] WARN  [verifyingSideMenuLanguageAsInSettings] [verifyingSideMenuLanguageAsInSettings] Attempt 3 failed — refreshing the page to recover...
2026-02-01 17:36:05.390 [TestNG-test-Yt Master Tests-1] INFO  [verifyingSideMenuLanguageAsInSettings] [verifyingSideMenuLanguageAsInSettings] Current URL before refresh: https://www.youtube.com/
2026-02-01 17:36:05.566 [TestNG-test-Yt Master Tests-1] INFO  [verifyingSideMenuLanguageAsInSettings] [verifyingSideMenuLanguageAsInSettings] Page refreshed successfully.
2026-02-01 17:36:07.073 [TestNG-test-Yt Master Tests-1] INFO  [verifyingSideMenuLanguageAsInSettings] [verifyingSideMenuLanguageAsInSettings] Page fully loaded after refresh.
2026-02-01 17:36:07.074 [TestNG-test-Yt Master Tests-1] ERROR [verifyingSideMenuLanguageAsInSettings] [verifyingSideMenuLanguageAsInSettings] No elements ready after 3 attempts: By.xpath: //ytd-guide-entry-renderer[@class='style-scope ytd-guide-section-renderer']
2026-02-01 17:36:07.074 [TestNG-test-Yt Master Tests-1] INFO  [verifyingSideMenuLanguageAsInSettings] Clicking settings ellipses button...
2026-02-01 17:36:07.075 [TestNG-test-Yt Master Tests-1] INFO  [verifyingSideMenuLanguageAsInSettings] [verifyingSideMenuLanguageAsInSettings] Trying to find element: By.xpath: //ytd-topbar-menu-button-renderer[@class='style-scope ytd-masthead style-default']
2026-02-01 17:36:07.098 [TestNG-test-Yt Master Tests-1] INFO  [verifyingSideMenuLanguageAsInSettings] [verifyingSideMenuLanguageAsInSettings] Element found and ready (attempt 1): By.xpath: //ytd-topbar-menu-button-renderer[@class='style-scope ytd-masthead style-default']
2026-02-01 17:36:09.316 [TestNG-test-Yt Master Tests-1] INFO  [verifyingSideMenuLanguageAsInSettings] Clicking language dropdown...
2026-02-01 17:36:09.316 [TestNG-test-Yt Master Tests-1] INFO  [verifyingSideMenuLanguageAsInSettings] [verifyingSideMenuLanguageAsInSettings] Trying to find element: By.xpath: (//div[@id='content-icon'])[2]
2026-02-01 17:36:09.337 [TestNG-test-Yt Master Tests-1] INFO  [verifyingSideMenuLanguageAsInSettings] [verifyingSideMenuLanguageAsInSettings] Element found and ready (attempt 1): By.xpath: (//div[@id='content-icon'])[2]
2026-02-01 17:36:11.665 [TestNG-test-Yt Master Tests-1] INFO  [verifyingSideMenuLanguageAsInSettings] [verifyingSideMenuLanguageAsInSettings] Capturing screenshot: Filter Applied is Català__2026-02-01_173611.png
2026-02-01 17:36:11.761 [TestNG-test-Yt Master Tests-1] INFO  [verifyingSideMenuLanguageAsInSettings] [verifyingSideMenuLanguageAsInSettings] Screenshot saved at: test-output/screenshots/Run_2026-02-01_17-31-30/verifyingSideMenuLanguageAsInSettings/Filter Applied is Català__2026-02-01_173611.png
2026-02-01 17:36:12.762 [TestNG-test-Yt Master Tests-1] INFO  [verifyingSideMenuLanguageAsInSettings] Looking for language element with name: Català
2026-02-01 17:36:12.762 [TestNG-test-Yt Master Tests-1] INFO  [verifyingSideMenuLanguageAsInSettings] [verifyingSideMenuLanguageAsInSettings] Trying to find element: By.xpath: //yt-multi-page-menu-section-renderer[@class='style-scope ytd-multi-page-menu-renderer']//yt-formatted-string[@id='label' and text()='Català']
2026-02-01 17:36:12.787 [TestNG-test-Yt Master Tests-1] INFO  [verifyingSideMenuLanguageAsInSettings] [verifyingSideMenuLanguageAsInSettings] Element found and ready (attempt 1): By.xpath: //yt-multi-page-menu-section-renderer[@class='style-scope ytd-multi-page-menu-renderer']//yt-formatted-string[@id='label' and text()='Català']
2026-02-01 17:36:13.914 [TestNG-test-Yt Master Tests-1] INFO  [verifyingSideMenuLanguageAsInSettings] Clicking settings ellipses button...
2026-02-01 17:36:13.914 [TestNG-test-Yt Master Tests-1] INFO  [verifyingSideMenuLanguageAsInSettings] [verifyingSideMenuLanguageAsInSettings] Trying to find element: By.xpath: //ytd-topbar-menu-button-renderer[@class='style-scope ytd-masthead style-default']
2026-02-01 17:36:14.549 [TestNG-test-Yt Master Tests-1] INFO  [verifyingSideMenuLanguageAsInSettings] [verifyingSideMenuLanguageAsInSettings] Element found and ready (attempt 1): By.xpath: //ytd-topbar-menu-button-renderer[@class='style-scope ytd-masthead style-default']
2026-02-01 17:36:14.621 [TestNG-test-Yt Master Tests-1] INFO  [verifyingSideMenuLanguageAsInSettings] Looking for language element with name: Català
2026-02-01 17:36:14.621 [TestNG-test-Yt Master Tests-1] INFO  [verifyingSideMenuLanguageAsInSettings] [verifyingSideMenuLanguageAsInSettings] Waiting until element is visible in viewport
2026-02-01 17:36:24.824 [TestNG-test-Yt Master Tests-1] INFO  [verifyingSideMenuLanguageAsInSettings] [verifyingSideMenuLanguageAsInSettings] Capturing screenshot: Filter Applied is Català__2026-02-01_173624.png
2026-02-01 17:36:24.885 [TestNG-test-Yt Master Tests-1] INFO  [verifyingSideMenuLanguageAsInSettings] [verifyingSideMenuLanguageAsInSettings] Screenshot saved at: test-output/screenshots/Run_2026-02-01_17-31-30/verifyingSideMenuLanguageAsInSettings/Filter Applied is Català__2026-02-01_173624.png
2026-02-01 17:36:24.885 [TestNG-test-Yt Master Tests-1] INFO  [verifyingSideMenuLanguageAsInSettings] Clicking settings ellipses button...
2026-02-01 17:36:24.885 [TestNG-test-Yt Master Tests-1] INFO  [verifyingSideMenuLanguageAsInSettings] [verifyingSideMenuLanguageAsInSettings] Trying to find element: By.xpath: //ytd-topbar-menu-button-renderer[@class='style-scope ytd-masthead style-default']
2026-02-01 17:36:24.904 [TestNG-test-Yt Master Tests-1] INFO  [verifyingSideMenuLanguageAsInSettings] [verifyingSideMenuLanguageAsInSettings] Element found and ready (attempt 1): By.xpath: //ytd-topbar-menu-button-renderer[@class='style-scope ytd-masthead style-default']
2026-02-01 17:36:26.952 [TestNG-test-Yt Master Tests-1] INFO  [verifyingSideMenuLanguageAsInSettings] Fetching the side menu in expanded view
2026-02-01 17:36:26.952 [TestNG-test-Yt Master Tests-1] INFO  [verifyingSideMenuLanguageAsInSettings] [verifyingSideMenuLanguageAsInSettings] Finding elements list: By.xpath: //ytd-guide-entry-renderer[@class='style-scope ytd-guide-section-renderer']
2026-02-01 17:36:37.114 [TestNG-test-Yt Master Tests-1] WARN  [verifyingSideMenuLanguageAsInSettings] [verifyingSideMenuLanguageAsInSettings] Attempt 1 failed to find elements: By.xpath: //ytd-guide-entry-renderer[@class='style-scope ytd-guide-section-renderer'] -> org.openqa.selenium.TimeoutException: Expected condition failed: waiting for presence of any elements located by By.xpath: //ytd-guide-entry-renderer[@class='style-scope ytd-guide-section-renderer'] (tried for 10 second(s) with 500 milliseconds interval)
Build info: version: '4.27.0', revision: 'd6e718d134'
System info: os.name: 'Windows Server 2025', os.arch: 'amd64', os.version: '10.0', java.version: '24.0.2'
Driver info: org.openqa.selenium.chrome.ChromeDriver
Capabilities {acceptInsecureCerts: false, browserName: chrome, browserVersion: 144.0.7559.97, chrome: {chromedriverVersion: 144.0.7559.109 (6a8d5e49388..., userDataDir: C:\Windows\SystemTemp\scope...}, fedcm:accounts: true, goog:chromeOptions: {debuggerAddress: localhost:62296}, goog:processID: 1248, networkConnectionEnabled: false, pageLoadStrategy: normal, platformName: windows, proxy: Proxy(), se:cdp: ws://localhost:62296/devtoo..., se:cdpVersion: 144.0.7559.97, setWindowRect: true, strictFileInteractability: false, timeouts: {implicit: 0, pageLoad: 300000, script: 30000}, unhandledPromptBehavior: dismiss and notify, webauthn:extension:credBlob: true, webauthn:extension:largeBlob: true, webauthn:extension:minPinLength: true, webauthn:extension:prf: true, webauthn:virtualAuthenticators: true}
Session ID: 992943a9e393ff7e9514100dc8c3b864
2026-02-01 17:36:47.282 [TestNG-test-Yt Master Tests-1] WARN  [verifyingSideMenuLanguageAsInSettings] [verifyingSideMenuLanguageAsInSettings] Attempt 2 failed to find elements: By.xpath: //ytd-guide-entry-renderer[@class='style-scope ytd-guide-section-renderer'] -> org.openqa.selenium.TimeoutException: Expected condition failed: waiting for presence of any elements located by By.xpath: //ytd-guide-entry-renderer[@class='style-scope ytd-guide-section-renderer'] (tried for 10 second(s) with 500 milliseconds interval)
Build info: version: '4.27.0', revision: 'd6e718d134'
System info: os.name: 'Windows Server 2025', os.arch: 'amd64', os.version: '10.0', java.version: '24.0.2'
Driver info: org.openqa.selenium.chrome.ChromeDriver
Capabilities {acceptInsecureCerts: false, browserName: chrome, browserVersion: 144.0.7559.97, chrome: {chromedriverVersion: 144.0.7559.109 (6a8d5e49388..., userDataDir: C:\Windows\SystemTemp\scope...}, fedcm:accounts: true, goog:chromeOptions: {debuggerAddress: localhost:62296}, goog:processID: 1248, networkConnectionEnabled: false, pageLoadStrategy: normal, platformName: windows, proxy: Proxy(), se:cdp: ws://localhost:62296/devtoo..., se:cdpVersion: 144.0.7559.97, setWindowRect: true, strictFileInteractability: false, timeouts: {implicit: 0, pageLoad: 300000, script: 30000}, unhandledPromptBehavior: dismiss and notify, webauthn:extension:credBlob: true, webauthn:extension:largeBlob: true, webauthn:extension:minPinLength: true, webauthn:extension:prf: true, webauthn:virtualAuthenticators: true}
Session ID: 992943a9e393ff7e9514100dc8c3b864
2026-02-01 17:36:47.282 [TestNG-test-Yt Master Tests-1] WARN  [verifyingSideMenuLanguageAsInSettings] [verifyingSideMenuLanguageAsInSettings] Attempt 2 failed — refreshing the page to recover...
2026-02-01 17:36:47.286 [TestNG-test-Yt Master Tests-1] INFO  [verifyingSideMenuLanguageAsInSettings] [verifyingSideMenuLanguageAsInSettings] Current URL before refresh: https://www.youtube.com/
2026-02-01 17:36:47.451 [TestNG-test-Yt Master Tests-1] INFO  [verifyingSideMenuLanguageAsInSettings] [verifyingSideMenuLanguageAsInSettings] Page refreshed successfully.
2026-02-01 17:36:48.958 [TestNG-test-Yt Master Tests-1] INFO  [verifyingSideMenuLanguageAsInSettings] [verifyingSideMenuLanguageAsInSettings] Page fully loaded after refresh.
2026-02-01 17:36:59.124 [TestNG-test-Yt Master Tests-1] WARN  [verifyingSideMenuLanguageAsInSettings] [verifyingSideMenuLanguageAsInSettings] Attempt 3 failed to find elements: By.xpath: //ytd-guide-entry-renderer[@class='style-scope ytd-guide-section-renderer'] -> org.openqa.selenium.TimeoutException: Expected condition failed: waiting for presence of any elements located by By.xpath: //ytd-guide-entry-renderer[@class='style-scope ytd-guide-section-renderer'] (tried for 10 second(s) with 500 milliseconds interval)
Build info: version: '4.27.0', revision: 'd6e718d134'
System info: os.name: 'Windows Server 2025', os.arch: 'amd64', os.version: '10.0', java.version: '24.0.2'
Driver info: org.openqa.selenium.chrome.ChromeDriver
Capabilities {acceptInsecureCerts: false, browserName: chrome, browserVersion: 144.0.7559.97, chrome: {chromedriverVersion: 144.0.7559.109 (6a8d5e49388..., userDataDir: C:\Windows\SystemTemp\scope...}, fedcm:accounts: true, goog:chromeOptions: {debuggerAddress: localhost:62296}, goog:processID: 1248, networkConnectionEnabled: false, pageLoadStrategy: normal, platformName: windows, proxy: Proxy(), se:cdp: ws://localhost:62296/devtoo..., se:cdpVersion: 144.0.7559.97, setWindowRect: true, strictFileInteractability: false, timeouts: {implicit: 0, pageLoad: 300000, script: 30000}, unhandledPromptBehavior: dismiss and notify, webauthn:extension:credBlob: true, webauthn:extension:largeBlob: true, webauthn:extension:minPinLength: true, webauthn:extension:prf: true, webauthn:virtualAuthenticators: true}
Session ID: 992943a9e393ff7e9514100dc8c3b864
2026-02-01 17:36:59.124 [TestNG-test-Yt Master Tests-1] WARN  [verifyingSideMenuLanguageAsInSettings] [verifyingSideMenuLanguageAsInSettings] Attempt 3 failed — refreshing the page to recover...
2026-02-01 17:36:59.128 [TestNG-test-Yt Master Tests-1] INFO  [verifyingSideMenuLanguageAsInSettings] [verifyingSideMenuLanguageAsInSettings] Current URL before refresh: https://www.youtube.com/
2026-02-01 17:36:59.326 [TestNG-test-Yt Master Tests-1] INFO  [verifyingSideMenuLanguageAsInSettings] [verifyingSideMenuLanguageAsInSettings] Page refreshed successfully.
2026-02-01 17:37:00.833 [TestNG-test-Yt Master Tests-1] INFO  [verifyingSideMenuLanguageAsInSettings] [verifyingSideMenuLanguageAsInSettings] Page fully loaded after refresh.
2026-02-01 17:37:00.833 [TestNG-test-Yt Master Tests-1] ERROR [verifyingSideMenuLanguageAsInSettings] [verifyingSideMenuLanguageAsInSettings] No elements ready after 3 attempts: By.xpath: //ytd-guide-entry-renderer[@class='style-scope ytd-guide-section-renderer']
2026-02-01 17:37:00.833 [TestNG-test-Yt Master Tests-1] INFO  [verifyingSideMenuLanguageAsInSettings] Clicking settings ellipses button...
2026-02-01 17:37:00.833 [TestNG-test-Yt Master Tests-1] INFO  [verifyingSideMenuLanguageAsInSettings] [verifyingSideMenuLanguageAsInSettings] Trying to find element: By.xpath: //ytd-topbar-menu-button-renderer[@class='style-scope ytd-masthead style-default']
2026-02-01 17:37:00.853 [TestNG-test-Yt Master Tests-1] INFO  [verifyingSideMenuLanguageAsInSettings] [verifyingSideMenuLanguageAsInSettings] Element found and ready (attempt 1): By.xpath: //ytd-topbar-menu-button-renderer[@class='style-scope ytd-masthead style-default']
2026-02-01 17:37:03.008 [TestNG-test-Yt Master Tests-1] INFO  [verifyingSideMenuLanguageAsInSettings] Clicking language dropdown...
2026-02-01 17:37:03.008 [TestNG-test-Yt Master Tests-1] INFO  [verifyingSideMenuLanguageAsInSettings] [verifyingSideMenuLanguageAsInSettings] Trying to find element: By.xpath: (//div[@id='content-icon'])[2]
2026-02-01 17:37:03.034 [TestNG-test-Yt Master Tests-1] INFO  [verifyingSideMenuLanguageAsInSettings] [verifyingSideMenuLanguageAsInSettings] Element found and ready (attempt 1): By.xpath: (//div[@id='content-icon'])[2]
2026-02-01 17:37:05.368 [TestNG-test-Yt Master Tests-1] INFO  [verifyingSideMenuLanguageAsInSettings] [verifyingSideMenuLanguageAsInSettings] Capturing screenshot: Filter Applied is Dansk__2026-02-01_173705.png
2026-02-01 17:37:05.464 [TestNG-test-Yt Master Tests-1] INFO  [verifyingSideMenuLanguageAsInSettings] [verifyingSideMenuLanguageAsInSettings] Screenshot saved at: test-output/screenshots/Run_2026-02-01_17-31-30/verifyingSideMenuLanguageAsInSettings/Filter Applied is Dansk__2026-02-01_173705.png
2026-02-01 17:37:06.464 [TestNG-test-Yt Master Tests-1] INFO  [verifyingSideMenuLanguageAsInSettings] Looking for language element with name: Dansk
2026-02-01 17:37:06.464 [TestNG-test-Yt Master Tests-1] INFO  [verifyingSideMenuLanguageAsInSettings] [verifyingSideMenuLanguageAsInSettings] Trying to find element: By.xpath: //yt-multi-page-menu-section-renderer[@class='style-scope ytd-multi-page-menu-renderer']//yt-formatted-string[@id='label' and text()='Dansk']
2026-02-01 17:37:06.494 [TestNG-test-Yt Master Tests-1] INFO  [verifyingSideMenuLanguageAsInSettings] [verifyingSideMenuLanguageAsInSettings] Element found and ready (attempt 1): By.xpath: //yt-multi-page-menu-section-renderer[@class='style-scope ytd-multi-page-menu-renderer']//yt-formatted-string[@id='label' and text()='Dansk']
2026-02-01 17:37:07.512 [TestNG-test-Yt Master Tests-1] INFO  [verifyingSideMenuLanguageAsInSettings] Clicking settings ellipses button...
2026-02-01 17:37:07.512 [TestNG-test-Yt Master Tests-1] INFO  [verifyingSideMenuLanguageAsInSettings] [verifyingSideMenuLanguageAsInSettings] Trying to find element: By.xpath: //ytd-topbar-menu-button-renderer[@class='style-scope ytd-masthead style-default']
2026-02-01 17:37:08.047 [TestNG-test-Yt Master Tests-1] INFO  [verifyingSideMenuLanguageAsInSettings] [verifyingSideMenuLanguageAsInSettings] Element found and ready (attempt 1): By.xpath: //ytd-topbar-menu-button-renderer[@class='style-scope ytd-masthead style-default']
2026-02-01 17:37:08.227 [TestNG-test-Yt Master Tests-1] INFO  [verifyingSideMenuLanguageAsInSettings] Looking for language element with name: Dansk
2026-02-01 17:37:08.227 [TestNG-test-Yt Master Tests-1] INFO  [verifyingSideMenuLanguageAsInSettings] [verifyingSideMenuLanguageAsInSettings] Waiting until element is visible in viewport
2026-02-01 17:37:18.561 [TestNG-test-Yt Master Tests-1] INFO  [verifyingSideMenuLanguageAsInSettings] [verifyingSideMenuLanguageAsInSettings] Capturing screenshot: Filter Applied is Dansk__2026-02-01_173718.png
2026-02-01 17:37:18.622 [TestNG-test-Yt Master Tests-1] INFO  [verifyingSideMenuLanguageAsInSettings] [verifyingSideMenuLanguageAsInSettings] Screenshot saved at: test-output/screenshots/Run_2026-02-01_17-31-30/verifyingSideMenuLanguageAsInSettings/Filter Applied is Dansk__2026-02-01_173718.png
2026-02-01 17:37:18.622 [TestNG-test-Yt Master Tests-1] INFO  [verifyingSideMenuLanguageAsInSettings] Clicking settings ellipses button...
2026-02-01 17:37:18.622 [TestNG-test-Yt Master Tests-1] INFO  [verifyingSideMenuLanguageAsInSettings] [verifyingSideMenuLanguageAsInSettings] Trying to find element: By.xpath: //ytd-topbar-menu-button-renderer[@class='style-scope ytd-masthead style-default']
2026-02-01 17:37:18.641 [TestNG-test-Yt Master Tests-1] INFO  [verifyingSideMenuLanguageAsInSettings] [verifyingSideMenuLanguageAsInSettings] Element found and ready (attempt 1): By.xpath: //ytd-topbar-menu-button-renderer[@class='style-scope ytd-masthead style-default']
2026-02-01 17:37:20.689 [TestNG-test-Yt Master Tests-1] INFO  [verifyingSideMenuLanguageAsInSettings] Fetching the side menu in expanded view
2026-02-01 17:37:20.689 [TestNG-test-Yt Master Tests-1] INFO  [verifyingSideMenuLanguageAsInSettings] [verifyingSideMenuLanguageAsInSettings] Finding elements list: By.xpath: //ytd-guide-entry-renderer[@class='style-scope ytd-guide-section-renderer']
2026-02-01 17:37:30.881 [TestNG-test-Yt Master Tests-1] WARN  [verifyingSideMenuLanguageAsInSettings] [verifyingSideMenuLanguageAsInSettings] Attempt 1 failed to find elements: By.xpath: //ytd-guide-entry-renderer[@class='style-scope ytd-guide-section-renderer'] -> org.openqa.selenium.TimeoutException: Expected condition failed: waiting for presence of any elements located by By.xpath: //ytd-guide-entry-renderer[@class='style-scope ytd-guide-section-renderer'] (tried for 10 second(s) with 500 milliseconds interval)
Build info: version: '4.27.0', revision: 'd6e718d134'
System info: os.name: 'Windows Server 2025', os.arch: 'amd64', os.version: '10.0', java.version: '24.0.2'
Driver info: org.openqa.selenium.chrome.ChromeDriver
Capabilities {acceptInsecureCerts: false, browserName: chrome, browserVersion: 144.0.7559.97, chrome: {chromedriverVersion: 144.0.7559.109 (6a8d5e49388..., userDataDir: C:\Windows\SystemTemp\scope...}, fedcm:accounts: true, goog:chromeOptions: {debuggerAddress: localhost:62296}, goog:processID: 1248, networkConnectionEnabled: false, pageLoadStrategy: normal, platformName: windows, proxy: Proxy(), se:cdp: ws://localhost:62296/devtoo..., se:cdpVersion: 144.0.7559.97, setWindowRect: true, strictFileInteractability: false, timeouts: {implicit: 0, pageLoad: 300000, script: 30000}, unhandledPromptBehavior: dismiss and notify, webauthn:extension:credBlob: true, webauthn:extension:largeBlob: true, webauthn:extension:minPinLength: true, webauthn:extension:prf: true, webauthn:virtualAuthenticators: true}
Session ID: 992943a9e393ff7e9514100dc8c3b864
2026-02-01 17:37:41.036 [TestNG-test-Yt Master Tests-1] WARN  [verifyingSideMenuLanguageAsInSettings] [verifyingSideMenuLanguageAsInSettings] Attempt 2 failed to find elements: By.xpath: //ytd-guide-entry-renderer[@class='style-scope ytd-guide-section-renderer'] -> org.openqa.selenium.TimeoutException: Expected condition failed: waiting for presence of any elements located by By.xpath: //ytd-guide-entry-renderer[@class='style-scope ytd-guide-section-renderer'] (tried for 10 second(s) with 500 milliseconds interval)
Build info: version: '4.27.0', revision: 'd6e718d134'
System info: os.name: 'Windows Server 2025', os.arch: 'amd64', os.version: '10.0', java.version: '24.0.2'
Driver info: org.openqa.selenium.chrome.ChromeDriver
Capabilities {acceptInsecureCerts: false, browserName: chrome, browserVersion: 144.0.7559.97, chrome: {chromedriverVersion: 144.0.7559.109 (6a8d5e49388..., userDataDir: C:\Windows\SystemTemp\scope...}, fedcm:accounts: true, goog:chromeOptions: {debuggerAddress: localhost:62296}, goog:processID: 1248, networkConnectionEnabled: false, pageLoadStrategy: normal, platformName: windows, proxy: Proxy(), se:cdp: ws://localhost:62296/devtoo..., se:cdpVersion: 144.0.7559.97, setWindowRect: true, strictFileInteractability: false, timeouts: {implicit: 0, pageLoad: 300000, script: 30000}, unhandledPromptBehavior: dismiss and notify, webauthn:extension:credBlob: true, webauthn:extension:largeBlob: true, webauthn:extension:minPinLength: true, webauthn:extension:prf: true, webauthn:virtualAuthenticators: true}
Session ID: 992943a9e393ff7e9514100dc8c3b864
2026-02-01 17:37:41.036 [TestNG-test-Yt Master Tests-1] WARN  [verifyingSideMenuLanguageAsInSettings] [verifyingSideMenuLanguageAsInSettings] Attempt 2 failed — refreshing the page to recover...
2026-02-01 17:37:41.040 [TestNG-test-Yt Master Tests-1] INFO  [verifyingSideMenuLanguageAsInSettings] [verifyingSideMenuLanguageAsInSettings] Current URL before refresh: https://www.youtube.com/
2026-02-01 17:37:41.198 [TestNG-test-Yt Master Tests-1] INFO  [verifyingSideMenuLanguageAsInSettings] [verifyingSideMenuLanguageAsInSettings] Page refreshed successfully.
2026-02-01 17:37:42.704 [TestNG-test-Yt Master Tests-1] INFO  [verifyingSideMenuLanguageAsInSettings] [verifyingSideMenuLanguageAsInSettings] Page fully loaded after refresh.
2026-02-01 17:37:52.884 [TestNG-test-Yt Master Tests-1] WARN  [verifyingSideMenuLanguageAsInSettings] [verifyingSideMenuLanguageAsInSettings] Attempt 3 failed to find elements: By.xpath: //ytd-guide-entry-renderer[@class='style-scope ytd-guide-section-renderer'] -> org.openqa.selenium.TimeoutException: Expected condition failed: waiting for presence of any elements located by By.xpath: //ytd-guide-entry-renderer[@class='style-scope ytd-guide-section-renderer'] (tried for 10 second(s) with 500 milliseconds interval)
Build info: version: '4.27.0', revision: 'd6e718d134'
System info: os.name: 'Windows Server 2025', os.arch: 'amd64', os.version: '10.0', java.version: '24.0.2'
Driver info: org.openqa.selenium.chrome.ChromeDriver
Capabilities {acceptInsecureCerts: false, browserName: chrome, browserVersion: 144.0.7559.97, chrome: {chromedriverVersion: 144.0.7559.109 (6a8d5e49388..., userDataDir: C:\Windows\SystemTemp\scope...}, fedcm:accounts: true, goog:chromeOptions: {debuggerAddress: localhost:62296}, goog:processID: 1248, networkConnectionEnabled: false, pageLoadStrategy: normal, platformName: windows, proxy: Proxy(), se:cdp: ws://localhost:62296/devtoo..., se:cdpVersion: 144.0.7559.97, setWindowRect: true, strictFileInteractability: false, timeouts: {implicit: 0, pageLoad: 300000, script: 30000}, unhandledPromptBehavior: dismiss and notify, webauthn:extension:credBlob: true, webauthn:extension:largeBlob: true, webauthn:extension:minPinLength: true, webauthn:extension:prf: true, webauthn:virtualAuthenticators: true}
Session ID: 992943a9e393ff7e9514100dc8c3b864
2026-02-01 17:37:52.884 [TestNG-test-Yt Master Tests-1] WARN  [verifyingSideMenuLanguageAsInSettings] [verifyingSideMenuLanguageAsInSettings] Attempt 3 failed — refreshing the page to recover...
2026-02-01 17:37:52.888 [TestNG-test-Yt Master Tests-1] INFO  [verifyingSideMenuLanguageAsInSettings] [verifyingSideMenuLanguageAsInSettings] Current URL before refresh: https://www.youtube.com/
2026-02-01 17:37:53.051 [TestNG-test-Yt Master Tests-1] INFO  [verifyingSideMenuLanguageAsInSettings] [verifyingSideMenuLanguageAsInSettings] Page refreshed successfully.
2026-02-01 17:37:54.564 [TestNG-test-Yt Master Tests-1] INFO  [verifyingSideMenuLanguageAsInSettings] [verifyingSideMenuLanguageAsInSettings] Page fully loaded after refresh.
2026-02-01 17:37:54.564 [TestNG-test-Yt Master Tests-1] ERROR [verifyingSideMenuLanguageAsInSettings] [verifyingSideMenuLanguageAsInSettings] No elements ready after 3 attempts: By.xpath: //ytd-guide-entry-renderer[@class='style-scope ytd-guide-section-renderer']
2026-02-01 17:37:54.568 [TestNG-test-Yt Master Tests-1] INFO  [verifyingSideMenuLanguageAsInSettings] Clicking settings ellipses button...
2026-02-01 17:37:54.568 [TestNG-test-Yt Master Tests-1] INFO  [verifyingSideMenuLanguageAsInSettings] [verifyingSideMenuLanguageAsInSettings] Trying to find element: By.xpath: //ytd-topbar-menu-button-renderer[@class='style-scope ytd-masthead style-default']
2026-02-01 17:37:54.596 [TestNG-test-Yt Master Tests-1] INFO  [verifyingSideMenuLanguageAsInSettings] [verifyingSideMenuLanguageAsInSettings] Element found and ready (attempt 1): By.xpath: //ytd-topbar-menu-button-renderer[@class='style-scope ytd-masthead style-default']
2026-02-01 17:37:57.121 [TestNG-test-Yt Master Tests-1] INFO  [verifyingSideMenuLanguageAsInSettings] Clicking language dropdown...
2026-02-01 17:37:57.121 [TestNG-test-Yt Master Tests-1] INFO  [verifyingSideMenuLanguageAsInSettings] [verifyingSideMenuLanguageAsInSettings] Trying to find element: By.xpath: (//div[@id='content-icon'])[2]
2026-02-01 17:37:57.146 [TestNG-test-Yt Master Tests-1] INFO  [verifyingSideMenuLanguageAsInSettings] [verifyingSideMenuLanguageAsInSettings] Element found and ready (attempt 1): By.xpath: (//div[@id='content-icon'])[2]
2026-02-01 17:37:59.529 [TestNG-test-Yt Master Tests-1] INFO  [verifyingSideMenuLanguageAsInSettings] [verifyingSideMenuLanguageAsInSettings] Capturing screenshot: Filter Applied is Deutsch__2026-02-01_173759.png
2026-02-01 17:37:59.655 [TestNG-test-Yt Master Tests-1] INFO  [verifyingSideMenuLanguageAsInSettings] [verifyingSideMenuLanguageAsInSettings] Screenshot saved at: test-output/screenshots/Run_2026-02-01_17-31-30/verifyingSideMenuLanguageAsInSettings/Filter Applied is Deutsch__2026-02-01_173759.png
2026-02-01 17:38:00.658 [TestNG-test-Yt Master Tests-1] INFO  [verifyingSideMenuLanguageAsInSettings] Looking for language element with name: Deutsch
2026-02-01 17:38:00.658 [TestNG-test-Yt Master Tests-1] INFO  [verifyingSideMenuLanguageAsInSettings] [verifyingSideMenuLanguageAsInSettings] Trying to find element: By.xpath: //yt-multi-page-menu-section-renderer[@class='style-scope ytd-multi-page-menu-renderer']//yt-formatted-string[@id='label' and text()='Deutsch']
2026-02-01 17:38:00.684 [TestNG-test-Yt Master Tests-1] INFO  [verifyingSideMenuLanguageAsInSettings] [verifyingSideMenuLanguageAsInSettings] Element found and ready (attempt 1): By.xpath: //yt-multi-page-menu-section-renderer[@class='style-scope ytd-multi-page-menu-renderer']//yt-formatted-string[@id='label' and text()='Deutsch']
2026-02-01 17:38:01.949 [TestNG-test-Yt Master Tests-1] INFO  [verifyingSideMenuLanguageAsInSettings] Clicking settings ellipses button...
2026-02-01 17:38:01.950 [TestNG-test-Yt Master Tests-1] INFO  [verifyingSideMenuLanguageAsInSettings] [verifyingSideMenuLanguageAsInSettings] Trying to find element: By.xpath: //ytd-topbar-menu-button-renderer[@class='style-scope ytd-masthead style-default']
2026-02-01 17:38:02.346 [TestNG-test-Yt Master Tests-1] INFO  [verifyingSideMenuLanguageAsInSettings] [verifyingSideMenuLanguageAsInSettings] Element found and ready (attempt 1): By.xpath: //ytd-topbar-menu-button-renderer[@class='style-scope ytd-masthead style-default']
2026-02-01 17:38:02.521 [TestNG-test-Yt Master Tests-1] INFO  [verifyingSideMenuLanguageAsInSettings] Looking for language element with name: Deutsch
2026-02-01 17:38:02.522 [TestNG-test-Yt Master Tests-1] INFO  [verifyingSideMenuLanguageAsInSettings] [verifyingSideMenuLanguageAsInSettings] Waiting until element is visible in viewport
2026-02-01 17:38:13.008 [TestNG-test-Yt Master Tests-1] INFO  [verifyingSideMenuLanguageAsInSettings] [verifyingSideMenuLanguageAsInSettings] Capturing screenshot: Filter Applied is Deutsch__2026-02-01_173813.png
2026-02-01 17:38:13.099 [TestNG-test-Yt Master Tests-1] INFO  [verifyingSideMenuLanguageAsInSettings] [verifyingSideMenuLanguageAsInSettings] Screenshot saved at: test-output/screenshots/Run_2026-02-01_17-31-30/verifyingSideMenuLanguageAsInSettings/Filter Applied is Deutsch__2026-02-01_173813.png
2026-02-01 17:38:13.099 [TestNG-test-Yt Master Tests-1] INFO  [verifyingSideMenuLanguageAsInSettings] Clicking settings ellipses button...
2026-02-01 17:38:13.099 [TestNG-test-Yt Master Tests-1] INFO  [verifyingSideMenuLanguageAsInSettings] [verifyingSideMenuLanguageAsInSettings] Trying to find element: By.xpath: //ytd-topbar-menu-button-renderer[@class='style-scope ytd-masthead style-default']
2026-02-01 17:38:13.123 [TestNG-test-Yt Master Tests-1] INFO  [verifyingSideMenuLanguageAsInSettings] [verifyingSideMenuLanguageAsInSettings] Element found and ready (attempt 1): By.xpath: //ytd-topbar-menu-button-renderer[@class='style-scope ytd-masthead style-default']
2026-02-01 17:38:15.190 [TestNG-test-Yt Master Tests-1] INFO  [verifyingSideMenuLanguageAsInSettings] Fetching the side menu in expanded view
2026-02-01 17:38:15.190 [TestNG-test-Yt Master Tests-1] INFO  [verifyingSideMenuLanguageAsInSettings] [verifyingSideMenuLanguageAsInSettings] Finding elements list: By.xpath: //ytd-guide-entry-renderer[@class='style-scope ytd-guide-section-renderer']
2026-02-01 17:38:25.371 [TestNG-test-Yt Master Tests-1] WARN  [verifyingSideMenuLanguageAsInSettings] [verifyingSideMenuLanguageAsInSettings] Attempt 1 failed to find elements: By.xpath: //ytd-guide-entry-renderer[@class='style-scope ytd-guide-section-renderer'] -> org.openqa.selenium.TimeoutException: Expected condition failed: waiting for presence of any elements located by By.xpath: //ytd-guide-entry-renderer[@class='style-scope ytd-guide-section-renderer'] (tried for 10 second(s) with 500 milliseconds interval)
Build info: version: '4.27.0', revision: 'd6e718d134'
System info: os.name: 'Windows Server 2025', os.arch: 'amd64', os.version: '10.0', java.version: '24.0.2'
Driver info: org.openqa.selenium.chrome.ChromeDriver
Capabilities {acceptInsecureCerts: false, browserName: chrome, browserVersion: 144.0.7559.97, chrome: {chromedriverVersion: 144.0.7559.109 (6a8d5e49388..., userDataDir: C:\Windows\SystemTemp\scope...}, fedcm:accounts: true, goog:chromeOptions: {debuggerAddress: localhost:62296}, goog:processID: 1248, networkConnectionEnabled: false, pageLoadStrategy: normal, platformName: windows, proxy: Proxy(), se:cdp: ws://localhost:62296/devtoo..., se:cdpVersion: 144.0.7559.97, setWindowRect: true, strictFileInteractability: false, timeouts: {implicit: 0, pageLoad: 300000, script: 30000}, unhandledPromptBehavior: dismiss and notify, webauthn:extension:credBlob: true, webauthn:extension:largeBlob: true, webauthn:extension:minPinLength: true, webauthn:extension:prf: true, webauthn:virtualAuthenticators: true}
Session ID: 992943a9e393ff7e9514100dc8c3b864
2026-02-01 17:38:35.556 [TestNG-test-Yt Master Tests-1] WARN  [verifyingSideMenuLanguageAsInSettings] [verifyingSideMenuLanguageAsInSettings] Attempt 2 failed to find elements: By.xpath: //ytd-guide-entry-renderer[@class='style-scope ytd-guide-section-renderer'] -> org.openqa.selenium.TimeoutException: Expected condition failed: waiting for presence of any elements located by By.xpath: //ytd-guide-entry-renderer[@class='style-scope ytd-guide-section-renderer'] (tried for 10 second(s) with 500 milliseconds interval)
Build info: version: '4.27.0', revision: 'd6e718d134'
System info: os.name: 'Windows Server 2025', os.arch: 'amd64', os.version: '10.0', java.version: '24.0.2'
Driver info: org.openqa.selenium.chrome.ChromeDriver
Capabilities {acceptInsecureCerts: false, browserName: chrome, browserVersion: 144.0.7559.97, chrome: {chromedriverVersion: 144.0.7559.109 (6a8d5e49388..., userDataDir: C:\Windows\SystemTemp\scope...}, fedcm:accounts: true, goog:chromeOptions: {debuggerAddress: localhost:62296}, goog:processID: 1248, networkConnectionEnabled: false, pageLoadStrategy: normal, platformName: windows, proxy: Proxy(), se:cdp: ws://localhost:62296/devtoo..., se:cdpVersion: 144.0.7559.97, setWindowRect: true, strictFileInteractability: false, timeouts: {implicit: 0, pageLoad: 300000, script: 30000}, unhandledPromptBehavior: dismiss and notify, webauthn:extension:credBlob: true, webauthn:extension:largeBlob: true, webauthn:extension:minPinLength: true, webauthn:extension:prf: true, webauthn:virtualAuthenticators: true}
Session ID: 992943a9e393ff7e9514100dc8c3b864
2026-02-01 17:38:35.556 [TestNG-test-Yt Master Tests-1] WARN  [verifyingSideMenuLanguageAsInSettings] [verifyingSideMenuLanguageAsInSettings] Attempt 2 failed — refreshing the page to recover...
2026-02-01 17:38:35.560 [TestNG-test-Yt Master Tests-1] INFO  [verifyingSideMenuLanguageAsInSettings] [verifyingSideMenuLanguageAsInSettings] Current URL before refresh: https://www.youtube.com/
2026-02-01 17:38:35.727 [TestNG-test-Yt Master Tests-1] INFO  [verifyingSideMenuLanguageAsInSettings] [verifyingSideMenuLanguageAsInSettings] Page refreshed successfully.
2026-02-01 17:38:37.240 [TestNG-test-Yt Master Tests-1] INFO  [verifyingSideMenuLanguageAsInSettings] [verifyingSideMenuLanguageAsInSettings] Page fully loaded after refresh.
2026-02-01 17:38:47.459 [TestNG-test-Yt Master Tests-1] WARN  [verifyingSideMenuLanguageAsInSettings] [verifyingSideMenuLanguageAsInSettings] Attempt 3 failed to find elements: By.xpath: //ytd-guide-entry-renderer[@class='style-scope ytd-guide-section-renderer'] -> org.openqa.selenium.TimeoutException: Expected condition failed: waiting for presence of any elements located by By.xpath: //ytd-guide-entry-renderer[@class='style-scope ytd-guide-section-renderer'] (tried for 10 second(s) with 500 milliseconds interval)
Build info: version: '4.27.0', revision: 'd6e718d134'
System info: os.name: 'Windows Server 2025', os.arch: 'amd64', os.version: '10.0', java.version: '24.0.2'
Driver info: org.openqa.selenium.chrome.ChromeDriver
Capabilities {acceptInsecureCerts: false, browserName: chrome, browserVersion: 144.0.7559.97, chrome: {chromedriverVersion: 144.0.7559.109 (6a8d5e49388..., userDataDir: C:\Windows\SystemTemp\scope...}, fedcm:accounts: true, goog:chromeOptions: {debuggerAddress: localhost:62296}, goog:processID: 1248, networkConnectionEnabled: false, pageLoadStrategy: normal, platformName: windows, proxy: Proxy(), se:cdp: ws://localhost:62296/devtoo..., se:cdpVersion: 144.0.7559.97, setWindowRect: true, strictFileInteractability: false, timeouts: {implicit: 0, pageLoad: 300000, script: 30000}, unhandledPromptBehavior: dismiss and notify, webauthn:extension:credBlob: true, webauthn:extension:largeBlob: true, webauthn:extension:minPinLength: true, webauthn:extension:prf: true, webauthn:virtualAuthenticators: true}
Session ID: 992943a9e393ff7e9514100dc8c3b864
2026-02-01 17:38:47.459 [TestNG-test-Yt Master Tests-1] WARN  [verifyingSideMenuLanguageAsInSettings] [verifyingSideMenuLanguageAsInSettings] Attempt 3 failed — refreshing the page to recover...
2026-02-01 17:38:47.463 [TestNG-test-Yt Master Tests-1] INFO  [verifyingSideMenuLanguageAsInSettings] [verifyingSideMenuLanguageAsInSettings] Current URL before refresh: https://www.youtube.com/
2026-02-01 17:38:47.650 [TestNG-test-Yt Master Tests-1] INFO  [verifyingSideMenuLanguageAsInSettings] [verifyingSideMenuLanguageAsInSettings] Page refreshed successfully.
2026-02-01 17:38:49.155 [TestNG-test-Yt Master Tests-1] INFO  [verifyingSideMenuLanguageAsInSettings] [verifyingSideMenuLanguageAsInSettings] Page fully loaded after refresh.
2026-02-01 17:38:49.155 [TestNG-test-Yt Master Tests-1] ERROR [verifyingSideMenuLanguageAsInSettings] [verifyingSideMenuLanguageAsInSettings] No elements ready after 3 attempts: By.xpath: //ytd-guide-entry-renderer[@class='style-scope ytd-guide-section-renderer']
2026-02-01 17:38:49.156 [TestNG-test-Yt Master Tests-1] INFO  [verifyingSideMenuLanguageAsInSettings] Clicking settings ellipses button...
2026-02-01 17:38:49.156 [TestNG-test-Yt Master Tests-1] INFO  [verifyingSideMenuLanguageAsInSettings] [verifyingSideMenuLanguageAsInSettings] Trying to find element: By.xpath: //ytd-topbar-menu-button-renderer[@class='style-scope ytd-masthead style-default']
2026-02-01 17:38:49.174 [TestNG-test-Yt Master Tests-1] INFO  [verifyingSideMenuLanguageAsInSettings] [verifyingSideMenuLanguageAsInSettings] Element found and ready (attempt 1): By.xpath: //ytd-topbar-menu-button-renderer[@class='style-scope ytd-masthead style-default']
2026-02-01 17:38:51.419 [TestNG-test-Yt Master Tests-1] INFO  [verifyingSideMenuLanguageAsInSettings] Clicking language dropdown...
2026-02-01 17:38:51.419 [TestNG-test-Yt Master Tests-1] INFO  [verifyingSideMenuLanguageAsInSettings] [verifyingSideMenuLanguageAsInSettings] Trying to find element: By.xpath: (//div[@id='content-icon'])[2]
2026-02-01 17:38:51.447 [TestNG-test-Yt Master Tests-1] INFO  [verifyingSideMenuLanguageAsInSettings] [verifyingSideMenuLanguageAsInSettings] Element found and ready (attempt 1): By.xpath: (//div[@id='content-icon'])[2]
2026-02-01 17:38:53.890 [TestNG-test-Yt Master Tests-1] INFO  [verifyingSideMenuLanguageAsInSettings] [verifyingSideMenuLanguageAsInSettings] Capturing screenshot: Filter Applied is Eesti__2026-02-01_173853.png
2026-02-01 17:38:54.000 [TestNG-test-Yt Master Tests-1] INFO  [verifyingSideMenuLanguageAsInSettings] [verifyingSideMenuLanguageAsInSettings] Screenshot saved at: test-output/screenshots/Run_2026-02-01_17-31-30/verifyingSideMenuLanguageAsInSettings/Filter Applied is Eesti__2026-02-01_173853.png
2026-02-01 17:38:55.001 [TestNG-test-Yt Master Tests-1] INFO  [verifyingSideMenuLanguageAsInSettings] Looking for language element with name: Eesti
2026-02-01 17:38:55.001 [TestNG-test-Yt Master Tests-1] INFO  [verifyingSideMenuLanguageAsInSettings] [verifyingSideMenuLanguageAsInSettings] Trying to find element: By.xpath: //yt-multi-page-menu-section-renderer[@class='style-scope ytd-multi-page-menu-renderer']//yt-formatted-string[@id='label' and text()='Eesti']
2026-02-01 17:38:55.027 [TestNG-test-Yt Master Tests-1] INFO  [verifyingSideMenuLanguageAsInSettings] [verifyingSideMenuLanguageAsInSettings] Element found and ready (attempt 1): By.xpath: //yt-multi-page-menu-section-renderer[@class='style-scope ytd-multi-page-menu-renderer']//yt-formatted-string[@id='label' and text()='Eesti']
2026-02-01 17:38:56.157 [TestNG-test-Yt Master Tests-1] INFO  [verifyingSideMenuLanguageAsInSettings] Clicking settings ellipses button...
2026-02-01 17:38:56.157 [TestNG-test-Yt Master Tests-1] INFO  [verifyingSideMenuLanguageAsInSettings] [verifyingSideMenuLanguageAsInSettings] Trying to find element: By.xpath: //ytd-topbar-menu-button-renderer[@class='style-scope ytd-masthead style-default']
2026-02-01 17:38:56.816 [TestNG-test-Yt Master Tests-1] INFO  [verifyingSideMenuLanguageAsInSettings] [verifyingSideMenuLanguageAsInSettings] Element found and ready (attempt 1): By.xpath: //ytd-topbar-menu-button-renderer[@class='style-scope ytd-masthead style-default']
2026-02-01 17:38:56.886 [TestNG-test-Yt Master Tests-1] INFO  [verifyingSideMenuLanguageAsInSettings] Looking for language element with name: Eesti
2026-02-01 17:38:56.886 [TestNG-test-Yt Master Tests-1] INFO  [verifyingSideMenuLanguageAsInSettings] [verifyingSideMenuLanguageAsInSettings] Waiting until element is visible in viewport
2026-02-01 17:39:07.170 [TestNG-test-Yt Master Tests-1] INFO  [verifyingSideMenuLanguageAsInSettings] [verifyingSideMenuLanguageAsInSettings] Capturing screenshot: Filter Applied is Eesti__2026-02-01_173907.png
2026-02-01 17:39:07.235 [TestNG-test-Yt Master Tests-1] INFO  [verifyingSideMenuLanguageAsInSettings] [verifyingSideMenuLanguageAsInSettings] Screenshot saved at: test-output/screenshots/Run_2026-02-01_17-31-30/verifyingSideMenuLanguageAsInSettings/Filter Applied is Eesti__2026-02-01_173907.png
2026-02-01 17:39:07.235 [TestNG-test-Yt Master Tests-1] INFO  [verifyingSideMenuLanguageAsInSettings] Clicking settings ellipses button...
2026-02-01 17:39:07.235 [TestNG-test-Yt Master Tests-1] INFO  [verifyingSideMenuLanguageAsInSettings] [verifyingSideMenuLanguageAsInSettings] Trying to find element: By.xpath: //ytd-topbar-menu-button-renderer[@class='style-scope ytd-masthead style-default']
2026-02-01 17:39:07.258 [TestNG-test-Yt Master Tests-1] INFO  [verifyingSideMenuLanguageAsInSettings] [verifyingSideMenuLanguageAsInSettings] Element found and ready (attempt 1): By.xpath: //ytd-topbar-menu-button-renderer[@class='style-scope ytd-masthead style-default']
2026-02-01 17:39:09.313 [TestNG-test-Yt Master Tests-1] INFO  [verifyingSideMenuLanguageAsInSettings] Fetching the side menu in expanded view
2026-02-01 17:39:09.313 [TestNG-test-Yt Master Tests-1] INFO  [verifyingSideMenuLanguageAsInSettings] [verifyingSideMenuLanguageAsInSettings] Finding elements list: By.xpath: //ytd-guide-entry-renderer[@class='style-scope ytd-guide-section-renderer']
2026-02-01 17:39:19.483 [TestNG-test-Yt Master Tests-1] WARN  [verifyingSideMenuLanguageAsInSettings] [verifyingSideMenuLanguageAsInSettings] Attempt 1 failed to find elements: By.xpath: //ytd-guide-entry-renderer[@class='style-scope ytd-guide-section-renderer'] -> org.openqa.selenium.TimeoutException: Expected condition failed: waiting for presence of any elements located by By.xpath: //ytd-guide-entry-renderer[@class='style-scope ytd-guide-section-renderer'] (tried for 10 second(s) with 500 milliseconds interval)
Build info: version: '4.27.0', revision: 'd6e718d134'
System info: os.name: 'Windows Server 2025', os.arch: 'amd64', os.version: '10.0', java.version: '24.0.2'
Driver info: org.openqa.selenium.chrome.ChromeDriver
Capabilities {acceptInsecureCerts: false, browserName: chrome, browserVersion: 144.0.7559.97, chrome: {chromedriverVersion: 144.0.7559.109 (6a8d5e49388..., userDataDir: C:\Windows\SystemTemp\scope...}, fedcm:accounts: true, goog:chromeOptions: {debuggerAddress: localhost:62296}, goog:processID: 1248, networkConnectionEnabled: false, pageLoadStrategy: normal, platformName: windows, proxy: Proxy(), se:cdp: ws://localhost:62296/devtoo..., se:cdpVersion: 144.0.7559.97, setWindowRect: true, strictFileInteractability: false, timeouts: {implicit: 0, pageLoad: 300000, script: 30000}, unhandledPromptBehavior: dismiss and notify, webauthn:extension:credBlob: true, webauthn:extension:largeBlob: true, webauthn:extension:minPinLength: true, webauthn:extension:prf: true, webauthn:virtualAuthenticators: true}
Session ID: 992943a9e393ff7e9514100dc8c3b864
2026-02-01 17:39:29.650 [TestNG-test-Yt Master Tests-1] WARN  [verifyingSideMenuLanguageAsInSettings] [verifyingSideMenuLanguageAsInSettings] Attempt 2 failed to find elements: By.xpath: //ytd-guide-entry-renderer[@class='style-scope ytd-guide-section-renderer'] -> org.openqa.selenium.TimeoutException: Expected condition failed: waiting for presence of any elements located by By.xpath: //ytd-guide-entry-renderer[@class='style-scope ytd-guide-section-renderer'] (tried for 10 second(s) with 500 milliseconds interval)
Build info: version: '4.27.0', revision: 'd6e718d134'
System info: os.name: 'Windows Server 2025', os.arch: 'amd64', os.version: '10.0', java.version: '24.0.2'
Driver info: org.openqa.selenium.chrome.ChromeDriver
Capabilities {acceptInsecureCerts: false, browserName: chrome, browserVersion: 144.0.7559.97, chrome: {chromedriverVersion: 144.0.7559.109 (6a8d5e49388..., userDataDir: C:\Windows\SystemTemp\scope...}, fedcm:accounts: true, goog:chromeOptions: {debuggerAddress: localhost:62296}, goog:processID: 1248, networkConnectionEnabled: false, pageLoadStrategy: normal, platformName: windows, proxy: Proxy(), se:cdp: ws://localhost:62296/devtoo..., se:cdpVersion: 144.0.7559.97, setWindowRect: true, strictFileInteractability: false, timeouts: {implicit: 0, pageLoad: 300000, script: 30000}, unhandledPromptBehavior: dismiss and notify, webauthn:extension:credBlob: true, webauthn:extension:largeBlob: true, webauthn:extension:minPinLength: true, webauthn:extension:prf: true, webauthn:virtualAuthenticators: true}
Session ID: 992943a9e393ff7e9514100dc8c3b864
2026-02-01 17:39:29.650 [TestNG-test-Yt Master Tests-1] WARN  [verifyingSideMenuLanguageAsInSettings] [verifyingSideMenuLanguageAsInSettings] Attempt 2 failed — refreshing the page to recover...
2026-02-01 17:39:29.654 [TestNG-test-Yt Master Tests-1] INFO  [verifyingSideMenuLanguageAsInSettings] [verifyingSideMenuLanguageAsInSettings] Current URL before refresh: https://www.youtube.com/
2026-02-01 17:39:29.818 [TestNG-test-Yt Master Tests-1] INFO  [verifyingSideMenuLanguageAsInSettings] [verifyingSideMenuLanguageAsInSettings] Page refreshed successfully.
2026-02-01 17:39:31.323 [TestNG-test-Yt Master Tests-1] INFO  [verifyingSideMenuLanguageAsInSettings] [verifyingSideMenuLanguageAsInSettings] Page fully loaded after refresh.
2026-02-01 17:39:41.513 [TestNG-test-Yt Master Tests-1] WARN  [verifyingSideMenuLanguageAsInSettings] [verifyingSideMenuLanguageAsInSettings] Attempt 3 failed to find elements: By.xpath: //ytd-guide-entry-renderer[@class='style-scope ytd-guide-section-renderer'] -> org.openqa.selenium.TimeoutException: Expected condition failed: waiting for presence of any elements located by By.xpath: //ytd-guide-entry-renderer[@class='style-scope ytd-guide-section-renderer'] (tried for 10 second(s) with 500 milliseconds interval)
Build info: version: '4.27.0', revision: 'd6e718d134'
System info: os.name: 'Windows Server 2025', os.arch: 'amd64', os.version: '10.0', java.version: '24.0.2'
Driver info: org.openqa.selenium.chrome.ChromeDriver
Capabilities {acceptInsecureCerts: false, browserName: chrome, browserVersion: 144.0.7559.97, chrome: {chromedriverVersion: 144.0.7559.109 (6a8d5e49388..., userDataDir: C:\Windows\SystemTemp\scope...}, fedcm:accounts: true, goog:chromeOptions: {debuggerAddress: localhost:62296}, goog:processID: 1248, networkConnectionEnabled: false, pageLoadStrategy: normal, platformName: windows, proxy: Proxy(), se:cdp: ws://localhost:62296/devtoo..., se:cdpVersion: 144.0.7559.97, setWindowRect: true, strictFileInteractability: false, timeouts: {implicit: 0, pageLoad: 300000, script: 30000}, unhandledPromptBehavior: dismiss and notify, webauthn:extension:credBlob: true, webauthn:extension:largeBlob: true, webauthn:extension:minPinLength: true, webauthn:extension:prf: true, webauthn:virtualAuthenticators: true}
Session ID: 992943a9e393ff7e9514100dc8c3b864
2026-02-01 17:39:41.513 [TestNG-test-Yt Master Tests-1] WARN  [verifyingSideMenuLanguageAsInSettings] [verifyingSideMenuLanguageAsInSettings] Attempt 3 failed — refreshing the page to recover...
2026-02-01 17:39:41.517 [TestNG-test-Yt Master Tests-1] INFO  [verifyingSideMenuLanguageAsInSettings] [verifyingSideMenuLanguageAsInSettings] Current URL before refresh: https://www.youtube.com/
2026-02-01 17:39:42.553 [TestNG-test-Yt Master Tests-1] INFO  [verifyingSideMenuLanguageAsInSettings] [verifyingSideMenuLanguageAsInSettings] Page refreshed successfully.
2026-02-01 17:39:44.060 [TestNG-test-Yt Master Tests-1] INFO  [verifyingSideMenuLanguageAsInSettings] [verifyingSideMenuLanguageAsInSettings] Page fully loaded after refresh.
2026-02-01 17:39:44.060 [TestNG-test-Yt Master Tests-1] ERROR [verifyingSideMenuLanguageAsInSettings] [verifyingSideMenuLanguageAsInSettings] No elements ready after 3 attempts: By.xpath: //ytd-guide-entry-renderer[@class='style-scope ytd-guide-section-renderer']
2026-02-01 17:39:44.061 [TestNG-test-Yt Master Tests-1] INFO  [verifyingSideMenuLanguageAsInSettings] Clicking settings ellipses button...
2026-02-01 17:39:44.061 [TestNG-test-Yt Master Tests-1] INFO  [verifyingSideMenuLanguageAsInSettings] [verifyingSideMenuLanguageAsInSettings] Trying to find element: By.xpath: //ytd-topbar-menu-button-renderer[@class='style-scope ytd-masthead style-default']
2026-02-01 17:39:44.080 [TestNG-test-Yt Master Tests-1] INFO  [verifyingSideMenuLanguageAsInSettings] [verifyingSideMenuLanguageAsInSettings] Element found and ready (attempt 1): By.xpath: //ytd-topbar-menu-button-renderer[@class='style-scope ytd-masthead style-default']
2026-02-01 17:39:46.156 [TestNG-test-Yt Master Tests-1] INFO  [verifyingSideMenuLanguageAsInSettings] Clicking language dropdown...
2026-02-01 17:39:46.156 [TestNG-test-Yt Master Tests-1] INFO  [verifyingSideMenuLanguageAsInSettings] [verifyingSideMenuLanguageAsInSettings] Trying to find element: By.xpath: (//div[@id='content-icon'])[2]
2026-02-01 17:39:46.179 [TestNG-test-Yt Master Tests-1] INFO  [verifyingSideMenuLanguageAsInSettings] [verifyingSideMenuLanguageAsInSettings] Element found and ready (attempt 1): By.xpath: (//div[@id='content-icon'])[2]
2026-02-01 17:39:48.658 [TestNG-test-Yt Master Tests-1] INFO  [verifyingSideMenuLanguageAsInSettings] [verifyingSideMenuLanguageAsInSettings] Capturing screenshot: Filter Applied is English (India)__2026-02-01_173948.png
2026-02-01 17:39:48.776 [TestNG-test-Yt Master Tests-1] INFO  [verifyingSideMenuLanguageAsInSettings] [verifyingSideMenuLanguageAsInSettings] Screenshot saved at: test-output/screenshots/Run_2026-02-01_17-31-30/verifyingSideMenuLanguageAsInSettings/Filter Applied is English (India)__2026-02-01_173948.png
2026-02-01 17:39:49.778 [TestNG-test-Yt Master Tests-1] INFO  [verifyingSideMenuLanguageAsInSettings] Looking for language element with name: English (India)
2026-02-01 17:39:49.778 [TestNG-test-Yt Master Tests-1] INFO  [verifyingSideMenuLanguageAsInSettings] [verifyingSideMenuLanguageAsInSettings] Trying to find element: By.xpath: //yt-multi-page-menu-section-renderer[@class='style-scope ytd-multi-page-menu-renderer']//yt-formatted-string[@id='label' and text()='English (India)']
2026-02-01 17:39:49.804 [TestNG-test-Yt Master Tests-1] INFO  [verifyingSideMenuLanguageAsInSettings] [verifyingSideMenuLanguageAsInSettings] Element found and ready (attempt 1): By.xpath: //yt-multi-page-menu-section-renderer[@class='style-scope ytd-multi-page-menu-renderer']//yt-formatted-string[@id='label' and text()='English (India)']
2026-02-01 17:39:51.106 [TestNG-test-Yt Master Tests-1] INFO  [verifyingSideMenuLanguageAsInSettings] Clicking settings ellipses button...
2026-02-01 17:39:51.106 [TestNG-test-Yt Master Tests-1] INFO  [verifyingSideMenuLanguageAsInSettings] [verifyingSideMenuLanguageAsInSettings] Trying to find element: By.xpath: //ytd-topbar-menu-button-renderer[@class='style-scope ytd-masthead style-default']
2026-02-01 17:39:51.345 [TestNG-test-Yt Master Tests-1] INFO  [verifyingSideMenuLanguageAsInSettings] [verifyingSideMenuLanguageAsInSettings] Element found and ready (attempt 1): By.xpath: //ytd-topbar-menu-button-renderer[@class='style-scope ytd-masthead style-default']
2026-02-01 17:39:51.666 [TestNG-test-Yt Master Tests-1] INFO  [verifyingSideMenuLanguageAsInSettings] Looking for language element with name: English (India)
2026-02-01 17:39:51.666 [TestNG-test-Yt Master Tests-1] INFO  [verifyingSideMenuLanguageAsInSettings] [verifyingSideMenuLanguageAsInSettings] Waiting until element is visible in viewport
2026-02-01 17:40:02.098 [TestNG-test-Yt Master Tests-1] INFO  [verifyingSideMenuLanguageAsInSettings] [verifyingSideMenuLanguageAsInSettings] Capturing screenshot: Filter Applied is English (India)__2026-02-01_174002.png
2026-02-01 17:40:02.167 [TestNG-test-Yt Master Tests-1] INFO  [verifyingSideMenuLanguageAsInSettings] [verifyingSideMenuLanguageAsInSettings] Screenshot saved at: test-output/screenshots/Run_2026-02-01_17-31-30/verifyingSideMenuLanguageAsInSettings/Filter Applied is English (India)__2026-02-01_174002.png
2026-02-01 17:40:02.167 [TestNG-test-Yt Master Tests-1] INFO  [verifyingSideMenuLanguageAsInSettings] Clicking settings ellipses button...
2026-02-01 17:40:02.167 [TestNG-test-Yt Master Tests-1] INFO  [verifyingSideMenuLanguageAsInSettings] [verifyingSideMenuLanguageAsInSettings] Trying to find element: By.xpath: //ytd-topbar-menu-button-renderer[@class='style-scope ytd-masthead style-default']
2026-02-01 17:40:02.190 [TestNG-test-Yt Master Tests-1] INFO  [verifyingSideMenuLanguageAsInSettings] [verifyingSideMenuLanguageAsInSettings] Element found and ready (attempt 1): By.xpath: //ytd-topbar-menu-button-renderer[@class='style-scope ytd-masthead style-default']
2026-02-01 17:40:04.248 [TestNG-test-Yt Master Tests-1] INFO  [verifyingSideMenuLanguageAsInSettings] Fetching the side menu in expanded view
2026-02-01 17:40:04.248 [TestNG-test-Yt Master Tests-1] INFO  [verifyingSideMenuLanguageAsInSettings] [verifyingSideMenuLanguageAsInSettings] Finding elements list: By.xpath: //ytd-guide-entry-renderer[@class='style-scope ytd-guide-section-renderer']
2026-02-01 17:40:14.427 [TestNG-test-Yt Master Tests-1] WARN  [verifyingSideMenuLanguageAsInSettings] [verifyingSideMenuLanguageAsInSettings] Attempt 1 failed to find elements: By.xpath: //ytd-guide-entry-renderer[@class='style-scope ytd-guide-section-renderer'] -> org.openqa.selenium.TimeoutException: Expected condition failed: waiting for presence of any elements located by By.xpath: //ytd-guide-entry-renderer[@class='style-scope ytd-guide-section-renderer'] (tried for 10 second(s) with 500 milliseconds interval)
Build info: version: '4.27.0', revision: 'd6e718d134'
System info: os.name: 'Windows Server 2025', os.arch: 'amd64', os.version: '10.0', java.version: '24.0.2'
Driver info: org.openqa.selenium.chrome.ChromeDriver
Capabilities {acceptInsecureCerts: false, browserName: chrome, browserVersion: 144.0.7559.97, chrome: {chromedriverVersion: 144.0.7559.109 (6a8d5e49388..., userDataDir: C:\Windows\SystemTemp\scope...}, fedcm:accounts: true, goog:chromeOptions: {debuggerAddress: localhost:62296}, goog:processID: 1248, networkConnectionEnabled: false, pageLoadStrategy: normal, platformName: windows, proxy: Proxy(), se:cdp: ws://localhost:62296/devtoo..., se:cdpVersion: 144.0.7559.97, setWindowRect: true, strictFileInteractability: false, timeouts: {implicit: 0, pageLoad: 300000, script: 30000}, unhandledPromptBehavior: dismiss and notify, webauthn:extension:credBlob: true, webauthn:extension:largeBlob: true, webauthn:extension:minPinLength: true, webauthn:extension:prf: true, webauthn:virtualAuthenticators: true}
Session ID: 992943a9e393ff7e9514100dc8c3b864
2026-02-01 17:40:24.596 [TestNG-test-Yt Master Tests-1] WARN  [verifyingSideMenuLanguageAsInSettings] [verifyingSideMenuLanguageAsInSettings] Attempt 2 failed to find elements: By.xpath: //ytd-guide-entry-renderer[@class='style-scope ytd-guide-section-renderer'] -> org.openqa.selenium.TimeoutException: Expected condition failed: waiting for presence of any elements located by By.xpath: //ytd-guide-entry-renderer[@class='style-scope ytd-guide-section-renderer'] (tried for 10 second(s) with 500 milliseconds interval)
Build info: version: '4.27.0', revision: 'd6e718d134'
System info: os.name: 'Windows Server 2025', os.arch: 'amd64', os.version: '10.0', java.version: '24.0.2'
Driver info: org.openqa.selenium.chrome.ChromeDriver
Capabilities {acceptInsecureCerts: false, browserName: chrome, browserVersion: 144.0.7559.97, chrome: {chromedriverVersion: 144.0.7559.109 (6a8d5e49388..., userDataDir: C:\Windows\SystemTemp\scope...}, fedcm:accounts: true, goog:chromeOptions: {debuggerAddress: localhost:62296}, goog:processID: 1248, networkConnectionEnabled: false, pageLoadStrategy: normal, platformName: windows, proxy: Proxy(), se:cdp: ws://localhost:62296/devtoo..., se:cdpVersion: 144.0.7559.97, setWindowRect: true, strictFileInteractability: false, timeouts: {implicit: 0, pageLoad: 300000, script: 30000}, unhandledPromptBehavior: dismiss and notify, webauthn:extension:credBlob: true, webauthn:extension:largeBlob: true, webauthn:extension:minPinLength: true, webauthn:extension:prf: true, webauthn:virtualAuthenticators: true}
Session ID: 992943a9e393ff7e9514100dc8c3b864
2026-02-01 17:40:24.597 [TestNG-test-Yt Master Tests-1] WARN  [verifyingSideMenuLanguageAsInSettings] [verifyingSideMenuLanguageAsInSettings] Attempt 2 failed — refreshing the page to recover...
2026-02-01 17:40:24.601 [TestNG-test-Yt Master Tests-1] INFO  [verifyingSideMenuLanguageAsInSettings] [verifyingSideMenuLanguageAsInSettings] Current URL before refresh: https://www.youtube.com/
2026-02-01 17:40:24.762 [TestNG-test-Yt Master Tests-1] INFO  [verifyingSideMenuLanguageAsInSettings] [verifyingSideMenuLanguageAsInSettings] Page refreshed successfully.
2026-02-01 17:40:26.281 [TestNG-test-Yt Master Tests-1] INFO  [verifyingSideMenuLanguageAsInSettings] [verifyingSideMenuLanguageAsInSettings] Page fully loaded after refresh.
2026-02-01 17:40:36.608 [TestNG-test-Yt Master Tests-1] WARN  [verifyingSideMenuLanguageAsInSettings] [verifyingSideMenuLanguageAsInSettings] Attempt 3 failed to find elements: By.xpath: //ytd-guide-entry-renderer[@class='style-scope ytd-guide-section-renderer'] -> org.openqa.selenium.TimeoutException: Expected condition failed: waiting for presence of any elements located by By.xpath: //ytd-guide-entry-renderer[@class='style-scope ytd-guide-section-renderer'] (tried for 10 second(s) with 500 milliseconds interval)
Build info: version: '4.27.0', revision: 'd6e718d134'
System info: os.name: 'Windows Server 2025', os.arch: 'amd64', os.version: '10.0', java.version: '24.0.2'
Driver info: org.openqa.selenium.chrome.ChromeDriver
Capabilities {acceptInsecureCerts: false, browserName: chrome, browserVersion: 144.0.7559.97, chrome: {chromedriverVersion: 144.0.7559.109 (6a8d5e49388..., userDataDir: C:\Windows\SystemTemp\scope...}, fedcm:accounts: true, goog:chromeOptions: {debuggerAddress: localhost:62296}, goog:processID: 1248, networkConnectionEnabled: false, pageLoadStrategy: normal, platformName: windows, proxy: Proxy(), se:cdp: ws://localhost:62296/devtoo..., se:cdpVersion: 144.0.7559.97, setWindowRect: true, strictFileInteractability: false, timeouts: {implicit: 0, pageLoad: 300000, script: 30000}, unhandledPromptBehavior: dismiss and notify, webauthn:extension:credBlob: true, webauthn:extension:largeBlob: true, webauthn:extension:minPinLength: true, webauthn:extension:prf: true, webauthn:virtualAuthenticators: true}
Session ID: 992943a9e393ff7e9514100dc8c3b864
2026-02-01 17:40:36.608 [TestNG-test-Yt Master Tests-1] WARN  [verifyingSideMenuLanguageAsInSettings] [verifyingSideMenuLanguageAsInSettings] Attempt 3 failed — refreshing the page to recover...
2026-02-01 17:40:36.612 [TestNG-test-Yt Master Tests-1] INFO  [verifyingSideMenuLanguageAsInSettings] [verifyingSideMenuLanguageAsInSettings] Current URL before refresh: https://www.youtube.com/
2026-02-01 17:40:36.820 [TestNG-test-Yt Master Tests-1] INFO  [verifyingSideMenuLanguageAsInSettings] [verifyingSideMenuLanguageAsInSettings] Page refreshed successfully.
2026-02-01 17:40:38.328 [TestNG-test-Yt Master Tests-1] INFO  [verifyingSideMenuLanguageAsInSettings] [verifyingSideMenuLanguageAsInSettings] Page fully loaded after refresh.
2026-02-01 17:40:38.328 [TestNG-test-Yt Master Tests-1] ERROR [verifyingSideMenuLanguageAsInSettings] [verifyingSideMenuLanguageAsInSettings] No elements ready after 3 attempts: By.xpath: //ytd-guide-entry-renderer[@class='style-scope ytd-guide-section-renderer']
2026-02-01 17:40:38.329 [TestNG-test-Yt Master Tests-1] INFO  [verifyingSideMenuLanguageAsInSettings] Clicking settings ellipses button...
2026-02-01 17:40:38.329 [TestNG-test-Yt Master Tests-1] INFO  [verifyingSideMenuLanguageAsInSettings] [verifyingSideMenuLanguageAsInSettings] Trying to find element: By.xpath: //ytd-topbar-menu-button-renderer[@class='style-scope ytd-masthead style-default']
2026-02-01 17:40:38.355 [TestNG-test-Yt Master Tests-1] INFO  [verifyingSideMenuLanguageAsInSettings] [verifyingSideMenuLanguageAsInSettings] Element found and ready (attempt 1): By.xpath: //ytd-topbar-menu-button-renderer[@class='style-scope ytd-masthead style-default']
2026-02-01 17:40:40.529 [TestNG-test-Yt Master Tests-1] INFO  [verifyingSideMenuLanguageAsInSettings] Clicking language dropdown...
2026-02-01 17:40:40.529 [TestNG-test-Yt Master Tests-1] INFO  [verifyingSideMenuLanguageAsInSettings] [verifyingSideMenuLanguageAsInSettings] Trying to find element: By.xpath: (//div[@id='content-icon'])[2]
2026-02-01 17:40:40.563 [TestNG-test-Yt Master Tests-1] INFO  [verifyingSideMenuLanguageAsInSettings] [verifyingSideMenuLanguageAsInSettings] Element found and ready (attempt 1): By.xpath: (//div[@id='content-icon'])[2]
2026-02-01 17:40:43.097 [TestNG-test-Yt Master Tests-1] INFO  [verifyingSideMenuLanguageAsInSettings] [verifyingSideMenuLanguageAsInSettings] Not retrying test 'verifyingSideMenuLanguageAsInSettings'. Retry count: 0, Cause: The following asserts failed:
	Mismatch in the Actual and Expected data expected [Tuis Kortvideo's Intekeninge Myne Geskiedenis Musiek Flieks Regstreeks YouTube Premium YouTube Music YouTube Kids Instellings Aangeegeskiedenis Hulp Stuur terugvoer] but found [],
	Mismatch in the Actual and Expected data expected [Ev Shorts Abunəliklər Siz Tarixçə Musiqi Filmlər Canlı YouTube Premium YouTube Music YouTube Kids Ayarlar Xəbər tarixçəsi Yardım Rəy göndərin] but found [],
	Mismatch in the Actual and Expected data expected [Beranda Shorts Subscription Anda Histori Musik Film Live YouTube Premium YouTube Music YouTube Kids Setelan Histori laporan Bantuan Kirim masukan] but found [],
	Mismatch in the Actual and Expected data expected [Početna stranica Shorts Pretplate Vi Hi‪storija Muzika Filmovi Uživo YouTube Premium YouTube Music YouTube Kids Postavke Historija prijava Pomoć Pošaljite povratne informacije] but found [],
	Mismatch in the Actual and Expected data expected [Inici YouTube Shorts Subscripcions Tu Historial Música Pel·lícules En directe YouTube Premium YouTube Music YouTube Kids Configuració Historial d'informes Ajuda Envia suggeriments] but found [],
	Mismatch in the Actual and Expected data expected [Start Shorts Abonnementer Dig Historik Musik Film Live YouTube Premium YouTube Music YouTube Kids Indstillinger Rapporteringshistorik Hjælp Send feedback] but found [],
	Mismatch in the Actual and Expected data expected [Startseite Shorts Abos Mein YouTube Verlauf Musik Filme Live YouTube Premium YouTube Music YouTube Kids Einstellungen Meldeverlauf Hilfe Feedback senden] but found [],
	Mismatch in the Actual and Expected data expected [Avaleht Shorts Tellimused Teie Ajalugu Muusika Filmid Otse YouTube Premium YouTube Music YouTube Kids Seaded Teavituste ajalugu Abi Tagasiside saatmine] but found [],
	Mismatch in the Actual and Expected data expected [Home Shorts Subscriptions You History Shopping Music Films YouTube Premium YouTube Music YouTube Kids Settings Report history Help Send feedback] but found []
2026-02-01 17:40:43.124 [TestNG-test-Yt Master Tests-1] ERROR [verifyingSideMenuLanguageAsInSettings] Test FAILED: verifyingSideMenuLanguageAsInSettings - java.lang.AssertionError: The following asserts failed:
	Mismatch in the Actual and Expected data expected [Tuis Kortvideo's Intekeninge Myne Geskiedenis Musiek Flieks Regstreeks YouTube Premium YouTube Music YouTube Kids Instellings Aangeegeskiedenis Hulp Stuur terugvoer] but found [],
	Mismatch in the Actual and Expected data expected [Ev Shorts Abunəliklər Siz Tarixçə Musiqi Filmlər Canlı YouTube Premium YouTube Music YouTube Kids Ayarlar Xəbər tarixçəsi Yardım Rəy göndərin] but found [],
	Mismatch in the Actual and Expected data expected [Beranda Shorts Subscription Anda Histori Musik Film Live YouTube Premium YouTube Music YouTube Kids Setelan Histori laporan Bantuan Kirim masukan] but found [],
	Mismatch in the Actual and Expected data expected [Početna stranica Shorts Pretplate Vi Hi‪storija Muzika Filmovi Uživo YouTube Premium YouTube Music YouTube Kids Postavke Historija prijava Pomoć Pošaljite povratne informacije] but found [],
	Mismatch in the Actual and Expected data expected [Inici YouTube Shorts Subscripcions Tu Historial Música Pel·lícules En directe YouTube Premium YouTube Music YouTube Kids Configuració Historial d'informes Ajuda Envia suggeriments] but found [],
	Mismatch in the Actual and Expected data expected [Start Shorts Abonnementer Dig Historik Musik Film Live YouTube Premium YouTube Music YouTube Kids Indstillinger Rapporteringshistorik Hjælp Send feedback] but found [],
	Mismatch in the Actual and Expected data expected [Startseite Shorts Abos Mein YouTube Verlauf Musik Filme Live YouTube Premium YouTube Music YouTube Kids Einstellungen Meldeverlauf Hilfe Feedback senden] but found [],
	Mismatch in the Actual and Expected data expected [Avaleht Shorts Tellimused Teie Ajalugu Muusika Filmid Otse YouTube Premium YouTube Music YouTube Kids Seaded Teavituste ajalugu Abi Tagasiside saatmine] but found [],
	Mismatch in the Actual and Expected data expected [Home Shorts Subscriptions You History Shopping Music Films YouTube Premium YouTube Music YouTube Kids Settings Report history Help Send feedback] but found []
2026-02-01 17:40:43.124 [TestNG-test-Yt Master Tests-1] INFO  [verifyingSideMenuLanguageAsInSettings] Closing WebDriver for thread: 33
2026-02-01 17:40:43.922 [TestNG-test-Yt Master Tests-1] INFO  [verifyingSideMenuLanguageAsInSettings] WebDriver instance removed from ThreadLocal for thread: 33
2026-02-01 17:40:43.922 [TestNG-test-Yt Master Tests-1] INFO  [verifyingSideMenuLanguageAsInSettings] Driver closed for test: verifyingSideMenuLanguageAsInSettings
