2025-11-12 12:18:32.099 [TestNG-test-Test-1] INFO  [verifyingSideMenuCollapsedLangAsInSettings] ===== STARTING TEST: verifyingSideMenuCollapsedLangAsInSettings  | Thread: 31 =====
2025-11-12 12:18:32.118 [TestNG-test-Test-1] INFO  [verifyingSideMenuCollapsedLangAsInSettings] No existing WebDriver found for current thread. Initializing a new ChromeDriver...
2025-11-12 12:18:32.119 [TestNG-test-Test-1] INFO  [verifyingSideMenuCollapsedLangAsInSettings] Loaded masterdata.properties from classpath (32 keys).
2025-11-12 12:18:33.672 [TestNG-test-Test-1] INFO  [verifyingSideMenuCollapsedLangAsInSettings] WebDriverManager: chromedriver setup OK
2025-11-12 12:18:40.373 [TestNG-test-Test-1] INFO  [verifyingSideMenuCollapsedLangAsInSettings] ChromeDriver initialized successfully for thread: 31
2025-11-12 12:18:40.374 [TestNG-test-Test-1] INFO  [verifyingSideMenuCollapsedLangAsInSettings] Driver initialized successfully for test: verifyingSideMenuCollapsedLangAsInSettings
2025-11-12 12:18:41.166 [TestNG-test-Test-1] INFO  [verifyingSideMenuCollapsedLangAsInSettings] SafeActions initialized with driver ChromeDriver: chrome on windows (1a5938babecb30584a0bd21ad7c3086c)
2025-11-12 12:18:41.166 [TestNG-test-Test-1] INFO  [verifyingSideMenuCollapsedLangAsInSettings] Initialized YtLandingPage with driver: ChromeDriver: chrome on windows (1a5938babecb30584a0bd21ad7c3086c)
2025-11-12 12:18:41.167 [TestNG-test-Test-1] INFO  [verifyingSideMenuCollapsedLangAsInSettings] SafeActions initialized with driver ChromeDriver: chrome on windows (1a5938babecb30584a0bd21ad7c3086c)
2025-11-12 12:18:44.666 [TestNG-test-Test-1] INFO  [verifyingSideMenuCollapsedLangAsInSettings] Opened YouTube landing page.
2025-11-12 12:18:44.671 [TestNG-test-Test-1] INFO  [verifyingSideMenuCollapsedLangAsInSettings] [verifyingSideMenuCollapsedLangAsInSettings] Capturing screenshot: verifyingSideMenuCollapsedLangAsInSettings__2025-11-12_121844.png
2025-11-12 12:18:44.795 [TestNG-test-Test-1] INFO  [verifyingSideMenuCollapsedLangAsInSettings] [verifyingSideMenuCollapsedLangAsInSettings] Screenshot saved at: test-output/screenshots/Run_2025-11-12_12-18-06/verifyingSideMenuCollapsedLangAsInSettings/verifyingSideMenuCollapsedLangAsInSettings__2025-11-12_121844.png
2025-11-12 12:18:44.795 [TestNG-test-Test-1] INFO  [verifyingSideMenuCollapsedLangAsInSettings] Clicking left ellipses in the landing page
2025-11-12 12:18:44.795 [TestNG-test-Test-1] INFO  [verifyingSideMenuCollapsedLangAsInSettings] [verifyingSideMenuCollapsedLangAsInSettings] Trying to find element: By.xpath: //ytd-topbar-logo-renderer[@id='logo']/preceding-sibling::*[@id='guide-button']
2025-11-12 12:18:44.836 [TestNG-test-Test-1] INFO  [verifyingSideMenuCollapsedLangAsInSettings] [verifyingSideMenuCollapsedLangAsInSettings] Element found and ready (attempt 1): By.xpath: //ytd-topbar-logo-renderer[@id='logo']/preceding-sibling::*[@id='guide-button']
2025-11-12 12:18:45.038 [TestNG-test-Test-1] INFO  [verifyingSideMenuCollapsedLangAsInSettings] [verifyingSideMenuCollapsedLangAsInSettings] Capturing screenshot: verifyingSideMenuCollapsedLangAsInSettings__2025-11-12_121845.png
2025-11-12 12:18:45.211 [TestNG-test-Test-1] INFO  [verifyingSideMenuCollapsedLangAsInSettings] [verifyingSideMenuCollapsedLangAsInSettings] Screenshot saved at: test-output/screenshots/Run_2025-11-12_12-18-06/verifyingSideMenuCollapsedLangAsInSettings/verifyingSideMenuCollapsedLangAsInSettings__2025-11-12_121845.png
2025-11-12 12:18:48.212 [TestNG-test-Test-1] INFO  [verifyingSideMenuCollapsedLangAsInSettings] Clicking settings ellipses button...
2025-11-12 12:18:48.212 [TestNG-test-Test-1] INFO  [verifyingSideMenuCollapsedLangAsInSettings] [verifyingSideMenuCollapsedLangAsInSettings] Trying to find element: By.xpath: //ytd-topbar-menu-button-renderer[@class='style-scope ytd-masthead style-default']
2025-11-12 12:18:48.241 [TestNG-test-Test-1] INFO  [verifyingSideMenuCollapsedLangAsInSettings] [verifyingSideMenuCollapsedLangAsInSettings] Element found and ready (attempt 1): By.xpath: //ytd-topbar-menu-button-renderer[@class='style-scope ytd-masthead style-default']
2025-11-12 12:18:49.316 [TestNG-test-Test-1] WARN  [verifyingSideMenuCollapsedLangAsInSettings] [verifyingSideMenuCollapsedLangAsInSettings] Retrying test 'verifyingSideMenuCollapsedLangAsInSettings' (attempt 1) due to: element click intercepted: Element <ytd-topbar-menu-button-renderer class="style-scope ytd-masthead style-default" use-keyboard-focused="" is-icon-button="" has-no-text="">...</ytd-topbar-menu-button-renderer> is not clickable at point (866, 28). Other element would receive the click: <div id="scrim" class="style-scope tp-yt-app-drawer visible" style="transition-duration: 200ms;"></div>
  (Session info: chrome=142.0.7444.60)
Build info: version: '4.27.0', revision: 'd6e718d134'
System info: os.name: 'Windows Server 2025', os.arch: 'amd64', os.version: '10.0', java.version: '24.0.2'
Driver info: org.openqa.selenium.chrome.ChromeDriver
Command: [1a5938babecb30584a0bd21ad7c3086c, clickElement {id=f.BD8F740C3758277B39DA80A500802389.d.68AD2B0E5405C2E92D6FD1821D7DED8C.e.17}]
Capabilities {acceptInsecureCerts: false, browserName: chrome, browserVersion: 142.0.7444.60, chrome: {chromedriverVersion: 142.0.7444.162 (c076baf266c..., userDataDir: C:\Windows\SystemTemp\scope...}, fedcm:accounts: true, goog:chromeOptions: {debuggerAddress: localhost:55022}, goog:processID: 3216, networkConnectionEnabled: false, pageLoadStrategy: normal, platformName: windows, proxy: Proxy(), se:cdp: ws://localhost:55022/devtoo..., se:cdpVersion: 142.0.7444.60, setWindowRect: true, strictFileInteractability: false, timeouts: {implicit: 0, pageLoad: 300000, script: 30000}, unhandledPromptBehavior: dismiss and notify, webauthn:extension:credBlob: true, webauthn:extension:largeBlob: true, webauthn:extension:minPinLength: true, webauthn:extension:prf: true, webauthn:virtualAuthenticators: true}
Element: [[ChromeDriver: chrome on windows (1a5938babecb30584a0bd21ad7c3086c)] -> xpath: //ytd-topbar-menu-button-renderer[@class='style-scope ytd-masthead style-default']]
Session ID: 1a5938babecb30584a0bd21ad7c3086c
2025-11-12 12:18:49.327 [TestNG-test-Test-1] WARN  [verifyingSideMenuCollapsedLangAsInSettings] Test SKIPPED: verifyingSideMenuCollapsedLangAsInSettings
2025-11-12 12:18:49.327 [TestNG-test-Test-1] INFO  [verifyingSideMenuCollapsedLangAsInSettings] Closing WebDriver for thread: 31
2025-11-12 12:18:49.614 [TestNG-test-Test-1] INFO  [verifyingSideMenuCollapsedLangAsInSettings] WebDriver instance removed from ThreadLocal for thread: 31
2025-11-12 12:18:49.614 [TestNG-test-Test-1] INFO  [verifyingSideMenuCollapsedLangAsInSettings] Driver closed for test: verifyingSideMenuCollapsedLangAsInSettings
2025-11-12 12:18:51.625 [TestNG-test-Test-1] INFO  [verifyingSideMenuCollapsedLangAsInSettings] ===== STARTING TEST: verifyingSideMenuCollapsedLangAsInSettings  | Thread: 31 =====
2025-11-12 12:18:51.625 [TestNG-test-Test-1] INFO  [verifyingSideMenuCollapsedLangAsInSettings] No existing WebDriver found for current thread. Initializing a new ChromeDriver...
2025-11-12 12:18:51.800 [TestNG-test-Test-1] INFO  [verifyingSideMenuCollapsedLangAsInSettings] WebDriverManager: chromedriver setup OK
2025-11-12 12:18:52.949 [TestNG-test-Test-1] INFO  [verifyingSideMenuCollapsedLangAsInSettings] ChromeDriver initialized successfully for thread: 31
2025-11-12 12:18:52.949 [TestNG-test-Test-1] INFO  [verifyingSideMenuCollapsedLangAsInSettings] Driver initialized successfully for test: verifyingSideMenuCollapsedLangAsInSettings
2025-11-12 12:18:53.030 [TestNG-test-Test-1] INFO  [verifyingSideMenuCollapsedLangAsInSettings] SafeActions initialized with driver ChromeDriver: chrome on windows (a38026e094a80f2bc099db8300f96daf)
2025-11-12 12:18:53.030 [TestNG-test-Test-1] INFO  [verifyingSideMenuCollapsedLangAsInSettings] Initialized YtLandingPage with driver: ChromeDriver: chrome on windows (a38026e094a80f2bc099db8300f96daf)
2025-11-12 12:18:53.032 [TestNG-test-Test-1] INFO  [verifyingSideMenuCollapsedLangAsInSettings] SafeActions initialized with driver ChromeDriver: chrome on windows (a38026e094a80f2bc099db8300f96daf)
2025-11-12 12:18:54.621 [TestNG-test-Test-1] INFO  [verifyingSideMenuCollapsedLangAsInSettings] Opened YouTube landing page.
2025-11-12 12:18:54.621 [TestNG-test-Test-1] INFO  [verifyingSideMenuCollapsedLangAsInSettings] [verifyingSideMenuCollapsedLangAsInSettings] Capturing screenshot: verifyingSideMenuCollapsedLangAsInSettings__2025-11-12_121854.png
2025-11-12 12:18:54.878 [TestNG-test-Test-1] INFO  [verifyingSideMenuCollapsedLangAsInSettings] [verifyingSideMenuCollapsedLangAsInSettings] Screenshot saved at: test-output/screenshots/Run_2025-11-12_12-18-06/verifyingSideMenuCollapsedLangAsInSettings/verifyingSideMenuCollapsedLangAsInSettings__2025-11-12_121854.png
2025-11-12 12:18:54.879 [TestNG-test-Test-1] INFO  [verifyingSideMenuCollapsedLangAsInSettings] Clicking left ellipses in the landing page
2025-11-12 12:18:54.879 [TestNG-test-Test-1] INFO  [verifyingSideMenuCollapsedLangAsInSettings] [verifyingSideMenuCollapsedLangAsInSettings] Trying to find element: By.xpath: //ytd-topbar-logo-renderer[@id='logo']/preceding-sibling::*[@id='guide-button']
2025-11-12 12:18:54.927 [TestNG-test-Test-1] INFO  [verifyingSideMenuCollapsedLangAsInSettings] [verifyingSideMenuCollapsedLangAsInSettings] Element found and ready (attempt 1): By.xpath: //ytd-topbar-logo-renderer[@id='logo']/preceding-sibling::*[@id='guide-button']
2025-11-12 12:18:55.185 [TestNG-test-Test-1] INFO  [verifyingSideMenuCollapsedLangAsInSettings] [verifyingSideMenuCollapsedLangAsInSettings] Capturing screenshot: verifyingSideMenuCollapsedLangAsInSettings__2025-11-12_121855.png
2025-11-12 12:18:55.514 [TestNG-test-Test-1] INFO  [verifyingSideMenuCollapsedLangAsInSettings] [verifyingSideMenuCollapsedLangAsInSettings] Screenshot saved at: test-output/screenshots/Run_2025-11-12_12-18-06/verifyingSideMenuCollapsedLangAsInSettings/verifyingSideMenuCollapsedLangAsInSettings__2025-11-12_121855.png
2025-11-12 12:18:58.516 [TestNG-test-Test-1] INFO  [verifyingSideMenuCollapsedLangAsInSettings] Clicking settings ellipses button...
2025-11-12 12:18:58.516 [TestNG-test-Test-1] INFO  [verifyingSideMenuCollapsedLangAsInSettings] [verifyingSideMenuCollapsedLangAsInSettings] Trying to find element: By.xpath: //ytd-topbar-menu-button-renderer[@class='style-scope ytd-masthead style-default']
2025-11-12 12:18:58.550 [TestNG-test-Test-1] INFO  [verifyingSideMenuCollapsedLangAsInSettings] [verifyingSideMenuCollapsedLangAsInSettings] Element found and ready (attempt 1): By.xpath: //ytd-topbar-menu-button-renderer[@class='style-scope ytd-masthead style-default']
2025-11-12 12:18:59.621 [TestNG-test-Test-1] INFO  [verifyingSideMenuCollapsedLangAsInSettings] [verifyingSideMenuCollapsedLangAsInSettings] Not retrying test 'verifyingSideMenuCollapsedLangAsInSettings'. Retry count: 1, Cause: element click intercepted: Element <ytd-topbar-menu-button-renderer class="style-scope ytd-masthead style-default" use-keyboard-focused="" is-icon-button="" has-no-text="">...</ytd-topbar-menu-button-renderer> is not clickable at point (866, 28). Other element would receive the click: <div id="scrim" class="style-scope tp-yt-app-drawer visible" style="transition-duration: 200ms;"></div>
  (Session info: chrome=142.0.7444.60)
Build info: version: '4.27.0', revision: 'd6e718d134'
System info: os.name: 'Windows Server 2025', os.arch: 'amd64', os.version: '10.0', java.version: '24.0.2'
Driver info: org.openqa.selenium.chrome.ChromeDriver
Command: [a38026e094a80f2bc099db8300f96daf, clickElement {id=f.76718F66B8D5C9E8A7ED98EABB635D28.d.C126E090F66D78FEC80A0A59CDF51BE9.e.18}]
Capabilities {acceptInsecureCerts: false, browserName: chrome, browserVersion: 142.0.7444.60, chrome: {chromedriverVersion: 142.0.7444.162 (c076baf266c..., userDataDir: C:\Windows\SystemTemp\scope...}, fedcm:accounts: true, goog:chromeOptions: {debuggerAddress: localhost:61082}, goog:processID: 3620, networkConnectionEnabled: false, pageLoadStrategy: normal, platformName: windows, proxy: Proxy(), se:cdp: ws://localhost:61082/devtoo..., se:cdpVersion: 142.0.7444.60, setWindowRect: true, strictFileInteractability: false, timeouts: {implicit: 0, pageLoad: 300000, script: 30000}, unhandledPromptBehavior: dismiss and notify, webauthn:extension:credBlob: true, webauthn:extension:largeBlob: true, webauthn:extension:minPinLength: true, webauthn:extension:prf: true, webauthn:virtualAuthenticators: true}
Element: [[ChromeDriver: chrome on windows (a38026e094a80f2bc099db8300f96daf)] -> xpath: //ytd-topbar-menu-button-renderer[@class='style-scope ytd-masthead style-default']]
Session ID: a38026e094a80f2bc099db8300f96daf
2025-11-12 12:18:59.629 [TestNG-test-Test-1] ERROR [verifyingSideMenuCollapsedLangAsInSettings] Test FAILED: verifyingSideMenuCollapsedLangAsInSettings - org.openqa.selenium.ElementClickInterceptedException: element click intercepted: Element <ytd-topbar-menu-button-renderer class="style-scope ytd-masthead style-default" use-keyboard-focused="" is-icon-button="" has-no-text="">...</ytd-topbar-menu-button-renderer> is not clickable at point (866, 28). Other element would receive the click: <div id="scrim" class="style-scope tp-yt-app-drawer visible" style="transition-duration: 200ms;"></div>
  (Session info: chrome=142.0.7444.60)
Build info: version: '4.27.0', revision: 'd6e718d134'
System info: os.name: 'Windows Server 2025', os.arch: 'amd64', os.version: '10.0', java.version: '24.0.2'
Driver info: org.openqa.selenium.chrome.ChromeDriver
Command: [a38026e094a80f2bc099db8300f96daf, clickElement {id=f.76718F66B8D5C9E8A7ED98EABB635D28.d.C126E090F66D78FEC80A0A59CDF51BE9.e.18}]
Capabilities {acceptInsecureCerts: false, browserName: chrome, browserVersion: 142.0.7444.60, chrome: {chromedriverVersion: 142.0.7444.162 (c076baf266c..., userDataDir: C:\Windows\SystemTemp\scope...}, fedcm:accounts: true, goog:chromeOptions: {debuggerAddress: localhost:61082}, goog:processID: 3620, networkConnectionEnabled: false, pageLoadStrategy: normal, platformName: windows, proxy: Proxy(), se:cdp: ws://localhost:61082/devtoo..., se:cdpVersion: 142.0.7444.60, setWindowRect: true, strictFileInteractability: false, timeouts: {implicit: 0, pageLoad: 300000, script: 30000}, unhandledPromptBehavior: dismiss and notify, webauthn:extension:credBlob: true, webauthn:extension:largeBlob: true, webauthn:extension:minPinLength: true, webauthn:extension:prf: true, webauthn:virtualAuthenticators: true}
Element: [[ChromeDriver: chrome on windows (a38026e094a80f2bc099db8300f96daf)] -> xpath: //ytd-topbar-menu-button-renderer[@class='style-scope ytd-masthead style-default']]
Session ID: a38026e094a80f2bc099db8300f96daf
2025-11-12 12:18:59.630 [TestNG-test-Test-1] INFO  [verifyingSideMenuCollapsedLangAsInSettings] Closing WebDriver for thread: 31
2025-11-12 12:18:59.881 [TestNG-test-Test-1] INFO  [verifyingSideMenuCollapsedLangAsInSettings] WebDriver instance removed from ThreadLocal for thread: 31
2025-11-12 12:18:59.881 [TestNG-test-Test-1] INFO  [verifyingSideMenuCollapsedLangAsInSettings] Driver closed for test: verifyingSideMenuCollapsedLangAsInSettings
