2025-12-17 16:23:50.964 [TestNG-test-Test-1] INFO  [verifyingSideMenuCollapsedLangAsInSettings] ===== STARTING TEST: verifyingSideMenuCollapsedLangAsInSettings  | Thread: 31 =====
2025-12-17 16:23:50.984 [TestNG-test-Test-1] INFO  [verifyingSideMenuCollapsedLangAsInSettings] No existing WebDriver found for current thread. Initializing a new ChromeDriver...
2025-12-17 16:23:50.985 [TestNG-test-Test-1] INFO  [verifyingSideMenuCollapsedLangAsInSettings] Loaded config from classpath: masterdata.properties
2025-12-17 16:23:52.552 [TestNG-test-Test-1] INFO  [verifyingSideMenuCollapsedLangAsInSettings] WebDriverManager: chromedriver setup OK
2025-12-17 16:23:58.425 [TestNG-test-Test-1] INFO  [verifyingSideMenuCollapsedLangAsInSettings] ChromeDriver initialized successfully for thread: 31
2025-12-17 16:23:58.425 [TestNG-test-Test-1] INFO  [verifyingSideMenuCollapsedLangAsInSettings] Driver initialized successfully for test: verifyingSideMenuCollapsedLangAsInSettings
2025-12-17 16:23:58.601 [TestNG-test-Test-1] INFO  [verifyingSideMenuCollapsedLangAsInSettings] SafeActions initialized with driver ChromeDriver: chrome on windows (aa3e52d2d47e0afe8a5790190e463c2d)
2025-12-17 16:23:58.601 [TestNG-test-Test-1] INFO  [verifyingSideMenuCollapsedLangAsInSettings] Initialized YtLandingPage with driver: ChromeDriver: chrome on windows (aa3e52d2d47e0afe8a5790190e463c2d)
2025-12-17 16:23:58.602 [TestNG-test-Test-1] INFO  [verifyingSideMenuCollapsedLangAsInSettings] SafeActions initialized with driver ChromeDriver: chrome on windows (aa3e52d2d47e0afe8a5790190e463c2d)
2025-12-17 16:23:59.280 [TestNG-test-Test-1] WARN  [verifyingSideMenuCollapsedLangAsInSettings] [verifyingSideMenuCollapsedLangAsInSettings] Retrying test 'verifyingSideMenuCollapsedLangAsInSettings' (attempt 1) due to: ❌ Excel file not found: data/ExpectedDataGlobalForEnglish.xlsx
2025-12-17 16:23:59.289 [TestNG-test-Test-1] WARN  [verifyingSideMenuCollapsedLangAsInSettings] Test SKIPPED: verifyingSideMenuCollapsedLangAsInSettings
2025-12-17 16:23:59.289 [TestNG-test-Test-1] INFO  [verifyingSideMenuCollapsedLangAsInSettings] Closing WebDriver for thread: 31
2025-12-17 16:23:59.649 [TestNG-test-Test-1] INFO  [verifyingSideMenuCollapsedLangAsInSettings] WebDriver instance removed from ThreadLocal for thread: 31
2025-12-17 16:23:59.649 [TestNG-test-Test-1] INFO  [verifyingSideMenuCollapsedLangAsInSettings] Driver closed for test: verifyingSideMenuCollapsedLangAsInSettings
2025-12-17 16:24:01.657 [TestNG-test-Test-1] INFO  [verifyingSideMenuCollapsedLangAsInSettings] ===== STARTING TEST: verifyingSideMenuCollapsedLangAsInSettings  | Thread: 31 =====
2025-12-17 16:24:01.657 [TestNG-test-Test-1] INFO  [verifyingSideMenuCollapsedLangAsInSettings] No existing WebDriver found for current thread. Initializing a new ChromeDriver...
2025-12-17 16:24:01.844 [TestNG-test-Test-1] INFO  [verifyingSideMenuCollapsedLangAsInSettings] WebDriverManager: chromedriver setup OK
2025-12-17 16:24:03.108 [TestNG-test-Test-1] INFO  [verifyingSideMenuCollapsedLangAsInSettings] ChromeDriver initialized successfully for thread: 31
2025-12-17 16:24:03.109 [TestNG-test-Test-1] INFO  [verifyingSideMenuCollapsedLangAsInSettings] Driver initialized successfully for test: verifyingSideMenuCollapsedLangAsInSettings
2025-12-17 16:24:03.109 [TestNG-test-Test-1] INFO  [verifyingSideMenuCollapsedLangAsInSettings] SafeActions initialized with driver ChromeDriver: chrome on windows (687f699f493b031df7d6ea2ee853c386)
2025-12-17 16:24:03.109 [TestNG-test-Test-1] INFO  [verifyingSideMenuCollapsedLangAsInSettings] Initialized YtLandingPage with driver: ChromeDriver: chrome on windows (687f699f493b031df7d6ea2ee853c386)
2025-12-17 16:24:03.111 [TestNG-test-Test-1] INFO  [verifyingSideMenuCollapsedLangAsInSettings] SafeActions initialized with driver ChromeDriver: chrome on windows (687f699f493b031df7d6ea2ee853c386)
2025-12-17 16:24:03.168 [TestNG-test-Test-1] INFO  [verifyingSideMenuCollapsedLangAsInSettings] [verifyingSideMenuCollapsedLangAsInSettings] Not retrying test 'verifyingSideMenuCollapsedLangAsInSettings'. Retry count: 1, Cause: ❌ Excel file not found: data/ExpectedDataGlobalForEnglish.xlsx
2025-12-17 16:24:03.175 [TestNG-test-Test-1] ERROR [verifyingSideMenuCollapsedLangAsInSettings] Test FAILED: verifyingSideMenuCollapsedLangAsInSettings - java.lang.RuntimeException: ❌ Excel file not found: data/ExpectedDataGlobalForEnglish.xlsx
2025-12-17 16:24:03.176 [TestNG-test-Test-1] INFO  [verifyingSideMenuCollapsedLangAsInSettings] Closing WebDriver for thread: 31
2025-12-17 16:24:03.303 [TestNG-test-Test-1] INFO  [verifyingSideMenuCollapsedLangAsInSettings] WebDriver instance removed from ThreadLocal for thread: 31
2025-12-17 16:24:03.304 [TestNG-test-Test-1] INFO  [verifyingSideMenuCollapsedLangAsInSettings] Driver closed for test: verifyingSideMenuCollapsedLangAsInSettings
