2025-11-11 16:43:58.580 [TestNG-test-Test-1] INFO  [verifyingSideMenuCollapsedLangAsInSettings] ===== STARTING TEST: verifyingSideMenuCollapsedLangAsInSettings  | Thread: 31 =====
2025-11-11 16:43:58.599 [TestNG-test-Test-1] INFO  [verifyingSideMenuCollapsedLangAsInSettings] No existing WebDriver found for current thread. Initializing a new ChromeDriver...
2025-11-11 16:43:58.600 [TestNG-test-Test-1] INFO  [verifyingSideMenuCollapsedLangAsInSettings] Loaded masterdata.properties from classpath (32 keys).
2025-11-11 16:44:00.158 [TestNG-test-Test-1] INFO  [verifyingSideMenuCollapsedLangAsInSettings] WebDriverManager: chromedriver setup OK
2025-11-11 16:44:06.992 [TestNG-test-Test-1] INFO  [verifyingSideMenuCollapsedLangAsInSettings] ChromeDriver initialized successfully for thread: 31
2025-11-11 16:44:06.992 [TestNG-test-Test-1] INFO  [verifyingSideMenuCollapsedLangAsInSettings] Driver initialized successfully for test: verifyingSideMenuCollapsedLangAsInSettings
2025-11-11 16:44:07.747 [TestNG-test-Test-1] INFO  [verifyingSideMenuCollapsedLangAsInSettings] SafeActions initialized with driver ChromeDriver: chrome on windows (0d2b435aa9562c62712f5a295b25e516)
2025-11-11 16:44:07.747 [TestNG-test-Test-1] INFO  [verifyingSideMenuCollapsedLangAsInSettings] Initialized YtLandingPage with driver: ChromeDriver: chrome on windows (0d2b435aa9562c62712f5a295b25e516)
2025-11-11 16:44:07.748 [TestNG-test-Test-1] INFO  [verifyingSideMenuCollapsedLangAsInSettings] SafeActions initialized with driver ChromeDriver: chrome on windows (0d2b435aa9562c62712f5a295b25e516)
2025-11-11 16:44:09.394 [TestNG-test-Test-1] INFO  [verifyingSideMenuCollapsedLangAsInSettings] Opened YouTube landing page.
2025-11-11 16:44:09.398 [TestNG-test-Test-1] INFO  [verifyingSideMenuCollapsedLangAsInSettings] [verifyingSideMenuCollapsedLangAsInSettings] Capturing screenshot: verifyingSideMenuCollapsedLangAsInSettings__2025-11-11_164409.png
2025-11-11 16:44:09.719 [TestNG-test-Test-1] INFO  [verifyingSideMenuCollapsedLangAsInSettings] [verifyingSideMenuCollapsedLangAsInSettings] Screenshot saved at: test-output/screenshots/Run_2025-11-11_16-43-31/verifyingSideMenuCollapsedLangAsInSettings/verifyingSideMenuCollapsedLangAsInSettings__2025-11-11_164409.png
2025-11-11 16:44:09.719 [TestNG-test-Test-1] INFO  [verifyingSideMenuCollapsedLangAsInSettings] Clicking left ellipses in the landing page
2025-11-11 16:44:09.719 [TestNG-test-Test-1] INFO  [verifyingSideMenuCollapsedLangAsInSettings] [verifyingSideMenuCollapsedLangAsInSettings] Trying to find element: By.xpath: //ytd-topbar-logo-renderer[@id='logo']/preceding-sibling::*[@id='guide-button']
2025-11-11 16:44:09.946 [TestNG-test-Test-1] INFO  [verifyingSideMenuCollapsedLangAsInSettings] [verifyingSideMenuCollapsedLangAsInSettings] Element found and ready (attempt 1): By.xpath: //ytd-topbar-logo-renderer[@id='logo']/preceding-sibling::*[@id='guide-button']
2025-11-11 16:44:10.207 [TestNG-test-Test-1] INFO  [verifyingSideMenuCollapsedLangAsInSettings] [verifyingSideMenuCollapsedLangAsInSettings] Capturing screenshot: verifyingSideMenuCollapsedLangAsInSettings__2025-11-11_164410.png
2025-11-11 16:44:10.432 [TestNG-test-Test-1] INFO  [verifyingSideMenuCollapsedLangAsInSettings] [verifyingSideMenuCollapsedLangAsInSettings] Screenshot saved at: test-output/screenshots/Run_2025-11-11_16-43-31/verifyingSideMenuCollapsedLangAsInSettings/verifyingSideMenuCollapsedLangAsInSettings__2025-11-11_164410.png
2025-11-11 16:44:11.432 [TestNG-test-Test-1] INFO  [verifyingSideMenuCollapsedLangAsInSettings] Clicking settings ellipses button...
2025-11-11 16:44:11.432 [TestNG-test-Test-1] INFO  [verifyingSideMenuCollapsedLangAsInSettings] [verifyingSideMenuCollapsedLangAsInSettings] Trying to find element: By.xpath: //ytd-topbar-menu-button-renderer[@class='style-scope ytd-masthead style-default']
2025-11-11 16:44:11.461 [TestNG-test-Test-1] INFO  [verifyingSideMenuCollapsedLangAsInSettings] [verifyingSideMenuCollapsedLangAsInSettings] Element found and ready (attempt 1): By.xpath: //ytd-topbar-menu-button-renderer[@class='style-scope ytd-masthead style-default']
2025-11-11 16:44:12.548 [TestNG-test-Test-1] WARN  [verifyingSideMenuCollapsedLangAsInSettings] [verifyingSideMenuCollapsedLangAsInSettings] Retrying test 'verifyingSideMenuCollapsedLangAsInSettings' (attempt 1) due to: element click intercepted: Element <ytd-topbar-menu-button-renderer class="style-scope ytd-masthead style-default" use-keyboard-focused="" is-icon-button="" has-no-text="">...</ytd-topbar-menu-button-renderer> is not clickable at point (870, 28). Other element would receive the click: <div id="scrim" class="style-scope tp-yt-app-drawer visible" style="transition-duration: 200ms;"></div>
  (Session info: chrome=142.0.7444.60)
Build info: version: '4.27.0', revision: 'd6e718d134'
System info: os.name: 'Windows Server 2025', os.arch: 'amd64', os.version: '10.0', java.version: '24.0.2'
Driver info: org.openqa.selenium.chrome.ChromeDriver
Command: [0d2b435aa9562c62712f5a295b25e516, clickElement {id=f.695B5C7AA9945D8A84B84804AA3351B3.d.241C5DCCD87E61199C57D662192E1893.e.16}]
Capabilities {acceptInsecureCerts: false, browserName: chrome, browserVersion: 142.0.7444.60, chrome: {chromedriverVersion: 142.0.7444.61 (9884f628acbc..., userDataDir: C:\Windows\SystemTemp\scope...}, fedcm:accounts: true, goog:chromeOptions: {debuggerAddress: localhost:49216}, goog:processID: 2176, networkConnectionEnabled: false, pageLoadStrategy: normal, platformName: windows, proxy: Proxy(), se:cdp: ws://localhost:49216/devtoo..., se:cdpVersion: 142.0.7444.60, setWindowRect: true, strictFileInteractability: false, timeouts: {implicit: 0, pageLoad: 300000, script: 30000}, unhandledPromptBehavior: dismiss and notify, webauthn:extension:credBlob: true, webauthn:extension:largeBlob: true, webauthn:extension:minPinLength: true, webauthn:extension:prf: true, webauthn:virtualAuthenticators: true}
Element: [[ChromeDriver: chrome on windows (0d2b435aa9562c62712f5a295b25e516)] -> xpath: //ytd-topbar-menu-button-renderer[@class='style-scope ytd-masthead style-default']]
Session ID: 0d2b435aa9562c62712f5a295b25e516
2025-11-11 16:44:12.559 [TestNG-test-Test-1] WARN  [verifyingSideMenuCollapsedLangAsInSettings] Test SKIPPED: verifyingSideMenuCollapsedLangAsInSettings
2025-11-11 16:44:12.559 [TestNG-test-Test-1] INFO  [verifyingSideMenuCollapsedLangAsInSettings] Closing WebDriver for thread: 31
2025-11-11 16:44:12.759 [TestNG-test-Test-1] INFO  [verifyingSideMenuCollapsedLangAsInSettings] WebDriver instance removed from ThreadLocal for thread: 31
2025-11-11 16:44:12.759 [TestNG-test-Test-1] INFO  [verifyingSideMenuCollapsedLangAsInSettings] Driver closed for test: verifyingSideMenuCollapsedLangAsInSettings
2025-11-11 16:44:14.766 [TestNG-test-Test-1] INFO  [verifyingSideMenuCollapsedLangAsInSettings] ===== STARTING TEST: verifyingSideMenuCollapsedLangAsInSettings  | Thread: 31 =====
2025-11-11 16:44:14.766 [TestNG-test-Test-1] INFO  [verifyingSideMenuCollapsedLangAsInSettings] No existing WebDriver found for current thread. Initializing a new ChromeDriver...
2025-11-11 16:44:14.934 [TestNG-test-Test-1] INFO  [verifyingSideMenuCollapsedLangAsInSettings] WebDriverManager: chromedriver setup OK
2025-11-11 16:44:16.411 [TestNG-test-Test-1] INFO  [verifyingSideMenuCollapsedLangAsInSettings] ChromeDriver initialized successfully for thread: 31
2025-11-11 16:44:16.411 [TestNG-test-Test-1] INFO  [verifyingSideMenuCollapsedLangAsInSettings] Driver initialized successfully for test: verifyingSideMenuCollapsedLangAsInSettings
2025-11-11 16:44:16.495 [TestNG-test-Test-1] INFO  [verifyingSideMenuCollapsedLangAsInSettings] SafeActions initialized with driver ChromeDriver: chrome on windows (33b6aa71f7302258562c562c62bf17cf)
2025-11-11 16:44:16.495 [TestNG-test-Test-1] INFO  [verifyingSideMenuCollapsedLangAsInSettings] Initialized YtLandingPage with driver: ChromeDriver: chrome on windows (33b6aa71f7302258562c562c62bf17cf)
2025-11-11 16:44:16.495 [TestNG-test-Test-1] INFO  [verifyingSideMenuCollapsedLangAsInSettings] SafeActions initialized with driver ChromeDriver: chrome on windows (33b6aa71f7302258562c562c62bf17cf)
2025-11-11 16:44:18.853 [TestNG-test-Test-1] INFO  [verifyingSideMenuCollapsedLangAsInSettings] Opened YouTube landing page.
2025-11-11 16:44:18.855 [TestNG-test-Test-1] INFO  [verifyingSideMenuCollapsedLangAsInSettings] [verifyingSideMenuCollapsedLangAsInSettings] Capturing screenshot: verifyingSideMenuCollapsedLangAsInSettings__2025-11-11_164418.png
2025-11-11 16:44:19.089 [TestNG-test-Test-1] INFO  [verifyingSideMenuCollapsedLangAsInSettings] [verifyingSideMenuCollapsedLangAsInSettings] Screenshot saved at: test-output/screenshots/Run_2025-11-11_16-43-31/verifyingSideMenuCollapsedLangAsInSettings/verifyingSideMenuCollapsedLangAsInSettings__2025-11-11_164418.png
2025-11-11 16:44:19.089 [TestNG-test-Test-1] INFO  [verifyingSideMenuCollapsedLangAsInSettings] Clicking left ellipses in the landing page
2025-11-11 16:44:19.089 [TestNG-test-Test-1] INFO  [verifyingSideMenuCollapsedLangAsInSettings] [verifyingSideMenuCollapsedLangAsInSettings] Trying to find element: By.xpath: //ytd-topbar-logo-renderer[@id='logo']/preceding-sibling::*[@id='guide-button']
2025-11-11 16:44:19.161 [TestNG-test-Test-1] INFO  [verifyingSideMenuCollapsedLangAsInSettings] [verifyingSideMenuCollapsedLangAsInSettings] Element found and ready (attempt 1): By.xpath: //ytd-topbar-logo-renderer[@id='logo']/preceding-sibling::*[@id='guide-button']
2025-11-11 16:44:19.403 [TestNG-test-Test-1] INFO  [verifyingSideMenuCollapsedLangAsInSettings] [verifyingSideMenuCollapsedLangAsInSettings] Capturing screenshot: verifyingSideMenuCollapsedLangAsInSettings__2025-11-11_164419.png
2025-11-11 16:44:19.814 [TestNG-test-Test-1] INFO  [verifyingSideMenuCollapsedLangAsInSettings] [verifyingSideMenuCollapsedLangAsInSettings] Screenshot saved at: test-output/screenshots/Run_2025-11-11_16-43-31/verifyingSideMenuCollapsedLangAsInSettings/verifyingSideMenuCollapsedLangAsInSettings__2025-11-11_164419.png
2025-11-11 16:44:20.815 [TestNG-test-Test-1] INFO  [verifyingSideMenuCollapsedLangAsInSettings] Clicking settings ellipses button...
2025-11-11 16:44:20.815 [TestNG-test-Test-1] INFO  [verifyingSideMenuCollapsedLangAsInSettings] [verifyingSideMenuCollapsedLangAsInSettings] Trying to find element: By.xpath: //ytd-topbar-menu-button-renderer[@class='style-scope ytd-masthead style-default']
2025-11-11 16:44:20.845 [TestNG-test-Test-1] INFO  [verifyingSideMenuCollapsedLangAsInSettings] [verifyingSideMenuCollapsedLangAsInSettings] Element found and ready (attempt 1): By.xpath: //ytd-topbar-menu-button-renderer[@class='style-scope ytd-masthead style-default']
2025-11-11 16:44:21.922 [TestNG-test-Test-1] INFO  [verifyingSideMenuCollapsedLangAsInSettings] [verifyingSideMenuCollapsedLangAsInSettings] Not retrying test 'verifyingSideMenuCollapsedLangAsInSettings'. Retry count: 1, Cause: element click intercepted: Element <ytd-topbar-menu-button-renderer class="style-scope ytd-masthead style-default" use-keyboard-focused="" is-icon-button="" has-no-text="">...</ytd-topbar-menu-button-renderer> is not clickable at point (870, 28). Other element would receive the click: <div id="scrim" class="style-scope tp-yt-app-drawer visible" style="transition-duration: 200ms;"></div>
  (Session info: chrome=142.0.7444.60)
Build info: version: '4.27.0', revision: 'd6e718d134'
System info: os.name: 'Windows Server 2025', os.arch: 'amd64', os.version: '10.0', java.version: '24.0.2'
Driver info: org.openqa.selenium.chrome.ChromeDriver
Command: [33b6aa71f7302258562c562c62bf17cf, clickElement {id=f.25B9485AC95C49C2D1ACBD0E28BF5ADE.d.BA39FD25E5AD7C25A632E8DBE67A157F.e.18}]
Capabilities {acceptInsecureCerts: false, browserName: chrome, browserVersion: 142.0.7444.60, chrome: {chromedriverVersion: 142.0.7444.61 (9884f628acbc..., userDataDir: C:\Windows\SystemTemp\scope...}, fedcm:accounts: true, goog:chromeOptions: {debuggerAddress: localhost:57700}, goog:processID: 6640, networkConnectionEnabled: false, pageLoadStrategy: normal, platformName: windows, proxy: Proxy(), se:cdp: ws://localhost:57700/devtoo..., se:cdpVersion: 142.0.7444.60, setWindowRect: true, strictFileInteractability: false, timeouts: {implicit: 0, pageLoad: 300000, script: 30000}, unhandledPromptBehavior: dismiss and notify, webauthn:extension:credBlob: true, webauthn:extension:largeBlob: true, webauthn:extension:minPinLength: true, webauthn:extension:prf: true, webauthn:virtualAuthenticators: true}
Element: [[ChromeDriver: chrome on windows (33b6aa71f7302258562c562c62bf17cf)] -> xpath: //ytd-topbar-menu-button-renderer[@class='style-scope ytd-masthead style-default']]
Session ID: 33b6aa71f7302258562c562c62bf17cf
2025-11-11 16:44:21.930 [TestNG-test-Test-1] ERROR [verifyingSideMenuCollapsedLangAsInSettings] Test FAILED: verifyingSideMenuCollapsedLangAsInSettings - org.openqa.selenium.ElementClickInterceptedException: element click intercepted: Element <ytd-topbar-menu-button-renderer class="style-scope ytd-masthead style-default" use-keyboard-focused="" is-icon-button="" has-no-text="">...</ytd-topbar-menu-button-renderer> is not clickable at point (870, 28). Other element would receive the click: <div id="scrim" class="style-scope tp-yt-app-drawer visible" style="transition-duration: 200ms;"></div>
  (Session info: chrome=142.0.7444.60)
Build info: version: '4.27.0', revision: 'd6e718d134'
System info: os.name: 'Windows Server 2025', os.arch: 'amd64', os.version: '10.0', java.version: '24.0.2'
Driver info: org.openqa.selenium.chrome.ChromeDriver
Command: [33b6aa71f7302258562c562c62bf17cf, clickElement {id=f.25B9485AC95C49C2D1ACBD0E28BF5ADE.d.BA39FD25E5AD7C25A632E8DBE67A157F.e.18}]
Capabilities {acceptInsecureCerts: false, browserName: chrome, browserVersion: 142.0.7444.60, chrome: {chromedriverVersion: 142.0.7444.61 (9884f628acbc..., userDataDir: C:\Windows\SystemTemp\scope...}, fedcm:accounts: true, goog:chromeOptions: {debuggerAddress: localhost:57700}, goog:processID: 6640, networkConnectionEnabled: false, pageLoadStrategy: normal, platformName: windows, proxy: Proxy(), se:cdp: ws://localhost:57700/devtoo..., se:cdpVersion: 142.0.7444.60, setWindowRect: true, strictFileInteractability: false, timeouts: {implicit: 0, pageLoad: 300000, script: 30000}, unhandledPromptBehavior: dismiss and notify, webauthn:extension:credBlob: true, webauthn:extension:largeBlob: true, webauthn:extension:minPinLength: true, webauthn:extension:prf: true, webauthn:virtualAuthenticators: true}
Element: [[ChromeDriver: chrome on windows (33b6aa71f7302258562c562c62bf17cf)] -> xpath: //ytd-topbar-menu-button-renderer[@class='style-scope ytd-masthead style-default']]
Session ID: 33b6aa71f7302258562c562c62bf17cf
2025-11-11 16:44:21.931 [TestNG-test-Test-1] INFO  [verifyingSideMenuCollapsedLangAsInSettings] Closing WebDriver for thread: 31
2025-11-11 16:44:22.098 [TestNG-test-Test-1] INFO  [verifyingSideMenuCollapsedLangAsInSettings] WebDriver instance removed from ThreadLocal for thread: 31
2025-11-11 16:44:22.098 [TestNG-test-Test-1] INFO  [verifyingSideMenuCollapsedLangAsInSettings] Driver closed for test: verifyingSideMenuCollapsedLangAsInSettings
