2025-11-08 18:05:07.516 [TestNG-test-Test-3] INFO  [verifyingSideMenuCollapsedLangAsInSettings] ===== STARTING TEST: verifyingSideMenuCollapsedLangAsInSettings  | Thread: 36 =====
2025-11-08 18:05:07.522 [TestNG-test-Test-3] INFO  [verifyingSideMenuCollapsedLangAsInSettings] No existing WebDriver found for current thread. Initializing a new ChromeDriver...
2025-11-08 18:05:07.535 [TestNG-test-Test-3] INFO  [verifyingSideMenuCollapsedLangAsInSettings] WebDriverManager: chromedriver setup OK
2025-11-08 18:05:09.480 [TestNG-test-Test-3] INFO  [verifyingSideMenuCollapsedLangAsInSettings] ChromeDriver initialized successfully for thread: 36
2025-11-08 18:05:09.481 [TestNG-test-Test-3] INFO  [verifyingSideMenuCollapsedLangAsInSettings] Driver initialized successfully for test: verifyingSideMenuCollapsedLangAsInSettings
2025-11-08 18:05:09.483 [TestNG-test-Test-3] INFO  [verifyingSideMenuCollapsedLangAsInSettings] CI DEBUG: sys.runTimestamp='2025-11-08_17-54-17' env.RUN_TIMESTAMP='2025-11-08_17-54-17' sys.logs.dir='D:\a\youtube-multi-lang-ui-validator-automation\youtube-multi-lang-ui-validator-automation\yt_multi_language_ui_validator/logs/run_2025-11-08_17-54-17'
2025-11-08 18:05:09.483 [TestNG-test-Test-3] INFO  [verifyingSideMenuCollapsedLangAsInSettings] BasePage initialized successfully for thread 36
2025-11-08 18:05:09.483 [TestNG-test-Test-3] INFO  [verifyingSideMenuCollapsedLangAsInSettings] SafeActions initialized with driver ChromeDriver: chrome on windows (f30b8b2d3a545e77e4095474a3726083)
2025-11-08 18:05:09.483 [TestNG-test-Test-3] INFO  [verifyingSideMenuCollapsedLangAsInSettings] Initialized YtLandingPage with driver: ChromeDriver: chrome on windows (f30b8b2d3a545e77e4095474a3726083)
2025-11-08 18:05:09.483 [TestNG-test-Test-3] INFO  [verifyingSideMenuCollapsedLangAsInSettings] CI DEBUG: sys.runTimestamp='2025-11-08_17-54-17' env.RUN_TIMESTAMP='2025-11-08_17-54-17' sys.logs.dir='D:\a\youtube-multi-lang-ui-validator-automation\youtube-multi-lang-ui-validator-automation\yt_multi_language_ui_validator/logs/run_2025-11-08_17-54-17'
2025-11-08 18:05:09.483 [TestNG-test-Test-3] INFO  [verifyingSideMenuCollapsedLangAsInSettings] BasePage initialized successfully for thread 36
2025-11-08 18:05:09.484 [TestNG-test-Test-3] INFO  [verifyingSideMenuCollapsedLangAsInSettings] SafeActions initialized with driver ChromeDriver: chrome on windows (f30b8b2d3a545e77e4095474a3726083)
2025-11-08 18:05:11.466 [TestNG-test-Test-3] INFO  [verifyingSideMenuCollapsedLangAsInSettings] Opened YouTube landing page.
2025-11-08 18:05:11.466 [TestNG-test-Test-3] INFO  [verifyingSideMenuCollapsedLangAsInSettings] Clicking left ellipses in the landing page
2025-11-08 18:05:11.466 [TestNG-test-Test-3] INFO  [verifyingSideMenuCollapsedLangAsInSettings] [verifyingSideMenuCollapsedLangAsInSettings] Trying to find element: By.xpath: //ytd-topbar-logo-renderer[@id='logo']/preceding-sibling::*[@id='guide-button']
2025-11-08 18:05:11.733 [TestNG-test-Test-3] INFO  [verifyingSideMenuCollapsedLangAsInSettings] [verifyingSideMenuCollapsedLangAsInSettings] Element found and ready (attempt 1): By.xpath: //ytd-topbar-logo-renderer[@id='logo']/preceding-sibling::*[@id='guide-button']
2025-11-08 18:05:13.073 [TestNG-test-Test-3] INFO  [verifyingSideMenuCollapsedLangAsInSettings] Clicking settings ellipses button...
2025-11-08 18:05:13.073 [TestNG-test-Test-3] INFO  [verifyingSideMenuCollapsedLangAsInSettings] [verifyingSideMenuCollapsedLangAsInSettings] Trying to find element: By.xpath: //ytd-topbar-menu-button-renderer[@class='style-scope ytd-masthead style-default']
2025-11-08 18:05:13.108 [TestNG-test-Test-3] INFO  [verifyingSideMenuCollapsedLangAsInSettings] [verifyingSideMenuCollapsedLangAsInSettings] Element found and ready (attempt 1): By.xpath: //ytd-topbar-menu-button-renderer[@class='style-scope ytd-masthead style-default']
2025-11-08 18:05:14.181 [TestNG-test-Test-3] WARN  [verifyingSideMenuCollapsedLangAsInSettings] [verifyingSideMenuCollapsedLangAsInSettings] Retrying test 'verifyingSideMenuCollapsedLangAsInSettings' (attempt 1) due to: element click intercepted: Element <ytd-topbar-menu-button-renderer class="style-scope ytd-masthead style-default" use-keyboard-focused="" is-icon-button="" has-no-text="">...</ytd-topbar-menu-button-renderer> is not clickable at point (866, 28). Other element would receive the click: <div id="scrim" class="style-scope tp-yt-app-drawer visible" style="transition-duration: 200ms;"></div>
  (Session info: chrome=142.0.7444.60)
Build info: version: '4.27.0', revision: 'd6e718d134'
System info: os.name: 'Windows Server 2025', os.arch: 'amd64', os.version: '10.0', java.version: '24.0.2'
Driver info: org.openqa.selenium.chrome.ChromeDriver
Command: [f30b8b2d3a545e77e4095474a3726083, clickElement {id=f.D1C9274D29E8939480C6BD1F44C139FA.d.3C269498A8590BF46B4D45BD58C61CE9.e.17}]
Capabilities {acceptInsecureCerts: false, browserName: chrome, browserVersion: 142.0.7444.60, chrome: {chromedriverVersion: 142.0.7444.61 (9884f628acbc..., userDataDir: C:\Windows\SystemTemp\scope...}, fedcm:accounts: true, goog:chromeOptions: {debuggerAddress: localhost:60208}, goog:processID: 10224, networkConnectionEnabled: false, pageLoadStrategy: normal, platformName: windows, proxy: Proxy(), se:cdp: ws://localhost:60208/devtoo..., se:cdpVersion: 142.0.7444.60, setWindowRect: true, strictFileInteractability: false, timeouts: {implicit: 0, pageLoad: 300000, script: 30000}, unhandledPromptBehavior: dismiss and notify, webauthn:extension:credBlob: true, webauthn:extension:largeBlob: true, webauthn:extension:minPinLength: true, webauthn:extension:prf: true, webauthn:virtualAuthenticators: true}
Element: [[ChromeDriver: chrome on windows (f30b8b2d3a545e77e4095474a3726083)] -> xpath: //ytd-topbar-menu-button-renderer[@class='style-scope ytd-masthead style-default']]
Session ID: f30b8b2d3a545e77e4095474a3726083
2025-11-08 18:05:14.184 [TestNG-test-Test-3] WARN  [verifyingSideMenuCollapsedLangAsInSettings] Test SKIPPED: verifyingSideMenuCollapsedLangAsInSettings
2025-11-08 18:05:14.184 [TestNG-test-Test-3] INFO  [verifyingSideMenuCollapsedLangAsInSettings] Closing WebDriver for thread: 36
2025-11-08 18:05:14.544 [TestNG-test-Test-3] INFO  [verifyingSideMenuCollapsedLangAsInSettings] WebDriver instance removed from ThreadLocal for thread: 36
2025-11-08 18:05:14.544 [TestNG-test-Test-3] INFO  [verifyingSideMenuCollapsedLangAsInSettings] Driver closed for test: verifyingSideMenuCollapsedLangAsInSettings
2025-11-08 18:05:16.548 [TestNG-test-Test-3] INFO  [verifyingSideMenuCollapsedLangAsInSettings] ===== STARTING TEST: verifyingSideMenuCollapsedLangAsInSettings  | Thread: 36 =====
2025-11-08 18:05:16.548 [TestNG-test-Test-3] INFO  [verifyingSideMenuCollapsedLangAsInSettings] No existing WebDriver found for current thread. Initializing a new ChromeDriver...
2025-11-08 18:05:16.562 [TestNG-test-Test-3] INFO  [verifyingSideMenuCollapsedLangAsInSettings] WebDriverManager: chromedriver setup OK
2025-11-08 18:05:17.716 [TestNG-test-Test-3] INFO  [verifyingSideMenuCollapsedLangAsInSettings] ChromeDriver initialized successfully for thread: 36
2025-11-08 18:05:17.716 [TestNG-test-Test-3] INFO  [verifyingSideMenuCollapsedLangAsInSettings] Driver initialized successfully for test: verifyingSideMenuCollapsedLangAsInSettings
2025-11-08 18:05:17.717 [TestNG-test-Test-3] INFO  [verifyingSideMenuCollapsedLangAsInSettings] CI DEBUG: sys.runTimestamp='2025-11-08_17-54-17' env.RUN_TIMESTAMP='2025-11-08_17-54-17' sys.logs.dir='D:\a\youtube-multi-lang-ui-validator-automation\youtube-multi-lang-ui-validator-automation\yt_multi_language_ui_validator/logs/run_2025-11-08_17-54-17'
2025-11-08 18:05:17.718 [TestNG-test-Test-3] INFO  [verifyingSideMenuCollapsedLangAsInSettings] BasePage initialized successfully for thread 36
2025-11-08 18:05:17.718 [TestNG-test-Test-3] INFO  [verifyingSideMenuCollapsedLangAsInSettings] SafeActions initialized with driver ChromeDriver: chrome on windows (0924650ddec26efbebf9e8a7ae400a87)
2025-11-08 18:05:17.718 [TestNG-test-Test-3] INFO  [verifyingSideMenuCollapsedLangAsInSettings] Initialized YtLandingPage with driver: ChromeDriver: chrome on windows (0924650ddec26efbebf9e8a7ae400a87)
2025-11-08 18:05:17.718 [TestNG-test-Test-3] INFO  [verifyingSideMenuCollapsedLangAsInSettings] CI DEBUG: sys.runTimestamp='2025-11-08_17-54-17' env.RUN_TIMESTAMP='2025-11-08_17-54-17' sys.logs.dir='D:\a\youtube-multi-lang-ui-validator-automation\youtube-multi-lang-ui-validator-automation\yt_multi_language_ui_validator/logs/run_2025-11-08_17-54-17'
2025-11-08 18:05:17.718 [TestNG-test-Test-3] INFO  [verifyingSideMenuCollapsedLangAsInSettings] BasePage initialized successfully for thread 36
2025-11-08 18:05:17.718 [TestNG-test-Test-3] INFO  [verifyingSideMenuCollapsedLangAsInSettings] SafeActions initialized with driver ChromeDriver: chrome on windows (0924650ddec26efbebf9e8a7ae400a87)
2025-11-08 18:05:22.368 [TestNG-test-Test-3] INFO  [verifyingSideMenuCollapsedLangAsInSettings] Opened YouTube landing page.
2025-11-08 18:05:22.368 [TestNG-test-Test-3] INFO  [verifyingSideMenuCollapsedLangAsInSettings] Clicking left ellipses in the landing page
2025-11-08 18:05:22.368 [TestNG-test-Test-3] INFO  [verifyingSideMenuCollapsedLangAsInSettings] [verifyingSideMenuCollapsedLangAsInSettings] Trying to find element: By.xpath: //ytd-topbar-logo-renderer[@id='logo']/preceding-sibling::*[@id='guide-button']
2025-11-08 18:05:22.416 [TestNG-test-Test-3] INFO  [verifyingSideMenuCollapsedLangAsInSettings] [verifyingSideMenuCollapsedLangAsInSettings] Element found and ready (attempt 1): By.xpath: //ytd-topbar-logo-renderer[@id='logo']/preceding-sibling::*[@id='guide-button']
2025-11-08 18:05:23.699 [TestNG-test-Test-3] INFO  [verifyingSideMenuCollapsedLangAsInSettings] Clicking settings ellipses button...
2025-11-08 18:05:23.699 [TestNG-test-Test-3] INFO  [verifyingSideMenuCollapsedLangAsInSettings] [verifyingSideMenuCollapsedLangAsInSettings] Trying to find element: By.xpath: //ytd-topbar-menu-button-renderer[@class='style-scope ytd-masthead style-default']
2025-11-08 18:05:23.723 [TestNG-test-Test-3] INFO  [verifyingSideMenuCollapsedLangAsInSettings] [verifyingSideMenuCollapsedLangAsInSettings] Element found and ready (attempt 1): By.xpath: //ytd-topbar-menu-button-renderer[@class='style-scope ytd-masthead style-default']
2025-11-08 18:05:24.798 [TestNG-test-Test-3] INFO  [verifyingSideMenuCollapsedLangAsInSettings] [verifyingSideMenuCollapsedLangAsInSettings] Not retrying test 'verifyingSideMenuCollapsedLangAsInSettings'. Retry count: 1, Cause: element click intercepted: Element <ytd-topbar-menu-button-renderer class="style-scope ytd-masthead style-default" use-keyboard-focused="" is-icon-button="" has-no-text="">...</ytd-topbar-menu-button-renderer> is not clickable at point (866, 28). Other element would receive the click: <div id="scrim" class="style-scope tp-yt-app-drawer visible" style="transition-duration: 200ms;"></div>
  (Session info: chrome=142.0.7444.60)
Build info: version: '4.27.0', revision: 'd6e718d134'
System info: os.name: 'Windows Server 2025', os.arch: 'amd64', os.version: '10.0', java.version: '24.0.2'
Driver info: org.openqa.selenium.chrome.ChromeDriver
Command: [0924650ddec26efbebf9e8a7ae400a87, clickElement {id=f.001CC2D8F545212656361A9AFB2DE860.d.5896178A1F1F9958476C9556F93A8A63.e.18}]
Capabilities {acceptInsecureCerts: false, browserName: chrome, browserVersion: 142.0.7444.60, chrome: {chromedriverVersion: 142.0.7444.61 (9884f628acbc..., userDataDir: C:\Windows\SystemTemp\scope...}, fedcm:accounts: true, goog:chromeOptions: {debuggerAddress: localhost:64753}, goog:processID: 9652, networkConnectionEnabled: false, pageLoadStrategy: normal, platformName: windows, proxy: Proxy(), se:cdp: ws://localhost:64753/devtoo..., se:cdpVersion: 142.0.7444.60, setWindowRect: true, strictFileInteractability: false, timeouts: {implicit: 0, pageLoad: 300000, script: 30000}, unhandledPromptBehavior: dismiss and notify, webauthn:extension:credBlob: true, webauthn:extension:largeBlob: true, webauthn:extension:minPinLength: true, webauthn:extension:prf: true, webauthn:virtualAuthenticators: true}
Element: [[ChromeDriver: chrome on windows (0924650ddec26efbebf9e8a7ae400a87)] -> xpath: //ytd-topbar-menu-button-renderer[@class='style-scope ytd-masthead style-default']]
Session ID: 0924650ddec26efbebf9e8a7ae400a87
2025-11-08 18:05:24.802 [TestNG-test-Test-3] ERROR [verifyingSideMenuCollapsedLangAsInSettings] Test FAILED: verifyingSideMenuCollapsedLangAsInSettings - org.openqa.selenium.ElementClickInterceptedException: element click intercepted: Element <ytd-topbar-menu-button-renderer class="style-scope ytd-masthead style-default" use-keyboard-focused="" is-icon-button="" has-no-text="">...</ytd-topbar-menu-button-renderer> is not clickable at point (866, 28). Other element would receive the click: <div id="scrim" class="style-scope tp-yt-app-drawer visible" style="transition-duration: 200ms;"></div>
  (Session info: chrome=142.0.7444.60)
Build info: version: '4.27.0', revision: 'd6e718d134'
System info: os.name: 'Windows Server 2025', os.arch: 'amd64', os.version: '10.0', java.version: '24.0.2'
Driver info: org.openqa.selenium.chrome.ChromeDriver
Command: [0924650ddec26efbebf9e8a7ae400a87, clickElement {id=f.001CC2D8F545212656361A9AFB2DE860.d.5896178A1F1F9958476C9556F93A8A63.e.18}]
Capabilities {acceptInsecureCerts: false, browserName: chrome, browserVersion: 142.0.7444.60, chrome: {chromedriverVersion: 142.0.7444.61 (9884f628acbc..., userDataDir: C:\Windows\SystemTemp\scope...}, fedcm:accounts: true, goog:chromeOptions: {debuggerAddress: localhost:64753}, goog:processID: 9652, networkConnectionEnabled: false, pageLoadStrategy: normal, platformName: windows, proxy: Proxy(), se:cdp: ws://localhost:64753/devtoo..., se:cdpVersion: 142.0.7444.60, setWindowRect: true, strictFileInteractability: false, timeouts: {implicit: 0, pageLoad: 300000, script: 30000}, unhandledPromptBehavior: dismiss and notify, webauthn:extension:credBlob: true, webauthn:extension:largeBlob: true, webauthn:extension:minPinLength: true, webauthn:extension:prf: true, webauthn:virtualAuthenticators: true}
Element: [[ChromeDriver: chrome on windows (0924650ddec26efbebf9e8a7ae400a87)] -> xpath: //ytd-topbar-menu-button-renderer[@class='style-scope ytd-masthead style-default']]
Session ID: 0924650ddec26efbebf9e8a7ae400a87
2025-11-08 18:05:24.802 [TestNG-test-Test-3] INFO  [verifyingSideMenuCollapsedLangAsInSettings] Closing WebDriver for thread: 36
2025-11-08 18:05:25.158 [TestNG-test-Test-3] INFO  [verifyingSideMenuCollapsedLangAsInSettings] WebDriver instance removed from ThreadLocal for thread: 36
2025-11-08 18:05:25.158 [TestNG-test-Test-3] INFO  [verifyingSideMenuCollapsedLangAsInSettings] Driver closed for test: verifyingSideMenuCollapsedLangAsInSettings
