2026-02-01 12:31:37.534 [TestNG-test-Yt Master Tests-2] INFO  [verifyingSideMenuLanguageAsInSettings] ===== STARTING TEST: verifyingSideMenuLanguageAsInSettings  | Thread: 35 =====
2026-02-01 12:31:37.538 [TestNG-test-Yt Master Tests-2] INFO  [verifyingSideMenuLanguageAsInSettings] No existing WebDriver found for current thread. Initializing a new ChromeDriver...
2026-02-01 12:31:37.548 [TestNG-test-Yt Master Tests-2] INFO  [verifyingSideMenuLanguageAsInSettings] WebDriverManager: chromedriver setup OK
2026-02-01 12:31:38.663 [TestNG-test-Yt Master Tests-2] INFO  [verifyingSideMenuLanguageAsInSettings] ChromeDriver initialized successfully for thread: 35
2026-02-01 12:31:38.663 [TestNG-test-Yt Master Tests-2] INFO  [verifyingSideMenuLanguageAsInSettings] Driver initialized successfully for test: verifyingSideMenuLanguageAsInSettings
2026-02-01 12:31:38.664 [TestNG-test-Yt Master Tests-2] INFO  [verifyingSideMenuLanguageAsInSettings] SafeActions initialized with driver ChromeDriver: chrome on windows (393712a3146cb71d2d653ea8228a1a27)
2026-02-01 12:31:38.665 [TestNG-test-Yt Master Tests-2] INFO  [verifyingSideMenuLanguageAsInSettings] Initialized YtLandingPage with driver: ChromeDriver: chrome on windows (393712a3146cb71d2d653ea8228a1a27)
2026-02-01 12:31:38.665 [TestNG-test-Yt Master Tests-2] INFO  [verifyingSideMenuLanguageAsInSettings] SafeActions initialized with driver ChromeDriver: chrome on windows (393712a3146cb71d2d653ea8228a1a27)
2026-02-01 12:31:41.256 [TestNG-test-Yt Master Tests-2] INFO  [verifyingSideMenuLanguageAsInSettings] Opened YouTube landing page.
2026-02-01 12:31:41.256 [TestNG-test-Yt Master Tests-2] INFO  [verifyingSideMenuLanguageAsInSettings] Clicking settings ellipses button...
2026-02-01 12:31:41.256 [TestNG-test-Yt Master Tests-2] INFO  [verifyingSideMenuLanguageAsInSettings] [verifyingSideMenuLanguageAsInSettings] Trying to find element: By.xpath: //ytd-topbar-menu-button-renderer[@class='style-scope ytd-masthead style-default']
2026-02-01 12:31:41.345 [TestNG-test-Yt Master Tests-2] INFO  [verifyingSideMenuLanguageAsInSettings] [verifyingSideMenuLanguageAsInSettings] Element found and ready (attempt 1): By.xpath: //ytd-topbar-menu-button-renderer[@class='style-scope ytd-masthead style-default']
2026-02-01 12:31:43.469 [TestNG-test-Yt Master Tests-2] INFO  [verifyingSideMenuLanguageAsInSettings] Clicking language dropdown...
2026-02-01 12:31:43.469 [TestNG-test-Yt Master Tests-2] INFO  [verifyingSideMenuLanguageAsInSettings] [verifyingSideMenuLanguageAsInSettings] Trying to find element: By.xpath: (//div[@id='content-icon'])[2]
2026-02-01 12:31:43.495 [TestNG-test-Yt Master Tests-2] INFO  [verifyingSideMenuLanguageAsInSettings] [verifyingSideMenuLanguageAsInSettings] Element found and ready (attempt 1): By.xpath: (//div[@id='content-icon'])[2]
2026-02-01 12:31:45.966 [TestNG-test-Yt Master Tests-2] INFO  [verifyingSideMenuLanguageAsInSettings] [verifyingSideMenuLanguageAsInSettings] Execution is Not CRON Job Hence refering to normal keys from UtilData
2026-02-01 12:31:45.967 [TestNG-test-Yt Master Tests-2] INFO  [verifyingSideMenuLanguageAsInSettings] [verifyingSideMenuLanguageAsInSettings] Capturing screenshot: Filter Applied is Afrikaans__2026-02-01_123145.png
2026-02-01 12:31:46.066 [TestNG-test-Yt Master Tests-2] INFO  [verifyingSideMenuLanguageAsInSettings] [verifyingSideMenuLanguageAsInSettings] Screenshot saved at: test-output/screenshots/Run_2026-02-01_12-20-54/verifyingSideMenuLanguageAsInSettings/Filter Applied is Afrikaans__2026-02-01_123145.png
2026-02-01 12:31:47.066 [TestNG-test-Yt Master Tests-2] INFO  [verifyingSideMenuLanguageAsInSettings] Looking for language element with name: Afrikaans
2026-02-01 12:31:47.066 [TestNG-test-Yt Master Tests-2] INFO  [verifyingSideMenuLanguageAsInSettings] [verifyingSideMenuLanguageAsInSettings] Trying to find element: By.xpath: //yt-multi-page-menu-section-renderer[@class='style-scope ytd-multi-page-menu-renderer']//yt-formatted-string[@id='label' and text()='Afrikaans']
2026-02-01 12:31:47.175 [TestNG-test-Yt Master Tests-2] INFO  [verifyingSideMenuLanguageAsInSettings] [verifyingSideMenuLanguageAsInSettings] Element found and ready (attempt 1): By.xpath: //yt-multi-page-menu-section-renderer[@class='style-scope ytd-multi-page-menu-renderer']//yt-formatted-string[@id='label' and text()='Afrikaans']
2026-02-01 12:31:48.323 [TestNG-test-Yt Master Tests-2] INFO  [verifyingSideMenuLanguageAsInSettings] Clicking settings ellipses button...
2026-02-01 12:31:48.324 [TestNG-test-Yt Master Tests-2] INFO  [verifyingSideMenuLanguageAsInSettings] [verifyingSideMenuLanguageAsInSettings] Trying to find element: By.xpath: //ytd-topbar-menu-button-renderer[@class='style-scope ytd-masthead style-default']
2026-02-01 12:31:48.595 [TestNG-test-Yt Master Tests-2] INFO  [verifyingSideMenuLanguageAsInSettings] [verifyingSideMenuLanguageAsInSettings] Element found and ready (attempt 1): By.xpath: //ytd-topbar-menu-button-renderer[@class='style-scope ytd-masthead style-default']
2026-02-01 12:31:48.900 [TestNG-test-Yt Master Tests-2] INFO  [verifyingSideMenuLanguageAsInSettings] Looking for language element with name: Afrikaans
2026-02-01 12:31:48.900 [TestNG-test-Yt Master Tests-2] INFO  [verifyingSideMenuLanguageAsInSettings] [verifyingSideMenuLanguageAsInSettings] Waiting until element is visible in viewport
2026-02-01 12:31:59.300 [TestNG-test-Yt Master Tests-2] INFO  [verifyingSideMenuLanguageAsInSettings] [verifyingSideMenuLanguageAsInSettings] Capturing screenshot: Filter Applied is Afrikaans__2026-02-01_123159.png
2026-02-01 12:31:59.396 [TestNG-test-Yt Master Tests-2] INFO  [verifyingSideMenuLanguageAsInSettings] [verifyingSideMenuLanguageAsInSettings] Screenshot saved at: test-output/screenshots/Run_2026-02-01_12-20-54/verifyingSideMenuLanguageAsInSettings/Filter Applied is Afrikaans__2026-02-01_123159.png
2026-02-01 12:31:59.396 [TestNG-test-Yt Master Tests-2] INFO  [verifyingSideMenuLanguageAsInSettings] Clicking settings ellipses button...
2026-02-01 12:31:59.396 [TestNG-test-Yt Master Tests-2] INFO  [verifyingSideMenuLanguageAsInSettings] [verifyingSideMenuLanguageAsInSettings] Trying to find element: By.xpath: //ytd-topbar-menu-button-renderer[@class='style-scope ytd-masthead style-default']
2026-02-01 12:31:59.418 [TestNG-test-Yt Master Tests-2] INFO  [verifyingSideMenuLanguageAsInSettings] [verifyingSideMenuLanguageAsInSettings] Element found and ready (attempt 1): By.xpath: //ytd-topbar-menu-button-renderer[@class='style-scope ytd-masthead style-default']
2026-02-01 12:32:01.474 [TestNG-test-Yt Master Tests-2] INFO  [verifyingSideMenuLanguageAsInSettings] Fetching the side menu in expanded view
2026-02-01 12:32:01.474 [TestNG-test-Yt Master Tests-2] INFO  [verifyingSideMenuLanguageAsInSettings] [verifyingSideMenuLanguageAsInSettings] Finding elements list: By.xpath: //ytd-guide-entry-renderer[@class='style-scope ytd-guide-section-renderer']
2026-02-01 12:32:11.769 [TestNG-test-Yt Master Tests-2] WARN  [verifyingSideMenuLanguageAsInSettings] [verifyingSideMenuLanguageAsInSettings] Attempt 1 failed to find elements: By.xpath: //ytd-guide-entry-renderer[@class='style-scope ytd-guide-section-renderer'] -> org.openqa.selenium.TimeoutException: Expected condition failed: waiting for presence of any elements located by By.xpath: //ytd-guide-entry-renderer[@class='style-scope ytd-guide-section-renderer'] (tried for 10 second(s) with 500 milliseconds interval)
Build info: version: '4.27.0', revision: 'd6e718d134'
System info: os.name: 'Windows Server 2025', os.arch: 'amd64', os.version: '10.0', java.version: '24.0.2'
Driver info: org.openqa.selenium.chrome.ChromeDriver
Capabilities {acceptInsecureCerts: false, browserName: chrome, browserVersion: 144.0.7559.97, chrome: {chromedriverVersion: 144.0.7559.109 (6a8d5e49388..., userDataDir: C:\Windows\SystemTemp\scope...}, fedcm:accounts: true, goog:chromeOptions: {debuggerAddress: localhost:64244}, goog:processID: 4636, networkConnectionEnabled: false, pageLoadStrategy: normal, platformName: windows, proxy: Proxy(), se:cdp: ws://localhost:64244/devtoo..., se:cdpVersion: 144.0.7559.97, setWindowRect: true, strictFileInteractability: false, timeouts: {implicit: 0, pageLoad: 300000, script: 30000}, unhandledPromptBehavior: dismiss and notify, webauthn:extension:credBlob: true, webauthn:extension:largeBlob: true, webauthn:extension:minPinLength: true, webauthn:extension:prf: true, webauthn:virtualAuthenticators: true}
Session ID: 393712a3146cb71d2d653ea8228a1a27
2026-02-01 12:32:21.982 [TestNG-test-Yt Master Tests-2] WARN  [verifyingSideMenuLanguageAsInSettings] [verifyingSideMenuLanguageAsInSettings] Attempt 2 failed to find elements: By.xpath: //ytd-guide-entry-renderer[@class='style-scope ytd-guide-section-renderer'] -> org.openqa.selenium.TimeoutException: Expected condition failed: waiting for presence of any elements located by By.xpath: //ytd-guide-entry-renderer[@class='style-scope ytd-guide-section-renderer'] (tried for 10 second(s) with 500 milliseconds interval)
Build info: version: '4.27.0', revision: 'd6e718d134'
System info: os.name: 'Windows Server 2025', os.arch: 'amd64', os.version: '10.0', java.version: '24.0.2'
Driver info: org.openqa.selenium.chrome.ChromeDriver
Capabilities {acceptInsecureCerts: false, browserName: chrome, browserVersion: 144.0.7559.97, chrome: {chromedriverVersion: 144.0.7559.109 (6a8d5e49388..., userDataDir: C:\Windows\SystemTemp\scope...}, fedcm:accounts: true, goog:chromeOptions: {debuggerAddress: localhost:64244}, goog:processID: 4636, networkConnectionEnabled: false, pageLoadStrategy: normal, platformName: windows, proxy: Proxy(), se:cdp: ws://localhost:64244/devtoo..., se:cdpVersion: 144.0.7559.97, setWindowRect: true, strictFileInteractability: false, timeouts: {implicit: 0, pageLoad: 300000, script: 30000}, unhandledPromptBehavior: dismiss and notify, webauthn:extension:credBlob: true, webauthn:extension:largeBlob: true, webauthn:extension:minPinLength: true, webauthn:extension:prf: true, webauthn:virtualAuthenticators: true}
Session ID: 393712a3146cb71d2d653ea8228a1a27
2026-02-01 12:32:21.982 [TestNG-test-Yt Master Tests-2] WARN  [verifyingSideMenuLanguageAsInSettings] [verifyingSideMenuLanguageAsInSettings] Attempt 2 failed — refreshing the page to recover...
2026-02-01 12:32:21.987 [TestNG-test-Yt Master Tests-2] INFO  [verifyingSideMenuLanguageAsInSettings] [verifyingSideMenuLanguageAsInSettings] Current URL before refresh: https://www.youtube.com/
2026-02-01 12:32:23.326 [TestNG-test-Yt Master Tests-2] INFO  [verifyingSideMenuLanguageAsInSettings] [verifyingSideMenuLanguageAsInSettings] Page refreshed successfully.
2026-02-01 12:32:24.832 [TestNG-test-Yt Master Tests-2] INFO  [verifyingSideMenuLanguageAsInSettings] [verifyingSideMenuLanguageAsInSettings] Page fully loaded after refresh.
2026-02-01 12:32:34.991 [TestNG-test-Yt Master Tests-2] WARN  [verifyingSideMenuLanguageAsInSettings] [verifyingSideMenuLanguageAsInSettings] Attempt 3 failed to find elements: By.xpath: //ytd-guide-entry-renderer[@class='style-scope ytd-guide-section-renderer'] -> org.openqa.selenium.TimeoutException: Expected condition failed: waiting for presence of any elements located by By.xpath: //ytd-guide-entry-renderer[@class='style-scope ytd-guide-section-renderer'] (tried for 10 second(s) with 500 milliseconds interval)
Build info: version: '4.27.0', revision: 'd6e718d134'
System info: os.name: 'Windows Server 2025', os.arch: 'amd64', os.version: '10.0', java.version: '24.0.2'
Driver info: org.openqa.selenium.chrome.ChromeDriver
Capabilities {acceptInsecureCerts: false, browserName: chrome, browserVersion: 144.0.7559.97, chrome: {chromedriverVersion: 144.0.7559.109 (6a8d5e49388..., userDataDir: C:\Windows\SystemTemp\scope...}, fedcm:accounts: true, goog:chromeOptions: {debuggerAddress: localhost:64244}, goog:processID: 4636, networkConnectionEnabled: false, pageLoadStrategy: normal, platformName: windows, proxy: Proxy(), se:cdp: ws://localhost:64244/devtoo..., se:cdpVersion: 144.0.7559.97, setWindowRect: true, strictFileInteractability: false, timeouts: {implicit: 0, pageLoad: 300000, script: 30000}, unhandledPromptBehavior: dismiss and notify, webauthn:extension:credBlob: true, webauthn:extension:largeBlob: true, webauthn:extension:minPinLength: true, webauthn:extension:prf: true, webauthn:virtualAuthenticators: true}
Session ID: 393712a3146cb71d2d653ea8228a1a27
2026-02-01 12:32:34.991 [TestNG-test-Yt Master Tests-2] WARN  [verifyingSideMenuLanguageAsInSettings] [verifyingSideMenuLanguageAsInSettings] Attempt 3 failed — refreshing the page to recover...
2026-02-01 12:32:34.993 [TestNG-test-Yt Master Tests-2] INFO  [verifyingSideMenuLanguageAsInSettings] [verifyingSideMenuLanguageAsInSettings] Current URL before refresh: https://www.youtube.com/
2026-02-01 12:32:35.162 [TestNG-test-Yt Master Tests-2] INFO  [verifyingSideMenuLanguageAsInSettings] [verifyingSideMenuLanguageAsInSettings] Page refreshed successfully.
2026-02-01 12:32:36.669 [TestNG-test-Yt Master Tests-2] INFO  [verifyingSideMenuLanguageAsInSettings] [verifyingSideMenuLanguageAsInSettings] Page fully loaded after refresh.
2026-02-01 12:32:36.669 [TestNG-test-Yt Master Tests-2] ERROR [verifyingSideMenuLanguageAsInSettings] [verifyingSideMenuLanguageAsInSettings] No elements ready after 3 attempts: By.xpath: //ytd-guide-entry-renderer[@class='style-scope ytd-guide-section-renderer']
2026-02-01 12:32:36.669 [TestNG-test-Yt Master Tests-2] INFO  [verifyingSideMenuLanguageAsInSettings] Clicking settings ellipses button...
2026-02-01 12:32:36.670 [TestNG-test-Yt Master Tests-2] INFO  [verifyingSideMenuLanguageAsInSettings] [verifyingSideMenuLanguageAsInSettings] Trying to find element: By.xpath: //ytd-topbar-menu-button-renderer[@class='style-scope ytd-masthead style-default']
2026-02-01 12:32:36.689 [TestNG-test-Yt Master Tests-2] INFO  [verifyingSideMenuLanguageAsInSettings] [verifyingSideMenuLanguageAsInSettings] Element found and ready (attempt 1): By.xpath: //ytd-topbar-menu-button-renderer[@class='style-scope ytd-masthead style-default']
2026-02-01 12:32:38.847 [TestNG-test-Yt Master Tests-2] INFO  [verifyingSideMenuLanguageAsInSettings] Clicking language dropdown...
2026-02-01 12:32:38.847 [TestNG-test-Yt Master Tests-2] INFO  [verifyingSideMenuLanguageAsInSettings] [verifyingSideMenuLanguageAsInSettings] Trying to find element: By.xpath: (//div[@id='content-icon'])[2]
2026-02-01 12:32:38.909 [TestNG-test-Yt Master Tests-2] INFO  [verifyingSideMenuLanguageAsInSettings] [verifyingSideMenuLanguageAsInSettings] Element found and ready (attempt 1): By.xpath: (//div[@id='content-icon'])[2]
2026-02-01 12:32:41.293 [TestNG-test-Yt Master Tests-2] INFO  [verifyingSideMenuLanguageAsInSettings] [verifyingSideMenuLanguageAsInSettings] Capturing screenshot: Filter Applied is Azərbaycan__2026-02-01_123241.png
2026-02-01 12:32:41.413 [TestNG-test-Yt Master Tests-2] INFO  [verifyingSideMenuLanguageAsInSettings] [verifyingSideMenuLanguageAsInSettings] Screenshot saved at: test-output/screenshots/Run_2026-02-01_12-20-54/verifyingSideMenuLanguageAsInSettings/Filter Applied is Azərbaycan__2026-02-01_123241.png
2026-02-01 12:32:42.414 [TestNG-test-Yt Master Tests-2] INFO  [verifyingSideMenuLanguageAsInSettings] Looking for language element with name: Azərbaycan
2026-02-01 12:32:42.414 [TestNG-test-Yt Master Tests-2] INFO  [verifyingSideMenuLanguageAsInSettings] [verifyingSideMenuLanguageAsInSettings] Trying to find element: By.xpath: //yt-multi-page-menu-section-renderer[@class='style-scope ytd-multi-page-menu-renderer']//yt-formatted-string[@id='label' and text()='Azərbaycan']
2026-02-01 12:32:42.440 [TestNG-test-Yt Master Tests-2] INFO  [verifyingSideMenuLanguageAsInSettings] [verifyingSideMenuLanguageAsInSettings] Element found and ready (attempt 1): By.xpath: //yt-multi-page-menu-section-renderer[@class='style-scope ytd-multi-page-menu-renderer']//yt-formatted-string[@id='label' and text()='Azərbaycan']
2026-02-01 12:32:43.502 [TestNG-test-Yt Master Tests-2] INFO  [verifyingSideMenuLanguageAsInSettings] Clicking settings ellipses button...
2026-02-01 12:32:43.502 [TestNG-test-Yt Master Tests-2] INFO  [verifyingSideMenuLanguageAsInSettings] [verifyingSideMenuLanguageAsInSettings] Trying to find element: By.xpath: //ytd-topbar-menu-button-renderer[@class='style-scope ytd-masthead style-default']
2026-02-01 12:32:43.788 [TestNG-test-Yt Master Tests-2] INFO  [verifyingSideMenuLanguageAsInSettings] [verifyingSideMenuLanguageAsInSettings] Element found and ready (attempt 1): By.xpath: //ytd-topbar-menu-button-renderer[@class='style-scope ytd-masthead style-default']
2026-02-01 12:32:44.072 [TestNG-test-Yt Master Tests-2] INFO  [verifyingSideMenuLanguageAsInSettings] Looking for language element with name: Azərbaycan
2026-02-01 12:32:44.073 [TestNG-test-Yt Master Tests-2] INFO  [verifyingSideMenuLanguageAsInSettings] [verifyingSideMenuLanguageAsInSettings] Waiting until element is visible in viewport
2026-02-01 12:32:54.517 [TestNG-test-Yt Master Tests-2] INFO  [verifyingSideMenuLanguageAsInSettings] [verifyingSideMenuLanguageAsInSettings] Capturing screenshot: Filter Applied is Azərbaycan__2026-02-01_123254.png
2026-02-01 12:32:54.604 [TestNG-test-Yt Master Tests-2] INFO  [verifyingSideMenuLanguageAsInSettings] [verifyingSideMenuLanguageAsInSettings] Screenshot saved at: test-output/screenshots/Run_2026-02-01_12-20-54/verifyingSideMenuLanguageAsInSettings/Filter Applied is Azərbaycan__2026-02-01_123254.png
2026-02-01 12:32:54.604 [TestNG-test-Yt Master Tests-2] INFO  [verifyingSideMenuLanguageAsInSettings] Clicking settings ellipses button...
2026-02-01 12:32:54.604 [TestNG-test-Yt Master Tests-2] INFO  [verifyingSideMenuLanguageAsInSettings] [verifyingSideMenuLanguageAsInSettings] Trying to find element: By.xpath: //ytd-topbar-menu-button-renderer[@class='style-scope ytd-masthead style-default']
2026-02-01 12:32:54.631 [TestNG-test-Yt Master Tests-2] INFO  [verifyingSideMenuLanguageAsInSettings] [verifyingSideMenuLanguageAsInSettings] Element found and ready (attempt 1): By.xpath: //ytd-topbar-menu-button-renderer[@class='style-scope ytd-masthead style-default']
2026-02-01 12:32:56.736 [TestNG-test-Yt Master Tests-2] INFO  [verifyingSideMenuLanguageAsInSettings] Fetching the side menu in expanded view
2026-02-01 12:32:56.736 [TestNG-test-Yt Master Tests-2] INFO  [verifyingSideMenuLanguageAsInSettings] [verifyingSideMenuLanguageAsInSettings] Finding elements list: By.xpath: //ytd-guide-entry-renderer[@class='style-scope ytd-guide-section-renderer']
2026-02-01 12:33:06.944 [TestNG-test-Yt Master Tests-2] WARN  [verifyingSideMenuLanguageAsInSettings] [verifyingSideMenuLanguageAsInSettings] Attempt 1 failed to find elements: By.xpath: //ytd-guide-entry-renderer[@class='style-scope ytd-guide-section-renderer'] -> org.openqa.selenium.TimeoutException: Expected condition failed: waiting for presence of any elements located by By.xpath: //ytd-guide-entry-renderer[@class='style-scope ytd-guide-section-renderer'] (tried for 10 second(s) with 500 milliseconds interval)
Build info: version: '4.27.0', revision: 'd6e718d134'
System info: os.name: 'Windows Server 2025', os.arch: 'amd64', os.version: '10.0', java.version: '24.0.2'
Driver info: org.openqa.selenium.chrome.ChromeDriver
Capabilities {acceptInsecureCerts: false, browserName: chrome, browserVersion: 144.0.7559.97, chrome: {chromedriverVersion: 144.0.7559.109 (6a8d5e49388..., userDataDir: C:\Windows\SystemTemp\scope...}, fedcm:accounts: true, goog:chromeOptions: {debuggerAddress: localhost:64244}, goog:processID: 4636, networkConnectionEnabled: false, pageLoadStrategy: normal, platformName: windows, proxy: Proxy(), se:cdp: ws://localhost:64244/devtoo..., se:cdpVersion: 144.0.7559.97, setWindowRect: true, strictFileInteractability: false, timeouts: {implicit: 0, pageLoad: 300000, script: 30000}, unhandledPromptBehavior: dismiss and notify, webauthn:extension:credBlob: true, webauthn:extension:largeBlob: true, webauthn:extension:minPinLength: true, webauthn:extension:prf: true, webauthn:virtualAuthenticators: true}
Session ID: 393712a3146cb71d2d653ea8228a1a27
2026-02-01 12:33:17.118 [TestNG-test-Yt Master Tests-2] WARN  [verifyingSideMenuLanguageAsInSettings] [verifyingSideMenuLanguageAsInSettings] Attempt 2 failed to find elements: By.xpath: //ytd-guide-entry-renderer[@class='style-scope ytd-guide-section-renderer'] -> org.openqa.selenium.TimeoutException: Expected condition failed: waiting for presence of any elements located by By.xpath: //ytd-guide-entry-renderer[@class='style-scope ytd-guide-section-renderer'] (tried for 10 second(s) with 500 milliseconds interval)
Build info: version: '4.27.0', revision: 'd6e718d134'
System info: os.name: 'Windows Server 2025', os.arch: 'amd64', os.version: '10.0', java.version: '24.0.2'
Driver info: org.openqa.selenium.chrome.ChromeDriver
Capabilities {acceptInsecureCerts: false, browserName: chrome, browserVersion: 144.0.7559.97, chrome: {chromedriverVersion: 144.0.7559.109 (6a8d5e49388..., userDataDir: C:\Windows\SystemTemp\scope...}, fedcm:accounts: true, goog:chromeOptions: {debuggerAddress: localhost:64244}, goog:processID: 4636, networkConnectionEnabled: false, pageLoadStrategy: normal, platformName: windows, proxy: Proxy(), se:cdp: ws://localhost:64244/devtoo..., se:cdpVersion: 144.0.7559.97, setWindowRect: true, strictFileInteractability: false, timeouts: {implicit: 0, pageLoad: 300000, script: 30000}, unhandledPromptBehavior: dismiss and notify, webauthn:extension:credBlob: true, webauthn:extension:largeBlob: true, webauthn:extension:minPinLength: true, webauthn:extension:prf: true, webauthn:virtualAuthenticators: true}
Session ID: 393712a3146cb71d2d653ea8228a1a27
2026-02-01 12:33:17.118 [TestNG-test-Yt Master Tests-2] WARN  [verifyingSideMenuLanguageAsInSettings] [verifyingSideMenuLanguageAsInSettings] Attempt 2 failed — refreshing the page to recover...
2026-02-01 12:33:17.122 [TestNG-test-Yt Master Tests-2] INFO  [verifyingSideMenuLanguageAsInSettings] [verifyingSideMenuLanguageAsInSettings] Current URL before refresh: https://www.youtube.com/
2026-02-01 12:33:17.304 [TestNG-test-Yt Master Tests-2] INFO  [verifyingSideMenuLanguageAsInSettings] [verifyingSideMenuLanguageAsInSettings] Page refreshed successfully.
2026-02-01 12:33:18.809 [TestNG-test-Yt Master Tests-2] INFO  [verifyingSideMenuLanguageAsInSettings] [verifyingSideMenuLanguageAsInSettings] Page fully loaded after refresh.
2026-02-01 12:33:28.979 [TestNG-test-Yt Master Tests-2] WARN  [verifyingSideMenuLanguageAsInSettings] [verifyingSideMenuLanguageAsInSettings] Attempt 3 failed to find elements: By.xpath: //ytd-guide-entry-renderer[@class='style-scope ytd-guide-section-renderer'] -> org.openqa.selenium.TimeoutException: Expected condition failed: waiting for presence of any elements located by By.xpath: //ytd-guide-entry-renderer[@class='style-scope ytd-guide-section-renderer'] (tried for 10 second(s) with 500 milliseconds interval)
Build info: version: '4.27.0', revision: 'd6e718d134'
System info: os.name: 'Windows Server 2025', os.arch: 'amd64', os.version: '10.0', java.version: '24.0.2'
Driver info: org.openqa.selenium.chrome.ChromeDriver
Capabilities {acceptInsecureCerts: false, browserName: chrome, browserVersion: 144.0.7559.97, chrome: {chromedriverVersion: 144.0.7559.109 (6a8d5e49388..., userDataDir: C:\Windows\SystemTemp\scope...}, fedcm:accounts: true, goog:chromeOptions: {debuggerAddress: localhost:64244}, goog:processID: 4636, networkConnectionEnabled: false, pageLoadStrategy: normal, platformName: windows, proxy: Proxy(), se:cdp: ws://localhost:64244/devtoo..., se:cdpVersion: 144.0.7559.97, setWindowRect: true, strictFileInteractability: false, timeouts: {implicit: 0, pageLoad: 300000, script: 30000}, unhandledPromptBehavior: dismiss and notify, webauthn:extension:credBlob: true, webauthn:extension:largeBlob: true, webauthn:extension:minPinLength: true, webauthn:extension:prf: true, webauthn:virtualAuthenticators: true}
Session ID: 393712a3146cb71d2d653ea8228a1a27
2026-02-01 12:33:28.979 [TestNG-test-Yt Master Tests-2] WARN  [verifyingSideMenuLanguageAsInSettings] [verifyingSideMenuLanguageAsInSettings] Attempt 3 failed — refreshing the page to recover...
2026-02-01 12:33:28.983 [TestNG-test-Yt Master Tests-2] INFO  [verifyingSideMenuLanguageAsInSettings] [verifyingSideMenuLanguageAsInSettings] Current URL before refresh: https://www.youtube.com/
2026-02-01 12:33:30.027 [TestNG-test-Yt Master Tests-2] INFO  [verifyingSideMenuLanguageAsInSettings] [verifyingSideMenuLanguageAsInSettings] Page refreshed successfully.
2026-02-01 12:33:31.533 [TestNG-test-Yt Master Tests-2] INFO  [verifyingSideMenuLanguageAsInSettings] [verifyingSideMenuLanguageAsInSettings] Page fully loaded after refresh.
2026-02-01 12:33:31.533 [TestNG-test-Yt Master Tests-2] ERROR [verifyingSideMenuLanguageAsInSettings] [verifyingSideMenuLanguageAsInSettings] No elements ready after 3 attempts: By.xpath: //ytd-guide-entry-renderer[@class='style-scope ytd-guide-section-renderer']
2026-02-01 12:33:31.534 [TestNG-test-Yt Master Tests-2] INFO  [verifyingSideMenuLanguageAsInSettings] Clicking settings ellipses button...
2026-02-01 12:33:31.534 [TestNG-test-Yt Master Tests-2] INFO  [verifyingSideMenuLanguageAsInSettings] [verifyingSideMenuLanguageAsInSettings] Trying to find element: By.xpath: //ytd-topbar-menu-button-renderer[@class='style-scope ytd-masthead style-default']
2026-02-01 12:33:31.556 [TestNG-test-Yt Master Tests-2] INFO  [verifyingSideMenuLanguageAsInSettings] [verifyingSideMenuLanguageAsInSettings] Element found and ready (attempt 1): By.xpath: //ytd-topbar-menu-button-renderer[@class='style-scope ytd-masthead style-default']
2026-02-01 12:33:33.630 [TestNG-test-Yt Master Tests-2] INFO  [verifyingSideMenuLanguageAsInSettings] Clicking language dropdown...
2026-02-01 12:33:33.630 [TestNG-test-Yt Master Tests-2] INFO  [verifyingSideMenuLanguageAsInSettings] [verifyingSideMenuLanguageAsInSettings] Trying to find element: By.xpath: (//div[@id='content-icon'])[2]
2026-02-01 12:33:33.689 [TestNG-test-Yt Master Tests-2] INFO  [verifyingSideMenuLanguageAsInSettings] [verifyingSideMenuLanguageAsInSettings] Element found and ready (attempt 1): By.xpath: (//div[@id='content-icon'])[2]
2026-02-01 12:33:36.132 [TestNG-test-Yt Master Tests-2] INFO  [verifyingSideMenuLanguageAsInSettings] [verifyingSideMenuLanguageAsInSettings] Capturing screenshot: Filter Applied is Bahasa Indonesia__2026-02-01_123336.png
2026-02-01 12:33:36.229 [TestNG-test-Yt Master Tests-2] INFO  [verifyingSideMenuLanguageAsInSettings] [verifyingSideMenuLanguageAsInSettings] Screenshot saved at: test-output/screenshots/Run_2026-02-01_12-20-54/verifyingSideMenuLanguageAsInSettings/Filter Applied is Bahasa Indonesia__2026-02-01_123336.png
2026-02-01 12:33:37.231 [TestNG-test-Yt Master Tests-2] INFO  [verifyingSideMenuLanguageAsInSettings] Looking for language element with name: Bahasa Indonesia
2026-02-01 12:33:37.231 [TestNG-test-Yt Master Tests-2] INFO  [verifyingSideMenuLanguageAsInSettings] [verifyingSideMenuLanguageAsInSettings] Trying to find element: By.xpath: //yt-multi-page-menu-section-renderer[@class='style-scope ytd-multi-page-menu-renderer']//yt-formatted-string[@id='label' and text()='Bahasa Indonesia']
2026-02-01 12:33:37.254 [TestNG-test-Yt Master Tests-2] INFO  [verifyingSideMenuLanguageAsInSettings] [verifyingSideMenuLanguageAsInSettings] Element found and ready (attempt 1): By.xpath: //yt-multi-page-menu-section-renderer[@class='style-scope ytd-multi-page-menu-renderer']//yt-formatted-string[@id='label' and text()='Bahasa Indonesia']
2026-02-01 12:33:38.416 [TestNG-test-Yt Master Tests-2] INFO  [verifyingSideMenuLanguageAsInSettings] Clicking settings ellipses button...
2026-02-01 12:33:38.416 [TestNG-test-Yt Master Tests-2] INFO  [verifyingSideMenuLanguageAsInSettings] [verifyingSideMenuLanguageAsInSettings] Trying to find element: By.xpath: //ytd-topbar-menu-button-renderer[@class='style-scope ytd-masthead style-default']
2026-02-01 12:33:38.746 [TestNG-test-Yt Master Tests-2] INFO  [verifyingSideMenuLanguageAsInSettings] [verifyingSideMenuLanguageAsInSettings] Element found and ready (attempt 1): By.xpath: //ytd-topbar-menu-button-renderer[@class='style-scope ytd-masthead style-default']
2026-02-01 12:33:39.068 [TestNG-test-Yt Master Tests-2] INFO  [verifyingSideMenuLanguageAsInSettings] Looking for language element with name: Bahasa Indonesia
2026-02-01 12:33:39.068 [TestNG-test-Yt Master Tests-2] INFO  [verifyingSideMenuLanguageAsInSettings] [verifyingSideMenuLanguageAsInSettings] Waiting until element is visible in viewport
2026-02-01 12:33:49.325 [TestNG-test-Yt Master Tests-2] INFO  [verifyingSideMenuLanguageAsInSettings] [verifyingSideMenuLanguageAsInSettings] Capturing screenshot: Filter Applied is Bahasa Indonesia__2026-02-01_123349.png
2026-02-01 12:33:49.392 [TestNG-test-Yt Master Tests-2] INFO  [verifyingSideMenuLanguageAsInSettings] [verifyingSideMenuLanguageAsInSettings] Screenshot saved at: test-output/screenshots/Run_2026-02-01_12-20-54/verifyingSideMenuLanguageAsInSettings/Filter Applied is Bahasa Indonesia__2026-02-01_123349.png
2026-02-01 12:33:49.392 [TestNG-test-Yt Master Tests-2] INFO  [verifyingSideMenuLanguageAsInSettings] Clicking settings ellipses button...
2026-02-01 12:33:49.392 [TestNG-test-Yt Master Tests-2] INFO  [verifyingSideMenuLanguageAsInSettings] [verifyingSideMenuLanguageAsInSettings] Trying to find element: By.xpath: //ytd-topbar-menu-button-renderer[@class='style-scope ytd-masthead style-default']
2026-02-01 12:33:49.412 [TestNG-test-Yt Master Tests-2] INFO  [verifyingSideMenuLanguageAsInSettings] [verifyingSideMenuLanguageAsInSettings] Element found and ready (attempt 1): By.xpath: //ytd-topbar-menu-button-renderer[@class='style-scope ytd-masthead style-default']
2026-02-01 12:33:51.463 [TestNG-test-Yt Master Tests-2] INFO  [verifyingSideMenuLanguageAsInSettings] Fetching the side menu in expanded view
2026-02-01 12:33:51.463 [TestNG-test-Yt Master Tests-2] INFO  [verifyingSideMenuLanguageAsInSettings] [verifyingSideMenuLanguageAsInSettings] Finding elements list: By.xpath: //ytd-guide-entry-renderer[@class='style-scope ytd-guide-section-renderer']
2026-02-01 12:34:01.638 [TestNG-test-Yt Master Tests-2] WARN  [verifyingSideMenuLanguageAsInSettings] [verifyingSideMenuLanguageAsInSettings] Attempt 1 failed to find elements: By.xpath: //ytd-guide-entry-renderer[@class='style-scope ytd-guide-section-renderer'] -> org.openqa.selenium.TimeoutException: Expected condition failed: waiting for presence of any elements located by By.xpath: //ytd-guide-entry-renderer[@class='style-scope ytd-guide-section-renderer'] (tried for 10 second(s) with 500 milliseconds interval)
Build info: version: '4.27.0', revision: 'd6e718d134'
System info: os.name: 'Windows Server 2025', os.arch: 'amd64', os.version: '10.0', java.version: '24.0.2'
Driver info: org.openqa.selenium.chrome.ChromeDriver
Capabilities {acceptInsecureCerts: false, browserName: chrome, browserVersion: 144.0.7559.97, chrome: {chromedriverVersion: 144.0.7559.109 (6a8d5e49388..., userDataDir: C:\Windows\SystemTemp\scope...}, fedcm:accounts: true, goog:chromeOptions: {debuggerAddress: localhost:64244}, goog:processID: 4636, networkConnectionEnabled: false, pageLoadStrategy: normal, platformName: windows, proxy: Proxy(), se:cdp: ws://localhost:64244/devtoo..., se:cdpVersion: 144.0.7559.97, setWindowRect: true, strictFileInteractability: false, timeouts: {implicit: 0, pageLoad: 300000, script: 30000}, unhandledPromptBehavior: dismiss and notify, webauthn:extension:credBlob: true, webauthn:extension:largeBlob: true, webauthn:extension:minPinLength: true, webauthn:extension:prf: true, webauthn:virtualAuthenticators: true}
Session ID: 393712a3146cb71d2d653ea8228a1a27
2026-02-01 12:34:11.881 [TestNG-test-Yt Master Tests-2] WARN  [verifyingSideMenuLanguageAsInSettings] [verifyingSideMenuLanguageAsInSettings] Attempt 2 failed to find elements: By.xpath: //ytd-guide-entry-renderer[@class='style-scope ytd-guide-section-renderer'] -> org.openqa.selenium.TimeoutException: Expected condition failed: waiting for presence of any elements located by By.xpath: //ytd-guide-entry-renderer[@class='style-scope ytd-guide-section-renderer'] (tried for 10 second(s) with 500 milliseconds interval)
Build info: version: '4.27.0', revision: 'd6e718d134'
System info: os.name: 'Windows Server 2025', os.arch: 'amd64', os.version: '10.0', java.version: '24.0.2'
Driver info: org.openqa.selenium.chrome.ChromeDriver
Capabilities {acceptInsecureCerts: false, browserName: chrome, browserVersion: 144.0.7559.97, chrome: {chromedriverVersion: 144.0.7559.109 (6a8d5e49388..., userDataDir: C:\Windows\SystemTemp\scope...}, fedcm:accounts: true, goog:chromeOptions: {debuggerAddress: localhost:64244}, goog:processID: 4636, networkConnectionEnabled: false, pageLoadStrategy: normal, platformName: windows, proxy: Proxy(), se:cdp: ws://localhost:64244/devtoo..., se:cdpVersion: 144.0.7559.97, setWindowRect: true, strictFileInteractability: false, timeouts: {implicit: 0, pageLoad: 300000, script: 30000}, unhandledPromptBehavior: dismiss and notify, webauthn:extension:credBlob: true, webauthn:extension:largeBlob: true, webauthn:extension:minPinLength: true, webauthn:extension:prf: true, webauthn:virtualAuthenticators: true}
Session ID: 393712a3146cb71d2d653ea8228a1a27
2026-02-01 12:34:11.882 [TestNG-test-Yt Master Tests-2] WARN  [verifyingSideMenuLanguageAsInSettings] [verifyingSideMenuLanguageAsInSettings] Attempt 2 failed — refreshing the page to recover...
2026-02-01 12:34:11.885 [TestNG-test-Yt Master Tests-2] INFO  [verifyingSideMenuLanguageAsInSettings] [verifyingSideMenuLanguageAsInSettings] Current URL before refresh: https://www.youtube.com/
2026-02-01 12:34:12.041 [TestNG-test-Yt Master Tests-2] INFO  [verifyingSideMenuLanguageAsInSettings] [verifyingSideMenuLanguageAsInSettings] Page refreshed successfully.
2026-02-01 12:34:13.547 [TestNG-test-Yt Master Tests-2] INFO  [verifyingSideMenuLanguageAsInSettings] [verifyingSideMenuLanguageAsInSettings] Page fully loaded after refresh.
2026-02-01 12:34:23.712 [TestNG-test-Yt Master Tests-2] WARN  [verifyingSideMenuLanguageAsInSettings] [verifyingSideMenuLanguageAsInSettings] Attempt 3 failed to find elements: By.xpath: //ytd-guide-entry-renderer[@class='style-scope ytd-guide-section-renderer'] -> org.openqa.selenium.TimeoutException: Expected condition failed: waiting for presence of any elements located by By.xpath: //ytd-guide-entry-renderer[@class='style-scope ytd-guide-section-renderer'] (tried for 10 second(s) with 500 milliseconds interval)
Build info: version: '4.27.0', revision: 'd6e718d134'
System info: os.name: 'Windows Server 2025', os.arch: 'amd64', os.version: '10.0', java.version: '24.0.2'
Driver info: org.openqa.selenium.chrome.ChromeDriver
Capabilities {acceptInsecureCerts: false, browserName: chrome, browserVersion: 144.0.7559.97, chrome: {chromedriverVersion: 144.0.7559.109 (6a8d5e49388..., userDataDir: C:\Windows\SystemTemp\scope...}, fedcm:accounts: true, goog:chromeOptions: {debuggerAddress: localhost:64244}, goog:processID: 4636, networkConnectionEnabled: false, pageLoadStrategy: normal, platformName: windows, proxy: Proxy(), se:cdp: ws://localhost:64244/devtoo..., se:cdpVersion: 144.0.7559.97, setWindowRect: true, strictFileInteractability: false, timeouts: {implicit: 0, pageLoad: 300000, script: 30000}, unhandledPromptBehavior: dismiss and notify, webauthn:extension:credBlob: true, webauthn:extension:largeBlob: true, webauthn:extension:minPinLength: true, webauthn:extension:prf: true, webauthn:virtualAuthenticators: true}
Session ID: 393712a3146cb71d2d653ea8228a1a27
2026-02-01 12:34:23.712 [TestNG-test-Yt Master Tests-2] WARN  [verifyingSideMenuLanguageAsInSettings] [verifyingSideMenuLanguageAsInSettings] Attempt 3 failed — refreshing the page to recover...
2026-02-01 12:34:23.717 [TestNG-test-Yt Master Tests-2] INFO  [verifyingSideMenuLanguageAsInSettings] [verifyingSideMenuLanguageAsInSettings] Current URL before refresh: https://www.youtube.com/
2026-02-01 12:34:24.849 [TestNG-test-Yt Master Tests-2] INFO  [verifyingSideMenuLanguageAsInSettings] [verifyingSideMenuLanguageAsInSettings] Page refreshed successfully.
2026-02-01 12:34:26.355 [TestNG-test-Yt Master Tests-2] INFO  [verifyingSideMenuLanguageAsInSettings] [verifyingSideMenuLanguageAsInSettings] Page fully loaded after refresh.
2026-02-01 12:34:26.355 [TestNG-test-Yt Master Tests-2] ERROR [verifyingSideMenuLanguageAsInSettings] [verifyingSideMenuLanguageAsInSettings] No elements ready after 3 attempts: By.xpath: //ytd-guide-entry-renderer[@class='style-scope ytd-guide-section-renderer']
2026-02-01 12:34:26.356 [TestNG-test-Yt Master Tests-2] INFO  [verifyingSideMenuLanguageAsInSettings] Clicking settings ellipses button...
2026-02-01 12:34:26.356 [TestNG-test-Yt Master Tests-2] INFO  [verifyingSideMenuLanguageAsInSettings] [verifyingSideMenuLanguageAsInSettings] Trying to find element: By.xpath: //ytd-topbar-menu-button-renderer[@class='style-scope ytd-masthead style-default']
2026-02-01 12:34:26.377 [TestNG-test-Yt Master Tests-2] INFO  [verifyingSideMenuLanguageAsInSettings] [verifyingSideMenuLanguageAsInSettings] Element found and ready (attempt 1): By.xpath: //ytd-topbar-menu-button-renderer[@class='style-scope ytd-masthead style-default']
2026-02-01 12:34:28.458 [TestNG-test-Yt Master Tests-2] INFO  [verifyingSideMenuLanguageAsInSettings] Clicking language dropdown...
2026-02-01 12:34:28.458 [TestNG-test-Yt Master Tests-2] INFO  [verifyingSideMenuLanguageAsInSettings] [verifyingSideMenuLanguageAsInSettings] Trying to find element: By.xpath: (//div[@id='content-icon'])[2]
2026-02-01 12:34:28.483 [TestNG-test-Yt Master Tests-2] INFO  [verifyingSideMenuLanguageAsInSettings] [verifyingSideMenuLanguageAsInSettings] Element found and ready (attempt 1): By.xpath: (//div[@id='content-icon'])[2]
2026-02-01 12:34:31.151 [TestNG-test-Yt Master Tests-2] INFO  [verifyingSideMenuLanguageAsInSettings] [verifyingSideMenuLanguageAsInSettings] Capturing screenshot: Filter Applied is Bosanski__2026-02-01_123431.png
2026-02-01 12:34:31.266 [TestNG-test-Yt Master Tests-2] INFO  [verifyingSideMenuLanguageAsInSettings] [verifyingSideMenuLanguageAsInSettings] Screenshot saved at: test-output/screenshots/Run_2026-02-01_12-20-54/verifyingSideMenuLanguageAsInSettings/Filter Applied is Bosanski__2026-02-01_123431.png
2026-02-01 12:34:32.268 [TestNG-test-Yt Master Tests-2] INFO  [verifyingSideMenuLanguageAsInSettings] Looking for language element with name: Bosanski
2026-02-01 12:34:32.268 [TestNG-test-Yt Master Tests-2] INFO  [verifyingSideMenuLanguageAsInSettings] [verifyingSideMenuLanguageAsInSettings] Trying to find element: By.xpath: //yt-multi-page-menu-section-renderer[@class='style-scope ytd-multi-page-menu-renderer']//yt-formatted-string[@id='label' and text()='Bosanski']
2026-02-01 12:34:32.292 [TestNG-test-Yt Master Tests-2] INFO  [verifyingSideMenuLanguageAsInSettings] [verifyingSideMenuLanguageAsInSettings] Element found and ready (attempt 1): By.xpath: //yt-multi-page-menu-section-renderer[@class='style-scope ytd-multi-page-menu-renderer']//yt-formatted-string[@id='label' and text()='Bosanski']
2026-02-01 12:34:33.439 [TestNG-test-Yt Master Tests-2] INFO  [verifyingSideMenuLanguageAsInSettings] Clicking settings ellipses button...
2026-02-01 12:34:33.439 [TestNG-test-Yt Master Tests-2] INFO  [verifyingSideMenuLanguageAsInSettings] [verifyingSideMenuLanguageAsInSettings] Trying to find element: By.xpath: //ytd-topbar-menu-button-renderer[@class='style-scope ytd-masthead style-default']
2026-02-01 12:34:34.090 [TestNG-test-Yt Master Tests-2] INFO  [verifyingSideMenuLanguageAsInSettings] [verifyingSideMenuLanguageAsInSettings] Element found and ready (attempt 1): By.xpath: //ytd-topbar-menu-button-renderer[@class='style-scope ytd-masthead style-default']
2026-02-01 12:34:34.168 [TestNG-test-Yt Master Tests-2] INFO  [verifyingSideMenuLanguageAsInSettings] Looking for language element with name: Bosanski
2026-02-01 12:34:34.168 [TestNG-test-Yt Master Tests-2] INFO  [verifyingSideMenuLanguageAsInSettings] [verifyingSideMenuLanguageAsInSettings] Waiting until element is visible in viewport
2026-02-01 12:34:44.381 [TestNG-test-Yt Master Tests-2] INFO  [verifyingSideMenuLanguageAsInSettings] [verifyingSideMenuLanguageAsInSettings] Capturing screenshot: Filter Applied is Bosanski__2026-02-01_123444.png
2026-02-01 12:34:44.455 [TestNG-test-Yt Master Tests-2] INFO  [verifyingSideMenuLanguageAsInSettings] [verifyingSideMenuLanguageAsInSettings] Screenshot saved at: test-output/screenshots/Run_2026-02-01_12-20-54/verifyingSideMenuLanguageAsInSettings/Filter Applied is Bosanski__2026-02-01_123444.png
2026-02-01 12:34:44.455 [TestNG-test-Yt Master Tests-2] INFO  [verifyingSideMenuLanguageAsInSettings] Clicking settings ellipses button...
2026-02-01 12:34:44.455 [TestNG-test-Yt Master Tests-2] INFO  [verifyingSideMenuLanguageAsInSettings] [verifyingSideMenuLanguageAsInSettings] Trying to find element: By.xpath: //ytd-topbar-menu-button-renderer[@class='style-scope ytd-masthead style-default']
2026-02-01 12:34:44.478 [TestNG-test-Yt Master Tests-2] INFO  [verifyingSideMenuLanguageAsInSettings] [verifyingSideMenuLanguageAsInSettings] Element found and ready (attempt 1): By.xpath: //ytd-topbar-menu-button-renderer[@class='style-scope ytd-masthead style-default']
2026-02-01 12:34:46.537 [TestNG-test-Yt Master Tests-2] INFO  [verifyingSideMenuLanguageAsInSettings] Fetching the side menu in expanded view
2026-02-01 12:34:46.537 [TestNG-test-Yt Master Tests-2] INFO  [verifyingSideMenuLanguageAsInSettings] [verifyingSideMenuLanguageAsInSettings] Finding elements list: By.xpath: //ytd-guide-entry-renderer[@class='style-scope ytd-guide-section-renderer']
2026-02-01 12:34:56.738 [TestNG-test-Yt Master Tests-2] WARN  [verifyingSideMenuLanguageAsInSettings] [verifyingSideMenuLanguageAsInSettings] Attempt 1 failed to find elements: By.xpath: //ytd-guide-entry-renderer[@class='style-scope ytd-guide-section-renderer'] -> org.openqa.selenium.TimeoutException: Expected condition failed: waiting for presence of any elements located by By.xpath: //ytd-guide-entry-renderer[@class='style-scope ytd-guide-section-renderer'] (tried for 10 second(s) with 500 milliseconds interval)
Build info: version: '4.27.0', revision: 'd6e718d134'
System info: os.name: 'Windows Server 2025', os.arch: 'amd64', os.version: '10.0', java.version: '24.0.2'
Driver info: org.openqa.selenium.chrome.ChromeDriver
Capabilities {acceptInsecureCerts: false, browserName: chrome, browserVersion: 144.0.7559.97, chrome: {chromedriverVersion: 144.0.7559.109 (6a8d5e49388..., userDataDir: C:\Windows\SystemTemp\scope...}, fedcm:accounts: true, goog:chromeOptions: {debuggerAddress: localhost:64244}, goog:processID: 4636, networkConnectionEnabled: false, pageLoadStrategy: normal, platformName: windows, proxy: Proxy(), se:cdp: ws://localhost:64244/devtoo..., se:cdpVersion: 144.0.7559.97, setWindowRect: true, strictFileInteractability: false, timeouts: {implicit: 0, pageLoad: 300000, script: 30000}, unhandledPromptBehavior: dismiss and notify, webauthn:extension:credBlob: true, webauthn:extension:largeBlob: true, webauthn:extension:minPinLength: true, webauthn:extension:prf: true, webauthn:virtualAuthenticators: true}
Session ID: 393712a3146cb71d2d653ea8228a1a27
2026-02-01 12:35:06.902 [TestNG-test-Yt Master Tests-2] WARN  [verifyingSideMenuLanguageAsInSettings] [verifyingSideMenuLanguageAsInSettings] Attempt 2 failed to find elements: By.xpath: //ytd-guide-entry-renderer[@class='style-scope ytd-guide-section-renderer'] -> org.openqa.selenium.TimeoutException: Expected condition failed: waiting for presence of any elements located by By.xpath: //ytd-guide-entry-renderer[@class='style-scope ytd-guide-section-renderer'] (tried for 10 second(s) with 500 milliseconds interval)
Build info: version: '4.27.0', revision: 'd6e718d134'
System info: os.name: 'Windows Server 2025', os.arch: 'amd64', os.version: '10.0', java.version: '24.0.2'
Driver info: org.openqa.selenium.chrome.ChromeDriver
Capabilities {acceptInsecureCerts: false, browserName: chrome, browserVersion: 144.0.7559.97, chrome: {chromedriverVersion: 144.0.7559.109 (6a8d5e49388..., userDataDir: C:\Windows\SystemTemp\scope...}, fedcm:accounts: true, goog:chromeOptions: {debuggerAddress: localhost:64244}, goog:processID: 4636, networkConnectionEnabled: false, pageLoadStrategy: normal, platformName: windows, proxy: Proxy(), se:cdp: ws://localhost:64244/devtoo..., se:cdpVersion: 144.0.7559.97, setWindowRect: true, strictFileInteractability: false, timeouts: {implicit: 0, pageLoad: 300000, script: 30000}, unhandledPromptBehavior: dismiss and notify, webauthn:extension:credBlob: true, webauthn:extension:largeBlob: true, webauthn:extension:minPinLength: true, webauthn:extension:prf: true, webauthn:virtualAuthenticators: true}
Session ID: 393712a3146cb71d2d653ea8228a1a27
2026-02-01 12:35:06.902 [TestNG-test-Yt Master Tests-2] WARN  [verifyingSideMenuLanguageAsInSettings] [verifyingSideMenuLanguageAsInSettings] Attempt 2 failed — refreshing the page to recover...
2026-02-01 12:35:06.906 [TestNG-test-Yt Master Tests-2] INFO  [verifyingSideMenuLanguageAsInSettings] [verifyingSideMenuLanguageAsInSettings] Current URL before refresh: https://www.youtube.com/
2026-02-01 12:35:07.069 [TestNG-test-Yt Master Tests-2] INFO  [verifyingSideMenuLanguageAsInSettings] [verifyingSideMenuLanguageAsInSettings] Page refreshed successfully.
2026-02-01 12:35:08.575 [TestNG-test-Yt Master Tests-2] INFO  [verifyingSideMenuLanguageAsInSettings] [verifyingSideMenuLanguageAsInSettings] Page fully loaded after refresh.
2026-02-01 12:35:18.740 [TestNG-test-Yt Master Tests-2] WARN  [verifyingSideMenuLanguageAsInSettings] [verifyingSideMenuLanguageAsInSettings] Attempt 3 failed to find elements: By.xpath: //ytd-guide-entry-renderer[@class='style-scope ytd-guide-section-renderer'] -> org.openqa.selenium.TimeoutException: Expected condition failed: waiting for presence of any elements located by By.xpath: //ytd-guide-entry-renderer[@class='style-scope ytd-guide-section-renderer'] (tried for 10 second(s) with 500 milliseconds interval)
Build info: version: '4.27.0', revision: 'd6e718d134'
System info: os.name: 'Windows Server 2025', os.arch: 'amd64', os.version: '10.0', java.version: '24.0.2'
Driver info: org.openqa.selenium.chrome.ChromeDriver
Capabilities {acceptInsecureCerts: false, browserName: chrome, browserVersion: 144.0.7559.97, chrome: {chromedriverVersion: 144.0.7559.109 (6a8d5e49388..., userDataDir: C:\Windows\SystemTemp\scope...}, fedcm:accounts: true, goog:chromeOptions: {debuggerAddress: localhost:64244}, goog:processID: 4636, networkConnectionEnabled: false, pageLoadStrategy: normal, platformName: windows, proxy: Proxy(), se:cdp: ws://localhost:64244/devtoo..., se:cdpVersion: 144.0.7559.97, setWindowRect: true, strictFileInteractability: false, timeouts: {implicit: 0, pageLoad: 300000, script: 30000}, unhandledPromptBehavior: dismiss and notify, webauthn:extension:credBlob: true, webauthn:extension:largeBlob: true, webauthn:extension:minPinLength: true, webauthn:extension:prf: true, webauthn:virtualAuthenticators: true}
Session ID: 393712a3146cb71d2d653ea8228a1a27
2026-02-01 12:35:18.740 [TestNG-test-Yt Master Tests-2] WARN  [verifyingSideMenuLanguageAsInSettings] [verifyingSideMenuLanguageAsInSettings] Attempt 3 failed — refreshing the page to recover...
2026-02-01 12:35:18.749 [TestNG-test-Yt Master Tests-2] INFO  [verifyingSideMenuLanguageAsInSettings] [verifyingSideMenuLanguageAsInSettings] Current URL before refresh: https://www.youtube.com/
2026-02-01 12:35:18.941 [TestNG-test-Yt Master Tests-2] INFO  [verifyingSideMenuLanguageAsInSettings] [verifyingSideMenuLanguageAsInSettings] Page refreshed successfully.
2026-02-01 12:35:20.446 [TestNG-test-Yt Master Tests-2] INFO  [verifyingSideMenuLanguageAsInSettings] [verifyingSideMenuLanguageAsInSettings] Page fully loaded after refresh.
2026-02-01 12:35:20.446 [TestNG-test-Yt Master Tests-2] ERROR [verifyingSideMenuLanguageAsInSettings] [verifyingSideMenuLanguageAsInSettings] No elements ready after 3 attempts: By.xpath: //ytd-guide-entry-renderer[@class='style-scope ytd-guide-section-renderer']
2026-02-01 12:35:20.447 [TestNG-test-Yt Master Tests-2] INFO  [verifyingSideMenuLanguageAsInSettings] Clicking settings ellipses button...
2026-02-01 12:35:20.447 [TestNG-test-Yt Master Tests-2] INFO  [verifyingSideMenuLanguageAsInSettings] [verifyingSideMenuLanguageAsInSettings] Trying to find element: By.xpath: //ytd-topbar-menu-button-renderer[@class='style-scope ytd-masthead style-default']
2026-02-01 12:35:20.465 [TestNG-test-Yt Master Tests-2] INFO  [verifyingSideMenuLanguageAsInSettings] [verifyingSideMenuLanguageAsInSettings] Element found and ready (attempt 1): By.xpath: //ytd-topbar-menu-button-renderer[@class='style-scope ytd-masthead style-default']
2026-02-01 12:35:22.630 [TestNG-test-Yt Master Tests-2] INFO  [verifyingSideMenuLanguageAsInSettings] Clicking language dropdown...
2026-02-01 12:35:22.630 [TestNG-test-Yt Master Tests-2] INFO  [verifyingSideMenuLanguageAsInSettings] [verifyingSideMenuLanguageAsInSettings] Trying to find element: By.xpath: (//div[@id='content-icon'])[2]
2026-02-01 12:35:22.656 [TestNG-test-Yt Master Tests-2] INFO  [verifyingSideMenuLanguageAsInSettings] [verifyingSideMenuLanguageAsInSettings] Element found and ready (attempt 1): By.xpath: (//div[@id='content-icon'])[2]
2026-02-01 12:35:25.188 [TestNG-test-Yt Master Tests-2] INFO  [verifyingSideMenuLanguageAsInSettings] [verifyingSideMenuLanguageAsInSettings] Capturing screenshot: Filter Applied is Català__2026-02-01_123525.png
2026-02-01 12:35:25.302 [TestNG-test-Yt Master Tests-2] INFO  [verifyingSideMenuLanguageAsInSettings] [verifyingSideMenuLanguageAsInSettings] Screenshot saved at: test-output/screenshots/Run_2026-02-01_12-20-54/verifyingSideMenuLanguageAsInSettings/Filter Applied is Català__2026-02-01_123525.png
2026-02-01 12:35:26.302 [TestNG-test-Yt Master Tests-2] INFO  [verifyingSideMenuLanguageAsInSettings] Looking for language element with name: Català
2026-02-01 12:35:26.302 [TestNG-test-Yt Master Tests-2] INFO  [verifyingSideMenuLanguageAsInSettings] [verifyingSideMenuLanguageAsInSettings] Trying to find element: By.xpath: //yt-multi-page-menu-section-renderer[@class='style-scope ytd-multi-page-menu-renderer']//yt-formatted-string[@id='label' and text()='Català']
2026-02-01 12:35:26.331 [TestNG-test-Yt Master Tests-2] INFO  [verifyingSideMenuLanguageAsInSettings] [verifyingSideMenuLanguageAsInSettings] Element found and ready (attempt 1): By.xpath: //yt-multi-page-menu-section-renderer[@class='style-scope ytd-multi-page-menu-renderer']//yt-formatted-string[@id='label' and text()='Català']
2026-02-01 12:35:27.763 [TestNG-test-Yt Master Tests-2] INFO  [verifyingSideMenuLanguageAsInSettings] Clicking settings ellipses button...
2026-02-01 12:35:27.763 [TestNG-test-Yt Master Tests-2] INFO  [verifyingSideMenuLanguageAsInSettings] [verifyingSideMenuLanguageAsInSettings] Trying to find element: By.xpath: //ytd-topbar-menu-button-renderer[@class='style-scope ytd-masthead style-default']
2026-02-01 12:35:28.142 [TestNG-test-Yt Master Tests-2] INFO  [verifyingSideMenuLanguageAsInSettings] [verifyingSideMenuLanguageAsInSettings] Element found and ready (attempt 1): By.xpath: //ytd-topbar-menu-button-renderer[@class='style-scope ytd-masthead style-default']
2026-02-01 12:35:28.424 [TestNG-test-Yt Master Tests-2] INFO  [verifyingSideMenuLanguageAsInSettings] Looking for language element with name: Català
2026-02-01 12:35:28.424 [TestNG-test-Yt Master Tests-2] INFO  [verifyingSideMenuLanguageAsInSettings] [verifyingSideMenuLanguageAsInSettings] Waiting until element is visible in viewport
2026-02-01 12:35:38.851 [TestNG-test-Yt Master Tests-2] INFO  [verifyingSideMenuLanguageAsInSettings] [verifyingSideMenuLanguageAsInSettings] Capturing screenshot: Filter Applied is Català__2026-02-01_123538.png
2026-02-01 12:35:38.916 [TestNG-test-Yt Master Tests-2] INFO  [verifyingSideMenuLanguageAsInSettings] [verifyingSideMenuLanguageAsInSettings] Screenshot saved at: test-output/screenshots/Run_2026-02-01_12-20-54/verifyingSideMenuLanguageAsInSettings/Filter Applied is Català__2026-02-01_123538.png
2026-02-01 12:35:38.916 [TestNG-test-Yt Master Tests-2] INFO  [verifyingSideMenuLanguageAsInSettings] Clicking settings ellipses button...
2026-02-01 12:35:38.916 [TestNG-test-Yt Master Tests-2] INFO  [verifyingSideMenuLanguageAsInSettings] [verifyingSideMenuLanguageAsInSettings] Trying to find element: By.xpath: //ytd-topbar-menu-button-renderer[@class='style-scope ytd-masthead style-default']
2026-02-01 12:35:38.938 [TestNG-test-Yt Master Tests-2] INFO  [verifyingSideMenuLanguageAsInSettings] [verifyingSideMenuLanguageAsInSettings] Element found and ready (attempt 1): By.xpath: //ytd-topbar-menu-button-renderer[@class='style-scope ytd-masthead style-default']
2026-02-01 12:35:40.989 [TestNG-test-Yt Master Tests-2] INFO  [verifyingSideMenuLanguageAsInSettings] Fetching the side menu in expanded view
2026-02-01 12:35:40.989 [TestNG-test-Yt Master Tests-2] INFO  [verifyingSideMenuLanguageAsInSettings] [verifyingSideMenuLanguageAsInSettings] Finding elements list: By.xpath: //ytd-guide-entry-renderer[@class='style-scope ytd-guide-section-renderer']
2026-02-01 12:35:51.289 [TestNG-test-Yt Master Tests-2] WARN  [verifyingSideMenuLanguageAsInSettings] [verifyingSideMenuLanguageAsInSettings] Attempt 1 failed to find elements: By.xpath: //ytd-guide-entry-renderer[@class='style-scope ytd-guide-section-renderer'] -> org.openqa.selenium.TimeoutException: Expected condition failed: waiting for presence of any elements located by By.xpath: //ytd-guide-entry-renderer[@class='style-scope ytd-guide-section-renderer'] (tried for 10 second(s) with 500 milliseconds interval)
Build info: version: '4.27.0', revision: 'd6e718d134'
System info: os.name: 'Windows Server 2025', os.arch: 'amd64', os.version: '10.0', java.version: '24.0.2'
Driver info: org.openqa.selenium.chrome.ChromeDriver
Capabilities {acceptInsecureCerts: false, browserName: chrome, browserVersion: 144.0.7559.97, chrome: {chromedriverVersion: 144.0.7559.109 (6a8d5e49388..., userDataDir: C:\Windows\SystemTemp\scope...}, fedcm:accounts: true, goog:chromeOptions: {debuggerAddress: localhost:64244}, goog:processID: 4636, networkConnectionEnabled: false, pageLoadStrategy: normal, platformName: windows, proxy: Proxy(), se:cdp: ws://localhost:64244/devtoo..., se:cdpVersion: 144.0.7559.97, setWindowRect: true, strictFileInteractability: false, timeouts: {implicit: 0, pageLoad: 300000, script: 30000}, unhandledPromptBehavior: dismiss and notify, webauthn:extension:credBlob: true, webauthn:extension:largeBlob: true, webauthn:extension:minPinLength: true, webauthn:extension:prf: true, webauthn:virtualAuthenticators: true}
Session ID: 393712a3146cb71d2d653ea8228a1a27
2026-02-01 12:36:01.454 [TestNG-test-Yt Master Tests-2] WARN  [verifyingSideMenuLanguageAsInSettings] [verifyingSideMenuLanguageAsInSettings] Attempt 2 failed to find elements: By.xpath: //ytd-guide-entry-renderer[@class='style-scope ytd-guide-section-renderer'] -> org.openqa.selenium.TimeoutException: Expected condition failed: waiting for presence of any elements located by By.xpath: //ytd-guide-entry-renderer[@class='style-scope ytd-guide-section-renderer'] (tried for 10 second(s) with 500 milliseconds interval)
Build info: version: '4.27.0', revision: 'd6e718d134'
System info: os.name: 'Windows Server 2025', os.arch: 'amd64', os.version: '10.0', java.version: '24.0.2'
Driver info: org.openqa.selenium.chrome.ChromeDriver
Capabilities {acceptInsecureCerts: false, browserName: chrome, browserVersion: 144.0.7559.97, chrome: {chromedriverVersion: 144.0.7559.109 (6a8d5e49388..., userDataDir: C:\Windows\SystemTemp\scope...}, fedcm:accounts: true, goog:chromeOptions: {debuggerAddress: localhost:64244}, goog:processID: 4636, networkConnectionEnabled: false, pageLoadStrategy: normal, platformName: windows, proxy: Proxy(), se:cdp: ws://localhost:64244/devtoo..., se:cdpVersion: 144.0.7559.97, setWindowRect: true, strictFileInteractability: false, timeouts: {implicit: 0, pageLoad: 300000, script: 30000}, unhandledPromptBehavior: dismiss and notify, webauthn:extension:credBlob: true, webauthn:extension:largeBlob: true, webauthn:extension:minPinLength: true, webauthn:extension:prf: true, webauthn:virtualAuthenticators: true}
Session ID: 393712a3146cb71d2d653ea8228a1a27
2026-02-01 12:36:01.454 [TestNG-test-Yt Master Tests-2] WARN  [verifyingSideMenuLanguageAsInSettings] [verifyingSideMenuLanguageAsInSettings] Attempt 2 failed — refreshing the page to recover...
2026-02-01 12:36:01.458 [TestNG-test-Yt Master Tests-2] INFO  [verifyingSideMenuLanguageAsInSettings] [verifyingSideMenuLanguageAsInSettings] Current URL before refresh: https://www.youtube.com/
2026-02-01 12:36:01.627 [TestNG-test-Yt Master Tests-2] INFO  [verifyingSideMenuLanguageAsInSettings] [verifyingSideMenuLanguageAsInSettings] Page refreshed successfully.
2026-02-01 12:36:03.133 [TestNG-test-Yt Master Tests-2] INFO  [verifyingSideMenuLanguageAsInSettings] [verifyingSideMenuLanguageAsInSettings] Page fully loaded after refresh.
2026-02-01 12:36:13.301 [TestNG-test-Yt Master Tests-2] WARN  [verifyingSideMenuLanguageAsInSettings] [verifyingSideMenuLanguageAsInSettings] Attempt 3 failed to find elements: By.xpath: //ytd-guide-entry-renderer[@class='style-scope ytd-guide-section-renderer'] -> org.openqa.selenium.TimeoutException: Expected condition failed: waiting for presence of any elements located by By.xpath: //ytd-guide-entry-renderer[@class='style-scope ytd-guide-section-renderer'] (tried for 10 second(s) with 500 milliseconds interval)
Build info: version: '4.27.0', revision: 'd6e718d134'
System info: os.name: 'Windows Server 2025', os.arch: 'amd64', os.version: '10.0', java.version: '24.0.2'
Driver info: org.openqa.selenium.chrome.ChromeDriver
Capabilities {acceptInsecureCerts: false, browserName: chrome, browserVersion: 144.0.7559.97, chrome: {chromedriverVersion: 144.0.7559.109 (6a8d5e49388..., userDataDir: C:\Windows\SystemTemp\scope...}, fedcm:accounts: true, goog:chromeOptions: {debuggerAddress: localhost:64244}, goog:processID: 4636, networkConnectionEnabled: false, pageLoadStrategy: normal, platformName: windows, proxy: Proxy(), se:cdp: ws://localhost:64244/devtoo..., se:cdpVersion: 144.0.7559.97, setWindowRect: true, strictFileInteractability: false, timeouts: {implicit: 0, pageLoad: 300000, script: 30000}, unhandledPromptBehavior: dismiss and notify, webauthn:extension:credBlob: true, webauthn:extension:largeBlob: true, webauthn:extension:minPinLength: true, webauthn:extension:prf: true, webauthn:virtualAuthenticators: true}
Session ID: 393712a3146cb71d2d653ea8228a1a27
2026-02-01 12:36:13.301 [TestNG-test-Yt Master Tests-2] WARN  [verifyingSideMenuLanguageAsInSettings] [verifyingSideMenuLanguageAsInSettings] Attempt 3 failed — refreshing the page to recover...
2026-02-01 12:36:13.305 [TestNG-test-Yt Master Tests-2] INFO  [verifyingSideMenuLanguageAsInSettings] [verifyingSideMenuLanguageAsInSettings] Current URL before refresh: https://www.youtube.com/
2026-02-01 12:36:14.427 [TestNG-test-Yt Master Tests-2] INFO  [verifyingSideMenuLanguageAsInSettings] [verifyingSideMenuLanguageAsInSettings] Page refreshed successfully.
2026-02-01 12:36:15.932 [TestNG-test-Yt Master Tests-2] INFO  [verifyingSideMenuLanguageAsInSettings] [verifyingSideMenuLanguageAsInSettings] Page fully loaded after refresh.
2026-02-01 12:36:15.932 [TestNG-test-Yt Master Tests-2] ERROR [verifyingSideMenuLanguageAsInSettings] [verifyingSideMenuLanguageAsInSettings] No elements ready after 3 attempts: By.xpath: //ytd-guide-entry-renderer[@class='style-scope ytd-guide-section-renderer']
2026-02-01 12:36:15.933 [TestNG-test-Yt Master Tests-2] INFO  [verifyingSideMenuLanguageAsInSettings] Clicking settings ellipses button...
2026-02-01 12:36:15.933 [TestNG-test-Yt Master Tests-2] INFO  [verifyingSideMenuLanguageAsInSettings] [verifyingSideMenuLanguageAsInSettings] Trying to find element: By.xpath: //ytd-topbar-menu-button-renderer[@class='style-scope ytd-masthead style-default']
2026-02-01 12:36:15.963 [TestNG-test-Yt Master Tests-2] INFO  [verifyingSideMenuLanguageAsInSettings] [verifyingSideMenuLanguageAsInSettings] Element found and ready (attempt 1): By.xpath: //ytd-topbar-menu-button-renderer[@class='style-scope ytd-masthead style-default']
2026-02-01 12:36:18.070 [TestNG-test-Yt Master Tests-2] INFO  [verifyingSideMenuLanguageAsInSettings] Clicking language dropdown...
2026-02-01 12:36:18.094 [TestNG-test-Yt Master Tests-2] INFO  [verifyingSideMenuLanguageAsInSettings] [verifyingSideMenuLanguageAsInSettings] Trying to find element: By.xpath: (//div[@id='content-icon'])[2]
2026-02-01 12:36:18.158 [TestNG-test-Yt Master Tests-2] INFO  [verifyingSideMenuLanguageAsInSettings] [verifyingSideMenuLanguageAsInSettings] Element found and ready (attempt 1): By.xpath: (//div[@id='content-icon'])[2]
2026-02-01 12:36:20.599 [TestNG-test-Yt Master Tests-2] INFO  [verifyingSideMenuLanguageAsInSettings] [verifyingSideMenuLanguageAsInSettings] Capturing screenshot: Filter Applied is Dansk__2026-02-01_123620.png
2026-02-01 12:36:20.738 [TestNG-test-Yt Master Tests-2] INFO  [verifyingSideMenuLanguageAsInSettings] [verifyingSideMenuLanguageAsInSettings] Screenshot saved at: test-output/screenshots/Run_2026-02-01_12-20-54/verifyingSideMenuLanguageAsInSettings/Filter Applied is Dansk__2026-02-01_123620.png
2026-02-01 12:36:21.738 [TestNG-test-Yt Master Tests-2] INFO  [verifyingSideMenuLanguageAsInSettings] Looking for language element with name: Dansk
2026-02-01 12:36:21.738 [TestNG-test-Yt Master Tests-2] INFO  [verifyingSideMenuLanguageAsInSettings] [verifyingSideMenuLanguageAsInSettings] Trying to find element: By.xpath: //yt-multi-page-menu-section-renderer[@class='style-scope ytd-multi-page-menu-renderer']//yt-formatted-string[@id='label' and text()='Dansk']
2026-02-01 12:36:21.764 [TestNG-test-Yt Master Tests-2] INFO  [verifyingSideMenuLanguageAsInSettings] [verifyingSideMenuLanguageAsInSettings] Element found and ready (attempt 1): By.xpath: //yt-multi-page-menu-section-renderer[@class='style-scope ytd-multi-page-menu-renderer']//yt-formatted-string[@id='label' and text()='Dansk']
2026-02-01 12:36:23.189 [TestNG-test-Yt Master Tests-2] INFO  [verifyingSideMenuLanguageAsInSettings] Clicking settings ellipses button...
2026-02-01 12:36:23.189 [TestNG-test-Yt Master Tests-2] INFO  [verifyingSideMenuLanguageAsInSettings] [verifyingSideMenuLanguageAsInSettings] Trying to find element: By.xpath: //ytd-topbar-menu-button-renderer[@class='style-scope ytd-masthead style-default']
2026-02-01 12:36:23.849 [TestNG-test-Yt Master Tests-2] INFO  [verifyingSideMenuLanguageAsInSettings] [verifyingSideMenuLanguageAsInSettings] Element found and ready (attempt 1): By.xpath: //ytd-topbar-menu-button-renderer[@class='style-scope ytd-masthead style-default']
2026-02-01 12:36:24.149 [TestNG-test-Yt Master Tests-2] INFO  [verifyingSideMenuLanguageAsInSettings] Looking for language element with name: Dansk
2026-02-01 12:36:24.150 [TestNG-test-Yt Master Tests-2] INFO  [verifyingSideMenuLanguageAsInSettings] [verifyingSideMenuLanguageAsInSettings] Waiting until element is visible in viewport
2026-02-01 12:36:34.347 [TestNG-test-Yt Master Tests-2] INFO  [verifyingSideMenuLanguageAsInSettings] [verifyingSideMenuLanguageAsInSettings] Capturing screenshot: Filter Applied is Dansk__2026-02-01_123634.png
2026-02-01 12:36:34.410 [TestNG-test-Yt Master Tests-2] INFO  [verifyingSideMenuLanguageAsInSettings] [verifyingSideMenuLanguageAsInSettings] Screenshot saved at: test-output/screenshots/Run_2026-02-01_12-20-54/verifyingSideMenuLanguageAsInSettings/Filter Applied is Dansk__2026-02-01_123634.png
2026-02-01 12:36:34.410 [TestNG-test-Yt Master Tests-2] INFO  [verifyingSideMenuLanguageAsInSettings] Clicking settings ellipses button...
2026-02-01 12:36:34.410 [TestNG-test-Yt Master Tests-2] INFO  [verifyingSideMenuLanguageAsInSettings] [verifyingSideMenuLanguageAsInSettings] Trying to find element: By.xpath: //ytd-topbar-menu-button-renderer[@class='style-scope ytd-masthead style-default']
2026-02-01 12:36:34.428 [TestNG-test-Yt Master Tests-2] INFO  [verifyingSideMenuLanguageAsInSettings] [verifyingSideMenuLanguageAsInSettings] Element found and ready (attempt 1): By.xpath: //ytd-topbar-menu-button-renderer[@class='style-scope ytd-masthead style-default']
2026-02-01 12:36:36.475 [TestNG-test-Yt Master Tests-2] INFO  [verifyingSideMenuLanguageAsInSettings] Fetching the side menu in expanded view
2026-02-01 12:36:36.475 [TestNG-test-Yt Master Tests-2] INFO  [verifyingSideMenuLanguageAsInSettings] [verifyingSideMenuLanguageAsInSettings] Finding elements list: By.xpath: //ytd-guide-entry-renderer[@class='style-scope ytd-guide-section-renderer']
2026-02-01 12:36:46.646 [TestNG-test-Yt Master Tests-2] WARN  [verifyingSideMenuLanguageAsInSettings] [verifyingSideMenuLanguageAsInSettings] Attempt 1 failed to find elements: By.xpath: //ytd-guide-entry-renderer[@class='style-scope ytd-guide-section-renderer'] -> org.openqa.selenium.TimeoutException: Expected condition failed: waiting for presence of any elements located by By.xpath: //ytd-guide-entry-renderer[@class='style-scope ytd-guide-section-renderer'] (tried for 10 second(s) with 500 milliseconds interval)
Build info: version: '4.27.0', revision: 'd6e718d134'
System info: os.name: 'Windows Server 2025', os.arch: 'amd64', os.version: '10.0', java.version: '24.0.2'
Driver info: org.openqa.selenium.chrome.ChromeDriver
Capabilities {acceptInsecureCerts: false, browserName: chrome, browserVersion: 144.0.7559.97, chrome: {chromedriverVersion: 144.0.7559.109 (6a8d5e49388..., userDataDir: C:\Windows\SystemTemp\scope...}, fedcm:accounts: true, goog:chromeOptions: {debuggerAddress: localhost:64244}, goog:processID: 4636, networkConnectionEnabled: false, pageLoadStrategy: normal, platformName: windows, proxy: Proxy(), se:cdp: ws://localhost:64244/devtoo..., se:cdpVersion: 144.0.7559.97, setWindowRect: true, strictFileInteractability: false, timeouts: {implicit: 0, pageLoad: 300000, script: 30000}, unhandledPromptBehavior: dismiss and notify, webauthn:extension:credBlob: true, webauthn:extension:largeBlob: true, webauthn:extension:minPinLength: true, webauthn:extension:prf: true, webauthn:virtualAuthenticators: true}
Session ID: 393712a3146cb71d2d653ea8228a1a27
2026-02-01 12:36:56.836 [TestNG-test-Yt Master Tests-2] WARN  [verifyingSideMenuLanguageAsInSettings] [verifyingSideMenuLanguageAsInSettings] Attempt 2 failed to find elements: By.xpath: //ytd-guide-entry-renderer[@class='style-scope ytd-guide-section-renderer'] -> org.openqa.selenium.TimeoutException: Expected condition failed: waiting for presence of any elements located by By.xpath: //ytd-guide-entry-renderer[@class='style-scope ytd-guide-section-renderer'] (tried for 10 second(s) with 500 milliseconds interval)
Build info: version: '4.27.0', revision: 'd6e718d134'
System info: os.name: 'Windows Server 2025', os.arch: 'amd64', os.version: '10.0', java.version: '24.0.2'
Driver info: org.openqa.selenium.chrome.ChromeDriver
Capabilities {acceptInsecureCerts: false, browserName: chrome, browserVersion: 144.0.7559.97, chrome: {chromedriverVersion: 144.0.7559.109 (6a8d5e49388..., userDataDir: C:\Windows\SystemTemp\scope...}, fedcm:accounts: true, goog:chromeOptions: {debuggerAddress: localhost:64244}, goog:processID: 4636, networkConnectionEnabled: false, pageLoadStrategy: normal, platformName: windows, proxy: Proxy(), se:cdp: ws://localhost:64244/devtoo..., se:cdpVersion: 144.0.7559.97, setWindowRect: true, strictFileInteractability: false, timeouts: {implicit: 0, pageLoad: 300000, script: 30000}, unhandledPromptBehavior: dismiss and notify, webauthn:extension:credBlob: true, webauthn:extension:largeBlob: true, webauthn:extension:minPinLength: true, webauthn:extension:prf: true, webauthn:virtualAuthenticators: true}
Session ID: 393712a3146cb71d2d653ea8228a1a27
2026-02-01 12:36:56.837 [TestNG-test-Yt Master Tests-2] WARN  [verifyingSideMenuLanguageAsInSettings] [verifyingSideMenuLanguageAsInSettings] Attempt 2 failed — refreshing the page to recover...
2026-02-01 12:36:56.841 [TestNG-test-Yt Master Tests-2] INFO  [verifyingSideMenuLanguageAsInSettings] [verifyingSideMenuLanguageAsInSettings] Current URL before refresh: https://www.youtube.com/
2026-02-01 12:36:57.057 [TestNG-test-Yt Master Tests-2] INFO  [verifyingSideMenuLanguageAsInSettings] [verifyingSideMenuLanguageAsInSettings] Page refreshed successfully.
2026-02-01 12:36:58.564 [TestNG-test-Yt Master Tests-2] INFO  [verifyingSideMenuLanguageAsInSettings] [verifyingSideMenuLanguageAsInSettings] Page fully loaded after refresh.
2026-02-01 12:37:08.724 [TestNG-test-Yt Master Tests-2] WARN  [verifyingSideMenuLanguageAsInSettings] [verifyingSideMenuLanguageAsInSettings] Attempt 3 failed to find elements: By.xpath: //ytd-guide-entry-renderer[@class='style-scope ytd-guide-section-renderer'] -> org.openqa.selenium.TimeoutException: Expected condition failed: waiting for presence of any elements located by By.xpath: //ytd-guide-entry-renderer[@class='style-scope ytd-guide-section-renderer'] (tried for 10 second(s) with 500 milliseconds interval)
Build info: version: '4.27.0', revision: 'd6e718d134'
System info: os.name: 'Windows Server 2025', os.arch: 'amd64', os.version: '10.0', java.version: '24.0.2'
Driver info: org.openqa.selenium.chrome.ChromeDriver
Capabilities {acceptInsecureCerts: false, browserName: chrome, browserVersion: 144.0.7559.97, chrome: {chromedriverVersion: 144.0.7559.109 (6a8d5e49388..., userDataDir: C:\Windows\SystemTemp\scope...}, fedcm:accounts: true, goog:chromeOptions: {debuggerAddress: localhost:64244}, goog:processID: 4636, networkConnectionEnabled: false, pageLoadStrategy: normal, platformName: windows, proxy: Proxy(), se:cdp: ws://localhost:64244/devtoo..., se:cdpVersion: 144.0.7559.97, setWindowRect: true, strictFileInteractability: false, timeouts: {implicit: 0, pageLoad: 300000, script: 30000}, unhandledPromptBehavior: dismiss and notify, webauthn:extension:credBlob: true, webauthn:extension:largeBlob: true, webauthn:extension:minPinLength: true, webauthn:extension:prf: true, webauthn:virtualAuthenticators: true}
Session ID: 393712a3146cb71d2d653ea8228a1a27
2026-02-01 12:37:08.724 [TestNG-test-Yt Master Tests-2] WARN  [verifyingSideMenuLanguageAsInSettings] [verifyingSideMenuLanguageAsInSettings] Attempt 3 failed — refreshing the page to recover...
2026-02-01 12:37:08.727 [TestNG-test-Yt Master Tests-2] INFO  [verifyingSideMenuLanguageAsInSettings] [verifyingSideMenuLanguageAsInSettings] Current URL before refresh: https://www.youtube.com/
2026-02-01 12:37:08.887 [TestNG-test-Yt Master Tests-2] INFO  [verifyingSideMenuLanguageAsInSettings] [verifyingSideMenuLanguageAsInSettings] Page refreshed successfully.
2026-02-01 12:37:10.394 [TestNG-test-Yt Master Tests-2] INFO  [verifyingSideMenuLanguageAsInSettings] [verifyingSideMenuLanguageAsInSettings] Page fully loaded after refresh.
2026-02-01 12:37:10.394 [TestNG-test-Yt Master Tests-2] ERROR [verifyingSideMenuLanguageAsInSettings] [verifyingSideMenuLanguageAsInSettings] No elements ready after 3 attempts: By.xpath: //ytd-guide-entry-renderer[@class='style-scope ytd-guide-section-renderer']
2026-02-01 12:37:10.395 [TestNG-test-Yt Master Tests-2] INFO  [verifyingSideMenuLanguageAsInSettings] Clicking settings ellipses button...
2026-02-01 12:37:10.395 [TestNG-test-Yt Master Tests-2] INFO  [verifyingSideMenuLanguageAsInSettings] [verifyingSideMenuLanguageAsInSettings] Trying to find element: By.xpath: //ytd-topbar-menu-button-renderer[@class='style-scope ytd-masthead style-default']
2026-02-01 12:37:10.415 [TestNG-test-Yt Master Tests-2] INFO  [verifyingSideMenuLanguageAsInSettings] [verifyingSideMenuLanguageAsInSettings] Element found and ready (attempt 1): By.xpath: //ytd-topbar-menu-button-renderer[@class='style-scope ytd-masthead style-default']
2026-02-01 12:37:12.582 [TestNG-test-Yt Master Tests-2] INFO  [verifyingSideMenuLanguageAsInSettings] Clicking language dropdown...
2026-02-01 12:37:12.582 [TestNG-test-Yt Master Tests-2] INFO  [verifyingSideMenuLanguageAsInSettings] [verifyingSideMenuLanguageAsInSettings] Trying to find element: By.xpath: (//div[@id='content-icon'])[2]
2026-02-01 12:37:12.636 [TestNG-test-Yt Master Tests-2] INFO  [verifyingSideMenuLanguageAsInSettings] [verifyingSideMenuLanguageAsInSettings] Element found and ready (attempt 1): By.xpath: (//div[@id='content-icon'])[2]
2026-02-01 12:37:15.181 [TestNG-test-Yt Master Tests-2] INFO  [verifyingSideMenuLanguageAsInSettings] [verifyingSideMenuLanguageAsInSettings] Capturing screenshot: Filter Applied is Deutsch__2026-02-01_123715.png
2026-02-01 12:37:15.308 [TestNG-test-Yt Master Tests-2] INFO  [verifyingSideMenuLanguageAsInSettings] [verifyingSideMenuLanguageAsInSettings] Screenshot saved at: test-output/screenshots/Run_2026-02-01_12-20-54/verifyingSideMenuLanguageAsInSettings/Filter Applied is Deutsch__2026-02-01_123715.png
2026-02-01 12:37:16.308 [TestNG-test-Yt Master Tests-2] INFO  [verifyingSideMenuLanguageAsInSettings] Looking for language element with name: Deutsch
2026-02-01 12:37:16.308 [TestNG-test-Yt Master Tests-2] INFO  [verifyingSideMenuLanguageAsInSettings] [verifyingSideMenuLanguageAsInSettings] Trying to find element: By.xpath: //yt-multi-page-menu-section-renderer[@class='style-scope ytd-multi-page-menu-renderer']//yt-formatted-string[@id='label' and text()='Deutsch']
2026-02-01 12:37:16.331 [TestNG-test-Yt Master Tests-2] INFO  [verifyingSideMenuLanguageAsInSettings] [verifyingSideMenuLanguageAsInSettings] Element found and ready (attempt 1): By.xpath: //yt-multi-page-menu-section-renderer[@class='style-scope ytd-multi-page-menu-renderer']//yt-formatted-string[@id='label' and text()='Deutsch']
2026-02-01 12:37:17.507 [TestNG-test-Yt Master Tests-2] INFO  [verifyingSideMenuLanguageAsInSettings] Clicking settings ellipses button...
2026-02-01 12:37:17.507 [TestNG-test-Yt Master Tests-2] INFO  [verifyingSideMenuLanguageAsInSettings] [verifyingSideMenuLanguageAsInSettings] Trying to find element: By.xpath: //ytd-topbar-menu-button-renderer[@class='style-scope ytd-masthead style-default']
2026-02-01 12:37:18.228 [TestNG-test-Yt Master Tests-2] INFO  [verifyingSideMenuLanguageAsInSettings] [verifyingSideMenuLanguageAsInSettings] Element found and ready (attempt 1): By.xpath: //ytd-topbar-menu-button-renderer[@class='style-scope ytd-masthead style-default']
2026-02-01 12:37:18.304 [TestNG-test-Yt Master Tests-2] INFO  [verifyingSideMenuLanguageAsInSettings] Looking for language element with name: Deutsch
2026-02-01 12:37:18.304 [TestNG-test-Yt Master Tests-2] INFO  [verifyingSideMenuLanguageAsInSettings] [verifyingSideMenuLanguageAsInSettings] Waiting until element is visible in viewport
2026-02-01 12:37:28.572 [TestNG-test-Yt Master Tests-2] INFO  [verifyingSideMenuLanguageAsInSettings] [verifyingSideMenuLanguageAsInSettings] Capturing screenshot: Filter Applied is Deutsch__2026-02-01_123728.png
2026-02-01 12:37:28.682 [TestNG-test-Yt Master Tests-2] INFO  [verifyingSideMenuLanguageAsInSettings] [verifyingSideMenuLanguageAsInSettings] Screenshot saved at: test-output/screenshots/Run_2026-02-01_12-20-54/verifyingSideMenuLanguageAsInSettings/Filter Applied is Deutsch__2026-02-01_123728.png
2026-02-01 12:37:28.682 [TestNG-test-Yt Master Tests-2] INFO  [verifyingSideMenuLanguageAsInSettings] Clicking settings ellipses button...
2026-02-01 12:37:28.682 [TestNG-test-Yt Master Tests-2] INFO  [verifyingSideMenuLanguageAsInSettings] [verifyingSideMenuLanguageAsInSettings] Trying to find element: By.xpath: //ytd-topbar-menu-button-renderer[@class='style-scope ytd-masthead style-default']
2026-02-01 12:37:28.707 [TestNG-test-Yt Master Tests-2] INFO  [verifyingSideMenuLanguageAsInSettings] [verifyingSideMenuLanguageAsInSettings] Element found and ready (attempt 1): By.xpath: //ytd-topbar-menu-button-renderer[@class='style-scope ytd-masthead style-default']
2026-02-01 12:37:30.785 [TestNG-test-Yt Master Tests-2] INFO  [verifyingSideMenuLanguageAsInSettings] Fetching the side menu in expanded view
2026-02-01 12:37:30.785 [TestNG-test-Yt Master Tests-2] INFO  [verifyingSideMenuLanguageAsInSettings] [verifyingSideMenuLanguageAsInSettings] Finding elements list: By.xpath: //ytd-guide-entry-renderer[@class='style-scope ytd-guide-section-renderer']
2026-02-01 12:37:41.042 [TestNG-test-Yt Master Tests-2] WARN  [verifyingSideMenuLanguageAsInSettings] [verifyingSideMenuLanguageAsInSettings] Attempt 1 failed to find elements: By.xpath: //ytd-guide-entry-renderer[@class='style-scope ytd-guide-section-renderer'] -> org.openqa.selenium.TimeoutException: Expected condition failed: waiting for presence of any elements located by By.xpath: //ytd-guide-entry-renderer[@class='style-scope ytd-guide-section-renderer'] (tried for 10 second(s) with 500 milliseconds interval)
Build info: version: '4.27.0', revision: 'd6e718d134'
System info: os.name: 'Windows Server 2025', os.arch: 'amd64', os.version: '10.0', java.version: '24.0.2'
Driver info: org.openqa.selenium.chrome.ChromeDriver
Capabilities {acceptInsecureCerts: false, browserName: chrome, browserVersion: 144.0.7559.97, chrome: {chromedriverVersion: 144.0.7559.109 (6a8d5e49388..., userDataDir: C:\Windows\SystemTemp\scope...}, fedcm:accounts: true, goog:chromeOptions: {debuggerAddress: localhost:64244}, goog:processID: 4636, networkConnectionEnabled: false, pageLoadStrategy: normal, platformName: windows, proxy: Proxy(), se:cdp: ws://localhost:64244/devtoo..., se:cdpVersion: 144.0.7559.97, setWindowRect: true, strictFileInteractability: false, timeouts: {implicit: 0, pageLoad: 300000, script: 30000}, unhandledPromptBehavior: dismiss and notify, webauthn:extension:credBlob: true, webauthn:extension:largeBlob: true, webauthn:extension:minPinLength: true, webauthn:extension:prf: true, webauthn:virtualAuthenticators: true}
Session ID: 393712a3146cb71d2d653ea8228a1a27
2026-02-01 12:37:51.213 [TestNG-test-Yt Master Tests-2] WARN  [verifyingSideMenuLanguageAsInSettings] [verifyingSideMenuLanguageAsInSettings] Attempt 2 failed to find elements: By.xpath: //ytd-guide-entry-renderer[@class='style-scope ytd-guide-section-renderer'] -> org.openqa.selenium.TimeoutException: Expected condition failed: waiting for presence of any elements located by By.xpath: //ytd-guide-entry-renderer[@class='style-scope ytd-guide-section-renderer'] (tried for 10 second(s) with 500 milliseconds interval)
Build info: version: '4.27.0', revision: 'd6e718d134'
System info: os.name: 'Windows Server 2025', os.arch: 'amd64', os.version: '10.0', java.version: '24.0.2'
Driver info: org.openqa.selenium.chrome.ChromeDriver
Capabilities {acceptInsecureCerts: false, browserName: chrome, browserVersion: 144.0.7559.97, chrome: {chromedriverVersion: 144.0.7559.109 (6a8d5e49388..., userDataDir: C:\Windows\SystemTemp\scope...}, fedcm:accounts: true, goog:chromeOptions: {debuggerAddress: localhost:64244}, goog:processID: 4636, networkConnectionEnabled: false, pageLoadStrategy: normal, platformName: windows, proxy: Proxy(), se:cdp: ws://localhost:64244/devtoo..., se:cdpVersion: 144.0.7559.97, setWindowRect: true, strictFileInteractability: false, timeouts: {implicit: 0, pageLoad: 300000, script: 30000}, unhandledPromptBehavior: dismiss and notify, webauthn:extension:credBlob: true, webauthn:extension:largeBlob: true, webauthn:extension:minPinLength: true, webauthn:extension:prf: true, webauthn:virtualAuthenticators: true}
Session ID: 393712a3146cb71d2d653ea8228a1a27
2026-02-01 12:37:51.214 [TestNG-test-Yt Master Tests-2] WARN  [verifyingSideMenuLanguageAsInSettings] [verifyingSideMenuLanguageAsInSettings] Attempt 2 failed — refreshing the page to recover...
2026-02-01 12:37:51.217 [TestNG-test-Yt Master Tests-2] INFO  [verifyingSideMenuLanguageAsInSettings] [verifyingSideMenuLanguageAsInSettings] Current URL before refresh: https://www.youtube.com/
2026-02-01 12:37:51.379 [TestNG-test-Yt Master Tests-2] INFO  [verifyingSideMenuLanguageAsInSettings] [verifyingSideMenuLanguageAsInSettings] Page refreshed successfully.
2026-02-01 12:37:52.886 [TestNG-test-Yt Master Tests-2] INFO  [verifyingSideMenuLanguageAsInSettings] [verifyingSideMenuLanguageAsInSettings] Page fully loaded after refresh.
2026-02-01 12:38:03.046 [TestNG-test-Yt Master Tests-2] WARN  [verifyingSideMenuLanguageAsInSettings] [verifyingSideMenuLanguageAsInSettings] Attempt 3 failed to find elements: By.xpath: //ytd-guide-entry-renderer[@class='style-scope ytd-guide-section-renderer'] -> org.openqa.selenium.TimeoutException: Expected condition failed: waiting for presence of any elements located by By.xpath: //ytd-guide-entry-renderer[@class='style-scope ytd-guide-section-renderer'] (tried for 10 second(s) with 500 milliseconds interval)
Build info: version: '4.27.0', revision: 'd6e718d134'
System info: os.name: 'Windows Server 2025', os.arch: 'amd64', os.version: '10.0', java.version: '24.0.2'
Driver info: org.openqa.selenium.chrome.ChromeDriver
Capabilities {acceptInsecureCerts: false, browserName: chrome, browserVersion: 144.0.7559.97, chrome: {chromedriverVersion: 144.0.7559.109 (6a8d5e49388..., userDataDir: C:\Windows\SystemTemp\scope...}, fedcm:accounts: true, goog:chromeOptions: {debuggerAddress: localhost:64244}, goog:processID: 4636, networkConnectionEnabled: false, pageLoadStrategy: normal, platformName: windows, proxy: Proxy(), se:cdp: ws://localhost:64244/devtoo..., se:cdpVersion: 144.0.7559.97, setWindowRect: true, strictFileInteractability: false, timeouts: {implicit: 0, pageLoad: 300000, script: 30000}, unhandledPromptBehavior: dismiss and notify, webauthn:extension:credBlob: true, webauthn:extension:largeBlob: true, webauthn:extension:minPinLength: true, webauthn:extension:prf: true, webauthn:virtualAuthenticators: true}
Session ID: 393712a3146cb71d2d653ea8228a1a27
2026-02-01 12:38:03.046 [TestNG-test-Yt Master Tests-2] WARN  [verifyingSideMenuLanguageAsInSettings] [verifyingSideMenuLanguageAsInSettings] Attempt 3 failed — refreshing the page to recover...
2026-02-01 12:38:03.049 [TestNG-test-Yt Master Tests-2] INFO  [verifyingSideMenuLanguageAsInSettings] [verifyingSideMenuLanguageAsInSettings] Current URL before refresh: https://www.youtube.com/
2026-02-01 12:38:03.222 [TestNG-test-Yt Master Tests-2] INFO  [verifyingSideMenuLanguageAsInSettings] [verifyingSideMenuLanguageAsInSettings] Page refreshed successfully.
2026-02-01 12:38:04.728 [TestNG-test-Yt Master Tests-2] INFO  [verifyingSideMenuLanguageAsInSettings] [verifyingSideMenuLanguageAsInSettings] Page fully loaded after refresh.
2026-02-01 12:38:04.728 [TestNG-test-Yt Master Tests-2] ERROR [verifyingSideMenuLanguageAsInSettings] [verifyingSideMenuLanguageAsInSettings] No elements ready after 3 attempts: By.xpath: //ytd-guide-entry-renderer[@class='style-scope ytd-guide-section-renderer']
2026-02-01 12:38:04.729 [TestNG-test-Yt Master Tests-2] INFO  [verifyingSideMenuLanguageAsInSettings] Clicking settings ellipses button...
2026-02-01 12:38:04.729 [TestNG-test-Yt Master Tests-2] INFO  [verifyingSideMenuLanguageAsInSettings] [verifyingSideMenuLanguageAsInSettings] Trying to find element: By.xpath: //ytd-topbar-menu-button-renderer[@class='style-scope ytd-masthead style-default']
2026-02-01 12:38:04.750 [TestNG-test-Yt Master Tests-2] INFO  [verifyingSideMenuLanguageAsInSettings] [verifyingSideMenuLanguageAsInSettings] Element found and ready (attempt 1): By.xpath: //ytd-topbar-menu-button-renderer[@class='style-scope ytd-masthead style-default']
2026-02-01 12:38:06.940 [TestNG-test-Yt Master Tests-2] INFO  [verifyingSideMenuLanguageAsInSettings] Clicking language dropdown...
2026-02-01 12:38:06.940 [TestNG-test-Yt Master Tests-2] INFO  [verifyingSideMenuLanguageAsInSettings] [verifyingSideMenuLanguageAsInSettings] Trying to find element: By.xpath: (//div[@id='content-icon'])[2]
2026-02-01 12:38:06.962 [TestNG-test-Yt Master Tests-2] INFO  [verifyingSideMenuLanguageAsInSettings] [verifyingSideMenuLanguageAsInSettings] Element found and ready (attempt 1): By.xpath: (//div[@id='content-icon'])[2]
2026-02-01 12:38:09.720 [TestNG-test-Yt Master Tests-2] INFO  [verifyingSideMenuLanguageAsInSettings] [verifyingSideMenuLanguageAsInSettings] Capturing screenshot: Filter Applied is Eesti__2026-02-01_123809.png
2026-02-01 12:38:09.840 [TestNG-test-Yt Master Tests-2] INFO  [verifyingSideMenuLanguageAsInSettings] [verifyingSideMenuLanguageAsInSettings] Screenshot saved at: test-output/screenshots/Run_2026-02-01_12-20-54/verifyingSideMenuLanguageAsInSettings/Filter Applied is Eesti__2026-02-01_123809.png
2026-02-01 12:38:10.842 [TestNG-test-Yt Master Tests-2] INFO  [verifyingSideMenuLanguageAsInSettings] Looking for language element with name: Eesti
2026-02-01 12:38:10.842 [TestNG-test-Yt Master Tests-2] INFO  [verifyingSideMenuLanguageAsInSettings] [verifyingSideMenuLanguageAsInSettings] Trying to find element: By.xpath: //yt-multi-page-menu-section-renderer[@class='style-scope ytd-multi-page-menu-renderer']//yt-formatted-string[@id='label' and text()='Eesti']
2026-02-01 12:38:10.868 [TestNG-test-Yt Master Tests-2] INFO  [verifyingSideMenuLanguageAsInSettings] [verifyingSideMenuLanguageAsInSettings] Element found and ready (attempt 1): By.xpath: //yt-multi-page-menu-section-renderer[@class='style-scope ytd-multi-page-menu-renderer']//yt-formatted-string[@id='label' and text()='Eesti']
2026-02-01 12:38:12.406 [TestNG-test-Yt Master Tests-2] INFO  [verifyingSideMenuLanguageAsInSettings] Clicking settings ellipses button...
2026-02-01 12:38:12.407 [TestNG-test-Yt Master Tests-2] INFO  [verifyingSideMenuLanguageAsInSettings] [verifyingSideMenuLanguageAsInSettings] Trying to find element: By.xpath: //ytd-topbar-menu-button-renderer[@class='style-scope ytd-masthead style-default']
2026-02-01 12:38:12.797 [TestNG-test-Yt Master Tests-2] INFO  [verifyingSideMenuLanguageAsInSettings] [verifyingSideMenuLanguageAsInSettings] Element found and ready (attempt 1): By.xpath: //ytd-topbar-menu-button-renderer[@class='style-scope ytd-masthead style-default']
2026-02-01 12:38:13.012 [TestNG-test-Yt Master Tests-2] INFO  [verifyingSideMenuLanguageAsInSettings] Looking for language element with name: Eesti
2026-02-01 12:38:13.012 [TestNG-test-Yt Master Tests-2] INFO  [verifyingSideMenuLanguageAsInSettings] [verifyingSideMenuLanguageAsInSettings] Waiting until element is visible in viewport
2026-02-01 12:38:23.235 [TestNG-test-Yt Master Tests-2] INFO  [verifyingSideMenuLanguageAsInSettings] [verifyingSideMenuLanguageAsInSettings] Capturing screenshot: Filter Applied is Eesti__2026-02-01_123823.png
2026-02-01 12:38:23.301 [TestNG-test-Yt Master Tests-2] INFO  [verifyingSideMenuLanguageAsInSettings] [verifyingSideMenuLanguageAsInSettings] Screenshot saved at: test-output/screenshots/Run_2026-02-01_12-20-54/verifyingSideMenuLanguageAsInSettings/Filter Applied is Eesti__2026-02-01_123823.png
2026-02-01 12:38:23.301 [TestNG-test-Yt Master Tests-2] INFO  [verifyingSideMenuLanguageAsInSettings] Clicking settings ellipses button...
2026-02-01 12:38:23.301 [TestNG-test-Yt Master Tests-2] INFO  [verifyingSideMenuLanguageAsInSettings] [verifyingSideMenuLanguageAsInSettings] Trying to find element: By.xpath: //ytd-topbar-menu-button-renderer[@class='style-scope ytd-masthead style-default']
2026-02-01 12:38:23.321 [TestNG-test-Yt Master Tests-2] INFO  [verifyingSideMenuLanguageAsInSettings] [verifyingSideMenuLanguageAsInSettings] Element found and ready (attempt 1): By.xpath: //ytd-topbar-menu-button-renderer[@class='style-scope ytd-masthead style-default']
2026-02-01 12:38:25.372 [TestNG-test-Yt Master Tests-2] INFO  [verifyingSideMenuLanguageAsInSettings] Fetching the side menu in expanded view
2026-02-01 12:38:25.372 [TestNG-test-Yt Master Tests-2] INFO  [verifyingSideMenuLanguageAsInSettings] [verifyingSideMenuLanguageAsInSettings] Finding elements list: By.xpath: //ytd-guide-entry-renderer[@class='style-scope ytd-guide-section-renderer']
2026-02-01 12:38:35.580 [TestNG-test-Yt Master Tests-2] WARN  [verifyingSideMenuLanguageAsInSettings] [verifyingSideMenuLanguageAsInSettings] Attempt 1 failed to find elements: By.xpath: //ytd-guide-entry-renderer[@class='style-scope ytd-guide-section-renderer'] -> org.openqa.selenium.TimeoutException: Expected condition failed: waiting for presence of any elements located by By.xpath: //ytd-guide-entry-renderer[@class='style-scope ytd-guide-section-renderer'] (tried for 10 second(s) with 500 milliseconds interval)
Build info: version: '4.27.0', revision: 'd6e718d134'
System info: os.name: 'Windows Server 2025', os.arch: 'amd64', os.version: '10.0', java.version: '24.0.2'
Driver info: org.openqa.selenium.chrome.ChromeDriver
Capabilities {acceptInsecureCerts: false, browserName: chrome, browserVersion: 144.0.7559.97, chrome: {chromedriverVersion: 144.0.7559.109 (6a8d5e49388..., userDataDir: C:\Windows\SystemTemp\scope...}, fedcm:accounts: true, goog:chromeOptions: {debuggerAddress: localhost:64244}, goog:processID: 4636, networkConnectionEnabled: false, pageLoadStrategy: normal, platformName: windows, proxy: Proxy(), se:cdp: ws://localhost:64244/devtoo..., se:cdpVersion: 144.0.7559.97, setWindowRect: true, strictFileInteractability: false, timeouts: {implicit: 0, pageLoad: 300000, script: 30000}, unhandledPromptBehavior: dismiss and notify, webauthn:extension:credBlob: true, webauthn:extension:largeBlob: true, webauthn:extension:minPinLength: true, webauthn:extension:prf: true, webauthn:virtualAuthenticators: true}
Session ID: 393712a3146cb71d2d653ea8228a1a27
2026-02-01 12:38:45.763 [TestNG-test-Yt Master Tests-2] WARN  [verifyingSideMenuLanguageAsInSettings] [verifyingSideMenuLanguageAsInSettings] Attempt 2 failed to find elements: By.xpath: //ytd-guide-entry-renderer[@class='style-scope ytd-guide-section-renderer'] -> org.openqa.selenium.TimeoutException: Expected condition failed: waiting for presence of any elements located by By.xpath: //ytd-guide-entry-renderer[@class='style-scope ytd-guide-section-renderer'] (tried for 10 second(s) with 500 milliseconds interval)
Build info: version: '4.27.0', revision: 'd6e718d134'
System info: os.name: 'Windows Server 2025', os.arch: 'amd64', os.version: '10.0', java.version: '24.0.2'
Driver info: org.openqa.selenium.chrome.ChromeDriver
Capabilities {acceptInsecureCerts: false, browserName: chrome, browserVersion: 144.0.7559.97, chrome: {chromedriverVersion: 144.0.7559.109 (6a8d5e49388..., userDataDir: C:\Windows\SystemTemp\scope...}, fedcm:accounts: true, goog:chromeOptions: {debuggerAddress: localhost:64244}, goog:processID: 4636, networkConnectionEnabled: false, pageLoadStrategy: normal, platformName: windows, proxy: Proxy(), se:cdp: ws://localhost:64244/devtoo..., se:cdpVersion: 144.0.7559.97, setWindowRect: true, strictFileInteractability: false, timeouts: {implicit: 0, pageLoad: 300000, script: 30000}, unhandledPromptBehavior: dismiss and notify, webauthn:extension:credBlob: true, webauthn:extension:largeBlob: true, webauthn:extension:minPinLength: true, webauthn:extension:prf: true, webauthn:virtualAuthenticators: true}
Session ID: 393712a3146cb71d2d653ea8228a1a27
2026-02-01 12:38:45.763 [TestNG-test-Yt Master Tests-2] WARN  [verifyingSideMenuLanguageAsInSettings] [verifyingSideMenuLanguageAsInSettings] Attempt 2 failed — refreshing the page to recover...
2026-02-01 12:38:45.767 [TestNG-test-Yt Master Tests-2] INFO  [verifyingSideMenuLanguageAsInSettings] [verifyingSideMenuLanguageAsInSettings] Current URL before refresh: https://www.youtube.com/
2026-02-01 12:38:47.025 [TestNG-test-Yt Master Tests-2] INFO  [verifyingSideMenuLanguageAsInSettings] [verifyingSideMenuLanguageAsInSettings] Page refreshed successfully.
2026-02-01 12:38:48.531 [TestNG-test-Yt Master Tests-2] INFO  [verifyingSideMenuLanguageAsInSettings] [verifyingSideMenuLanguageAsInSettings] Page fully loaded after refresh.
2026-02-01 12:38:58.705 [TestNG-test-Yt Master Tests-2] WARN  [verifyingSideMenuLanguageAsInSettings] [verifyingSideMenuLanguageAsInSettings] Attempt 3 failed to find elements: By.xpath: //ytd-guide-entry-renderer[@class='style-scope ytd-guide-section-renderer'] -> org.openqa.selenium.TimeoutException: Expected condition failed: waiting for presence of any elements located by By.xpath: //ytd-guide-entry-renderer[@class='style-scope ytd-guide-section-renderer'] (tried for 10 second(s) with 500 milliseconds interval)
Build info: version: '4.27.0', revision: 'd6e718d134'
System info: os.name: 'Windows Server 2025', os.arch: 'amd64', os.version: '10.0', java.version: '24.0.2'
Driver info: org.openqa.selenium.chrome.ChromeDriver
Capabilities {acceptInsecureCerts: false, browserName: chrome, browserVersion: 144.0.7559.97, chrome: {chromedriverVersion: 144.0.7559.109 (6a8d5e49388..., userDataDir: C:\Windows\SystemTemp\scope...}, fedcm:accounts: true, goog:chromeOptions: {debuggerAddress: localhost:64244}, goog:processID: 4636, networkConnectionEnabled: false, pageLoadStrategy: normal, platformName: windows, proxy: Proxy(), se:cdp: ws://localhost:64244/devtoo..., se:cdpVersion: 144.0.7559.97, setWindowRect: true, strictFileInteractability: false, timeouts: {implicit: 0, pageLoad: 300000, script: 30000}, unhandledPromptBehavior: dismiss and notify, webauthn:extension:credBlob: true, webauthn:extension:largeBlob: true, webauthn:extension:minPinLength: true, webauthn:extension:prf: true, webauthn:virtualAuthenticators: true}
Session ID: 393712a3146cb71d2d653ea8228a1a27
2026-02-01 12:38:58.705 [TestNG-test-Yt Master Tests-2] WARN  [verifyingSideMenuLanguageAsInSettings] [verifyingSideMenuLanguageAsInSettings] Attempt 3 failed — refreshing the page to recover...
2026-02-01 12:38:58.709 [TestNG-test-Yt Master Tests-2] INFO  [verifyingSideMenuLanguageAsInSettings] [verifyingSideMenuLanguageAsInSettings] Current URL before refresh: https://www.youtube.com/
2026-02-01 12:38:58.889 [TestNG-test-Yt Master Tests-2] INFO  [verifyingSideMenuLanguageAsInSettings] [verifyingSideMenuLanguageAsInSettings] Page refreshed successfully.
2026-02-01 12:39:00.401 [TestNG-test-Yt Master Tests-2] INFO  [verifyingSideMenuLanguageAsInSettings] [verifyingSideMenuLanguageAsInSettings] Page fully loaded after refresh.
2026-02-01 12:39:00.401 [TestNG-test-Yt Master Tests-2] ERROR [verifyingSideMenuLanguageAsInSettings] [verifyingSideMenuLanguageAsInSettings] No elements ready after 3 attempts: By.xpath: //ytd-guide-entry-renderer[@class='style-scope ytd-guide-section-renderer']
2026-02-01 12:39:00.401 [TestNG-test-Yt Master Tests-2] INFO  [verifyingSideMenuLanguageAsInSettings] Clicking settings ellipses button...
2026-02-01 12:39:00.401 [TestNG-test-Yt Master Tests-2] INFO  [verifyingSideMenuLanguageAsInSettings] [verifyingSideMenuLanguageAsInSettings] Trying to find element: By.xpath: //ytd-topbar-menu-button-renderer[@class='style-scope ytd-masthead style-default']
2026-02-01 12:39:00.421 [TestNG-test-Yt Master Tests-2] INFO  [verifyingSideMenuLanguageAsInSettings] [verifyingSideMenuLanguageAsInSettings] Element found and ready (attempt 1): By.xpath: //ytd-topbar-menu-button-renderer[@class='style-scope ytd-masthead style-default']
2026-02-01 12:39:02.704 [TestNG-test-Yt Master Tests-2] INFO  [verifyingSideMenuLanguageAsInSettings] Clicking language dropdown...
2026-02-01 12:39:02.704 [TestNG-test-Yt Master Tests-2] INFO  [verifyingSideMenuLanguageAsInSettings] [verifyingSideMenuLanguageAsInSettings] Trying to find element: By.xpath: (//div[@id='content-icon'])[2]
2026-02-01 12:39:02.734 [TestNG-test-Yt Master Tests-2] INFO  [verifyingSideMenuLanguageAsInSettings] [verifyingSideMenuLanguageAsInSettings] Element found and ready (attempt 1): By.xpath: (//div[@id='content-icon'])[2]
2026-02-01 12:39:05.651 [TestNG-test-Yt Master Tests-2] INFO  [verifyingSideMenuLanguageAsInSettings] [verifyingSideMenuLanguageAsInSettings] Capturing screenshot: Filter Applied is English (India)__2026-02-01_123905.png
2026-02-01 12:39:05.805 [TestNG-test-Yt Master Tests-2] INFO  [verifyingSideMenuLanguageAsInSettings] [verifyingSideMenuLanguageAsInSettings] Screenshot saved at: test-output/screenshots/Run_2026-02-01_12-20-54/verifyingSideMenuLanguageAsInSettings/Filter Applied is English (India)__2026-02-01_123905.png
2026-02-01 12:39:06.807 [TestNG-test-Yt Master Tests-2] INFO  [verifyingSideMenuLanguageAsInSettings] Looking for language element with name: English (India)
2026-02-01 12:39:06.807 [TestNG-test-Yt Master Tests-2] INFO  [verifyingSideMenuLanguageAsInSettings] [verifyingSideMenuLanguageAsInSettings] Trying to find element: By.xpath: //yt-multi-page-menu-section-renderer[@class='style-scope ytd-multi-page-menu-renderer']//yt-formatted-string[@id='label' and text()='English (India)']
2026-02-01 12:39:06.833 [TestNG-test-Yt Master Tests-2] INFO  [verifyingSideMenuLanguageAsInSettings] [verifyingSideMenuLanguageAsInSettings] Element found and ready (attempt 1): By.xpath: //yt-multi-page-menu-section-renderer[@class='style-scope ytd-multi-page-menu-renderer']//yt-formatted-string[@id='label' and text()='English (India)']
2026-02-01 12:39:07.911 [TestNG-test-Yt Master Tests-2] INFO  [verifyingSideMenuLanguageAsInSettings] Clicking settings ellipses button...
2026-02-01 12:39:07.911 [TestNG-test-Yt Master Tests-2] INFO  [verifyingSideMenuLanguageAsInSettings] [verifyingSideMenuLanguageAsInSettings] Trying to find element: By.xpath: //ytd-topbar-menu-button-renderer[@class='style-scope ytd-masthead style-default']
2026-02-01 12:39:08.537 [TestNG-test-Yt Master Tests-2] INFO  [verifyingSideMenuLanguageAsInSettings] [verifyingSideMenuLanguageAsInSettings] Element found and ready (attempt 1): By.xpath: //ytd-topbar-menu-button-renderer[@class='style-scope ytd-masthead style-default']
2026-02-01 12:39:08.746 [TestNG-test-Yt Master Tests-2] INFO  [verifyingSideMenuLanguageAsInSettings] Looking for language element with name: English (India)
2026-02-01 12:39:08.746 [TestNG-test-Yt Master Tests-2] INFO  [verifyingSideMenuLanguageAsInSettings] [verifyingSideMenuLanguageAsInSettings] Waiting until element is visible in viewport
2026-02-01 12:39:19.009 [TestNG-test-Yt Master Tests-2] INFO  [verifyingSideMenuLanguageAsInSettings] [verifyingSideMenuLanguageAsInSettings] Capturing screenshot: Filter Applied is English (India)__2026-02-01_123919.png
2026-02-01 12:39:19.078 [TestNG-test-Yt Master Tests-2] INFO  [verifyingSideMenuLanguageAsInSettings] [verifyingSideMenuLanguageAsInSettings] Screenshot saved at: test-output/screenshots/Run_2026-02-01_12-20-54/verifyingSideMenuLanguageAsInSettings/Filter Applied is English (India)__2026-02-01_123919.png
2026-02-01 12:39:19.078 [TestNG-test-Yt Master Tests-2] INFO  [verifyingSideMenuLanguageAsInSettings] Clicking settings ellipses button...
2026-02-01 12:39:19.078 [TestNG-test-Yt Master Tests-2] INFO  [verifyingSideMenuLanguageAsInSettings] [verifyingSideMenuLanguageAsInSettings] Trying to find element: By.xpath: //ytd-topbar-menu-button-renderer[@class='style-scope ytd-masthead style-default']
2026-02-01 12:39:19.099 [TestNG-test-Yt Master Tests-2] INFO  [verifyingSideMenuLanguageAsInSettings] [verifyingSideMenuLanguageAsInSettings] Element found and ready (attempt 1): By.xpath: //ytd-topbar-menu-button-renderer[@class='style-scope ytd-masthead style-default']
2026-02-01 12:39:21.153 [TestNG-test-Yt Master Tests-2] INFO  [verifyingSideMenuLanguageAsInSettings] Fetching the side menu in expanded view
2026-02-01 12:39:21.153 [TestNG-test-Yt Master Tests-2] INFO  [verifyingSideMenuLanguageAsInSettings] [verifyingSideMenuLanguageAsInSettings] Finding elements list: By.xpath: //ytd-guide-entry-renderer[@class='style-scope ytd-guide-section-renderer']
2026-02-01 12:39:31.359 [TestNG-test-Yt Master Tests-2] WARN  [verifyingSideMenuLanguageAsInSettings] [verifyingSideMenuLanguageAsInSettings] Attempt 1 failed to find elements: By.xpath: //ytd-guide-entry-renderer[@class='style-scope ytd-guide-section-renderer'] -> org.openqa.selenium.TimeoutException: Expected condition failed: waiting for presence of any elements located by By.xpath: //ytd-guide-entry-renderer[@class='style-scope ytd-guide-section-renderer'] (tried for 10 second(s) with 500 milliseconds interval)
Build info: version: '4.27.0', revision: 'd6e718d134'
System info: os.name: 'Windows Server 2025', os.arch: 'amd64', os.version: '10.0', java.version: '24.0.2'
Driver info: org.openqa.selenium.chrome.ChromeDriver
Capabilities {acceptInsecureCerts: false, browserName: chrome, browserVersion: 144.0.7559.97, chrome: {chromedriverVersion: 144.0.7559.109 (6a8d5e49388..., userDataDir: C:\Windows\SystemTemp\scope...}, fedcm:accounts: true, goog:chromeOptions: {debuggerAddress: localhost:64244}, goog:processID: 4636, networkConnectionEnabled: false, pageLoadStrategy: normal, platformName: windows, proxy: Proxy(), se:cdp: ws://localhost:64244/devtoo..., se:cdpVersion: 144.0.7559.97, setWindowRect: true, strictFileInteractability: false, timeouts: {implicit: 0, pageLoad: 300000, script: 30000}, unhandledPromptBehavior: dismiss and notify, webauthn:extension:credBlob: true, webauthn:extension:largeBlob: true, webauthn:extension:minPinLength: true, webauthn:extension:prf: true, webauthn:virtualAuthenticators: true}
Session ID: 393712a3146cb71d2d653ea8228a1a27
2026-02-01 12:39:41.552 [TestNG-test-Yt Master Tests-2] WARN  [verifyingSideMenuLanguageAsInSettings] [verifyingSideMenuLanguageAsInSettings] Attempt 2 failed to find elements: By.xpath: //ytd-guide-entry-renderer[@class='style-scope ytd-guide-section-renderer'] -> org.openqa.selenium.TimeoutException: Expected condition failed: waiting for presence of any elements located by By.xpath: //ytd-guide-entry-renderer[@class='style-scope ytd-guide-section-renderer'] (tried for 10 second(s) with 500 milliseconds interval)
Build info: version: '4.27.0', revision: 'd6e718d134'
System info: os.name: 'Windows Server 2025', os.arch: 'amd64', os.version: '10.0', java.version: '24.0.2'
Driver info: org.openqa.selenium.chrome.ChromeDriver
Capabilities {acceptInsecureCerts: false, browserName: chrome, browserVersion: 144.0.7559.97, chrome: {chromedriverVersion: 144.0.7559.109 (6a8d5e49388..., userDataDir: C:\Windows\SystemTemp\scope...}, fedcm:accounts: true, goog:chromeOptions: {debuggerAddress: localhost:64244}, goog:processID: 4636, networkConnectionEnabled: false, pageLoadStrategy: normal, platformName: windows, proxy: Proxy(), se:cdp: ws://localhost:64244/devtoo..., se:cdpVersion: 144.0.7559.97, setWindowRect: true, strictFileInteractability: false, timeouts: {implicit: 0, pageLoad: 300000, script: 30000}, unhandledPromptBehavior: dismiss and notify, webauthn:extension:credBlob: true, webauthn:extension:largeBlob: true, webauthn:extension:minPinLength: true, webauthn:extension:prf: true, webauthn:virtualAuthenticators: true}
Session ID: 393712a3146cb71d2d653ea8228a1a27
2026-02-01 12:39:41.552 [TestNG-test-Yt Master Tests-2] WARN  [verifyingSideMenuLanguageAsInSettings] [verifyingSideMenuLanguageAsInSettings] Attempt 2 failed — refreshing the page to recover...
2026-02-01 12:39:41.557 [TestNG-test-Yt Master Tests-2] INFO  [verifyingSideMenuLanguageAsInSettings] [verifyingSideMenuLanguageAsInSettings] Current URL before refresh: https://www.youtube.com/
2026-02-01 12:39:42.851 [TestNG-test-Yt Master Tests-2] INFO  [verifyingSideMenuLanguageAsInSettings] [verifyingSideMenuLanguageAsInSettings] Page refreshed successfully.
2026-02-01 12:39:44.357 [TestNG-test-Yt Master Tests-2] INFO  [verifyingSideMenuLanguageAsInSettings] [verifyingSideMenuLanguageAsInSettings] Page fully loaded after refresh.
2026-02-01 12:39:54.535 [TestNG-test-Yt Master Tests-2] WARN  [verifyingSideMenuLanguageAsInSettings] [verifyingSideMenuLanguageAsInSettings] Attempt 3 failed to find elements: By.xpath: //ytd-guide-entry-renderer[@class='style-scope ytd-guide-section-renderer'] -> org.openqa.selenium.TimeoutException: Expected condition failed: waiting for presence of any elements located by By.xpath: //ytd-guide-entry-renderer[@class='style-scope ytd-guide-section-renderer'] (tried for 10 second(s) with 500 milliseconds interval)
Build info: version: '4.27.0', revision: 'd6e718d134'
System info: os.name: 'Windows Server 2025', os.arch: 'amd64', os.version: '10.0', java.version: '24.0.2'
Driver info: org.openqa.selenium.chrome.ChromeDriver
Capabilities {acceptInsecureCerts: false, browserName: chrome, browserVersion: 144.0.7559.97, chrome: {chromedriverVersion: 144.0.7559.109 (6a8d5e49388..., userDataDir: C:\Windows\SystemTemp\scope...}, fedcm:accounts: true, goog:chromeOptions: {debuggerAddress: localhost:64244}, goog:processID: 4636, networkConnectionEnabled: false, pageLoadStrategy: normal, platformName: windows, proxy: Proxy(), se:cdp: ws://localhost:64244/devtoo..., se:cdpVersion: 144.0.7559.97, setWindowRect: true, strictFileInteractability: false, timeouts: {implicit: 0, pageLoad: 300000, script: 30000}, unhandledPromptBehavior: dismiss and notify, webauthn:extension:credBlob: true, webauthn:extension:largeBlob: true, webauthn:extension:minPinLength: true, webauthn:extension:prf: true, webauthn:virtualAuthenticators: true}
Session ID: 393712a3146cb71d2d653ea8228a1a27
2026-02-01 12:39:54.535 [TestNG-test-Yt Master Tests-2] WARN  [verifyingSideMenuLanguageAsInSettings] [verifyingSideMenuLanguageAsInSettings] Attempt 3 failed — refreshing the page to recover...
2026-02-01 12:39:54.539 [TestNG-test-Yt Master Tests-2] INFO  [verifyingSideMenuLanguageAsInSettings] [verifyingSideMenuLanguageAsInSettings] Current URL before refresh: https://www.youtube.com/
2026-02-01 12:39:55.654 [TestNG-test-Yt Master Tests-2] INFO  [verifyingSideMenuLanguageAsInSettings] [verifyingSideMenuLanguageAsInSettings] Page refreshed successfully.
2026-02-01 12:39:57.160 [TestNG-test-Yt Master Tests-2] INFO  [verifyingSideMenuLanguageAsInSettings] [verifyingSideMenuLanguageAsInSettings] Page fully loaded after refresh.
2026-02-01 12:39:57.161 [TestNG-test-Yt Master Tests-2] ERROR [verifyingSideMenuLanguageAsInSettings] [verifyingSideMenuLanguageAsInSettings] No elements ready after 3 attempts: By.xpath: //ytd-guide-entry-renderer[@class='style-scope ytd-guide-section-renderer']
2026-02-01 12:39:57.161 [TestNG-test-Yt Master Tests-2] INFO  [verifyingSideMenuLanguageAsInSettings] Clicking settings ellipses button...
2026-02-01 12:39:57.161 [TestNG-test-Yt Master Tests-2] INFO  [verifyingSideMenuLanguageAsInSettings] [verifyingSideMenuLanguageAsInSettings] Trying to find element: By.xpath: //ytd-topbar-menu-button-renderer[@class='style-scope ytd-masthead style-default']
2026-02-01 12:39:57.183 [TestNG-test-Yt Master Tests-2] INFO  [verifyingSideMenuLanguageAsInSettings] [verifyingSideMenuLanguageAsInSettings] Element found and ready (attempt 1): By.xpath: //ytd-topbar-menu-button-renderer[@class='style-scope ytd-masthead style-default']
2026-02-01 12:39:59.281 [TestNG-test-Yt Master Tests-2] INFO  [verifyingSideMenuLanguageAsInSettings] Clicking language dropdown...
2026-02-01 12:39:59.281 [TestNG-test-Yt Master Tests-2] INFO  [verifyingSideMenuLanguageAsInSettings] [verifyingSideMenuLanguageAsInSettings] Trying to find element: By.xpath: (//div[@id='content-icon'])[2]
2026-02-01 12:39:59.312 [TestNG-test-Yt Master Tests-2] INFO  [verifyingSideMenuLanguageAsInSettings] [verifyingSideMenuLanguageAsInSettings] Element found and ready (attempt 1): By.xpath: (//div[@id='content-icon'])[2]
2026-02-01 12:40:01.705 [TestNG-test-Yt Master Tests-2] INFO  [verifyingSideMenuLanguageAsInSettings] [verifyingSideMenuLanguageAsInSettings] Not retrying test 'verifyingSideMenuLanguageAsInSettings'. Retry count: 0, Cause: The following asserts failed:
	Mismatch in the Actual and Expected data expected [Tuis Kortvideo's Intekeninge Myne Geskiedenis Musiek Flieks Regstreeks YouTube Premium YouTube Music YouTube Kids Instellings Aangeegeskiedenis Hulp Stuur terugvoer] but found [],
	Mismatch in the Actual and Expected data expected [Ev Shorts Abunəliklər Siz Tarixçə Musiqi Filmlər Canlı YouTube Premium YouTube Music YouTube Kids Ayarlar Xəbər tarixçəsi Yardım Rəy göndərin] but found [],
	Mismatch in the Actual and Expected data expected [Beranda Shorts Subscription Anda Histori Musik Film Live YouTube Premium YouTube Music YouTube Kids Setelan Histori laporan Bantuan Kirim masukan] but found [],
	Mismatch in the Actual and Expected data expected [Početna stranica Shorts Pretplate Vi Hi‪storija Muzika Filmovi Uživo YouTube Premium YouTube Music YouTube Kids Postavke Historija prijava Pomoć Pošaljite povratne informacije] but found [],
	Mismatch in the Actual and Expected data expected [Inici YouTube Shorts Subscripcions Tu Historial Música Pel·lícules En directe YouTube Premium YouTube Music YouTube Kids Configuració Historial d'informes Ajuda Envia suggeriments] but found [],
	Mismatch in the Actual and Expected data expected [Start Shorts Abonnementer Dig Historik Musik Film Live YouTube Premium YouTube Music YouTube Kids Indstillinger Rapporteringshistorik Hjælp Send feedback] but found [],
	Mismatch in the Actual and Expected data expected [Startseite Shorts Abos Mein YouTube Verlauf Musik Filme Live YouTube Premium YouTube Music YouTube Kids Einstellungen Meldeverlauf Hilfe Feedback senden] but found [],
	Mismatch in the Actual and Expected data expected [Avaleht Shorts Tellimused Teie Ajalugu Muusika Filmid Otse YouTube Premium YouTube Music YouTube Kids Seaded Teavituste ajalugu Abi Tagasiside saatmine] but found [],
	Mismatch in the Actual and Expected data expected [Home Shorts Subscriptions You History Shopping Music Films YouTube Premium YouTube Music YouTube Kids Settings Report history Help Send feedback] but found []
2026-02-01 12:40:01.712 [TestNG-test-Yt Master Tests-2] ERROR [verifyingSideMenuLanguageAsInSettings] Test FAILED: verifyingSideMenuLanguageAsInSettings - java.lang.AssertionError: The following asserts failed:
	Mismatch in the Actual and Expected data expected [Tuis Kortvideo's Intekeninge Myne Geskiedenis Musiek Flieks Regstreeks YouTube Premium YouTube Music YouTube Kids Instellings Aangeegeskiedenis Hulp Stuur terugvoer] but found [],
	Mismatch in the Actual and Expected data expected [Ev Shorts Abunəliklər Siz Tarixçə Musiqi Filmlər Canlı YouTube Premium YouTube Music YouTube Kids Ayarlar Xəbər tarixçəsi Yardım Rəy göndərin] but found [],
	Mismatch in the Actual and Expected data expected [Beranda Shorts Subscription Anda Histori Musik Film Live YouTube Premium YouTube Music YouTube Kids Setelan Histori laporan Bantuan Kirim masukan] but found [],
	Mismatch in the Actual and Expected data expected [Početna stranica Shorts Pretplate Vi Hi‪storija Muzika Filmovi Uživo YouTube Premium YouTube Music YouTube Kids Postavke Historija prijava Pomoć Pošaljite povratne informacije] but found [],
	Mismatch in the Actual and Expected data expected [Inici YouTube Shorts Subscripcions Tu Historial Música Pel·lícules En directe YouTube Premium YouTube Music YouTube Kids Configuració Historial d'informes Ajuda Envia suggeriments] but found [],
	Mismatch in the Actual and Expected data expected [Start Shorts Abonnementer Dig Historik Musik Film Live YouTube Premium YouTube Music YouTube Kids Indstillinger Rapporteringshistorik Hjælp Send feedback] but found [],
	Mismatch in the Actual and Expected data expected [Startseite Shorts Abos Mein YouTube Verlauf Musik Filme Live YouTube Premium YouTube Music YouTube Kids Einstellungen Meldeverlauf Hilfe Feedback senden] but found [],
	Mismatch in the Actual and Expected data expected [Avaleht Shorts Tellimused Teie Ajalugu Muusika Filmid Otse YouTube Premium YouTube Music YouTube Kids Seaded Teavituste ajalugu Abi Tagasiside saatmine] but found [],
	Mismatch in the Actual and Expected data expected [Home Shorts Subscriptions You History Shopping Music Films YouTube Premium YouTube Music YouTube Kids Settings Report history Help Send feedback] but found []
2026-02-01 12:40:01.712 [TestNG-test-Yt Master Tests-2] INFO  [verifyingSideMenuLanguageAsInSettings] Closing WebDriver for thread: 35
2026-02-01 12:40:02.715 [TestNG-test-Yt Master Tests-2] INFO  [verifyingSideMenuLanguageAsInSettings] WebDriver instance removed from ThreadLocal for thread: 35
2026-02-01 12:40:02.716 [TestNG-test-Yt Master Tests-2] INFO  [verifyingSideMenuLanguageAsInSettings] Driver closed for test: verifyingSideMenuLanguageAsInSettings
