<?xml version="1.0" encoding="UTF-8"?>
<!-- Generated by org.testng.reporters.JUnitXMLReporter -->
<testsuite ignored="0" hostname="sagar" failures="4" tests="4" name="Test" time="29.46" errors="0" timestamp="2025-09-29T22:26:20 IST">
  <testcase classname="tests.YtMasterTests" name="verifyingSideMenuLanguageAsInSettings3" time="17.636">
    <failure type="java.lang.ClassCastException" message="class java.util.ArrayList cannot be cast to class org.openqa.selenium.By (java.util.ArrayList is in module java.base of loader &amp;apos;bootstrap&amp;apos;; org.openqa.selenium.By is in unnamed module of loader &amp;apos;app&amp;apos;)">
      <![CDATA[java.lang.ClassCastException: class java.util.ArrayList cannot be cast to class org.openqa.selenium.By (java.util.ArrayList is in module java.base of loader 'bootstrap'; org.openqa.selenium.By is in unnamed module of loader 'app')
at POM.YtLandingPage.applyingAllLanguagesFromList(YtLandingPage.java:95)
at tests.YtMasterTests.verifyingSideMenuLanguageAsInSettings3(YtMasterTests.java:70)
at java.base/java.util.concurrent.Executors$RunnableAdapter.call(Executors.java:572)
at java.base/java.util.concurrent.FutureTask.run(FutureTask.java:317)
at java.base/java.util.concurrent.ThreadPoolExecutor.runWorker(ThreadPoolExecutor.java:1144)
at java.base/java.util.concurrent.ThreadPoolExecutor$Worker.run(ThreadPoolExecutor.java:642)
at java.base/java.lang.Thread.run(Thread.java:1583)
... Removed 11 stack frames]]>
    </failure>
  </testcase> <!-- verifyingSideMenuLanguageAsInSettings3 -->
  <testcase classname="tests.YtMasterTests" name="verifyingSideMenuLanguageAsInSettings" time="17.843">
    <failure type="java.lang.ClassCastException" message="class java.util.ArrayList cannot be cast to class org.openqa.selenium.By (java.util.ArrayList is in module java.base of loader &amp;apos;bootstrap&amp;apos;; org.openqa.selenium.By is in unnamed module of loader &amp;apos;app&amp;apos;)">
      <![CDATA[java.lang.ClassCastException: class java.util.ArrayList cannot be cast to class org.openqa.selenium.By (java.util.ArrayList is in module java.base of loader 'bootstrap'; org.openqa.selenium.By is in unnamed module of loader 'app')
at POM.YtLandingPage.applyingAllLanguagesFromList(YtLandingPage.java:95)
at tests.YtMasterTests.verifyingSideMenuLanguageAsInSettings(YtMasterTests.java:32)
at java.base/java.util.concurrent.Executors$RunnableAdapter.call(Executors.java:572)
at java.base/java.util.concurrent.FutureTask.run(FutureTask.java:317)
at java.base/java.util.concurrent.ThreadPoolExecutor.runWorker(ThreadPoolExecutor.java:1144)
at java.base/java.util.concurrent.ThreadPoolExecutor$Worker.run(ThreadPoolExecutor.java:642)
at java.base/java.lang.Thread.run(Thread.java:1583)
... Removed 11 stack frames]]>
    </failure>
  </testcase> <!-- verifyingSideMenuLanguageAsInSettings -->
  <testcase classname="tests.YtMasterTests" name="verifyingSideMenuLanguageAsInSettings4" time="19.106">
    <failure type="java.lang.ClassCastException" message="class java.util.ArrayList cannot be cast to class org.openqa.selenium.By (java.util.ArrayList is in module java.base of loader &amp;apos;bootstrap&amp;apos;; org.openqa.selenium.By is in unnamed module of loader &amp;apos;app&amp;apos;)">
      <![CDATA[java.lang.ClassCastException: class java.util.ArrayList cannot be cast to class org.openqa.selenium.By (java.util.ArrayList is in module java.base of loader 'bootstrap'; org.openqa.selenium.By is in unnamed module of loader 'app')
at POM.YtLandingPage.applyingAllLanguagesFromList(YtLandingPage.java:95)
at tests.YtMasterTests.verifyingSideMenuLanguageAsInSettings4(YtMasterTests.java:88)
at java.base/java.util.concurrent.Executors$RunnableAdapter.call(Executors.java:572)
at java.base/java.util.concurrent.FutureTask.run(FutureTask.java:317)
at java.base/java.util.concurrent.ThreadPoolExecutor.runWorker(ThreadPoolExecutor.java:1144)
at java.base/java.util.concurrent.ThreadPoolExecutor$Worker.run(ThreadPoolExecutor.java:642)
at java.base/java.lang.Thread.run(Thread.java:1583)
... Removed 11 stack frames]]>
    </failure>
  </testcase> <!-- verifyingSideMenuLanguageAsInSettings4 -->
  <testcase classname="tests.YtMasterTests" name="verifyingSideMenuLanguageAsInSettings2" time="20.269">
    <failure type="java.lang.ClassCastException" message="class java.util.ArrayList cannot be cast to class org.openqa.selenium.By (java.util.ArrayList is in module java.base of loader &amp;apos;bootstrap&amp;apos;; org.openqa.selenium.By is in unnamed module of loader &amp;apos;app&amp;apos;)">
      <![CDATA[java.lang.ClassCastException: class java.util.ArrayList cannot be cast to class org.openqa.selenium.By (java.util.ArrayList is in module java.base of loader 'bootstrap'; org.openqa.selenium.By is in unnamed module of loader 'app')
at POM.YtLandingPage.applyingAllLanguagesFromList(YtLandingPage.java:95)
at tests.YtMasterTests.verifyingSideMenuLanguageAsInSettings2(YtMasterTests.java:53)
at java.base/java.util.concurrent.Executors$RunnableAdapter.call(Executors.java:572)
at java.base/java.util.concurrent.FutureTask.run(FutureTask.java:317)
at java.base/java.util.concurrent.ThreadPoolExecutor.runWorker(ThreadPoolExecutor.java:1144)
at java.base/java.util.concurrent.ThreadPoolExecutor$Worker.run(ThreadPoolExecutor.java:642)
at java.base/java.lang.Thread.run(Thread.java:1583)
... Removed 11 stack frames]]>
    </failure>
  </testcase> <!-- verifyingSideMenuLanguageAsInSettings2 -->
</testsuite> <!-- Test -->
