2026-01-10 16:43:17.761 [TestNG-test-Smoke Tests-1] INFO  [verifyingSideMenuLanguageAsInSettingsLingua] ===== STARTING TEST: verifyingSideMenuLanguageAsInSettingsLingua  | Thread: 34 =====
2026-01-10 16:43:17.764 [TestNG-test-Smoke Tests-1] INFO  [verifyingSideMenuLanguageAsInSettingsLingua] No existing WebDriver found for current thread. Initializing a new ChromeDriver...
2026-01-10 16:43:17.776 [TestNG-test-Smoke Tests-1] INFO  [verifyingSideMenuLanguageAsInSettingsLingua] WebDriverManager: chromedriver setup OK
2026-01-10 16:43:18.965 [TestNG-test-Smoke Tests-1] INFO  [verifyingSideMenuLanguageAsInSettingsLingua] ChromeDriver initialized successfully for thread: 34
2026-01-10 16:43:18.966 [TestNG-test-Smoke Tests-1] INFO  [verifyingSideMenuLanguageAsInSettingsLingua] Driver initialized successfully for test: verifyingSideMenuLanguageAsInSettingsLingua
2026-01-10 16:43:18.967 [TestNG-test-Smoke Tests-1] INFO  [verifyingSideMenuLanguageAsInSettingsLingua] SafeActions initialized with driver ChromeDriver: chrome on windows (b766c26c126bc9adcc557bcf2760aadd)
2026-01-10 16:43:18.967 [TestNG-test-Smoke Tests-1] INFO  [verifyingSideMenuLanguageAsInSettingsLingua] Initialized YtLandingPage with driver: ChromeDriver: chrome on windows (b766c26c126bc9adcc557bcf2760aadd)
2026-01-10 16:43:18.967 [TestNG-test-Smoke Tests-1] INFO  [verifyingSideMenuLanguageAsInSettingsLingua] SafeActions initialized with driver ChromeDriver: chrome on windows (b766c26c126bc9adcc557bcf2760aadd)
2026-01-10 16:43:21.282 [TestNG-test-Smoke Tests-1] INFO  [verifyingSideMenuLanguageAsInSettingsLingua] Opened YouTube landing page.
2026-01-10 16:43:21.283 [TestNG-test-Smoke Tests-1] INFO  [verifyingSideMenuLanguageAsInSettingsLingua] Clicking settings ellipses button...
2026-01-10 16:43:21.283 [TestNG-test-Smoke Tests-1] INFO  [verifyingSideMenuLanguageAsInSettingsLingua] [verifyingSideMenuLanguageAsInSettingsLingua] Trying to find element: By.xpath: //ytd-topbar-menu-button-renderer[@class='style-scope ytd-masthead style-default']
2026-01-10 16:43:21.541 [TestNG-test-Smoke Tests-1] INFO  [verifyingSideMenuLanguageAsInSettingsLingua] [verifyingSideMenuLanguageAsInSettingsLingua] Element found and ready (attempt 1): By.xpath: //ytd-topbar-menu-button-renderer[@class='style-scope ytd-masthead style-default']
2026-01-10 16:43:23.730 [TestNG-test-Smoke Tests-1] INFO  [verifyingSideMenuLanguageAsInSettingsLingua] Clicking language dropdown...
2026-01-10 16:43:23.730 [TestNG-test-Smoke Tests-1] INFO  [verifyingSideMenuLanguageAsInSettingsLingua] [verifyingSideMenuLanguageAsInSettingsLingua] Trying to find element: By.xpath: (//div[@id='content-icon'])[2]
2026-01-10 16:43:23.756 [TestNG-test-Smoke Tests-1] INFO  [verifyingSideMenuLanguageAsInSettingsLingua] [verifyingSideMenuLanguageAsInSettingsLingua] Element found and ready (attempt 1): By.xpath: (//div[@id='content-icon'])[2]
2026-01-10 16:43:26.263 [TestNG-test-Smoke Tests-1] INFO  [verifyingSideMenuLanguageAsInSettingsLingua] [verifyingSideMenuLanguageAsInSettingsLingua] Execution is Not CRON Job Hence refering to normal keys from UtilData
2026-01-10 16:43:26.263 [TestNG-test-Smoke Tests-1] INFO  [verifyingSideMenuLanguageAsInSettingsLingua] [verifyingSideMenuLanguageAsInSettingsLingua] Capturing screenshot: Filter Applied is Afrikaans__2026-01-10_164326.png
2026-01-10 16:43:26.344 [TestNG-test-Smoke Tests-1] INFO  [verifyingSideMenuLanguageAsInSettingsLingua] [verifyingSideMenuLanguageAsInSettingsLingua] Screenshot saved at: test-output/screenshots/Run_2026-01-10_16-37-08/verifyingSideMenuLanguageAsInSettingsLingua/Filter Applied is Afrikaans__2026-01-10_164326.png
2026-01-10 16:43:27.345 [TestNG-test-Smoke Tests-1] INFO  [verifyingSideMenuLanguageAsInSettingsLingua] Looking for language element with name: Afrikaans
2026-01-10 16:43:27.345 [TestNG-test-Smoke Tests-1] INFO  [verifyingSideMenuLanguageAsInSettingsLingua] [verifyingSideMenuLanguageAsInSettingsLingua] Trying to find element: By.xpath: //yt-multi-page-menu-section-renderer[@class='style-scope ytd-multi-page-menu-renderer']//yt-formatted-string[@id='label' and text()='Afrikaans']
2026-01-10 16:43:27.370 [TestNG-test-Smoke Tests-1] INFO  [verifyingSideMenuLanguageAsInSettingsLingua] [verifyingSideMenuLanguageAsInSettingsLingua] Element found and ready (attempt 1): By.xpath: //yt-multi-page-menu-section-renderer[@class='style-scope ytd-multi-page-menu-renderer']//yt-formatted-string[@id='label' and text()='Afrikaans']
2026-01-10 16:43:30.478 [TestNG-test-Smoke Tests-1] INFO  [verifyingSideMenuLanguageAsInSettingsLingua] Fetching the side menu in expanded view
2026-01-10 16:43:30.481 [TestNG-test-Smoke Tests-1] INFO  [verifyingSideMenuLanguageAsInSettingsLingua] [verifyingSideMenuLanguageAsInSettingsLingua] Finding elements list: By.xpath: //ytd-guide-entry-renderer[@class='style-scope ytd-guide-section-renderer']
2026-01-10 16:43:40.724 [TestNG-test-Smoke Tests-1] WARN  [verifyingSideMenuLanguageAsInSettingsLingua] [verifyingSideMenuLanguageAsInSettingsLingua] Attempt 1 failed to find elements: By.xpath: //ytd-guide-entry-renderer[@class='style-scope ytd-guide-section-renderer'] -> org.openqa.selenium.TimeoutException: Expected condition failed: waiting for presence of any elements located by By.xpath: //ytd-guide-entry-renderer[@class='style-scope ytd-guide-section-renderer'] (tried for 10 second(s) with 500 milliseconds interval)
Build info: version: '4.27.0', revision: 'd6e718d134'
System info: os.name: 'Windows Server 2025', os.arch: 'amd64', os.version: '10.0', java.version: '24.0.2'
Driver info: org.openqa.selenium.chrome.ChromeDriver
Capabilities {acceptInsecureCerts: false, browserName: chrome, browserVersion: 143.0.7499.170, chrome: {chromedriverVersion: 143.0.7499.192 (be2c1f4fd45..., userDataDir: C:\Windows\SystemTemp\scope...}, fedcm:accounts: true, goog:chromeOptions: {debuggerAddress: localhost:61221}, goog:processID: 10216, networkConnectionEnabled: false, pageLoadStrategy: normal, platformName: windows, proxy: Proxy(), se:cdp: ws://localhost:61221/devtoo..., se:cdpVersion: 143.0.7499.170, setWindowRect: true, strictFileInteractability: false, timeouts: {implicit: 0, pageLoad: 300000, script: 30000}, unhandledPromptBehavior: dismiss and notify, webauthn:extension:credBlob: true, webauthn:extension:largeBlob: true, webauthn:extension:minPinLength: true, webauthn:extension:prf: true, webauthn:virtualAuthenticators: true}
Session ID: b766c26c126bc9adcc557bcf2760aadd
2026-01-10 16:43:50.893 [TestNG-test-Smoke Tests-1] WARN  [verifyingSideMenuLanguageAsInSettingsLingua] [verifyingSideMenuLanguageAsInSettingsLingua] Attempt 2 failed to find elements: By.xpath: //ytd-guide-entry-renderer[@class='style-scope ytd-guide-section-renderer'] -> org.openqa.selenium.TimeoutException: Expected condition failed: waiting for presence of any elements located by By.xpath: //ytd-guide-entry-renderer[@class='style-scope ytd-guide-section-renderer'] (tried for 10 second(s) with 500 milliseconds interval)
Build info: version: '4.27.0', revision: 'd6e718d134'
System info: os.name: 'Windows Server 2025', os.arch: 'amd64', os.version: '10.0', java.version: '24.0.2'
Driver info: org.openqa.selenium.chrome.ChromeDriver
Capabilities {acceptInsecureCerts: false, browserName: chrome, browserVersion: 143.0.7499.170, chrome: {chromedriverVersion: 143.0.7499.192 (be2c1f4fd45..., userDataDir: C:\Windows\SystemTemp\scope...}, fedcm:accounts: true, goog:chromeOptions: {debuggerAddress: localhost:61221}, goog:processID: 10216, networkConnectionEnabled: false, pageLoadStrategy: normal, platformName: windows, proxy: Proxy(), se:cdp: ws://localhost:61221/devtoo..., se:cdpVersion: 143.0.7499.170, setWindowRect: true, strictFileInteractability: false, timeouts: {implicit: 0, pageLoad: 300000, script: 30000}, unhandledPromptBehavior: dismiss and notify, webauthn:extension:credBlob: true, webauthn:extension:largeBlob: true, webauthn:extension:minPinLength: true, webauthn:extension:prf: true, webauthn:virtualAuthenticators: true}
Session ID: b766c26c126bc9adcc557bcf2760aadd
2026-01-10 16:43:50.893 [TestNG-test-Smoke Tests-1] WARN  [verifyingSideMenuLanguageAsInSettingsLingua] [verifyingSideMenuLanguageAsInSettingsLingua] Attempt 2 failed — refreshing the page to recover...
2026-01-10 16:43:50.898 [TestNG-test-Smoke Tests-1] INFO  [verifyingSideMenuLanguageAsInSettingsLingua] [verifyingSideMenuLanguageAsInSettingsLingua] Current URL before refresh: https://www.youtube.com/
2026-01-10 16:43:51.913 [TestNG-test-Smoke Tests-1] INFO  [verifyingSideMenuLanguageAsInSettingsLingua] [verifyingSideMenuLanguageAsInSettingsLingua] Page refreshed successfully.
2026-01-10 16:43:53.419 [TestNG-test-Smoke Tests-1] INFO  [verifyingSideMenuLanguageAsInSettingsLingua] [verifyingSideMenuLanguageAsInSettingsLingua] Page fully loaded after refresh.
2026-01-10 16:44:03.622 [TestNG-test-Smoke Tests-1] WARN  [verifyingSideMenuLanguageAsInSettingsLingua] [verifyingSideMenuLanguageAsInSettingsLingua] Attempt 3 failed to find elements: By.xpath: //ytd-guide-entry-renderer[@class='style-scope ytd-guide-section-renderer'] -> org.openqa.selenium.TimeoutException: Expected condition failed: waiting for presence of any elements located by By.xpath: //ytd-guide-entry-renderer[@class='style-scope ytd-guide-section-renderer'] (tried for 10 second(s) with 500 milliseconds interval)
Build info: version: '4.27.0', revision: 'd6e718d134'
System info: os.name: 'Windows Server 2025', os.arch: 'amd64', os.version: '10.0', java.version: '24.0.2'
Driver info: org.openqa.selenium.chrome.ChromeDriver
Capabilities {acceptInsecureCerts: false, browserName: chrome, browserVersion: 143.0.7499.170, chrome: {chromedriverVersion: 143.0.7499.192 (be2c1f4fd45..., userDataDir: C:\Windows\SystemTemp\scope...}, fedcm:accounts: true, goog:chromeOptions: {debuggerAddress: localhost:61221}, goog:processID: 10216, networkConnectionEnabled: false, pageLoadStrategy: normal, platformName: windows, proxy: Proxy(), se:cdp: ws://localhost:61221/devtoo..., se:cdpVersion: 143.0.7499.170, setWindowRect: true, strictFileInteractability: false, timeouts: {implicit: 0, pageLoad: 300000, script: 30000}, unhandledPromptBehavior: dismiss and notify, webauthn:extension:credBlob: true, webauthn:extension:largeBlob: true, webauthn:extension:minPinLength: true, webauthn:extension:prf: true, webauthn:virtualAuthenticators: true}
Session ID: b766c26c126bc9adcc557bcf2760aadd
2026-01-10 16:44:03.623 [TestNG-test-Smoke Tests-1] WARN  [verifyingSideMenuLanguageAsInSettingsLingua] [verifyingSideMenuLanguageAsInSettingsLingua] Attempt 3 failed — refreshing the page to recover...
2026-01-10 16:44:03.627 [TestNG-test-Smoke Tests-1] INFO  [verifyingSideMenuLanguageAsInSettingsLingua] [verifyingSideMenuLanguageAsInSettingsLingua] Current URL before refresh: https://www.youtube.com/
2026-01-10 16:44:04.670 [TestNG-test-Smoke Tests-1] INFO  [verifyingSideMenuLanguageAsInSettingsLingua] [verifyingSideMenuLanguageAsInSettingsLingua] Page refreshed successfully.
2026-01-10 16:44:06.175 [TestNG-test-Smoke Tests-1] INFO  [verifyingSideMenuLanguageAsInSettingsLingua] [verifyingSideMenuLanguageAsInSettingsLingua] Page fully loaded after refresh.
2026-01-10 16:44:06.175 [TestNG-test-Smoke Tests-1] ERROR [verifyingSideMenuLanguageAsInSettingsLingua] [verifyingSideMenuLanguageAsInSettingsLingua] No elements ready after 3 attempts: By.xpath: //ytd-guide-entry-renderer[@class='style-scope ytd-guide-section-renderer']
2026-01-10 16:44:06.175 [TestNG-test-Smoke Tests-1] INFO  [verifyingSideMenuLanguageAsInSettingsLingua] getExpectedLangageViaApplicableLangInput(Afrikaans)
2026-01-10 16:44:06.175 [TestNG-test-Smoke Tests-1] INFO  [verifyingSideMenuLanguageAsInSettingsLingua] Expected language for 'Afrikaans' -> AFRIKAANS
2026-01-10 16:44:06.176 [TestNG-test-Smoke Tests-1] INFO  [verifyingSideMenuLanguageAsInSettingsLingua] getLangAttributeViaLanguageInput(Afrikaans)
2026-01-10 16:44:06.176 [TestNG-test-Smoke Tests-1] INFO  [verifyingSideMenuLanguageAsInSettingsLingua] Mapped Afrikaans -> af-ZA
2026-01-10 16:44:06.176 [TestNG-test-Smoke Tests-1] INFO  [verifyingSideMenuLanguageAsInSettingsLingua] getLangAttribute() - locating <html> and reading lang property
2026-01-10 16:44:06.191 [TestNG-test-Smoke Tests-1] INFO  [verifyingSideMenuLanguageAsInSettingsLingua] Language attribute read: af-ZA
2026-01-10 16:44:06.191 [TestNG-test-Smoke Tests-1] INFO  [verifyingSideMenuLanguageAsInSettingsLingua] Clicking settings ellipses button...
2026-01-10 16:44:06.191 [TestNG-test-Smoke Tests-1] INFO  [verifyingSideMenuLanguageAsInSettingsLingua] [verifyingSideMenuLanguageAsInSettingsLingua] Trying to find element: By.xpath: //ytd-topbar-menu-button-renderer[@class='style-scope ytd-masthead style-default']
2026-01-10 16:44:06.213 [TestNG-test-Smoke Tests-1] INFO  [verifyingSideMenuLanguageAsInSettingsLingua] [verifyingSideMenuLanguageAsInSettingsLingua] Element found and ready (attempt 1): By.xpath: //ytd-topbar-menu-button-renderer[@class='style-scope ytd-masthead style-default']
2026-01-10 16:44:08.296 [TestNG-test-Smoke Tests-1] INFO  [verifyingSideMenuLanguageAsInSettingsLingua] Clicking language dropdown...
2026-01-10 16:44:08.296 [TestNG-test-Smoke Tests-1] INFO  [verifyingSideMenuLanguageAsInSettingsLingua] [verifyingSideMenuLanguageAsInSettingsLingua] Trying to find element: By.xpath: (//div[@id='content-icon'])[2]
2026-01-10 16:44:08.319 [TestNG-test-Smoke Tests-1] INFO  [verifyingSideMenuLanguageAsInSettingsLingua] [verifyingSideMenuLanguageAsInSettingsLingua] Element found and ready (attempt 1): By.xpath: (//div[@id='content-icon'])[2]
2026-01-10 16:44:10.671 [TestNG-test-Smoke Tests-1] INFO  [verifyingSideMenuLanguageAsInSettingsLingua] [verifyingSideMenuLanguageAsInSettingsLingua] Capturing screenshot: Filter Applied is Azərbaycan__2026-01-10_164410.png
2026-01-10 16:44:10.782 [TestNG-test-Smoke Tests-1] INFO  [verifyingSideMenuLanguageAsInSettingsLingua] [verifyingSideMenuLanguageAsInSettingsLingua] Screenshot saved at: test-output/screenshots/Run_2026-01-10_16-37-08/verifyingSideMenuLanguageAsInSettingsLingua/Filter Applied is Azərbaycan__2026-01-10_164410.png
2026-01-10 16:44:11.782 [TestNG-test-Smoke Tests-1] INFO  [verifyingSideMenuLanguageAsInSettingsLingua] Looking for language element with name: Azərbaycan
2026-01-10 16:44:11.782 [TestNG-test-Smoke Tests-1] INFO  [verifyingSideMenuLanguageAsInSettingsLingua] [verifyingSideMenuLanguageAsInSettingsLingua] Trying to find element: By.xpath: //yt-multi-page-menu-section-renderer[@class='style-scope ytd-multi-page-menu-renderer']//yt-formatted-string[@id='label' and text()='Azərbaycan']
2026-01-10 16:44:11.806 [TestNG-test-Smoke Tests-1] INFO  [verifyingSideMenuLanguageAsInSettingsLingua] [verifyingSideMenuLanguageAsInSettingsLingua] Element found and ready (attempt 1): By.xpath: //yt-multi-page-menu-section-renderer[@class='style-scope ytd-multi-page-menu-renderer']//yt-formatted-string[@id='label' and text()='Azərbaycan']
2026-01-10 16:44:15.001 [TestNG-test-Smoke Tests-1] INFO  [verifyingSideMenuLanguageAsInSettingsLingua] Fetching the side menu in expanded view
2026-01-10 16:44:15.001 [TestNG-test-Smoke Tests-1] INFO  [verifyingSideMenuLanguageAsInSettingsLingua] [verifyingSideMenuLanguageAsInSettingsLingua] Finding elements list: By.xpath: //ytd-guide-entry-renderer[@class='style-scope ytd-guide-section-renderer']
2026-01-10 16:44:25.166 [TestNG-test-Smoke Tests-1] WARN  [verifyingSideMenuLanguageAsInSettingsLingua] [verifyingSideMenuLanguageAsInSettingsLingua] Attempt 1 failed to find elements: By.xpath: //ytd-guide-entry-renderer[@class='style-scope ytd-guide-section-renderer'] -> org.openqa.selenium.TimeoutException: Expected condition failed: waiting for presence of any elements located by By.xpath: //ytd-guide-entry-renderer[@class='style-scope ytd-guide-section-renderer'] (tried for 10 second(s) with 500 milliseconds interval)
Build info: version: '4.27.0', revision: 'd6e718d134'
System info: os.name: 'Windows Server 2025', os.arch: 'amd64', os.version: '10.0', java.version: '24.0.2'
Driver info: org.openqa.selenium.chrome.ChromeDriver
Capabilities {acceptInsecureCerts: false, browserName: chrome, browserVersion: 143.0.7499.170, chrome: {chromedriverVersion: 143.0.7499.192 (be2c1f4fd45..., userDataDir: C:\Windows\SystemTemp\scope...}, fedcm:accounts: true, goog:chromeOptions: {debuggerAddress: localhost:61221}, goog:processID: 10216, networkConnectionEnabled: false, pageLoadStrategy: normal, platformName: windows, proxy: Proxy(), se:cdp: ws://localhost:61221/devtoo..., se:cdpVersion: 143.0.7499.170, setWindowRect: true, strictFileInteractability: false, timeouts: {implicit: 0, pageLoad: 300000, script: 30000}, unhandledPromptBehavior: dismiss and notify, webauthn:extension:credBlob: true, webauthn:extension:largeBlob: true, webauthn:extension:minPinLength: true, webauthn:extension:prf: true, webauthn:virtualAuthenticators: true}
Session ID: b766c26c126bc9adcc557bcf2760aadd
2026-01-10 16:44:35.459 [TestNG-test-Smoke Tests-1] WARN  [verifyingSideMenuLanguageAsInSettingsLingua] [verifyingSideMenuLanguageAsInSettingsLingua] Attempt 2 failed to find elements: By.xpath: //ytd-guide-entry-renderer[@class='style-scope ytd-guide-section-renderer'] -> org.openqa.selenium.TimeoutException: Expected condition failed: waiting for presence of any elements located by By.xpath: //ytd-guide-entry-renderer[@class='style-scope ytd-guide-section-renderer'] (tried for 10 second(s) with 500 milliseconds interval)
Build info: version: '4.27.0', revision: 'd6e718d134'
System info: os.name: 'Windows Server 2025', os.arch: 'amd64', os.version: '10.0', java.version: '24.0.2'
Driver info: org.openqa.selenium.chrome.ChromeDriver
Capabilities {acceptInsecureCerts: false, browserName: chrome, browserVersion: 143.0.7499.170, chrome: {chromedriverVersion: 143.0.7499.192 (be2c1f4fd45..., userDataDir: C:\Windows\SystemTemp\scope...}, fedcm:accounts: true, goog:chromeOptions: {debuggerAddress: localhost:61221}, goog:processID: 10216, networkConnectionEnabled: false, pageLoadStrategy: normal, platformName: windows, proxy: Proxy(), se:cdp: ws://localhost:61221/devtoo..., se:cdpVersion: 143.0.7499.170, setWindowRect: true, strictFileInteractability: false, timeouts: {implicit: 0, pageLoad: 300000, script: 30000}, unhandledPromptBehavior: dismiss and notify, webauthn:extension:credBlob: true, webauthn:extension:largeBlob: true, webauthn:extension:minPinLength: true, webauthn:extension:prf: true, webauthn:virtualAuthenticators: true}
Session ID: b766c26c126bc9adcc557bcf2760aadd
2026-01-10 16:44:35.459 [TestNG-test-Smoke Tests-1] WARN  [verifyingSideMenuLanguageAsInSettingsLingua] [verifyingSideMenuLanguageAsInSettingsLingua] Attempt 2 failed — refreshing the page to recover...
2026-01-10 16:44:35.463 [TestNG-test-Smoke Tests-1] INFO  [verifyingSideMenuLanguageAsInSettingsLingua] [verifyingSideMenuLanguageAsInSettingsLingua] Current URL before refresh: https://www.youtube.com/
2026-01-10 16:44:35.585 [TestNG-test-Smoke Tests-1] INFO  [verifyingSideMenuLanguageAsInSettingsLingua] [verifyingSideMenuLanguageAsInSettingsLingua] Page refreshed successfully.
2026-01-10 16:44:37.091 [TestNG-test-Smoke Tests-1] INFO  [verifyingSideMenuLanguageAsInSettingsLingua] [verifyingSideMenuLanguageAsInSettingsLingua] Page fully loaded after refresh.
2026-01-10 16:44:47.416 [TestNG-test-Smoke Tests-1] WARN  [verifyingSideMenuLanguageAsInSettingsLingua] [verifyingSideMenuLanguageAsInSettingsLingua] Attempt 3 failed to find elements: By.xpath: //ytd-guide-entry-renderer[@class='style-scope ytd-guide-section-renderer'] -> org.openqa.selenium.TimeoutException: Expected condition failed: waiting for presence of any elements located by By.xpath: //ytd-guide-entry-renderer[@class='style-scope ytd-guide-section-renderer'] (tried for 10 second(s) with 500 milliseconds interval)
Build info: version: '4.27.0', revision: 'd6e718d134'
System info: os.name: 'Windows Server 2025', os.arch: 'amd64', os.version: '10.0', java.version: '24.0.2'
Driver info: org.openqa.selenium.chrome.ChromeDriver
Capabilities {acceptInsecureCerts: false, browserName: chrome, browserVersion: 143.0.7499.170, chrome: {chromedriverVersion: 143.0.7499.192 (be2c1f4fd45..., userDataDir: C:\Windows\SystemTemp\scope...}, fedcm:accounts: true, goog:chromeOptions: {debuggerAddress: localhost:61221}, goog:processID: 10216, networkConnectionEnabled: false, pageLoadStrategy: normal, platformName: windows, proxy: Proxy(), se:cdp: ws://localhost:61221/devtoo..., se:cdpVersion: 143.0.7499.170, setWindowRect: true, strictFileInteractability: false, timeouts: {implicit: 0, pageLoad: 300000, script: 30000}, unhandledPromptBehavior: dismiss and notify, webauthn:extension:credBlob: true, webauthn:extension:largeBlob: true, webauthn:extension:minPinLength: true, webauthn:extension:prf: true, webauthn:virtualAuthenticators: true}
Session ID: b766c26c126bc9adcc557bcf2760aadd
2026-01-10 16:44:47.416 [TestNG-test-Smoke Tests-1] WARN  [verifyingSideMenuLanguageAsInSettingsLingua] [verifyingSideMenuLanguageAsInSettingsLingua] Attempt 3 failed — refreshing the page to recover...
2026-01-10 16:44:47.420 [TestNG-test-Smoke Tests-1] INFO  [verifyingSideMenuLanguageAsInSettingsLingua] [verifyingSideMenuLanguageAsInSettingsLingua] Current URL before refresh: https://www.youtube.com/
2026-01-10 16:44:47.521 [TestNG-test-Smoke Tests-1] INFO  [verifyingSideMenuLanguageAsInSettingsLingua] [verifyingSideMenuLanguageAsInSettingsLingua] Page refreshed successfully.
2026-01-10 16:44:49.029 [TestNG-test-Smoke Tests-1] INFO  [verifyingSideMenuLanguageAsInSettingsLingua] [verifyingSideMenuLanguageAsInSettingsLingua] Page fully loaded after refresh.
2026-01-10 16:44:49.029 [TestNG-test-Smoke Tests-1] ERROR [verifyingSideMenuLanguageAsInSettingsLingua] [verifyingSideMenuLanguageAsInSettingsLingua] No elements ready after 3 attempts: By.xpath: //ytd-guide-entry-renderer[@class='style-scope ytd-guide-section-renderer']
2026-01-10 16:44:49.029 [TestNG-test-Smoke Tests-1] INFO  [verifyingSideMenuLanguageAsInSettingsLingua] getExpectedLangageViaApplicableLangInput(Azərbaycan)
2026-01-10 16:44:49.029 [TestNG-test-Smoke Tests-1] INFO  [verifyingSideMenuLanguageAsInSettingsLingua] Expected language for 'Azərbaycan' -> AZERBAIJANI
2026-01-10 16:44:49.029 [TestNG-test-Smoke Tests-1] INFO  [verifyingSideMenuLanguageAsInSettingsLingua] getLangAttributeViaLanguageInput(Azərbaycan)
2026-01-10 16:44:49.029 [TestNG-test-Smoke Tests-1] INFO  [verifyingSideMenuLanguageAsInSettingsLingua] Mapped Azərbaycan -> az-Latn-AZ
2026-01-10 16:44:49.029 [TestNG-test-Smoke Tests-1] INFO  [verifyingSideMenuLanguageAsInSettingsLingua] getLangAttribute() - locating <html> and reading lang property
2026-01-10 16:44:49.044 [TestNG-test-Smoke Tests-1] INFO  [verifyingSideMenuLanguageAsInSettingsLingua] Language attribute read: az-Latn-AZ
2026-01-10 16:44:49.044 [TestNG-test-Smoke Tests-1] INFO  [verifyingSideMenuLanguageAsInSettingsLingua] Clicking settings ellipses button...
2026-01-10 16:44:49.044 [TestNG-test-Smoke Tests-1] INFO  [verifyingSideMenuLanguageAsInSettingsLingua] [verifyingSideMenuLanguageAsInSettingsLingua] Trying to find element: By.xpath: //ytd-topbar-menu-button-renderer[@class='style-scope ytd-masthead style-default']
2026-01-10 16:44:49.065 [TestNG-test-Smoke Tests-1] INFO  [verifyingSideMenuLanguageAsInSettingsLingua] [verifyingSideMenuLanguageAsInSettingsLingua] Element found and ready (attempt 1): By.xpath: //ytd-topbar-menu-button-renderer[@class='style-scope ytd-masthead style-default']
2026-01-10 16:44:51.251 [TestNG-test-Smoke Tests-1] INFO  [verifyingSideMenuLanguageAsInSettingsLingua] Clicking language dropdown...
2026-01-10 16:44:51.251 [TestNG-test-Smoke Tests-1] INFO  [verifyingSideMenuLanguageAsInSettingsLingua] [verifyingSideMenuLanguageAsInSettingsLingua] Trying to find element: By.xpath: (//div[@id='content-icon'])[2]
2026-01-10 16:44:51.282 [TestNG-test-Smoke Tests-1] INFO  [verifyingSideMenuLanguageAsInSettingsLingua] [verifyingSideMenuLanguageAsInSettingsLingua] Element found and ready (attempt 1): By.xpath: (//div[@id='content-icon'])[2]
2026-01-10 16:44:53.645 [TestNG-test-Smoke Tests-1] INFO  [verifyingSideMenuLanguageAsInSettingsLingua] [verifyingSideMenuLanguageAsInSettingsLingua] Capturing screenshot: Filter Applied is Bahasa Indonesia__2026-01-10_164453.png
2026-01-10 16:44:53.753 [TestNG-test-Smoke Tests-1] INFO  [verifyingSideMenuLanguageAsInSettingsLingua] [verifyingSideMenuLanguageAsInSettingsLingua] Screenshot saved at: test-output/screenshots/Run_2026-01-10_16-37-08/verifyingSideMenuLanguageAsInSettingsLingua/Filter Applied is Bahasa Indonesia__2026-01-10_164453.png
2026-01-10 16:44:54.755 [TestNG-test-Smoke Tests-1] INFO  [verifyingSideMenuLanguageAsInSettingsLingua] Looking for language element with name: Bahasa Indonesia
2026-01-10 16:44:54.755 [TestNG-test-Smoke Tests-1] INFO  [verifyingSideMenuLanguageAsInSettingsLingua] [verifyingSideMenuLanguageAsInSettingsLingua] Trying to find element: By.xpath: //yt-multi-page-menu-section-renderer[@class='style-scope ytd-multi-page-menu-renderer']//yt-formatted-string[@id='label' and text()='Bahasa Indonesia']
2026-01-10 16:44:54.779 [TestNG-test-Smoke Tests-1] INFO  [verifyingSideMenuLanguageAsInSettingsLingua] [verifyingSideMenuLanguageAsInSettingsLingua] Element found and ready (attempt 1): By.xpath: //yt-multi-page-menu-section-renderer[@class='style-scope ytd-multi-page-menu-renderer']//yt-formatted-string[@id='label' and text()='Bahasa Indonesia']
2026-01-10 16:44:58.040 [TestNG-test-Smoke Tests-1] INFO  [verifyingSideMenuLanguageAsInSettingsLingua] Fetching the side menu in expanded view
2026-01-10 16:44:58.040 [TestNG-test-Smoke Tests-1] INFO  [verifyingSideMenuLanguageAsInSettingsLingua] [verifyingSideMenuLanguageAsInSettingsLingua] Finding elements list: By.xpath: //ytd-guide-entry-renderer[@class='style-scope ytd-guide-section-renderer']
2026-01-10 16:45:08.217 [TestNG-test-Smoke Tests-1] WARN  [verifyingSideMenuLanguageAsInSettingsLingua] [verifyingSideMenuLanguageAsInSettingsLingua] Attempt 1 failed to find elements: By.xpath: //ytd-guide-entry-renderer[@class='style-scope ytd-guide-section-renderer'] -> org.openqa.selenium.TimeoutException: Expected condition failed: waiting for presence of any elements located by By.xpath: //ytd-guide-entry-renderer[@class='style-scope ytd-guide-section-renderer'] (tried for 10 second(s) with 500 milliseconds interval)
Build info: version: '4.27.0', revision: 'd6e718d134'
System info: os.name: 'Windows Server 2025', os.arch: 'amd64', os.version: '10.0', java.version: '24.0.2'
Driver info: org.openqa.selenium.chrome.ChromeDriver
Capabilities {acceptInsecureCerts: false, browserName: chrome, browserVersion: 143.0.7499.170, chrome: {chromedriverVersion: 143.0.7499.192 (be2c1f4fd45..., userDataDir: C:\Windows\SystemTemp\scope...}, fedcm:accounts: true, goog:chromeOptions: {debuggerAddress: localhost:61221}, goog:processID: 10216, networkConnectionEnabled: false, pageLoadStrategy: normal, platformName: windows, proxy: Proxy(), se:cdp: ws://localhost:61221/devtoo..., se:cdpVersion: 143.0.7499.170, setWindowRect: true, strictFileInteractability: false, timeouts: {implicit: 0, pageLoad: 300000, script: 30000}, unhandledPromptBehavior: dismiss and notify, webauthn:extension:credBlob: true, webauthn:extension:largeBlob: true, webauthn:extension:minPinLength: true, webauthn:extension:prf: true, webauthn:virtualAuthenticators: true}
Session ID: b766c26c126bc9adcc557bcf2760aadd
2026-01-10 16:45:18.405 [TestNG-test-Smoke Tests-1] WARN  [verifyingSideMenuLanguageAsInSettingsLingua] [verifyingSideMenuLanguageAsInSettingsLingua] Attempt 2 failed to find elements: By.xpath: //ytd-guide-entry-renderer[@class='style-scope ytd-guide-section-renderer'] -> org.openqa.selenium.TimeoutException: Expected condition failed: waiting for presence of any elements located by By.xpath: //ytd-guide-entry-renderer[@class='style-scope ytd-guide-section-renderer'] (tried for 10 second(s) with 500 milliseconds interval)
Build info: version: '4.27.0', revision: 'd6e718d134'
System info: os.name: 'Windows Server 2025', os.arch: 'amd64', os.version: '10.0', java.version: '24.0.2'
Driver info: org.openqa.selenium.chrome.ChromeDriver
Capabilities {acceptInsecureCerts: false, browserName: chrome, browserVersion: 143.0.7499.170, chrome: {chromedriverVersion: 143.0.7499.192 (be2c1f4fd45..., userDataDir: C:\Windows\SystemTemp\scope...}, fedcm:accounts: true, goog:chromeOptions: {debuggerAddress: localhost:61221}, goog:processID: 10216, networkConnectionEnabled: false, pageLoadStrategy: normal, platformName: windows, proxy: Proxy(), se:cdp: ws://localhost:61221/devtoo..., se:cdpVersion: 143.0.7499.170, setWindowRect: true, strictFileInteractability: false, timeouts: {implicit: 0, pageLoad: 300000, script: 30000}, unhandledPromptBehavior: dismiss and notify, webauthn:extension:credBlob: true, webauthn:extension:largeBlob: true, webauthn:extension:minPinLength: true, webauthn:extension:prf: true, webauthn:virtualAuthenticators: true}
Session ID: b766c26c126bc9adcc557bcf2760aadd
2026-01-10 16:45:18.405 [TestNG-test-Smoke Tests-1] WARN  [verifyingSideMenuLanguageAsInSettingsLingua] [verifyingSideMenuLanguageAsInSettingsLingua] Attempt 2 failed — refreshing the page to recover...
2026-01-10 16:45:18.412 [TestNG-test-Smoke Tests-1] INFO  [verifyingSideMenuLanguageAsInSettingsLingua] [verifyingSideMenuLanguageAsInSettingsLingua] Current URL before refresh: https://www.youtube.com/
2026-01-10 16:45:19.852 [TestNG-test-Smoke Tests-1] INFO  [verifyingSideMenuLanguageAsInSettingsLingua] [verifyingSideMenuLanguageAsInSettingsLingua] Page refreshed successfully.
2026-01-10 16:45:21.438 [TestNG-test-Smoke Tests-1] INFO  [verifyingSideMenuLanguageAsInSettingsLingua] [verifyingSideMenuLanguageAsInSettingsLingua] Page fully loaded after refresh.
2026-01-10 16:45:31.728 [TestNG-test-Smoke Tests-1] WARN  [verifyingSideMenuLanguageAsInSettingsLingua] [verifyingSideMenuLanguageAsInSettingsLingua] Attempt 3 failed to find elements: By.xpath: //ytd-guide-entry-renderer[@class='style-scope ytd-guide-section-renderer'] -> org.openqa.selenium.TimeoutException: Expected condition failed: waiting for presence of any elements located by By.xpath: //ytd-guide-entry-renderer[@class='style-scope ytd-guide-section-renderer'] (tried for 10 second(s) with 500 milliseconds interval)
Build info: version: '4.27.0', revision: 'd6e718d134'
System info: os.name: 'Windows Server 2025', os.arch: 'amd64', os.version: '10.0', java.version: '24.0.2'
Driver info: org.openqa.selenium.chrome.ChromeDriver
Capabilities {acceptInsecureCerts: false, browserName: chrome, browserVersion: 143.0.7499.170, chrome: {chromedriverVersion: 143.0.7499.192 (be2c1f4fd45..., userDataDir: C:\Windows\SystemTemp\scope...}, fedcm:accounts: true, goog:chromeOptions: {debuggerAddress: localhost:61221}, goog:processID: 10216, networkConnectionEnabled: false, pageLoadStrategy: normal, platformName: windows, proxy: Proxy(), se:cdp: ws://localhost:61221/devtoo..., se:cdpVersion: 143.0.7499.170, setWindowRect: true, strictFileInteractability: false, timeouts: {implicit: 0, pageLoad: 300000, script: 30000}, unhandledPromptBehavior: dismiss and notify, webauthn:extension:credBlob: true, webauthn:extension:largeBlob: true, webauthn:extension:minPinLength: true, webauthn:extension:prf: true, webauthn:virtualAuthenticators: true}
Session ID: b766c26c126bc9adcc557bcf2760aadd
2026-01-10 16:45:31.728 [TestNG-test-Smoke Tests-1] WARN  [verifyingSideMenuLanguageAsInSettingsLingua] [verifyingSideMenuLanguageAsInSettingsLingua] Attempt 3 failed — refreshing the page to recover...
2026-01-10 16:45:31.731 [TestNG-test-Smoke Tests-1] INFO  [verifyingSideMenuLanguageAsInSettingsLingua] [verifyingSideMenuLanguageAsInSettingsLingua] Current URL before refresh: https://www.youtube.com/
2026-01-10 16:45:31.849 [TestNG-test-Smoke Tests-1] INFO  [verifyingSideMenuLanguageAsInSettingsLingua] [verifyingSideMenuLanguageAsInSettingsLingua] Page refreshed successfully.
2026-01-10 16:45:33.354 [TestNG-test-Smoke Tests-1] INFO  [verifyingSideMenuLanguageAsInSettingsLingua] [verifyingSideMenuLanguageAsInSettingsLingua] Page fully loaded after refresh.
2026-01-10 16:45:33.354 [TestNG-test-Smoke Tests-1] ERROR [verifyingSideMenuLanguageAsInSettingsLingua] [verifyingSideMenuLanguageAsInSettingsLingua] No elements ready after 3 attempts: By.xpath: //ytd-guide-entry-renderer[@class='style-scope ytd-guide-section-renderer']
2026-01-10 16:45:33.355 [TestNG-test-Smoke Tests-1] INFO  [verifyingSideMenuLanguageAsInSettingsLingua] getExpectedLangageViaApplicableLangInput(Bahasa Indonesia)
2026-01-10 16:45:33.355 [TestNG-test-Smoke Tests-1] INFO  [verifyingSideMenuLanguageAsInSettingsLingua] Expected language for 'Bahasa Indonesia' -> INDONESIAN
2026-01-10 16:45:33.355 [TestNG-test-Smoke Tests-1] INFO  [verifyingSideMenuLanguageAsInSettingsLingua] getLangAttributeViaLanguageInput(Bahasa Indonesia)
2026-01-10 16:45:33.355 [TestNG-test-Smoke Tests-1] INFO  [verifyingSideMenuLanguageAsInSettingsLingua] Mapped Bahasa Indonesia -> id-ID
2026-01-10 16:45:33.355 [TestNG-test-Smoke Tests-1] INFO  [verifyingSideMenuLanguageAsInSettingsLingua] getLangAttribute() - locating <html> and reading lang property
2026-01-10 16:45:33.366 [TestNG-test-Smoke Tests-1] INFO  [verifyingSideMenuLanguageAsInSettingsLingua] Language attribute read: id-ID
2026-01-10 16:45:33.366 [TestNG-test-Smoke Tests-1] INFO  [verifyingSideMenuLanguageAsInSettingsLingua] Clicking settings ellipses button...
2026-01-10 16:45:33.366 [TestNG-test-Smoke Tests-1] INFO  [verifyingSideMenuLanguageAsInSettingsLingua] [verifyingSideMenuLanguageAsInSettingsLingua] Trying to find element: By.xpath: //ytd-topbar-menu-button-renderer[@class='style-scope ytd-masthead style-default']
2026-01-10 16:45:33.384 [TestNG-test-Smoke Tests-1] INFO  [verifyingSideMenuLanguageAsInSettingsLingua] [verifyingSideMenuLanguageAsInSettingsLingua] Element found and ready (attempt 1): By.xpath: //ytd-topbar-menu-button-renderer[@class='style-scope ytd-masthead style-default']
2026-01-10 16:45:35.562 [TestNG-test-Smoke Tests-1] INFO  [verifyingSideMenuLanguageAsInSettingsLingua] Clicking language dropdown...
2026-01-10 16:45:35.562 [TestNG-test-Smoke Tests-1] INFO  [verifyingSideMenuLanguageAsInSettingsLingua] [verifyingSideMenuLanguageAsInSettingsLingua] Trying to find element: By.xpath: (//div[@id='content-icon'])[2]
2026-01-10 16:45:35.582 [TestNG-test-Smoke Tests-1] INFO  [verifyingSideMenuLanguageAsInSettingsLingua] [verifyingSideMenuLanguageAsInSettingsLingua] Element found and ready (attempt 1): By.xpath: (//div[@id='content-icon'])[2]
2026-01-10 16:45:37.898 [TestNG-test-Smoke Tests-1] INFO  [verifyingSideMenuLanguageAsInSettingsLingua] [verifyingSideMenuLanguageAsInSettingsLingua] Capturing screenshot: Filter Applied is Bosanski__2026-01-10_164537.png
2026-01-10 16:45:37.997 [TestNG-test-Smoke Tests-1] INFO  [verifyingSideMenuLanguageAsInSettingsLingua] [verifyingSideMenuLanguageAsInSettingsLingua] Screenshot saved at: test-output/screenshots/Run_2026-01-10_16-37-08/verifyingSideMenuLanguageAsInSettingsLingua/Filter Applied is Bosanski__2026-01-10_164537.png
2026-01-10 16:45:39.008 [TestNG-test-Smoke Tests-1] INFO  [verifyingSideMenuLanguageAsInSettingsLingua] Looking for language element with name: Bosanski
2026-01-10 16:45:39.008 [TestNG-test-Smoke Tests-1] INFO  [verifyingSideMenuLanguageAsInSettingsLingua] [verifyingSideMenuLanguageAsInSettingsLingua] Trying to find element: By.xpath: //yt-multi-page-menu-section-renderer[@class='style-scope ytd-multi-page-menu-renderer']//yt-formatted-string[@id='label' and text()='Bosanski']
2026-01-10 16:45:39.069 [TestNG-test-Smoke Tests-1] INFO  [verifyingSideMenuLanguageAsInSettingsLingua] [verifyingSideMenuLanguageAsInSettingsLingua] Element found and ready (attempt 1): By.xpath: //yt-multi-page-menu-section-renderer[@class='style-scope ytd-multi-page-menu-renderer']//yt-formatted-string[@id='label' and text()='Bosanski']
2026-01-10 16:45:42.209 [TestNG-test-Smoke Tests-1] INFO  [verifyingSideMenuLanguageAsInSettingsLingua] Fetching the side menu in expanded view
2026-01-10 16:45:42.209 [TestNG-test-Smoke Tests-1] INFO  [verifyingSideMenuLanguageAsInSettingsLingua] [verifyingSideMenuLanguageAsInSettingsLingua] Finding elements list: By.xpath: //ytd-guide-entry-renderer[@class='style-scope ytd-guide-section-renderer']
2026-01-10 16:45:52.376 [TestNG-test-Smoke Tests-1] WARN  [verifyingSideMenuLanguageAsInSettingsLingua] [verifyingSideMenuLanguageAsInSettingsLingua] Attempt 1 failed to find elements: By.xpath: //ytd-guide-entry-renderer[@class='style-scope ytd-guide-section-renderer'] -> org.openqa.selenium.TimeoutException: Expected condition failed: waiting for presence of any elements located by By.xpath: //ytd-guide-entry-renderer[@class='style-scope ytd-guide-section-renderer'] (tried for 10 second(s) with 500 milliseconds interval)
Build info: version: '4.27.0', revision: 'd6e718d134'
System info: os.name: 'Windows Server 2025', os.arch: 'amd64', os.version: '10.0', java.version: '24.0.2'
Driver info: org.openqa.selenium.chrome.ChromeDriver
Capabilities {acceptInsecureCerts: false, browserName: chrome, browserVersion: 143.0.7499.170, chrome: {chromedriverVersion: 143.0.7499.192 (be2c1f4fd45..., userDataDir: C:\Windows\SystemTemp\scope...}, fedcm:accounts: true, goog:chromeOptions: {debuggerAddress: localhost:61221}, goog:processID: 10216, networkConnectionEnabled: false, pageLoadStrategy: normal, platformName: windows, proxy: Proxy(), se:cdp: ws://localhost:61221/devtoo..., se:cdpVersion: 143.0.7499.170, setWindowRect: true, strictFileInteractability: false, timeouts: {implicit: 0, pageLoad: 300000, script: 30000}, unhandledPromptBehavior: dismiss and notify, webauthn:extension:credBlob: true, webauthn:extension:largeBlob: true, webauthn:extension:minPinLength: true, webauthn:extension:prf: true, webauthn:virtualAuthenticators: true}
Session ID: b766c26c126bc9adcc557bcf2760aadd
2026-01-10 16:46:02.639 [TestNG-test-Smoke Tests-1] WARN  [verifyingSideMenuLanguageAsInSettingsLingua] [verifyingSideMenuLanguageAsInSettingsLingua] Attempt 2 failed to find elements: By.xpath: //ytd-guide-entry-renderer[@class='style-scope ytd-guide-section-renderer'] -> org.openqa.selenium.TimeoutException: Expected condition failed: waiting for presence of any elements located by By.xpath: //ytd-guide-entry-renderer[@class='style-scope ytd-guide-section-renderer'] (tried for 10 second(s) with 500 milliseconds interval)
Build info: version: '4.27.0', revision: 'd6e718d134'
System info: os.name: 'Windows Server 2025', os.arch: 'amd64', os.version: '10.0', java.version: '24.0.2'
Driver info: org.openqa.selenium.chrome.ChromeDriver
Capabilities {acceptInsecureCerts: false, browserName: chrome, browserVersion: 143.0.7499.170, chrome: {chromedriverVersion: 143.0.7499.192 (be2c1f4fd45..., userDataDir: C:\Windows\SystemTemp\scope...}, fedcm:accounts: true, goog:chromeOptions: {debuggerAddress: localhost:61221}, goog:processID: 10216, networkConnectionEnabled: false, pageLoadStrategy: normal, platformName: windows, proxy: Proxy(), se:cdp: ws://localhost:61221/devtoo..., se:cdpVersion: 143.0.7499.170, setWindowRect: true, strictFileInteractability: false, timeouts: {implicit: 0, pageLoad: 300000, script: 30000}, unhandledPromptBehavior: dismiss and notify, webauthn:extension:credBlob: true, webauthn:extension:largeBlob: true, webauthn:extension:minPinLength: true, webauthn:extension:prf: true, webauthn:virtualAuthenticators: true}
Session ID: b766c26c126bc9adcc557bcf2760aadd
2026-01-10 16:46:02.639 [TestNG-test-Smoke Tests-1] WARN  [verifyingSideMenuLanguageAsInSettingsLingua] [verifyingSideMenuLanguageAsInSettingsLingua] Attempt 2 failed — refreshing the page to recover...
2026-01-10 16:46:02.643 [TestNG-test-Smoke Tests-1] INFO  [verifyingSideMenuLanguageAsInSettingsLingua] [verifyingSideMenuLanguageAsInSettingsLingua] Current URL before refresh: https://www.youtube.com/
2026-01-10 16:46:02.735 [TestNG-test-Smoke Tests-1] INFO  [verifyingSideMenuLanguageAsInSettingsLingua] [verifyingSideMenuLanguageAsInSettingsLingua] Page refreshed successfully.
2026-01-10 16:46:04.241 [TestNG-test-Smoke Tests-1] INFO  [verifyingSideMenuLanguageAsInSettingsLingua] [verifyingSideMenuLanguageAsInSettingsLingua] Page fully loaded after refresh.
2026-01-10 16:46:14.487 [TestNG-test-Smoke Tests-1] WARN  [verifyingSideMenuLanguageAsInSettingsLingua] [verifyingSideMenuLanguageAsInSettingsLingua] Attempt 3 failed to find elements: By.xpath: //ytd-guide-entry-renderer[@class='style-scope ytd-guide-section-renderer'] -> org.openqa.selenium.TimeoutException: Expected condition failed: waiting for presence of any elements located by By.xpath: //ytd-guide-entry-renderer[@class='style-scope ytd-guide-section-renderer'] (tried for 10 second(s) with 500 milliseconds interval)
Build info: version: '4.27.0', revision: 'd6e718d134'
System info: os.name: 'Windows Server 2025', os.arch: 'amd64', os.version: '10.0', java.version: '24.0.2'
Driver info: org.openqa.selenium.chrome.ChromeDriver
Capabilities {acceptInsecureCerts: false, browserName: chrome, browserVersion: 143.0.7499.170, chrome: {chromedriverVersion: 143.0.7499.192 (be2c1f4fd45..., userDataDir: C:\Windows\SystemTemp\scope...}, fedcm:accounts: true, goog:chromeOptions: {debuggerAddress: localhost:61221}, goog:processID: 10216, networkConnectionEnabled: false, pageLoadStrategy: normal, platformName: windows, proxy: Proxy(), se:cdp: ws://localhost:61221/devtoo..., se:cdpVersion: 143.0.7499.170, setWindowRect: true, strictFileInteractability: false, timeouts: {implicit: 0, pageLoad: 300000, script: 30000}, unhandledPromptBehavior: dismiss and notify, webauthn:extension:credBlob: true, webauthn:extension:largeBlob: true, webauthn:extension:minPinLength: true, webauthn:extension:prf: true, webauthn:virtualAuthenticators: true}
Session ID: b766c26c126bc9adcc557bcf2760aadd
2026-01-10 16:46:14.487 [TestNG-test-Smoke Tests-1] WARN  [verifyingSideMenuLanguageAsInSettingsLingua] [verifyingSideMenuLanguageAsInSettingsLingua] Attempt 3 failed — refreshing the page to recover...
2026-01-10 16:46:14.491 [TestNG-test-Smoke Tests-1] INFO  [verifyingSideMenuLanguageAsInSettingsLingua] [verifyingSideMenuLanguageAsInSettingsLingua] Current URL before refresh: https://www.youtube.com/
2026-01-10 16:46:14.612 [TestNG-test-Smoke Tests-1] INFO  [verifyingSideMenuLanguageAsInSettingsLingua] [verifyingSideMenuLanguageAsInSettingsLingua] Page refreshed successfully.
2026-01-10 16:46:16.118 [TestNG-test-Smoke Tests-1] INFO  [verifyingSideMenuLanguageAsInSettingsLingua] [verifyingSideMenuLanguageAsInSettingsLingua] Page fully loaded after refresh.
2026-01-10 16:46:16.118 [TestNG-test-Smoke Tests-1] ERROR [verifyingSideMenuLanguageAsInSettingsLingua] [verifyingSideMenuLanguageAsInSettingsLingua] No elements ready after 3 attempts: By.xpath: //ytd-guide-entry-renderer[@class='style-scope ytd-guide-section-renderer']
2026-01-10 16:46:16.118 [TestNG-test-Smoke Tests-1] INFO  [verifyingSideMenuLanguageAsInSettingsLingua] getExpectedLangageViaApplicableLangInput(Bosanski)
2026-01-10 16:46:16.118 [TestNG-test-Smoke Tests-1] INFO  [verifyingSideMenuLanguageAsInSettingsLingua] Expected language for 'Bosanski' -> CROATIAN
2026-01-10 16:46:16.118 [TestNG-test-Smoke Tests-1] INFO  [verifyingSideMenuLanguageAsInSettingsLingua] getLangAttributeViaLanguageInput(Bosanski)
2026-01-10 16:46:16.118 [TestNG-test-Smoke Tests-1] INFO  [verifyingSideMenuLanguageAsInSettingsLingua] Mapped Bosanski -> bs-Latn-BA
2026-01-10 16:46:16.118 [TestNG-test-Smoke Tests-1] INFO  [verifyingSideMenuLanguageAsInSettingsLingua] getLangAttribute() - locating <html> and reading lang property
2026-01-10 16:46:16.129 [TestNG-test-Smoke Tests-1] INFO  [verifyingSideMenuLanguageAsInSettingsLingua] Language attribute read: bs-Latn-BA
2026-01-10 16:46:16.129 [TestNG-test-Smoke Tests-1] INFO  [verifyingSideMenuLanguageAsInSettingsLingua] Clicking settings ellipses button...
2026-01-10 16:46:16.129 [TestNG-test-Smoke Tests-1] INFO  [verifyingSideMenuLanguageAsInSettingsLingua] [verifyingSideMenuLanguageAsInSettingsLingua] Trying to find element: By.xpath: //ytd-topbar-menu-button-renderer[@class='style-scope ytd-masthead style-default']
2026-01-10 16:46:16.147 [TestNG-test-Smoke Tests-1] INFO  [verifyingSideMenuLanguageAsInSettingsLingua] [verifyingSideMenuLanguageAsInSettingsLingua] Element found and ready (attempt 1): By.xpath: //ytd-topbar-menu-button-renderer[@class='style-scope ytd-masthead style-default']
2026-01-10 16:46:18.328 [TestNG-test-Smoke Tests-1] INFO  [verifyingSideMenuLanguageAsInSettingsLingua] Clicking language dropdown...
2026-01-10 16:46:18.328 [TestNG-test-Smoke Tests-1] INFO  [verifyingSideMenuLanguageAsInSettingsLingua] [verifyingSideMenuLanguageAsInSettingsLingua] Trying to find element: By.xpath: (//div[@id='content-icon'])[2]
2026-01-10 16:46:18.353 [TestNG-test-Smoke Tests-1] INFO  [verifyingSideMenuLanguageAsInSettingsLingua] [verifyingSideMenuLanguageAsInSettingsLingua] Element found and ready (attempt 1): By.xpath: (//div[@id='content-icon'])[2]
2026-01-10 16:46:20.714 [TestNG-test-Smoke Tests-1] INFO  [verifyingSideMenuLanguageAsInSettingsLingua] [verifyingSideMenuLanguageAsInSettingsLingua] Capturing screenshot: Filter Applied is Català__2026-01-10_164620.png
2026-01-10 16:46:20.826 [TestNG-test-Smoke Tests-1] INFO  [verifyingSideMenuLanguageAsInSettingsLingua] [verifyingSideMenuLanguageAsInSettingsLingua] Screenshot saved at: test-output/screenshots/Run_2026-01-10_16-37-08/verifyingSideMenuLanguageAsInSettingsLingua/Filter Applied is Català__2026-01-10_164620.png
2026-01-10 16:46:21.826 [TestNG-test-Smoke Tests-1] INFO  [verifyingSideMenuLanguageAsInSettingsLingua] Looking for language element with name: Català
2026-01-10 16:46:21.826 [TestNG-test-Smoke Tests-1] INFO  [verifyingSideMenuLanguageAsInSettingsLingua] [verifyingSideMenuLanguageAsInSettingsLingua] Trying to find element: By.xpath: //yt-multi-page-menu-section-renderer[@class='style-scope ytd-multi-page-menu-renderer']//yt-formatted-string[@id='label' and text()='Català']
2026-01-10 16:46:21.851 [TestNG-test-Smoke Tests-1] INFO  [verifyingSideMenuLanguageAsInSettingsLingua] [verifyingSideMenuLanguageAsInSettingsLingua] Element found and ready (attempt 1): By.xpath: //yt-multi-page-menu-section-renderer[@class='style-scope ytd-multi-page-menu-renderer']//yt-formatted-string[@id='label' and text()='Català']
2026-01-10 16:46:25.268 [TestNG-test-Smoke Tests-1] INFO  [verifyingSideMenuLanguageAsInSettingsLingua] Fetching the side menu in expanded view
2026-01-10 16:46:25.268 [TestNG-test-Smoke Tests-1] INFO  [verifyingSideMenuLanguageAsInSettingsLingua] [verifyingSideMenuLanguageAsInSettingsLingua] Finding elements list: By.xpath: //ytd-guide-entry-renderer[@class='style-scope ytd-guide-section-renderer']
2026-01-10 16:46:35.519 [TestNG-test-Smoke Tests-1] WARN  [verifyingSideMenuLanguageAsInSettingsLingua] [verifyingSideMenuLanguageAsInSettingsLingua] Attempt 1 failed to find elements: By.xpath: //ytd-guide-entry-renderer[@class='style-scope ytd-guide-section-renderer'] -> org.openqa.selenium.TimeoutException: Expected condition failed: waiting for presence of any elements located by By.xpath: //ytd-guide-entry-renderer[@class='style-scope ytd-guide-section-renderer'] (tried for 10 second(s) with 500 milliseconds interval)
Build info: version: '4.27.0', revision: 'd6e718d134'
System info: os.name: 'Windows Server 2025', os.arch: 'amd64', os.version: '10.0', java.version: '24.0.2'
Driver info: org.openqa.selenium.chrome.ChromeDriver
Capabilities {acceptInsecureCerts: false, browserName: chrome, browserVersion: 143.0.7499.170, chrome: {chromedriverVersion: 143.0.7499.192 (be2c1f4fd45..., userDataDir: C:\Windows\SystemTemp\scope...}, fedcm:accounts: true, goog:chromeOptions: {debuggerAddress: localhost:61221}, goog:processID: 10216, networkConnectionEnabled: false, pageLoadStrategy: normal, platformName: windows, proxy: Proxy(), se:cdp: ws://localhost:61221/devtoo..., se:cdpVersion: 143.0.7499.170, setWindowRect: true, strictFileInteractability: false, timeouts: {implicit: 0, pageLoad: 300000, script: 30000}, unhandledPromptBehavior: dismiss and notify, webauthn:extension:credBlob: true, webauthn:extension:largeBlob: true, webauthn:extension:minPinLength: true, webauthn:extension:prf: true, webauthn:virtualAuthenticators: true}
Session ID: b766c26c126bc9adcc557bcf2760aadd
2026-01-10 16:46:45.838 [TestNG-test-Smoke Tests-1] WARN  [verifyingSideMenuLanguageAsInSettingsLingua] [verifyingSideMenuLanguageAsInSettingsLingua] Attempt 2 failed to find elements: By.xpath: //ytd-guide-entry-renderer[@class='style-scope ytd-guide-section-renderer'] -> org.openqa.selenium.TimeoutException: Expected condition failed: waiting for presence of any elements located by By.xpath: //ytd-guide-entry-renderer[@class='style-scope ytd-guide-section-renderer'] (tried for 10 second(s) with 500 milliseconds interval)
Build info: version: '4.27.0', revision: 'd6e718d134'
System info: os.name: 'Windows Server 2025', os.arch: 'amd64', os.version: '10.0', java.version: '24.0.2'
Driver info: org.openqa.selenium.chrome.ChromeDriver
Capabilities {acceptInsecureCerts: false, browserName: chrome, browserVersion: 143.0.7499.170, chrome: {chromedriverVersion: 143.0.7499.192 (be2c1f4fd45..., userDataDir: C:\Windows\SystemTemp\scope...}, fedcm:accounts: true, goog:chromeOptions: {debuggerAddress: localhost:61221}, goog:processID: 10216, networkConnectionEnabled: false, pageLoadStrategy: normal, platformName: windows, proxy: Proxy(), se:cdp: ws://localhost:61221/devtoo..., se:cdpVersion: 143.0.7499.170, setWindowRect: true, strictFileInteractability: false, timeouts: {implicit: 0, pageLoad: 300000, script: 30000}, unhandledPromptBehavior: dismiss and notify, webauthn:extension:credBlob: true, webauthn:extension:largeBlob: true, webauthn:extension:minPinLength: true, webauthn:extension:prf: true, webauthn:virtualAuthenticators: true}
Session ID: b766c26c126bc9adcc557bcf2760aadd
2026-01-10 16:46:45.838 [TestNG-test-Smoke Tests-1] WARN  [verifyingSideMenuLanguageAsInSettingsLingua] [verifyingSideMenuLanguageAsInSettingsLingua] Attempt 2 failed — refreshing the page to recover...
2026-01-10 16:46:45.842 [TestNG-test-Smoke Tests-1] INFO  [verifyingSideMenuLanguageAsInSettingsLingua] [verifyingSideMenuLanguageAsInSettingsLingua] Current URL before refresh: https://www.youtube.com/
2026-01-10 16:46:46.823 [TestNG-test-Smoke Tests-1] INFO  [verifyingSideMenuLanguageAsInSettingsLingua] [verifyingSideMenuLanguageAsInSettingsLingua] Page refreshed successfully.
2026-01-10 16:46:48.347 [TestNG-test-Smoke Tests-1] INFO  [verifyingSideMenuLanguageAsInSettingsLingua] [verifyingSideMenuLanguageAsInSettingsLingua] Page fully loaded after refresh.
2026-01-10 16:46:58.575 [TestNG-test-Smoke Tests-1] WARN  [verifyingSideMenuLanguageAsInSettingsLingua] [verifyingSideMenuLanguageAsInSettingsLingua] Attempt 3 failed to find elements: By.xpath: //ytd-guide-entry-renderer[@class='style-scope ytd-guide-section-renderer'] -> org.openqa.selenium.TimeoutException: Expected condition failed: waiting for presence of any elements located by By.xpath: //ytd-guide-entry-renderer[@class='style-scope ytd-guide-section-renderer'] (tried for 10 second(s) with 500 milliseconds interval)
Build info: version: '4.27.0', revision: 'd6e718d134'
System info: os.name: 'Windows Server 2025', os.arch: 'amd64', os.version: '10.0', java.version: '24.0.2'
Driver info: org.openqa.selenium.chrome.ChromeDriver
Capabilities {acceptInsecureCerts: false, browserName: chrome, browserVersion: 143.0.7499.170, chrome: {chromedriverVersion: 143.0.7499.192 (be2c1f4fd45..., userDataDir: C:\Windows\SystemTemp\scope...}, fedcm:accounts: true, goog:chromeOptions: {debuggerAddress: localhost:61221}, goog:processID: 10216, networkConnectionEnabled: false, pageLoadStrategy: normal, platformName: windows, proxy: Proxy(), se:cdp: ws://localhost:61221/devtoo..., se:cdpVersion: 143.0.7499.170, setWindowRect: true, strictFileInteractability: false, timeouts: {implicit: 0, pageLoad: 300000, script: 30000}, unhandledPromptBehavior: dismiss and notify, webauthn:extension:credBlob: true, webauthn:extension:largeBlob: true, webauthn:extension:minPinLength: true, webauthn:extension:prf: true, webauthn:virtualAuthenticators: true}
Session ID: b766c26c126bc9adcc557bcf2760aadd
2026-01-10 16:46:58.575 [TestNG-test-Smoke Tests-1] WARN  [verifyingSideMenuLanguageAsInSettingsLingua] [verifyingSideMenuLanguageAsInSettingsLingua] Attempt 3 failed — refreshing the page to recover...
2026-01-10 16:46:58.579 [TestNG-test-Smoke Tests-1] INFO  [verifyingSideMenuLanguageAsInSettingsLingua] [verifyingSideMenuLanguageAsInSettingsLingua] Current URL before refresh: https://www.youtube.com/
2026-01-10 16:46:58.680 [TestNG-test-Smoke Tests-1] INFO  [verifyingSideMenuLanguageAsInSettingsLingua] [verifyingSideMenuLanguageAsInSettingsLingua] Page refreshed successfully.
2026-01-10 16:47:00.187 [TestNG-test-Smoke Tests-1] INFO  [verifyingSideMenuLanguageAsInSettingsLingua] [verifyingSideMenuLanguageAsInSettingsLingua] Page fully loaded after refresh.
2026-01-10 16:47:00.187 [TestNG-test-Smoke Tests-1] ERROR [verifyingSideMenuLanguageAsInSettingsLingua] [verifyingSideMenuLanguageAsInSettingsLingua] No elements ready after 3 attempts: By.xpath: //ytd-guide-entry-renderer[@class='style-scope ytd-guide-section-renderer']
2026-01-10 16:47:00.187 [TestNG-test-Smoke Tests-1] INFO  [verifyingSideMenuLanguageAsInSettingsLingua] getExpectedLangageViaApplicableLangInput(Català)
2026-01-10 16:47:00.187 [TestNG-test-Smoke Tests-1] INFO  [verifyingSideMenuLanguageAsInSettingsLingua] Expected language for 'Català' -> CATALAN
2026-01-10 16:47:00.187 [TestNG-test-Smoke Tests-1] INFO  [verifyingSideMenuLanguageAsInSettingsLingua] getLangAttributeViaLanguageInput(Català)
2026-01-10 16:47:00.187 [TestNG-test-Smoke Tests-1] INFO  [verifyingSideMenuLanguageAsInSettingsLingua] Mapped Català -> ca-ES
2026-01-10 16:47:00.187 [TestNG-test-Smoke Tests-1] INFO  [verifyingSideMenuLanguageAsInSettingsLingua] getLangAttribute() - locating <html> and reading lang property
2026-01-10 16:47:00.204 [TestNG-test-Smoke Tests-1] INFO  [verifyingSideMenuLanguageAsInSettingsLingua] Language attribute read: ca-ES
2026-01-10 16:47:00.204 [TestNG-test-Smoke Tests-1] INFO  [verifyingSideMenuLanguageAsInSettingsLingua] Clicking settings ellipses button...
2026-01-10 16:47:00.204 [TestNG-test-Smoke Tests-1] INFO  [verifyingSideMenuLanguageAsInSettingsLingua] [verifyingSideMenuLanguageAsInSettingsLingua] Trying to find element: By.xpath: //ytd-topbar-menu-button-renderer[@class='style-scope ytd-masthead style-default']
2026-01-10 16:47:00.227 [TestNG-test-Smoke Tests-1] INFO  [verifyingSideMenuLanguageAsInSettingsLingua] [verifyingSideMenuLanguageAsInSettingsLingua] Element found and ready (attempt 1): By.xpath: //ytd-topbar-menu-button-renderer[@class='style-scope ytd-masthead style-default']
2026-01-10 16:47:02.309 [TestNG-test-Smoke Tests-1] INFO  [verifyingSideMenuLanguageAsInSettingsLingua] Clicking language dropdown...
2026-01-10 16:47:02.309 [TestNG-test-Smoke Tests-1] INFO  [verifyingSideMenuLanguageAsInSettingsLingua] [verifyingSideMenuLanguageAsInSettingsLingua] Trying to find element: By.xpath: (//div[@id='content-icon'])[2]
2026-01-10 16:47:02.328 [TestNG-test-Smoke Tests-1] INFO  [verifyingSideMenuLanguageAsInSettingsLingua] [verifyingSideMenuLanguageAsInSettingsLingua] Element found and ready (attempt 1): By.xpath: (//div[@id='content-icon'])[2]
2026-01-10 16:47:04.677 [TestNG-test-Smoke Tests-1] INFO  [verifyingSideMenuLanguageAsInSettingsLingua] [verifyingSideMenuLanguageAsInSettingsLingua] Capturing screenshot: Filter Applied is Dansk__2026-01-10_164704.png
2026-01-10 16:47:04.794 [TestNG-test-Smoke Tests-1] INFO  [verifyingSideMenuLanguageAsInSettingsLingua] [verifyingSideMenuLanguageAsInSettingsLingua] Screenshot saved at: test-output/screenshots/Run_2026-01-10_16-37-08/verifyingSideMenuLanguageAsInSettingsLingua/Filter Applied is Dansk__2026-01-10_164704.png
2026-01-10 16:47:05.795 [TestNG-test-Smoke Tests-1] INFO  [verifyingSideMenuLanguageAsInSettingsLingua] Looking for language element with name: Dansk
2026-01-10 16:47:05.795 [TestNG-test-Smoke Tests-1] INFO  [verifyingSideMenuLanguageAsInSettingsLingua] [verifyingSideMenuLanguageAsInSettingsLingua] Trying to find element: By.xpath: //yt-multi-page-menu-section-renderer[@class='style-scope ytd-multi-page-menu-renderer']//yt-formatted-string[@id='label' and text()='Dansk']
2026-01-10 16:47:05.819 [TestNG-test-Smoke Tests-1] INFO  [verifyingSideMenuLanguageAsInSettingsLingua] [verifyingSideMenuLanguageAsInSettingsLingua] Element found and ready (attempt 1): By.xpath: //yt-multi-page-menu-section-renderer[@class='style-scope ytd-multi-page-menu-renderer']//yt-formatted-string[@id='label' and text()='Dansk']
2026-01-10 16:47:08.794 [TestNG-test-Smoke Tests-1] INFO  [verifyingSideMenuLanguageAsInSettingsLingua] Fetching the side menu in expanded view
2026-01-10 16:47:08.794 [TestNG-test-Smoke Tests-1] INFO  [verifyingSideMenuLanguageAsInSettingsLingua] [verifyingSideMenuLanguageAsInSettingsLingua] Finding elements list: By.xpath: //ytd-guide-entry-renderer[@class='style-scope ytd-guide-section-renderer']
2026-01-10 16:47:18.957 [TestNG-test-Smoke Tests-1] WARN  [verifyingSideMenuLanguageAsInSettingsLingua] [verifyingSideMenuLanguageAsInSettingsLingua] Attempt 1 failed to find elements: By.xpath: //ytd-guide-entry-renderer[@class='style-scope ytd-guide-section-renderer'] -> org.openqa.selenium.TimeoutException: Expected condition failed: waiting for presence of any elements located by By.xpath: //ytd-guide-entry-renderer[@class='style-scope ytd-guide-section-renderer'] (tried for 10 second(s) with 500 milliseconds interval)
Build info: version: '4.27.0', revision: 'd6e718d134'
System info: os.name: 'Windows Server 2025', os.arch: 'amd64', os.version: '10.0', java.version: '24.0.2'
Driver info: org.openqa.selenium.chrome.ChromeDriver
Capabilities {acceptInsecureCerts: false, browserName: chrome, browserVersion: 143.0.7499.170, chrome: {chromedriverVersion: 143.0.7499.192 (be2c1f4fd45..., userDataDir: C:\Windows\SystemTemp\scope...}, fedcm:accounts: true, goog:chromeOptions: {debuggerAddress: localhost:61221}, goog:processID: 10216, networkConnectionEnabled: false, pageLoadStrategy: normal, platformName: windows, proxy: Proxy(), se:cdp: ws://localhost:61221/devtoo..., se:cdpVersion: 143.0.7499.170, setWindowRect: true, strictFileInteractability: false, timeouts: {implicit: 0, pageLoad: 300000, script: 30000}, unhandledPromptBehavior: dismiss and notify, webauthn:extension:credBlob: true, webauthn:extension:largeBlob: true, webauthn:extension:minPinLength: true, webauthn:extension:prf: true, webauthn:virtualAuthenticators: true}
Session ID: b766c26c126bc9adcc557bcf2760aadd
2026-01-10 16:47:29.250 [TestNG-test-Smoke Tests-1] WARN  [verifyingSideMenuLanguageAsInSettingsLingua] [verifyingSideMenuLanguageAsInSettingsLingua] Attempt 2 failed to find elements: By.xpath: //ytd-guide-entry-renderer[@class='style-scope ytd-guide-section-renderer'] -> org.openqa.selenium.TimeoutException: Expected condition failed: waiting for presence of any elements located by By.xpath: //ytd-guide-entry-renderer[@class='style-scope ytd-guide-section-renderer'] (tried for 10 second(s) with 500 milliseconds interval)
Build info: version: '4.27.0', revision: 'd6e718d134'
System info: os.name: 'Windows Server 2025', os.arch: 'amd64', os.version: '10.0', java.version: '24.0.2'
Driver info: org.openqa.selenium.chrome.ChromeDriver
Capabilities {acceptInsecureCerts: false, browserName: chrome, browserVersion: 143.0.7499.170, chrome: {chromedriverVersion: 143.0.7499.192 (be2c1f4fd45..., userDataDir: C:\Windows\SystemTemp\scope...}, fedcm:accounts: true, goog:chromeOptions: {debuggerAddress: localhost:61221}, goog:processID: 10216, networkConnectionEnabled: false, pageLoadStrategy: normal, platformName: windows, proxy: Proxy(), se:cdp: ws://localhost:61221/devtoo..., se:cdpVersion: 143.0.7499.170, setWindowRect: true, strictFileInteractability: false, timeouts: {implicit: 0, pageLoad: 300000, script: 30000}, unhandledPromptBehavior: dismiss and notify, webauthn:extension:credBlob: true, webauthn:extension:largeBlob: true, webauthn:extension:minPinLength: true, webauthn:extension:prf: true, webauthn:virtualAuthenticators: true}
Session ID: b766c26c126bc9adcc557bcf2760aadd
2026-01-10 16:47:29.251 [TestNG-test-Smoke Tests-1] WARN  [verifyingSideMenuLanguageAsInSettingsLingua] [verifyingSideMenuLanguageAsInSettingsLingua] Attempt 2 failed — refreshing the page to recover...
2026-01-10 16:47:29.255 [TestNG-test-Smoke Tests-1] INFO  [verifyingSideMenuLanguageAsInSettingsLingua] [verifyingSideMenuLanguageAsInSettingsLingua] Current URL before refresh: https://www.youtube.com/
2026-01-10 16:47:29.351 [TestNG-test-Smoke Tests-1] INFO  [verifyingSideMenuLanguageAsInSettingsLingua] [verifyingSideMenuLanguageAsInSettingsLingua] Page refreshed successfully.
2026-01-10 16:47:30.898 [TestNG-test-Smoke Tests-1] INFO  [verifyingSideMenuLanguageAsInSettingsLingua] [verifyingSideMenuLanguageAsInSettingsLingua] Page fully loaded after refresh.
2026-01-10 16:47:41.222 [TestNG-test-Smoke Tests-1] WARN  [verifyingSideMenuLanguageAsInSettingsLingua] [verifyingSideMenuLanguageAsInSettingsLingua] Attempt 3 failed to find elements: By.xpath: //ytd-guide-entry-renderer[@class='style-scope ytd-guide-section-renderer'] -> org.openqa.selenium.TimeoutException: Expected condition failed: waiting for presence of any elements located by By.xpath: //ytd-guide-entry-renderer[@class='style-scope ytd-guide-section-renderer'] (tried for 10 second(s) with 500 milliseconds interval)
Build info: version: '4.27.0', revision: 'd6e718d134'
System info: os.name: 'Windows Server 2025', os.arch: 'amd64', os.version: '10.0', java.version: '24.0.2'
Driver info: org.openqa.selenium.chrome.ChromeDriver
Capabilities {acceptInsecureCerts: false, browserName: chrome, browserVersion: 143.0.7499.170, chrome: {chromedriverVersion: 143.0.7499.192 (be2c1f4fd45..., userDataDir: C:\Windows\SystemTemp\scope...}, fedcm:accounts: true, goog:chromeOptions: {debuggerAddress: localhost:61221}, goog:processID: 10216, networkConnectionEnabled: false, pageLoadStrategy: normal, platformName: windows, proxy: Proxy(), se:cdp: ws://localhost:61221/devtoo..., se:cdpVersion: 143.0.7499.170, setWindowRect: true, strictFileInteractability: false, timeouts: {implicit: 0, pageLoad: 300000, script: 30000}, unhandledPromptBehavior: dismiss and notify, webauthn:extension:credBlob: true, webauthn:extension:largeBlob: true, webauthn:extension:minPinLength: true, webauthn:extension:prf: true, webauthn:virtualAuthenticators: true}
Session ID: b766c26c126bc9adcc557bcf2760aadd
2026-01-10 16:47:41.222 [TestNG-test-Smoke Tests-1] WARN  [verifyingSideMenuLanguageAsInSettingsLingua] [verifyingSideMenuLanguageAsInSettingsLingua] Attempt 3 failed — refreshing the page to recover...
2026-01-10 16:47:41.287 [TestNG-test-Smoke Tests-1] INFO  [verifyingSideMenuLanguageAsInSettingsLingua] [verifyingSideMenuLanguageAsInSettingsLingua] Current URL before refresh: https://www.youtube.com/
2026-01-10 16:47:42.840 [TestNG-test-Smoke Tests-1] INFO  [verifyingSideMenuLanguageAsInSettingsLingua] [verifyingSideMenuLanguageAsInSettingsLingua] Page refreshed successfully.
2026-01-10 16:47:44.346 [TestNG-test-Smoke Tests-1] INFO  [verifyingSideMenuLanguageAsInSettingsLingua] [verifyingSideMenuLanguageAsInSettingsLingua] Page fully loaded after refresh.
2026-01-10 16:47:44.346 [TestNG-test-Smoke Tests-1] ERROR [verifyingSideMenuLanguageAsInSettingsLingua] [verifyingSideMenuLanguageAsInSettingsLingua] No elements ready after 3 attempts: By.xpath: //ytd-guide-entry-renderer[@class='style-scope ytd-guide-section-renderer']
2026-01-10 16:47:44.347 [TestNG-test-Smoke Tests-1] INFO  [verifyingSideMenuLanguageAsInSettingsLingua] getExpectedLangageViaApplicableLangInput(Dansk)
2026-01-10 16:47:44.347 [TestNG-test-Smoke Tests-1] INFO  [verifyingSideMenuLanguageAsInSettingsLingua] Expected language for 'Dansk' -> DANISH
2026-01-10 16:47:44.347 [TestNG-test-Smoke Tests-1] INFO  [verifyingSideMenuLanguageAsInSettingsLingua] getLangAttributeViaLanguageInput(Dansk)
2026-01-10 16:47:44.347 [TestNG-test-Smoke Tests-1] INFO  [verifyingSideMenuLanguageAsInSettingsLingua] Mapped Dansk -> da-DK
2026-01-10 16:47:44.347 [TestNG-test-Smoke Tests-1] INFO  [verifyingSideMenuLanguageAsInSettingsLingua] getLangAttribute() - locating <html> and reading lang property
2026-01-10 16:47:44.359 [TestNG-test-Smoke Tests-1] INFO  [verifyingSideMenuLanguageAsInSettingsLingua] Language attribute read: da-DK
2026-01-10 16:47:44.359 [TestNG-test-Smoke Tests-1] INFO  [verifyingSideMenuLanguageAsInSettingsLingua] Clicking settings ellipses button...
2026-01-10 16:47:44.359 [TestNG-test-Smoke Tests-1] INFO  [verifyingSideMenuLanguageAsInSettingsLingua] [verifyingSideMenuLanguageAsInSettingsLingua] Trying to find element: By.xpath: //ytd-topbar-menu-button-renderer[@class='style-scope ytd-masthead style-default']
2026-01-10 16:47:44.382 [TestNG-test-Smoke Tests-1] INFO  [verifyingSideMenuLanguageAsInSettingsLingua] [verifyingSideMenuLanguageAsInSettingsLingua] Element found and ready (attempt 1): By.xpath: //ytd-topbar-menu-button-renderer[@class='style-scope ytd-masthead style-default']
2026-01-10 16:47:46.488 [TestNG-test-Smoke Tests-1] INFO  [verifyingSideMenuLanguageAsInSettingsLingua] Clicking language dropdown...
2026-01-10 16:47:46.488 [TestNG-test-Smoke Tests-1] INFO  [verifyingSideMenuLanguageAsInSettingsLingua] [verifyingSideMenuLanguageAsInSettingsLingua] Trying to find element: By.xpath: (//div[@id='content-icon'])[2]
2026-01-10 16:47:46.509 [TestNG-test-Smoke Tests-1] INFO  [verifyingSideMenuLanguageAsInSettingsLingua] [verifyingSideMenuLanguageAsInSettingsLingua] Element found and ready (attempt 1): By.xpath: (//div[@id='content-icon'])[2]
2026-01-10 16:47:48.890 [TestNG-test-Smoke Tests-1] INFO  [verifyingSideMenuLanguageAsInSettingsLingua] [verifyingSideMenuLanguageAsInSettingsLingua] Capturing screenshot: Filter Applied is Deutsch__2026-01-10_164748.png
2026-01-10 16:47:49.354 [TestNG-test-Smoke Tests-1] INFO  [verifyingSideMenuLanguageAsInSettingsLingua] [verifyingSideMenuLanguageAsInSettingsLingua] Screenshot saved at: test-output/screenshots/Run_2026-01-10_16-37-08/verifyingSideMenuLanguageAsInSettingsLingua/Filter Applied is Deutsch__2026-01-10_164748.png
2026-01-10 16:47:50.355 [TestNG-test-Smoke Tests-1] INFO  [verifyingSideMenuLanguageAsInSettingsLingua] Looking for language element with name: Deutsch
2026-01-10 16:47:50.355 [TestNG-test-Smoke Tests-1] INFO  [verifyingSideMenuLanguageAsInSettingsLingua] [verifyingSideMenuLanguageAsInSettingsLingua] Trying to find element: By.xpath: //yt-multi-page-menu-section-renderer[@class='style-scope ytd-multi-page-menu-renderer']//yt-formatted-string[@id='label' and text()='Deutsch']
2026-01-10 16:47:50.379 [TestNG-test-Smoke Tests-1] INFO  [verifyingSideMenuLanguageAsInSettingsLingua] [verifyingSideMenuLanguageAsInSettingsLingua] Element found and ready (attempt 1): By.xpath: //yt-multi-page-menu-section-renderer[@class='style-scope ytd-multi-page-menu-renderer']//yt-formatted-string[@id='label' and text()='Deutsch']
2026-01-10 16:47:53.567 [TestNG-test-Smoke Tests-1] INFO  [verifyingSideMenuLanguageAsInSettingsLingua] Fetching the side menu in expanded view
2026-01-10 16:47:53.567 [TestNG-test-Smoke Tests-1] INFO  [verifyingSideMenuLanguageAsInSettingsLingua] [verifyingSideMenuLanguageAsInSettingsLingua] Finding elements list: By.xpath: //ytd-guide-entry-renderer[@class='style-scope ytd-guide-section-renderer']
2026-01-10 16:48:03.867 [TestNG-test-Smoke Tests-1] WARN  [verifyingSideMenuLanguageAsInSettingsLingua] [verifyingSideMenuLanguageAsInSettingsLingua] Attempt 1 failed to find elements: By.xpath: //ytd-guide-entry-renderer[@class='style-scope ytd-guide-section-renderer'] -> org.openqa.selenium.TimeoutException: Expected condition failed: waiting for presence of any elements located by By.xpath: //ytd-guide-entry-renderer[@class='style-scope ytd-guide-section-renderer'] (tried for 10 second(s) with 500 milliseconds interval)
Build info: version: '4.27.0', revision: 'd6e718d134'
System info: os.name: 'Windows Server 2025', os.arch: 'amd64', os.version: '10.0', java.version: '24.0.2'
Driver info: org.openqa.selenium.chrome.ChromeDriver
Capabilities {acceptInsecureCerts: false, browserName: chrome, browserVersion: 143.0.7499.170, chrome: {chromedriverVersion: 143.0.7499.192 (be2c1f4fd45..., userDataDir: C:\Windows\SystemTemp\scope...}, fedcm:accounts: true, goog:chromeOptions: {debuggerAddress: localhost:61221}, goog:processID: 10216, networkConnectionEnabled: false, pageLoadStrategy: normal, platformName: windows, proxy: Proxy(), se:cdp: ws://localhost:61221/devtoo..., se:cdpVersion: 143.0.7499.170, setWindowRect: true, strictFileInteractability: false, timeouts: {implicit: 0, pageLoad: 300000, script: 30000}, unhandledPromptBehavior: dismiss and notify, webauthn:extension:credBlob: true, webauthn:extension:largeBlob: true, webauthn:extension:minPinLength: true, webauthn:extension:prf: true, webauthn:virtualAuthenticators: true}
Session ID: b766c26c126bc9adcc557bcf2760aadd
2026-01-10 16:48:14.061 [TestNG-test-Smoke Tests-1] WARN  [verifyingSideMenuLanguageAsInSettingsLingua] [verifyingSideMenuLanguageAsInSettingsLingua] Attempt 2 failed to find elements: By.xpath: //ytd-guide-entry-renderer[@class='style-scope ytd-guide-section-renderer'] -> org.openqa.selenium.TimeoutException: Expected condition failed: waiting for presence of any elements located by By.xpath: //ytd-guide-entry-renderer[@class='style-scope ytd-guide-section-renderer'] (tried for 10 second(s) with 500 milliseconds interval)
Build info: version: '4.27.0', revision: 'd6e718d134'
System info: os.name: 'Windows Server 2025', os.arch: 'amd64', os.version: '10.0', java.version: '24.0.2'
Driver info: org.openqa.selenium.chrome.ChromeDriver
Capabilities {acceptInsecureCerts: false, browserName: chrome, browserVersion: 143.0.7499.170, chrome: {chromedriverVersion: 143.0.7499.192 (be2c1f4fd45..., userDataDir: C:\Windows\SystemTemp\scope...}, fedcm:accounts: true, goog:chromeOptions: {debuggerAddress: localhost:61221}, goog:processID: 10216, networkConnectionEnabled: false, pageLoadStrategy: normal, platformName: windows, proxy: Proxy(), se:cdp: ws://localhost:61221/devtoo..., se:cdpVersion: 143.0.7499.170, setWindowRect: true, strictFileInteractability: false, timeouts: {implicit: 0, pageLoad: 300000, script: 30000}, unhandledPromptBehavior: dismiss and notify, webauthn:extension:credBlob: true, webauthn:extension:largeBlob: true, webauthn:extension:minPinLength: true, webauthn:extension:prf: true, webauthn:virtualAuthenticators: true}
Session ID: b766c26c126bc9adcc557bcf2760aadd
2026-01-10 16:48:14.061 [TestNG-test-Smoke Tests-1] WARN  [verifyingSideMenuLanguageAsInSettingsLingua] [verifyingSideMenuLanguageAsInSettingsLingua] Attempt 2 failed — refreshing the page to recover...
2026-01-10 16:48:14.065 [TestNG-test-Smoke Tests-1] INFO  [verifyingSideMenuLanguageAsInSettingsLingua] [verifyingSideMenuLanguageAsInSettingsLingua] Current URL before refresh: https://www.youtube.com/
2026-01-10 16:48:15.448 [TestNG-test-Smoke Tests-1] INFO  [verifyingSideMenuLanguageAsInSettingsLingua] [verifyingSideMenuLanguageAsInSettingsLingua] Page refreshed successfully.
2026-01-10 16:48:16.955 [TestNG-test-Smoke Tests-1] INFO  [verifyingSideMenuLanguageAsInSettingsLingua] [verifyingSideMenuLanguageAsInSettingsLingua] Page fully loaded after refresh.
2026-01-10 16:48:27.140 [TestNG-test-Smoke Tests-1] WARN  [verifyingSideMenuLanguageAsInSettingsLingua] [verifyingSideMenuLanguageAsInSettingsLingua] Attempt 3 failed to find elements: By.xpath: //ytd-guide-entry-renderer[@class='style-scope ytd-guide-section-renderer'] -> org.openqa.selenium.TimeoutException: Expected condition failed: waiting for presence of any elements located by By.xpath: //ytd-guide-entry-renderer[@class='style-scope ytd-guide-section-renderer'] (tried for 10 second(s) with 500 milliseconds interval)
Build info: version: '4.27.0', revision: 'd6e718d134'
System info: os.name: 'Windows Server 2025', os.arch: 'amd64', os.version: '10.0', java.version: '24.0.2'
Driver info: org.openqa.selenium.chrome.ChromeDriver
Capabilities {acceptInsecureCerts: false, browserName: chrome, browserVersion: 143.0.7499.170, chrome: {chromedriverVersion: 143.0.7499.192 (be2c1f4fd45..., userDataDir: C:\Windows\SystemTemp\scope...}, fedcm:accounts: true, goog:chromeOptions: {debuggerAddress: localhost:61221}, goog:processID: 10216, networkConnectionEnabled: false, pageLoadStrategy: normal, platformName: windows, proxy: Proxy(), se:cdp: ws://localhost:61221/devtoo..., se:cdpVersion: 143.0.7499.170, setWindowRect: true, strictFileInteractability: false, timeouts: {implicit: 0, pageLoad: 300000, script: 30000}, unhandledPromptBehavior: dismiss and notify, webauthn:extension:credBlob: true, webauthn:extension:largeBlob: true, webauthn:extension:minPinLength: true, webauthn:extension:prf: true, webauthn:virtualAuthenticators: true}
Session ID: b766c26c126bc9adcc557bcf2760aadd
2026-01-10 16:48:27.140 [TestNG-test-Smoke Tests-1] WARN  [verifyingSideMenuLanguageAsInSettingsLingua] [verifyingSideMenuLanguageAsInSettingsLingua] Attempt 3 failed — refreshing the page to recover...
2026-01-10 16:48:27.144 [TestNG-test-Smoke Tests-1] INFO  [verifyingSideMenuLanguageAsInSettingsLingua] [verifyingSideMenuLanguageAsInSettingsLingua] Current URL before refresh: https://www.youtube.com/
2026-01-10 16:48:28.317 [TestNG-test-Smoke Tests-1] INFO  [verifyingSideMenuLanguageAsInSettingsLingua] [verifyingSideMenuLanguageAsInSettingsLingua] Page refreshed successfully.
2026-01-10 16:48:29.822 [TestNG-test-Smoke Tests-1] INFO  [verifyingSideMenuLanguageAsInSettingsLingua] [verifyingSideMenuLanguageAsInSettingsLingua] Page fully loaded after refresh.
2026-01-10 16:48:29.822 [TestNG-test-Smoke Tests-1] ERROR [verifyingSideMenuLanguageAsInSettingsLingua] [verifyingSideMenuLanguageAsInSettingsLingua] No elements ready after 3 attempts: By.xpath: //ytd-guide-entry-renderer[@class='style-scope ytd-guide-section-renderer']
2026-01-10 16:48:29.823 [TestNG-test-Smoke Tests-1] INFO  [verifyingSideMenuLanguageAsInSettingsLingua] getExpectedLangageViaApplicableLangInput(Deutsch)
2026-01-10 16:48:29.823 [TestNG-test-Smoke Tests-1] INFO  [verifyingSideMenuLanguageAsInSettingsLingua] Expected language for 'Deutsch' -> GERMAN
2026-01-10 16:48:29.823 [TestNG-test-Smoke Tests-1] INFO  [verifyingSideMenuLanguageAsInSettingsLingua] getLangAttributeViaLanguageInput(Deutsch)
2026-01-10 16:48:29.823 [TestNG-test-Smoke Tests-1] INFO  [verifyingSideMenuLanguageAsInSettingsLingua] Mapped Deutsch -> de-DE
2026-01-10 16:48:29.823 [TestNG-test-Smoke Tests-1] INFO  [verifyingSideMenuLanguageAsInSettingsLingua] getLangAttribute() - locating <html> and reading lang property
2026-01-10 16:48:29.836 [TestNG-test-Smoke Tests-1] INFO  [verifyingSideMenuLanguageAsInSettingsLingua] Language attribute read: de-DE
2026-01-10 16:48:29.836 [TestNG-test-Smoke Tests-1] INFO  [verifyingSideMenuLanguageAsInSettingsLingua] Clicking settings ellipses button...
2026-01-10 16:48:29.836 [TestNG-test-Smoke Tests-1] INFO  [verifyingSideMenuLanguageAsInSettingsLingua] [verifyingSideMenuLanguageAsInSettingsLingua] Trying to find element: By.xpath: //ytd-topbar-menu-button-renderer[@class='style-scope ytd-masthead style-default']
2026-01-10 16:48:29.856 [TestNG-test-Smoke Tests-1] INFO  [verifyingSideMenuLanguageAsInSettingsLingua] [verifyingSideMenuLanguageAsInSettingsLingua] Element found and ready (attempt 1): By.xpath: //ytd-topbar-menu-button-renderer[@class='style-scope ytd-masthead style-default']
2026-01-10 16:48:31.952 [TestNG-test-Smoke Tests-1] INFO  [verifyingSideMenuLanguageAsInSettingsLingua] Clicking language dropdown...
2026-01-10 16:48:31.952 [TestNG-test-Smoke Tests-1] INFO  [verifyingSideMenuLanguageAsInSettingsLingua] [verifyingSideMenuLanguageAsInSettingsLingua] Trying to find element: By.xpath: (//div[@id='content-icon'])[2]
2026-01-10 16:48:31.974 [TestNG-test-Smoke Tests-1] INFO  [verifyingSideMenuLanguageAsInSettingsLingua] [verifyingSideMenuLanguageAsInSettingsLingua] Element found and ready (attempt 1): By.xpath: (//div[@id='content-icon'])[2]
2026-01-10 16:48:34.313 [TestNG-test-Smoke Tests-1] INFO  [verifyingSideMenuLanguageAsInSettingsLingua] [verifyingSideMenuLanguageAsInSettingsLingua] Capturing screenshot: Filter Applied is Eesti__2026-01-10_164834.png
2026-01-10 16:48:34.420 [TestNG-test-Smoke Tests-1] INFO  [verifyingSideMenuLanguageAsInSettingsLingua] [verifyingSideMenuLanguageAsInSettingsLingua] Screenshot saved at: test-output/screenshots/Run_2026-01-10_16-37-08/verifyingSideMenuLanguageAsInSettingsLingua/Filter Applied is Eesti__2026-01-10_164834.png
2026-01-10 16:48:35.422 [TestNG-test-Smoke Tests-1] INFO  [verifyingSideMenuLanguageAsInSettingsLingua] Looking for language element with name: Eesti
2026-01-10 16:48:35.422 [TestNG-test-Smoke Tests-1] INFO  [verifyingSideMenuLanguageAsInSettingsLingua] [verifyingSideMenuLanguageAsInSettingsLingua] Trying to find element: By.xpath: //yt-multi-page-menu-section-renderer[@class='style-scope ytd-multi-page-menu-renderer']//yt-formatted-string[@id='label' and text()='Eesti']
2026-01-10 16:48:35.445 [TestNG-test-Smoke Tests-1] INFO  [verifyingSideMenuLanguageAsInSettingsLingua] [verifyingSideMenuLanguageAsInSettingsLingua] Element found and ready (attempt 1): By.xpath: //yt-multi-page-menu-section-renderer[@class='style-scope ytd-multi-page-menu-renderer']//yt-formatted-string[@id='label' and text()='Eesti']
2026-01-10 16:48:38.610 [TestNG-test-Smoke Tests-1] INFO  [verifyingSideMenuLanguageAsInSettingsLingua] Fetching the side menu in expanded view
2026-01-10 16:48:38.610 [TestNG-test-Smoke Tests-1] INFO  [verifyingSideMenuLanguageAsInSettingsLingua] [verifyingSideMenuLanguageAsInSettingsLingua] Finding elements list: By.xpath: //ytd-guide-entry-renderer[@class='style-scope ytd-guide-section-renderer']
2026-01-10 16:48:48.810 [TestNG-test-Smoke Tests-1] WARN  [verifyingSideMenuLanguageAsInSettingsLingua] [verifyingSideMenuLanguageAsInSettingsLingua] Attempt 1 failed to find elements: By.xpath: //ytd-guide-entry-renderer[@class='style-scope ytd-guide-section-renderer'] -> org.openqa.selenium.TimeoutException: Expected condition failed: waiting for presence of any elements located by By.xpath: //ytd-guide-entry-renderer[@class='style-scope ytd-guide-section-renderer'] (tried for 10 second(s) with 500 milliseconds interval)
Build info: version: '4.27.0', revision: 'd6e718d134'
System info: os.name: 'Windows Server 2025', os.arch: 'amd64', os.version: '10.0', java.version: '24.0.2'
Driver info: org.openqa.selenium.chrome.ChromeDriver
Capabilities {acceptInsecureCerts: false, browserName: chrome, browserVersion: 143.0.7499.170, chrome: {chromedriverVersion: 143.0.7499.192 (be2c1f4fd45..., userDataDir: C:\Windows\SystemTemp\scope...}, fedcm:accounts: true, goog:chromeOptions: {debuggerAddress: localhost:61221}, goog:processID: 10216, networkConnectionEnabled: false, pageLoadStrategy: normal, platformName: windows, proxy: Proxy(), se:cdp: ws://localhost:61221/devtoo..., se:cdpVersion: 143.0.7499.170, setWindowRect: true, strictFileInteractability: false, timeouts: {implicit: 0, pageLoad: 300000, script: 30000}, unhandledPromptBehavior: dismiss and notify, webauthn:extension:credBlob: true, webauthn:extension:largeBlob: true, webauthn:extension:minPinLength: true, webauthn:extension:prf: true, webauthn:virtualAuthenticators: true}
Session ID: b766c26c126bc9adcc557bcf2760aadd
2026-01-10 16:48:59.001 [TestNG-test-Smoke Tests-1] WARN  [verifyingSideMenuLanguageAsInSettingsLingua] [verifyingSideMenuLanguageAsInSettingsLingua] Attempt 2 failed to find elements: By.xpath: //ytd-guide-entry-renderer[@class='style-scope ytd-guide-section-renderer'] -> org.openqa.selenium.TimeoutException: Expected condition failed: waiting for presence of any elements located by By.xpath: //ytd-guide-entry-renderer[@class='style-scope ytd-guide-section-renderer'] (tried for 10 second(s) with 500 milliseconds interval)
Build info: version: '4.27.0', revision: 'd6e718d134'
System info: os.name: 'Windows Server 2025', os.arch: 'amd64', os.version: '10.0', java.version: '24.0.2'
Driver info: org.openqa.selenium.chrome.ChromeDriver
Capabilities {acceptInsecureCerts: false, browserName: chrome, browserVersion: 143.0.7499.170, chrome: {chromedriverVersion: 143.0.7499.192 (be2c1f4fd45..., userDataDir: C:\Windows\SystemTemp\scope...}, fedcm:accounts: true, goog:chromeOptions: {debuggerAddress: localhost:61221}, goog:processID: 10216, networkConnectionEnabled: false, pageLoadStrategy: normal, platformName: windows, proxy: Proxy(), se:cdp: ws://localhost:61221/devtoo..., se:cdpVersion: 143.0.7499.170, setWindowRect: true, strictFileInteractability: false, timeouts: {implicit: 0, pageLoad: 300000, script: 30000}, unhandledPromptBehavior: dismiss and notify, webauthn:extension:credBlob: true, webauthn:extension:largeBlob: true, webauthn:extension:minPinLength: true, webauthn:extension:prf: true, webauthn:virtualAuthenticators: true}
Session ID: b766c26c126bc9adcc557bcf2760aadd
2026-01-10 16:48:59.002 [TestNG-test-Smoke Tests-1] WARN  [verifyingSideMenuLanguageAsInSettingsLingua] [verifyingSideMenuLanguageAsInSettingsLingua] Attempt 2 failed — refreshing the page to recover...
2026-01-10 16:48:59.005 [TestNG-test-Smoke Tests-1] INFO  [verifyingSideMenuLanguageAsInSettingsLingua] [verifyingSideMenuLanguageAsInSettingsLingua] Current URL before refresh: https://www.youtube.com/
2026-01-10 16:48:59.106 [TestNG-test-Smoke Tests-1] INFO  [verifyingSideMenuLanguageAsInSettingsLingua] [verifyingSideMenuLanguageAsInSettingsLingua] Page refreshed successfully.
2026-01-10 16:49:00.612 [TestNG-test-Smoke Tests-1] INFO  [verifyingSideMenuLanguageAsInSettingsLingua] [verifyingSideMenuLanguageAsInSettingsLingua] Page fully loaded after refresh.
2026-01-10 16:49:10.805 [TestNG-test-Smoke Tests-1] WARN  [verifyingSideMenuLanguageAsInSettingsLingua] [verifyingSideMenuLanguageAsInSettingsLingua] Attempt 3 failed to find elements: By.xpath: //ytd-guide-entry-renderer[@class='style-scope ytd-guide-section-renderer'] -> org.openqa.selenium.TimeoutException: Expected condition failed: waiting for presence of any elements located by By.xpath: //ytd-guide-entry-renderer[@class='style-scope ytd-guide-section-renderer'] (tried for 10 second(s) with 500 milliseconds interval)
Build info: version: '4.27.0', revision: 'd6e718d134'
System info: os.name: 'Windows Server 2025', os.arch: 'amd64', os.version: '10.0', java.version: '24.0.2'
Driver info: org.openqa.selenium.chrome.ChromeDriver
Capabilities {acceptInsecureCerts: false, browserName: chrome, browserVersion: 143.0.7499.170, chrome: {chromedriverVersion: 143.0.7499.192 (be2c1f4fd45..., userDataDir: C:\Windows\SystemTemp\scope...}, fedcm:accounts: true, goog:chromeOptions: {debuggerAddress: localhost:61221}, goog:processID: 10216, networkConnectionEnabled: false, pageLoadStrategy: normal, platformName: windows, proxy: Proxy(), se:cdp: ws://localhost:61221/devtoo..., se:cdpVersion: 143.0.7499.170, setWindowRect: true, strictFileInteractability: false, timeouts: {implicit: 0, pageLoad: 300000, script: 30000}, unhandledPromptBehavior: dismiss and notify, webauthn:extension:credBlob: true, webauthn:extension:largeBlob: true, webauthn:extension:minPinLength: true, webauthn:extension:prf: true, webauthn:virtualAuthenticators: true}
Session ID: b766c26c126bc9adcc557bcf2760aadd
2026-01-10 16:49:10.805 [TestNG-test-Smoke Tests-1] WARN  [verifyingSideMenuLanguageAsInSettingsLingua] [verifyingSideMenuLanguageAsInSettingsLingua] Attempt 3 failed — refreshing the page to recover...
2026-01-10 16:49:10.811 [TestNG-test-Smoke Tests-1] INFO  [verifyingSideMenuLanguageAsInSettingsLingua] [verifyingSideMenuLanguageAsInSettingsLingua] Current URL before refresh: https://www.youtube.com/
2026-01-10 16:49:12.151 [TestNG-test-Smoke Tests-1] INFO  [verifyingSideMenuLanguageAsInSettingsLingua] [verifyingSideMenuLanguageAsInSettingsLingua] Page refreshed successfully.
2026-01-10 16:49:13.657 [TestNG-test-Smoke Tests-1] INFO  [verifyingSideMenuLanguageAsInSettingsLingua] [verifyingSideMenuLanguageAsInSettingsLingua] Page fully loaded after refresh.
2026-01-10 16:49:13.657 [TestNG-test-Smoke Tests-1] ERROR [verifyingSideMenuLanguageAsInSettingsLingua] [verifyingSideMenuLanguageAsInSettingsLingua] No elements ready after 3 attempts: By.xpath: //ytd-guide-entry-renderer[@class='style-scope ytd-guide-section-renderer']
2026-01-10 16:49:13.657 [TestNG-test-Smoke Tests-1] INFO  [verifyingSideMenuLanguageAsInSettingsLingua] getExpectedLangageViaApplicableLangInput(Eesti)
2026-01-10 16:49:13.657 [TestNG-test-Smoke Tests-1] INFO  [verifyingSideMenuLanguageAsInSettingsLingua] Expected language for 'Eesti' -> ESTONIAN
2026-01-10 16:49:13.657 [TestNG-test-Smoke Tests-1] INFO  [verifyingSideMenuLanguageAsInSettingsLingua] getLangAttributeViaLanguageInput(Eesti)
2026-01-10 16:49:13.657 [TestNG-test-Smoke Tests-1] INFO  [verifyingSideMenuLanguageAsInSettingsLingua] Mapped Eesti -> et-EE
2026-01-10 16:49:13.657 [TestNG-test-Smoke Tests-1] INFO  [verifyingSideMenuLanguageAsInSettingsLingua] getLangAttribute() - locating <html> and reading lang property
2026-01-10 16:49:13.670 [TestNG-test-Smoke Tests-1] INFO  [verifyingSideMenuLanguageAsInSettingsLingua] Language attribute read: et-EE
2026-01-10 16:49:13.670 [TestNG-test-Smoke Tests-1] INFO  [verifyingSideMenuLanguageAsInSettingsLingua] Clicking settings ellipses button...
2026-01-10 16:49:13.670 [TestNG-test-Smoke Tests-1] INFO  [verifyingSideMenuLanguageAsInSettingsLingua] [verifyingSideMenuLanguageAsInSettingsLingua] Trying to find element: By.xpath: //ytd-topbar-menu-button-renderer[@class='style-scope ytd-masthead style-default']
2026-01-10 16:49:13.691 [TestNG-test-Smoke Tests-1] INFO  [verifyingSideMenuLanguageAsInSettingsLingua] [verifyingSideMenuLanguageAsInSettingsLingua] Element found and ready (attempt 1): By.xpath: //ytd-topbar-menu-button-renderer[@class='style-scope ytd-masthead style-default']
2026-01-10 16:49:15.775 [TestNG-test-Smoke Tests-1] INFO  [verifyingSideMenuLanguageAsInSettingsLingua] Clicking language dropdown...
2026-01-10 16:49:15.775 [TestNG-test-Smoke Tests-1] INFO  [verifyingSideMenuLanguageAsInSettingsLingua] [verifyingSideMenuLanguageAsInSettingsLingua] Trying to find element: By.xpath: (//div[@id='content-icon'])[2]
2026-01-10 16:49:15.796 [TestNG-test-Smoke Tests-1] INFO  [verifyingSideMenuLanguageAsInSettingsLingua] [verifyingSideMenuLanguageAsInSettingsLingua] Element found and ready (attempt 1): By.xpath: (//div[@id='content-icon'])[2]
2026-01-10 16:49:18.114 [TestNG-test-Smoke Tests-1] INFO  [verifyingSideMenuLanguageAsInSettingsLingua] [verifyingSideMenuLanguageAsInSettingsLingua] Capturing screenshot: Filter Applied is English (India)__2026-01-10_164918.png
2026-01-10 16:49:18.210 [TestNG-test-Smoke Tests-1] INFO  [verifyingSideMenuLanguageAsInSettingsLingua] [verifyingSideMenuLanguageAsInSettingsLingua] Screenshot saved at: test-output/screenshots/Run_2026-01-10_16-37-08/verifyingSideMenuLanguageAsInSettingsLingua/Filter Applied is English (India)__2026-01-10_164918.png
2026-01-10 16:49:19.210 [TestNG-test-Smoke Tests-1] INFO  [verifyingSideMenuLanguageAsInSettingsLingua] Looking for language element with name: English (India)
2026-01-10 16:49:19.210 [TestNG-test-Smoke Tests-1] INFO  [verifyingSideMenuLanguageAsInSettingsLingua] [verifyingSideMenuLanguageAsInSettingsLingua] Trying to find element: By.xpath: //yt-multi-page-menu-section-renderer[@class='style-scope ytd-multi-page-menu-renderer']//yt-formatted-string[@id='label' and text()='English (India)']
2026-01-10 16:49:19.234 [TestNG-test-Smoke Tests-1] INFO  [verifyingSideMenuLanguageAsInSettingsLingua] [verifyingSideMenuLanguageAsInSettingsLingua] Element found and ready (attempt 1): By.xpath: //yt-multi-page-menu-section-renderer[@class='style-scope ytd-multi-page-menu-renderer']//yt-formatted-string[@id='label' and text()='English (India)']
2026-01-10 16:49:22.445 [TestNG-test-Smoke Tests-1] INFO  [verifyingSideMenuLanguageAsInSettingsLingua] Fetching the side menu in expanded view
2026-01-10 16:49:22.445 [TestNG-test-Smoke Tests-1] INFO  [verifyingSideMenuLanguageAsInSettingsLingua] [verifyingSideMenuLanguageAsInSettingsLingua] Finding elements list: By.xpath: //ytd-guide-entry-renderer[@class='style-scope ytd-guide-section-renderer']
2026-01-10 16:49:32.755 [TestNG-test-Smoke Tests-1] WARN  [verifyingSideMenuLanguageAsInSettingsLingua] [verifyingSideMenuLanguageAsInSettingsLingua] Attempt 1 failed to find elements: By.xpath: //ytd-guide-entry-renderer[@class='style-scope ytd-guide-section-renderer'] -> org.openqa.selenium.TimeoutException: Expected condition failed: waiting for presence of any elements located by By.xpath: //ytd-guide-entry-renderer[@class='style-scope ytd-guide-section-renderer'] (tried for 10 second(s) with 500 milliseconds interval)
Build info: version: '4.27.0', revision: 'd6e718d134'
System info: os.name: 'Windows Server 2025', os.arch: 'amd64', os.version: '10.0', java.version: '24.0.2'
Driver info: org.openqa.selenium.chrome.ChromeDriver
Capabilities {acceptInsecureCerts: false, browserName: chrome, browserVersion: 143.0.7499.170, chrome: {chromedriverVersion: 143.0.7499.192 (be2c1f4fd45..., userDataDir: C:\Windows\SystemTemp\scope...}, fedcm:accounts: true, goog:chromeOptions: {debuggerAddress: localhost:61221}, goog:processID: 10216, networkConnectionEnabled: false, pageLoadStrategy: normal, platformName: windows, proxy: Proxy(), se:cdp: ws://localhost:61221/devtoo..., se:cdpVersion: 143.0.7499.170, setWindowRect: true, strictFileInteractability: false, timeouts: {implicit: 0, pageLoad: 300000, script: 30000}, unhandledPromptBehavior: dismiss and notify, webauthn:extension:credBlob: true, webauthn:extension:largeBlob: true, webauthn:extension:minPinLength: true, webauthn:extension:prf: true, webauthn:virtualAuthenticators: true}
Session ID: b766c26c126bc9adcc557bcf2760aadd
2026-01-10 16:49:42.968 [TestNG-test-Smoke Tests-1] WARN  [verifyingSideMenuLanguageAsInSettingsLingua] [verifyingSideMenuLanguageAsInSettingsLingua] Attempt 2 failed to find elements: By.xpath: //ytd-guide-entry-renderer[@class='style-scope ytd-guide-section-renderer'] -> org.openqa.selenium.TimeoutException: Expected condition failed: waiting for presence of any elements located by By.xpath: //ytd-guide-entry-renderer[@class='style-scope ytd-guide-section-renderer'] (tried for 10 second(s) with 500 milliseconds interval)
Build info: version: '4.27.0', revision: 'd6e718d134'
System info: os.name: 'Windows Server 2025', os.arch: 'amd64', os.version: '10.0', java.version: '24.0.2'
Driver info: org.openqa.selenium.chrome.ChromeDriver
Capabilities {acceptInsecureCerts: false, browserName: chrome, browserVersion: 143.0.7499.170, chrome: {chromedriverVersion: 143.0.7499.192 (be2c1f4fd45..., userDataDir: C:\Windows\SystemTemp\scope...}, fedcm:accounts: true, goog:chromeOptions: {debuggerAddress: localhost:61221}, goog:processID: 10216, networkConnectionEnabled: false, pageLoadStrategy: normal, platformName: windows, proxy: Proxy(), se:cdp: ws://localhost:61221/devtoo..., se:cdpVersion: 143.0.7499.170, setWindowRect: true, strictFileInteractability: false, timeouts: {implicit: 0, pageLoad: 300000, script: 30000}, unhandledPromptBehavior: dismiss and notify, webauthn:extension:credBlob: true, webauthn:extension:largeBlob: true, webauthn:extension:minPinLength: true, webauthn:extension:prf: true, webauthn:virtualAuthenticators: true}
Session ID: b766c26c126bc9adcc557bcf2760aadd
2026-01-10 16:49:42.968 [TestNG-test-Smoke Tests-1] WARN  [verifyingSideMenuLanguageAsInSettingsLingua] [verifyingSideMenuLanguageAsInSettingsLingua] Attempt 2 failed — refreshing the page to recover...
2026-01-10 16:49:42.973 [TestNG-test-Smoke Tests-1] INFO  [verifyingSideMenuLanguageAsInSettingsLingua] [verifyingSideMenuLanguageAsInSettingsLingua] Current URL before refresh: https://www.youtube.com/
2026-01-10 16:49:44.631 [TestNG-test-Smoke Tests-1] INFO  [verifyingSideMenuLanguageAsInSettingsLingua] [verifyingSideMenuLanguageAsInSettingsLingua] Page refreshed successfully.
2026-01-10 16:49:46.137 [TestNG-test-Smoke Tests-1] INFO  [verifyingSideMenuLanguageAsInSettingsLingua] [verifyingSideMenuLanguageAsInSettingsLingua] Page fully loaded after refresh.
2026-01-10 16:49:56.391 [TestNG-test-Smoke Tests-1] WARN  [verifyingSideMenuLanguageAsInSettingsLingua] [verifyingSideMenuLanguageAsInSettingsLingua] Attempt 3 failed to find elements: By.xpath: //ytd-guide-entry-renderer[@class='style-scope ytd-guide-section-renderer'] -> org.openqa.selenium.TimeoutException: Expected condition failed: waiting for presence of any elements located by By.xpath: //ytd-guide-entry-renderer[@class='style-scope ytd-guide-section-renderer'] (tried for 10 second(s) with 500 milliseconds interval)
Build info: version: '4.27.0', revision: 'd6e718d134'
System info: os.name: 'Windows Server 2025', os.arch: 'amd64', os.version: '10.0', java.version: '24.0.2'
Driver info: org.openqa.selenium.chrome.ChromeDriver
Capabilities {acceptInsecureCerts: false, browserName: chrome, browserVersion: 143.0.7499.170, chrome: {chromedriverVersion: 143.0.7499.192 (be2c1f4fd45..., userDataDir: C:\Windows\SystemTemp\scope...}, fedcm:accounts: true, goog:chromeOptions: {debuggerAddress: localhost:61221}, goog:processID: 10216, networkConnectionEnabled: false, pageLoadStrategy: normal, platformName: windows, proxy: Proxy(), se:cdp: ws://localhost:61221/devtoo..., se:cdpVersion: 143.0.7499.170, setWindowRect: true, strictFileInteractability: false, timeouts: {implicit: 0, pageLoad: 300000, script: 30000}, unhandledPromptBehavior: dismiss and notify, webauthn:extension:credBlob: true, webauthn:extension:largeBlob: true, webauthn:extension:minPinLength: true, webauthn:extension:prf: true, webauthn:virtualAuthenticators: true}
Session ID: b766c26c126bc9adcc557bcf2760aadd
2026-01-10 16:49:56.391 [TestNG-test-Smoke Tests-1] WARN  [verifyingSideMenuLanguageAsInSettingsLingua] [verifyingSideMenuLanguageAsInSettingsLingua] Attempt 3 failed — refreshing the page to recover...
2026-01-10 16:49:56.396 [TestNG-test-Smoke Tests-1] INFO  [verifyingSideMenuLanguageAsInSettingsLingua] [verifyingSideMenuLanguageAsInSettingsLingua] Current URL before refresh: https://www.youtube.com/
2026-01-10 16:49:57.494 [TestNG-test-Smoke Tests-1] INFO  [verifyingSideMenuLanguageAsInSettingsLingua] [verifyingSideMenuLanguageAsInSettingsLingua] Page refreshed successfully.
2026-01-10 16:49:58.999 [TestNG-test-Smoke Tests-1] INFO  [verifyingSideMenuLanguageAsInSettingsLingua] [verifyingSideMenuLanguageAsInSettingsLingua] Page fully loaded after refresh.
2026-01-10 16:49:58.999 [TestNG-test-Smoke Tests-1] ERROR [verifyingSideMenuLanguageAsInSettingsLingua] [verifyingSideMenuLanguageAsInSettingsLingua] No elements ready after 3 attempts: By.xpath: //ytd-guide-entry-renderer[@class='style-scope ytd-guide-section-renderer']
2026-01-10 16:49:58.999 [TestNG-test-Smoke Tests-1] INFO  [verifyingSideMenuLanguageAsInSettingsLingua] getExpectedLangageViaApplicableLangInput(English (India))
2026-01-10 16:49:58.999 [TestNG-test-Smoke Tests-1] INFO  [verifyingSideMenuLanguageAsInSettingsLingua] Expected language for 'English (India)' -> ENGLISH
2026-01-10 16:49:58.999 [TestNG-test-Smoke Tests-1] INFO  [verifyingSideMenuLanguageAsInSettingsLingua] getLangAttributeViaLanguageInput(English (India))
2026-01-10 16:49:58.999 [TestNG-test-Smoke Tests-1] INFO  [verifyingSideMenuLanguageAsInSettingsLingua] Mapped English (India) -> en-IN
2026-01-10 16:49:58.999 [TestNG-test-Smoke Tests-1] INFO  [verifyingSideMenuLanguageAsInSettingsLingua] getLangAttribute() - locating <html> and reading lang property
2026-01-10 16:49:59.012 [TestNG-test-Smoke Tests-1] INFO  [verifyingSideMenuLanguageAsInSettingsLingua] Language attribute read: en-IN
2026-01-10 16:49:59.012 [TestNG-test-Smoke Tests-1] INFO  [verifyingSideMenuLanguageAsInSettingsLingua] Clicking settings ellipses button...
2026-01-10 16:49:59.012 [TestNG-test-Smoke Tests-1] INFO  [verifyingSideMenuLanguageAsInSettingsLingua] [verifyingSideMenuLanguageAsInSettingsLingua] Trying to find element: By.xpath: //ytd-topbar-menu-button-renderer[@class='style-scope ytd-masthead style-default']
2026-01-10 16:49:59.032 [TestNG-test-Smoke Tests-1] INFO  [verifyingSideMenuLanguageAsInSettingsLingua] [verifyingSideMenuLanguageAsInSettingsLingua] Element found and ready (attempt 1): By.xpath: //ytd-topbar-menu-button-renderer[@class='style-scope ytd-masthead style-default']
2026-01-10 16:50:01.113 [TestNG-test-Smoke Tests-1] INFO  [verifyingSideMenuLanguageAsInSettingsLingua] Clicking language dropdown...
2026-01-10 16:50:01.113 [TestNG-test-Smoke Tests-1] INFO  [verifyingSideMenuLanguageAsInSettingsLingua] [verifyingSideMenuLanguageAsInSettingsLingua] Trying to find element: By.xpath: (//div[@id='content-icon'])[2]
2026-01-10 16:50:01.131 [TestNG-test-Smoke Tests-1] INFO  [verifyingSideMenuLanguageAsInSettingsLingua] [verifyingSideMenuLanguageAsInSettingsLingua] Element found and ready (attempt 1): By.xpath: (//div[@id='content-icon'])[2]
2026-01-10 16:50:03.536 [TestNG-test-Smoke Tests-1] INFO  [verifyingSideMenuLanguageAsInSettingsLingua] [verifyingSideMenuLanguageAsInSettingsLingua] Not retrying test 'verifyingSideMenuLanguageAsInSettingsLingua'. Retry count: 0, Cause: The following asserts failed:
	Page title mismatch expected [AFRIKAANS] but found [Unknown],
	Page title mismatch expected [AZERBAIJANI] but found [Unknown],
	Page title mismatch expected [INDONESIAN] but found [Unknown],
	Page title mismatch expected [CROATIAN] but found [Unknown],
	Page title mismatch expected [CATALAN] but found [Unknown],
	Page title mismatch expected [DANISH] but found [Unknown],
	Page title mismatch expected [GERMAN] but found [Unknown],
	Page title mismatch expected [ESTONIAN] but found [Unknown],
	Page title mismatch expected [ENGLISH] but found [Unknown]
2026-01-10 16:50:03.540 [TestNG-test-Smoke Tests-1] ERROR [verifyingSideMenuLanguageAsInSettingsLingua] Test FAILED: verifyingSideMenuLanguageAsInSettingsLingua - java.lang.AssertionError: The following asserts failed:
	Page title mismatch expected [AFRIKAANS] but found [Unknown],
	Page title mismatch expected [AZERBAIJANI] but found [Unknown],
	Page title mismatch expected [INDONESIAN] but found [Unknown],
	Page title mismatch expected [CROATIAN] but found [Unknown],
	Page title mismatch expected [CATALAN] but found [Unknown],
	Page title mismatch expected [DANISH] but found [Unknown],
	Page title mismatch expected [GERMAN] but found [Unknown],
	Page title mismatch expected [ESTONIAN] but found [Unknown],
	Page title mismatch expected [ENGLISH] but found [Unknown]
2026-01-10 16:50:03.540 [TestNG-test-Smoke Tests-1] INFO  [verifyingSideMenuLanguageAsInSettingsLingua] Closing WebDriver for thread: 34
2026-01-10 16:50:04.004 [TestNG-test-Smoke Tests-1] INFO  [verifyingSideMenuLanguageAsInSettingsLingua] WebDriver instance removed from ThreadLocal for thread: 34
2026-01-10 16:50:04.005 [TestNG-test-Smoke Tests-1] INFO  [verifyingSideMenuLanguageAsInSettingsLingua] Driver closed for test: verifyingSideMenuLanguageAsInSettingsLingua
