2026-01-14 17:30:39.215 [TestNG-test-Yt Master Tests-2] INFO  [verifyingSideMenuLanguageAsInSettings] ===== STARTING TEST: verifyingSideMenuLanguageAsInSettings  | Thread: 35 =====
2026-01-14 17:30:39.219 [TestNG-test-Yt Master Tests-2] INFO  [verifyingSideMenuLanguageAsInSettings] No existing WebDriver found for current thread. Initializing a new ChromeDriver...
2026-01-14 17:30:39.229 [TestNG-test-Yt Master Tests-2] INFO  [verifyingSideMenuLanguageAsInSettings] WebDriverManager: chromedriver setup OK
2026-01-14 17:30:40.378 [TestNG-test-Yt Master Tests-2] INFO  [verifyingSideMenuLanguageAsInSettings] ChromeDriver initialized successfully for thread: 35
2026-01-14 17:30:40.378 [TestNG-test-Yt Master Tests-2] INFO  [verifyingSideMenuLanguageAsInSettings] Driver initialized successfully for test: verifyingSideMenuLanguageAsInSettings
2026-01-14 17:30:40.380 [TestNG-test-Yt Master Tests-2] INFO  [verifyingSideMenuLanguageAsInSettings] SafeActions initialized with driver ChromeDriver: chrome on windows (98bd0bbc99fa89848d38d5309298fdbd)
2026-01-14 17:30:40.380 [TestNG-test-Yt Master Tests-2] INFO  [verifyingSideMenuLanguageAsInSettings] Initialized YtLandingPage with driver: ChromeDriver: chrome on windows (98bd0bbc99fa89848d38d5309298fdbd)
2026-01-14 17:30:40.380 [TestNG-test-Yt Master Tests-2] INFO  [verifyingSideMenuLanguageAsInSettings] SafeActions initialized with driver ChromeDriver: chrome on windows (98bd0bbc99fa89848d38d5309298fdbd)
2026-01-14 17:30:42.517 [TestNG-test-Yt Master Tests-2] INFO  [verifyingSideMenuLanguageAsInSettings] Opened YouTube landing page.
2026-01-14 17:30:42.517 [TestNG-test-Yt Master Tests-2] INFO  [verifyingSideMenuLanguageAsInSettings] Clicking settings ellipses button...
2026-01-14 17:30:42.517 [TestNG-test-Yt Master Tests-2] INFO  [verifyingSideMenuLanguageAsInSettings] [verifyingSideMenuLanguageAsInSettings] Trying to find element: By.xpath: //ytd-topbar-menu-button-renderer[@class='style-scope ytd-masthead style-default']
2026-01-14 17:30:42.588 [TestNG-test-Yt Master Tests-2] INFO  [verifyingSideMenuLanguageAsInSettings] [verifyingSideMenuLanguageAsInSettings] Element found and ready (attempt 1): By.xpath: //ytd-topbar-menu-button-renderer[@class='style-scope ytd-masthead style-default']
2026-01-14 17:30:44.697 [TestNG-test-Yt Master Tests-2] INFO  [verifyingSideMenuLanguageAsInSettings] Clicking language dropdown...
2026-01-14 17:30:44.697 [TestNG-test-Yt Master Tests-2] INFO  [verifyingSideMenuLanguageAsInSettings] [verifyingSideMenuLanguageAsInSettings] Trying to find element: By.xpath: (//div[@id='content-icon'])[2]
2026-01-14 17:30:44.720 [TestNG-test-Yt Master Tests-2] INFO  [verifyingSideMenuLanguageAsInSettings] [verifyingSideMenuLanguageAsInSettings] Element found and ready (attempt 1): By.xpath: (//div[@id='content-icon'])[2]
2026-01-14 17:30:47.414 [TestNG-test-Yt Master Tests-2] INFO  [verifyingSideMenuLanguageAsInSettings] [verifyingSideMenuLanguageAsInSettings] Execution is Not CRON Job Hence refering to normal keys from UtilData
2026-01-14 17:30:47.415 [TestNG-test-Yt Master Tests-2] INFO  [verifyingSideMenuLanguageAsInSettings] [verifyingSideMenuLanguageAsInSettings] Capturing screenshot: Filter Applied is Afrikaans__2026-01-14_173047.png
2026-01-14 17:30:47.484 [TestNG-test-Yt Master Tests-2] INFO  [verifyingSideMenuLanguageAsInSettings] [verifyingSideMenuLanguageAsInSettings] Screenshot saved at: test-output/screenshots/Run_2026-01-14_17-14-57/verifyingSideMenuLanguageAsInSettings/Filter Applied is Afrikaans__2026-01-14_173047.png
2026-01-14 17:30:48.485 [TestNG-test-Yt Master Tests-2] INFO  [verifyingSideMenuLanguageAsInSettings] Looking for language element with name: Afrikaans
2026-01-14 17:30:48.485 [TestNG-test-Yt Master Tests-2] INFO  [verifyingSideMenuLanguageAsInSettings] [verifyingSideMenuLanguageAsInSettings] Trying to find element: By.xpath: //yt-multi-page-menu-section-renderer[@class='style-scope ytd-multi-page-menu-renderer']//yt-formatted-string[@id='label' and text()='Afrikaans']
2026-01-14 17:30:48.515 [TestNG-test-Yt Master Tests-2] INFO  [verifyingSideMenuLanguageAsInSettings] [verifyingSideMenuLanguageAsInSettings] Element found and ready (attempt 1): By.xpath: //yt-multi-page-menu-section-renderer[@class='style-scope ytd-multi-page-menu-renderer']//yt-formatted-string[@id='label' and text()='Afrikaans']
2026-01-14 17:30:50.059 [TestNG-test-Yt Master Tests-2] INFO  [verifyingSideMenuLanguageAsInSettings] Clicking settings ellipses button...
2026-01-14 17:30:50.059 [TestNG-test-Yt Master Tests-2] INFO  [verifyingSideMenuLanguageAsInSettings] [verifyingSideMenuLanguageAsInSettings] Trying to find element: By.xpath: //ytd-topbar-menu-button-renderer[@class='style-scope ytd-masthead style-default']
2026-01-14 17:30:50.280 [TestNG-test-Yt Master Tests-2] INFO  [verifyingSideMenuLanguageAsInSettings] [verifyingSideMenuLanguageAsInSettings] Element found and ready (attempt 1): By.xpath: //ytd-topbar-menu-button-renderer[@class='style-scope ytd-masthead style-default']
2026-01-14 17:30:50.665 [TestNG-test-Yt Master Tests-2] INFO  [verifyingSideMenuLanguageAsInSettings] Looking for language element with name: Afrikaans
2026-01-14 17:30:50.665 [TestNG-test-Yt Master Tests-2] INFO  [verifyingSideMenuLanguageAsInSettings] [verifyingSideMenuLanguageAsInSettings] Waiting until element is visible in viewport
2026-01-14 17:31:01.003 [TestNG-test-Yt Master Tests-2] INFO  [verifyingSideMenuLanguageAsInSettings] [verifyingSideMenuLanguageAsInSettings] Capturing screenshot: Filter Applied is Afrikaans__2026-01-14_173101.png
2026-01-14 17:31:01.050 [TestNG-test-Yt Master Tests-2] INFO  [verifyingSideMenuLanguageAsInSettings] [verifyingSideMenuLanguageAsInSettings] Screenshot saved at: test-output/screenshots/Run_2026-01-14_17-14-57/verifyingSideMenuLanguageAsInSettings/Filter Applied is Afrikaans__2026-01-14_173101.png
2026-01-14 17:31:01.050 [TestNG-test-Yt Master Tests-2] INFO  [verifyingSideMenuLanguageAsInSettings] Clicking settings ellipses button...
2026-01-14 17:31:01.050 [TestNG-test-Yt Master Tests-2] INFO  [verifyingSideMenuLanguageAsInSettings] [verifyingSideMenuLanguageAsInSettings] Trying to find element: By.xpath: //ytd-topbar-menu-button-renderer[@class='style-scope ytd-masthead style-default']
2026-01-14 17:31:01.067 [TestNG-test-Yt Master Tests-2] INFO  [verifyingSideMenuLanguageAsInSettings] [verifyingSideMenuLanguageAsInSettings] Element found and ready (attempt 1): By.xpath: //ytd-topbar-menu-button-renderer[@class='style-scope ytd-masthead style-default']
2026-01-14 17:31:03.115 [TestNG-test-Yt Master Tests-2] INFO  [verifyingSideMenuLanguageAsInSettings] Fetching the side menu in expanded view
2026-01-14 17:31:03.115 [TestNG-test-Yt Master Tests-2] INFO  [verifyingSideMenuLanguageAsInSettings] [verifyingSideMenuLanguageAsInSettings] Finding elements list: By.xpath: //ytd-guide-entry-renderer[@class='style-scope ytd-guide-section-renderer']
2026-01-14 17:31:13.294 [TestNG-test-Yt Master Tests-2] WARN  [verifyingSideMenuLanguageAsInSettings] [verifyingSideMenuLanguageAsInSettings] Attempt 1 failed to find elements: By.xpath: //ytd-guide-entry-renderer[@class='style-scope ytd-guide-section-renderer'] -> org.openqa.selenium.TimeoutException: Expected condition failed: waiting for presence of any elements located by By.xpath: //ytd-guide-entry-renderer[@class='style-scope ytd-guide-section-renderer'] (tried for 10 second(s) with 500 milliseconds interval)
Build info: version: '4.27.0', revision: 'd6e718d134'
System info: os.name: 'Windows Server 2025', os.arch: 'amd64', os.version: '10.0', java.version: '24.0.2'
Driver info: org.openqa.selenium.chrome.ChromeDriver
Capabilities {acceptInsecureCerts: false, browserName: chrome, browserVersion: 143.0.7499.170, chrome: {chromedriverVersion: 143.0.7499.192 (be2c1f4fd45..., userDataDir: C:\Windows\SystemTemp\scope...}, fedcm:accounts: true, goog:chromeOptions: {debuggerAddress: localhost:51704}, goog:processID: 3648, networkConnectionEnabled: false, pageLoadStrategy: normal, platformName: windows, proxy: Proxy(), se:cdp: ws://localhost:51704/devtoo..., se:cdpVersion: 143.0.7499.170, setWindowRect: true, strictFileInteractability: false, timeouts: {implicit: 0, pageLoad: 300000, script: 30000}, unhandledPromptBehavior: dismiss and notify, webauthn:extension:credBlob: true, webauthn:extension:largeBlob: true, webauthn:extension:minPinLength: true, webauthn:extension:prf: true, webauthn:virtualAuthenticators: true}
Session ID: 98bd0bbc99fa89848d38d5309298fdbd
2026-01-14 17:31:23.441 [TestNG-test-Yt Master Tests-2] WARN  [verifyingSideMenuLanguageAsInSettings] [verifyingSideMenuLanguageAsInSettings] Attempt 2 failed to find elements: By.xpath: //ytd-guide-entry-renderer[@class='style-scope ytd-guide-section-renderer'] -> org.openqa.selenium.TimeoutException: Expected condition failed: waiting for presence of any elements located by By.xpath: //ytd-guide-entry-renderer[@class='style-scope ytd-guide-section-renderer'] (tried for 10 second(s) with 500 milliseconds interval)
Build info: version: '4.27.0', revision: 'd6e718d134'
System info: os.name: 'Windows Server 2025', os.arch: 'amd64', os.version: '10.0', java.version: '24.0.2'
Driver info: org.openqa.selenium.chrome.ChromeDriver
Capabilities {acceptInsecureCerts: false, browserName: chrome, browserVersion: 143.0.7499.170, chrome: {chromedriverVersion: 143.0.7499.192 (be2c1f4fd45..., userDataDir: C:\Windows\SystemTemp\scope...}, fedcm:accounts: true, goog:chromeOptions: {debuggerAddress: localhost:51704}, goog:processID: 3648, networkConnectionEnabled: false, pageLoadStrategy: normal, platformName: windows, proxy: Proxy(), se:cdp: ws://localhost:51704/devtoo..., se:cdpVersion: 143.0.7499.170, setWindowRect: true, strictFileInteractability: false, timeouts: {implicit: 0, pageLoad: 300000, script: 30000}, unhandledPromptBehavior: dismiss and notify, webauthn:extension:credBlob: true, webauthn:extension:largeBlob: true, webauthn:extension:minPinLength: true, webauthn:extension:prf: true, webauthn:virtualAuthenticators: true}
Session ID: 98bd0bbc99fa89848d38d5309298fdbd
2026-01-14 17:31:23.441 [TestNG-test-Yt Master Tests-2] WARN  [verifyingSideMenuLanguageAsInSettings] [verifyingSideMenuLanguageAsInSettings] Attempt 2 failed — refreshing the page to recover...
2026-01-14 17:31:23.445 [TestNG-test-Yt Master Tests-2] INFO  [verifyingSideMenuLanguageAsInSettings] [verifyingSideMenuLanguageAsInSettings] Current URL before refresh: https://www.youtube.com/
2026-01-14 17:31:24.705 [TestNG-test-Yt Master Tests-2] INFO  [verifyingSideMenuLanguageAsInSettings] [verifyingSideMenuLanguageAsInSettings] Page refreshed successfully.
2026-01-14 17:31:26.212 [TestNG-test-Yt Master Tests-2] INFO  [verifyingSideMenuLanguageAsInSettings] [verifyingSideMenuLanguageAsInSettings] Page fully loaded after refresh.
2026-01-14 17:31:36.365 [TestNG-test-Yt Master Tests-2] WARN  [verifyingSideMenuLanguageAsInSettings] [verifyingSideMenuLanguageAsInSettings] Attempt 3 failed to find elements: By.xpath: //ytd-guide-entry-renderer[@class='style-scope ytd-guide-section-renderer'] -> org.openqa.selenium.TimeoutException: Expected condition failed: waiting for presence of any elements located by By.xpath: //ytd-guide-entry-renderer[@class='style-scope ytd-guide-section-renderer'] (tried for 10 second(s) with 500 milliseconds interval)
Build info: version: '4.27.0', revision: 'd6e718d134'
System info: os.name: 'Windows Server 2025', os.arch: 'amd64', os.version: '10.0', java.version: '24.0.2'
Driver info: org.openqa.selenium.chrome.ChromeDriver
Capabilities {acceptInsecureCerts: false, browserName: chrome, browserVersion: 143.0.7499.170, chrome: {chromedriverVersion: 143.0.7499.192 (be2c1f4fd45..., userDataDir: C:\Windows\SystemTemp\scope...}, fedcm:accounts: true, goog:chromeOptions: {debuggerAddress: localhost:51704}, goog:processID: 3648, networkConnectionEnabled: false, pageLoadStrategy: normal, platformName: windows, proxy: Proxy(), se:cdp: ws://localhost:51704/devtoo..., se:cdpVersion: 143.0.7499.170, setWindowRect: true, strictFileInteractability: false, timeouts: {implicit: 0, pageLoad: 300000, script: 30000}, unhandledPromptBehavior: dismiss and notify, webauthn:extension:credBlob: true, webauthn:extension:largeBlob: true, webauthn:extension:minPinLength: true, webauthn:extension:prf: true, webauthn:virtualAuthenticators: true}
Session ID: 98bd0bbc99fa89848d38d5309298fdbd
2026-01-14 17:31:36.365 [TestNG-test-Yt Master Tests-2] WARN  [verifyingSideMenuLanguageAsInSettings] [verifyingSideMenuLanguageAsInSettings] Attempt 3 failed — refreshing the page to recover...
2026-01-14 17:31:36.368 [TestNG-test-Yt Master Tests-2] INFO  [verifyingSideMenuLanguageAsInSettings] [verifyingSideMenuLanguageAsInSettings] Current URL before refresh: https://www.youtube.com/
2026-01-14 17:31:36.464 [TestNG-test-Yt Master Tests-2] INFO  [verifyingSideMenuLanguageAsInSettings] [verifyingSideMenuLanguageAsInSettings] Page refreshed successfully.
2026-01-14 17:31:37.969 [TestNG-test-Yt Master Tests-2] INFO  [verifyingSideMenuLanguageAsInSettings] [verifyingSideMenuLanguageAsInSettings] Page fully loaded after refresh.
2026-01-14 17:31:37.969 [TestNG-test-Yt Master Tests-2] ERROR [verifyingSideMenuLanguageAsInSettings] [verifyingSideMenuLanguageAsInSettings] No elements ready after 3 attempts: By.xpath: //ytd-guide-entry-renderer[@class='style-scope ytd-guide-section-renderer']
2026-01-14 17:31:37.970 [TestNG-test-Yt Master Tests-2] INFO  [verifyingSideMenuLanguageAsInSettings] Clicking settings ellipses button...
2026-01-14 17:31:37.970 [TestNG-test-Yt Master Tests-2] INFO  [verifyingSideMenuLanguageAsInSettings] [verifyingSideMenuLanguageAsInSettings] Trying to find element: By.xpath: //ytd-topbar-menu-button-renderer[@class='style-scope ytd-masthead style-default']
2026-01-14 17:31:37.987 [TestNG-test-Yt Master Tests-2] INFO  [verifyingSideMenuLanguageAsInSettings] [verifyingSideMenuLanguageAsInSettings] Element found and ready (attempt 1): By.xpath: //ytd-topbar-menu-button-renderer[@class='style-scope ytd-masthead style-default']
2026-01-14 17:31:40.056 [TestNG-test-Yt Master Tests-2] INFO  [verifyingSideMenuLanguageAsInSettings] Clicking language dropdown...
2026-01-14 17:31:40.056 [TestNG-test-Yt Master Tests-2] INFO  [verifyingSideMenuLanguageAsInSettings] [verifyingSideMenuLanguageAsInSettings] Trying to find element: By.xpath: (//div[@id='content-icon'])[2]
2026-01-14 17:31:40.076 [TestNG-test-Yt Master Tests-2] INFO  [verifyingSideMenuLanguageAsInSettings] [verifyingSideMenuLanguageAsInSettings] Element found and ready (attempt 1): By.xpath: (//div[@id='content-icon'])[2]
2026-01-14 17:31:42.418 [TestNG-test-Yt Master Tests-2] INFO  [verifyingSideMenuLanguageAsInSettings] [verifyingSideMenuLanguageAsInSettings] Capturing screenshot: Filter Applied is Azərbaycan__2026-01-14_173142.png
2026-01-14 17:31:42.485 [TestNG-test-Yt Master Tests-2] INFO  [verifyingSideMenuLanguageAsInSettings] [verifyingSideMenuLanguageAsInSettings] Screenshot saved at: test-output/screenshots/Run_2026-01-14_17-14-57/verifyingSideMenuLanguageAsInSettings/Filter Applied is Azərbaycan__2026-01-14_173142.png
2026-01-14 17:31:43.487 [TestNG-test-Yt Master Tests-2] INFO  [verifyingSideMenuLanguageAsInSettings] Looking for language element with name: Azərbaycan
2026-01-14 17:31:43.487 [TestNG-test-Yt Master Tests-2] INFO  [verifyingSideMenuLanguageAsInSettings] [verifyingSideMenuLanguageAsInSettings] Trying to find element: By.xpath: //yt-multi-page-menu-section-renderer[@class='style-scope ytd-multi-page-menu-renderer']//yt-formatted-string[@id='label' and text()='Azərbaycan']
2026-01-14 17:31:43.515 [TestNG-test-Yt Master Tests-2] INFO  [verifyingSideMenuLanguageAsInSettings] [verifyingSideMenuLanguageAsInSettings] Element found and ready (attempt 1): By.xpath: //yt-multi-page-menu-section-renderer[@class='style-scope ytd-multi-page-menu-renderer']//yt-formatted-string[@id='label' and text()='Azərbaycan']
2026-01-14 17:31:44.195 [TestNG-test-Yt Master Tests-2] INFO  [verifyingSideMenuLanguageAsInSettings] Clicking settings ellipses button...
2026-01-14 17:31:44.195 [TestNG-test-Yt Master Tests-2] INFO  [verifyingSideMenuLanguageAsInSettings] [verifyingSideMenuLanguageAsInSettings] Trying to find element: By.xpath: //ytd-topbar-menu-button-renderer[@class='style-scope ytd-masthead style-default']
2026-01-14 17:31:44.379 [TestNG-test-Yt Master Tests-2] INFO  [verifyingSideMenuLanguageAsInSettings] [verifyingSideMenuLanguageAsInSettings] Element found and ready (attempt 1): By.xpath: //ytd-topbar-menu-button-renderer[@class='style-scope ytd-masthead style-default']
2026-01-14 17:31:44.641 [TestNG-test-Yt Master Tests-2] INFO  [verifyingSideMenuLanguageAsInSettings] Looking for language element with name: Azərbaycan
2026-01-14 17:31:44.641 [TestNG-test-Yt Master Tests-2] INFO  [verifyingSideMenuLanguageAsInSettings] [verifyingSideMenuLanguageAsInSettings] Waiting until element is visible in viewport
2026-01-14 17:31:54.978 [TestNG-test-Yt Master Tests-2] INFO  [verifyingSideMenuLanguageAsInSettings] [verifyingSideMenuLanguageAsInSettings] Capturing screenshot: Filter Applied is Azərbaycan__2026-01-14_173154.png
2026-01-14 17:31:55.033 [TestNG-test-Yt Master Tests-2] INFO  [verifyingSideMenuLanguageAsInSettings] [verifyingSideMenuLanguageAsInSettings] Screenshot saved at: test-output/screenshots/Run_2026-01-14_17-14-57/verifyingSideMenuLanguageAsInSettings/Filter Applied is Azərbaycan__2026-01-14_173154.png
2026-01-14 17:31:55.033 [TestNG-test-Yt Master Tests-2] INFO  [verifyingSideMenuLanguageAsInSettings] Clicking settings ellipses button...
2026-01-14 17:31:55.033 [TestNG-test-Yt Master Tests-2] INFO  [verifyingSideMenuLanguageAsInSettings] [verifyingSideMenuLanguageAsInSettings] Trying to find element: By.xpath: //ytd-topbar-menu-button-renderer[@class='style-scope ytd-masthead style-default']
2026-01-14 17:31:55.052 [TestNG-test-Yt Master Tests-2] INFO  [verifyingSideMenuLanguageAsInSettings] [verifyingSideMenuLanguageAsInSettings] Element found and ready (attempt 1): By.xpath: //ytd-topbar-menu-button-renderer[@class='style-scope ytd-masthead style-default']
2026-01-14 17:31:57.101 [TestNG-test-Yt Master Tests-2] INFO  [verifyingSideMenuLanguageAsInSettings] Fetching the side menu in expanded view
2026-01-14 17:31:57.101 [TestNG-test-Yt Master Tests-2] INFO  [verifyingSideMenuLanguageAsInSettings] [verifyingSideMenuLanguageAsInSettings] Finding elements list: By.xpath: //ytd-guide-entry-renderer[@class='style-scope ytd-guide-section-renderer']
2026-01-14 17:32:07.255 [TestNG-test-Yt Master Tests-2] WARN  [verifyingSideMenuLanguageAsInSettings] [verifyingSideMenuLanguageAsInSettings] Attempt 1 failed to find elements: By.xpath: //ytd-guide-entry-renderer[@class='style-scope ytd-guide-section-renderer'] -> org.openqa.selenium.TimeoutException: Expected condition failed: waiting for presence of any elements located by By.xpath: //ytd-guide-entry-renderer[@class='style-scope ytd-guide-section-renderer'] (tried for 10 second(s) with 500 milliseconds interval)
Build info: version: '4.27.0', revision: 'd6e718d134'
System info: os.name: 'Windows Server 2025', os.arch: 'amd64', os.version: '10.0', java.version: '24.0.2'
Driver info: org.openqa.selenium.chrome.ChromeDriver
Capabilities {acceptInsecureCerts: false, browserName: chrome, browserVersion: 143.0.7499.170, chrome: {chromedriverVersion: 143.0.7499.192 (be2c1f4fd45..., userDataDir: C:\Windows\SystemTemp\scope...}, fedcm:accounts: true, goog:chromeOptions: {debuggerAddress: localhost:51704}, goog:processID: 3648, networkConnectionEnabled: false, pageLoadStrategy: normal, platformName: windows, proxy: Proxy(), se:cdp: ws://localhost:51704/devtoo..., se:cdpVersion: 143.0.7499.170, setWindowRect: true, strictFileInteractability: false, timeouts: {implicit: 0, pageLoad: 300000, script: 30000}, unhandledPromptBehavior: dismiss and notify, webauthn:extension:credBlob: true, webauthn:extension:largeBlob: true, webauthn:extension:minPinLength: true, webauthn:extension:prf: true, webauthn:virtualAuthenticators: true}
Session ID: 98bd0bbc99fa89848d38d5309298fdbd
2026-01-14 17:32:17.411 [TestNG-test-Yt Master Tests-2] WARN  [verifyingSideMenuLanguageAsInSettings] [verifyingSideMenuLanguageAsInSettings] Attempt 2 failed to find elements: By.xpath: //ytd-guide-entry-renderer[@class='style-scope ytd-guide-section-renderer'] -> org.openqa.selenium.TimeoutException: Expected condition failed: waiting for presence of any elements located by By.xpath: //ytd-guide-entry-renderer[@class='style-scope ytd-guide-section-renderer'] (tried for 10 second(s) with 500 milliseconds interval)
Build info: version: '4.27.0', revision: 'd6e718d134'
System info: os.name: 'Windows Server 2025', os.arch: 'amd64', os.version: '10.0', java.version: '24.0.2'
Driver info: org.openqa.selenium.chrome.ChromeDriver
Capabilities {acceptInsecureCerts: false, browserName: chrome, browserVersion: 143.0.7499.170, chrome: {chromedriverVersion: 143.0.7499.192 (be2c1f4fd45..., userDataDir: C:\Windows\SystemTemp\scope...}, fedcm:accounts: true, goog:chromeOptions: {debuggerAddress: localhost:51704}, goog:processID: 3648, networkConnectionEnabled: false, pageLoadStrategy: normal, platformName: windows, proxy: Proxy(), se:cdp: ws://localhost:51704/devtoo..., se:cdpVersion: 143.0.7499.170, setWindowRect: true, strictFileInteractability: false, timeouts: {implicit: 0, pageLoad: 300000, script: 30000}, unhandledPromptBehavior: dismiss and notify, webauthn:extension:credBlob: true, webauthn:extension:largeBlob: true, webauthn:extension:minPinLength: true, webauthn:extension:prf: true, webauthn:virtualAuthenticators: true}
Session ID: 98bd0bbc99fa89848d38d5309298fdbd
2026-01-14 17:32:17.411 [TestNG-test-Yt Master Tests-2] WARN  [verifyingSideMenuLanguageAsInSettings] [verifyingSideMenuLanguageAsInSettings] Attempt 2 failed — refreshing the page to recover...
2026-01-14 17:32:17.414 [TestNG-test-Yt Master Tests-2] INFO  [verifyingSideMenuLanguageAsInSettings] [verifyingSideMenuLanguageAsInSettings] Current URL before refresh: https://www.youtube.com/
2026-01-14 17:32:17.518 [TestNG-test-Yt Master Tests-2] INFO  [verifyingSideMenuLanguageAsInSettings] [verifyingSideMenuLanguageAsInSettings] Page refreshed successfully.
2026-01-14 17:32:19.127 [TestNG-test-Yt Master Tests-2] INFO  [verifyingSideMenuLanguageAsInSettings] [verifyingSideMenuLanguageAsInSettings] Page fully loaded after refresh.
2026-01-14 17:32:29.290 [TestNG-test-Yt Master Tests-2] WARN  [verifyingSideMenuLanguageAsInSettings] [verifyingSideMenuLanguageAsInSettings] Attempt 3 failed to find elements: By.xpath: //ytd-guide-entry-renderer[@class='style-scope ytd-guide-section-renderer'] -> org.openqa.selenium.TimeoutException: Expected condition failed: waiting for presence of any elements located by By.xpath: //ytd-guide-entry-renderer[@class='style-scope ytd-guide-section-renderer'] (tried for 10 second(s) with 500 milliseconds interval)
Build info: version: '4.27.0', revision: 'd6e718d134'
System info: os.name: 'Windows Server 2025', os.arch: 'amd64', os.version: '10.0', java.version: '24.0.2'
Driver info: org.openqa.selenium.chrome.ChromeDriver
Capabilities {acceptInsecureCerts: false, browserName: chrome, browserVersion: 143.0.7499.170, chrome: {chromedriverVersion: 143.0.7499.192 (be2c1f4fd45..., userDataDir: C:\Windows\SystemTemp\scope...}, fedcm:accounts: true, goog:chromeOptions: {debuggerAddress: localhost:51704}, goog:processID: 3648, networkConnectionEnabled: false, pageLoadStrategy: normal, platformName: windows, proxy: Proxy(), se:cdp: ws://localhost:51704/devtoo..., se:cdpVersion: 143.0.7499.170, setWindowRect: true, strictFileInteractability: false, timeouts: {implicit: 0, pageLoad: 300000, script: 30000}, unhandledPromptBehavior: dismiss and notify, webauthn:extension:credBlob: true, webauthn:extension:largeBlob: true, webauthn:extension:minPinLength: true, webauthn:extension:prf: true, webauthn:virtualAuthenticators: true}
Session ID: 98bd0bbc99fa89848d38d5309298fdbd
2026-01-14 17:32:29.290 [TestNG-test-Yt Master Tests-2] WARN  [verifyingSideMenuLanguageAsInSettings] [verifyingSideMenuLanguageAsInSettings] Attempt 3 failed — refreshing the page to recover...
2026-01-14 17:32:29.294 [TestNG-test-Yt Master Tests-2] INFO  [verifyingSideMenuLanguageAsInSettings] [verifyingSideMenuLanguageAsInSettings] Current URL before refresh: https://www.youtube.com/
2026-01-14 17:32:29.407 [TestNG-test-Yt Master Tests-2] INFO  [verifyingSideMenuLanguageAsInSettings] [verifyingSideMenuLanguageAsInSettings] Page refreshed successfully.
2026-01-14 17:32:30.913 [TestNG-test-Yt Master Tests-2] INFO  [verifyingSideMenuLanguageAsInSettings] [verifyingSideMenuLanguageAsInSettings] Page fully loaded after refresh.
2026-01-14 17:32:30.913 [TestNG-test-Yt Master Tests-2] ERROR [verifyingSideMenuLanguageAsInSettings] [verifyingSideMenuLanguageAsInSettings] No elements ready after 3 attempts: By.xpath: //ytd-guide-entry-renderer[@class='style-scope ytd-guide-section-renderer']
2026-01-14 17:32:30.914 [TestNG-test-Yt Master Tests-2] INFO  [verifyingSideMenuLanguageAsInSettings] Clicking settings ellipses button...
2026-01-14 17:32:30.914 [TestNG-test-Yt Master Tests-2] INFO  [verifyingSideMenuLanguageAsInSettings] [verifyingSideMenuLanguageAsInSettings] Trying to find element: By.xpath: //ytd-topbar-menu-button-renderer[@class='style-scope ytd-masthead style-default']
2026-01-14 17:32:30.932 [TestNG-test-Yt Master Tests-2] INFO  [verifyingSideMenuLanguageAsInSettings] [verifyingSideMenuLanguageAsInSettings] Element found and ready (attempt 1): By.xpath: //ytd-topbar-menu-button-renderer[@class='style-scope ytd-masthead style-default']
2026-01-14 17:32:33.002 [TestNG-test-Yt Master Tests-2] INFO  [verifyingSideMenuLanguageAsInSettings] Clicking language dropdown...
2026-01-14 17:32:33.002 [TestNG-test-Yt Master Tests-2] INFO  [verifyingSideMenuLanguageAsInSettings] [verifyingSideMenuLanguageAsInSettings] Trying to find element: By.xpath: (//div[@id='content-icon'])[2]
2026-01-14 17:32:33.023 [TestNG-test-Yt Master Tests-2] INFO  [verifyingSideMenuLanguageAsInSettings] [verifyingSideMenuLanguageAsInSettings] Element found and ready (attempt 1): By.xpath: (//div[@id='content-icon'])[2]
2026-01-14 17:32:35.362 [TestNG-test-Yt Master Tests-2] INFO  [verifyingSideMenuLanguageAsInSettings] [verifyingSideMenuLanguageAsInSettings] Capturing screenshot: Filter Applied is Bahasa Indonesia__2026-01-14_173235.png
2026-01-14 17:32:35.441 [TestNG-test-Yt Master Tests-2] INFO  [verifyingSideMenuLanguageAsInSettings] [verifyingSideMenuLanguageAsInSettings] Screenshot saved at: test-output/screenshots/Run_2026-01-14_17-14-57/verifyingSideMenuLanguageAsInSettings/Filter Applied is Bahasa Indonesia__2026-01-14_173235.png
2026-01-14 17:32:36.441 [TestNG-test-Yt Master Tests-2] INFO  [verifyingSideMenuLanguageAsInSettings] Looking for language element with name: Bahasa Indonesia
2026-01-14 17:32:36.441 [TestNG-test-Yt Master Tests-2] INFO  [verifyingSideMenuLanguageAsInSettings] [verifyingSideMenuLanguageAsInSettings] Trying to find element: By.xpath: //yt-multi-page-menu-section-renderer[@class='style-scope ytd-multi-page-menu-renderer']//yt-formatted-string[@id='label' and text()='Bahasa Indonesia']
2026-01-14 17:32:36.467 [TestNG-test-Yt Master Tests-2] INFO  [verifyingSideMenuLanguageAsInSettings] [verifyingSideMenuLanguageAsInSettings] Element found and ready (attempt 1): By.xpath: //yt-multi-page-menu-section-renderer[@class='style-scope ytd-multi-page-menu-renderer']//yt-formatted-string[@id='label' and text()='Bahasa Indonesia']
2026-01-14 17:32:37.061 [TestNG-test-Yt Master Tests-2] INFO  [verifyingSideMenuLanguageAsInSettings] Clicking settings ellipses button...
2026-01-14 17:32:37.062 [TestNG-test-Yt Master Tests-2] INFO  [verifyingSideMenuLanguageAsInSettings] [verifyingSideMenuLanguageAsInSettings] Trying to find element: By.xpath: //ytd-topbar-menu-button-renderer[@class='style-scope ytd-masthead style-default']
2026-01-14 17:32:37.236 [TestNG-test-Yt Master Tests-2] INFO  [verifyingSideMenuLanguageAsInSettings] [verifyingSideMenuLanguageAsInSettings] Element found and ready (attempt 1): By.xpath: //ytd-topbar-menu-button-renderer[@class='style-scope ytd-masthead style-default']
2026-01-14 17:32:37.530 [TestNG-test-Yt Master Tests-2] INFO  [verifyingSideMenuLanguageAsInSettings] Looking for language element with name: Bahasa Indonesia
2026-01-14 17:32:37.530 [TestNG-test-Yt Master Tests-2] INFO  [verifyingSideMenuLanguageAsInSettings] [verifyingSideMenuLanguageAsInSettings] Waiting until element is visible in viewport
2026-01-14 17:32:47.778 [TestNG-test-Yt Master Tests-2] INFO  [verifyingSideMenuLanguageAsInSettings] [verifyingSideMenuLanguageAsInSettings] Capturing screenshot: Filter Applied is Bahasa Indonesia__2026-01-14_173247.png
2026-01-14 17:32:47.830 [TestNG-test-Yt Master Tests-2] INFO  [verifyingSideMenuLanguageAsInSettings] [verifyingSideMenuLanguageAsInSettings] Screenshot saved at: test-output/screenshots/Run_2026-01-14_17-14-57/verifyingSideMenuLanguageAsInSettings/Filter Applied is Bahasa Indonesia__2026-01-14_173247.png
2026-01-14 17:32:47.830 [TestNG-test-Yt Master Tests-2] INFO  [verifyingSideMenuLanguageAsInSettings] Clicking settings ellipses button...
2026-01-14 17:32:47.830 [TestNG-test-Yt Master Tests-2] INFO  [verifyingSideMenuLanguageAsInSettings] [verifyingSideMenuLanguageAsInSettings] Trying to find element: By.xpath: //ytd-topbar-menu-button-renderer[@class='style-scope ytd-masthead style-default']
2026-01-14 17:32:47.848 [TestNG-test-Yt Master Tests-2] INFO  [verifyingSideMenuLanguageAsInSettings] [verifyingSideMenuLanguageAsInSettings] Element found and ready (attempt 1): By.xpath: //ytd-topbar-menu-button-renderer[@class='style-scope ytd-masthead style-default']
2026-01-14 17:32:49.895 [TestNG-test-Yt Master Tests-2] INFO  [verifyingSideMenuLanguageAsInSettings] Fetching the side menu in expanded view
2026-01-14 17:32:49.895 [TestNG-test-Yt Master Tests-2] INFO  [verifyingSideMenuLanguageAsInSettings] [verifyingSideMenuLanguageAsInSettings] Finding elements list: By.xpath: //ytd-guide-entry-renderer[@class='style-scope ytd-guide-section-renderer']
2026-01-14 17:33:00.052 [TestNG-test-Yt Master Tests-2] WARN  [verifyingSideMenuLanguageAsInSettings] [verifyingSideMenuLanguageAsInSettings] Attempt 1 failed to find elements: By.xpath: //ytd-guide-entry-renderer[@class='style-scope ytd-guide-section-renderer'] -> org.openqa.selenium.TimeoutException: Expected condition failed: waiting for presence of any elements located by By.xpath: //ytd-guide-entry-renderer[@class='style-scope ytd-guide-section-renderer'] (tried for 10 second(s) with 500 milliseconds interval)
Build info: version: '4.27.0', revision: 'd6e718d134'
System info: os.name: 'Windows Server 2025', os.arch: 'amd64', os.version: '10.0', java.version: '24.0.2'
Driver info: org.openqa.selenium.chrome.ChromeDriver
Capabilities {acceptInsecureCerts: false, browserName: chrome, browserVersion: 143.0.7499.170, chrome: {chromedriverVersion: 143.0.7499.192 (be2c1f4fd45..., userDataDir: C:\Windows\SystemTemp\scope...}, fedcm:accounts: true, goog:chromeOptions: {debuggerAddress: localhost:51704}, goog:processID: 3648, networkConnectionEnabled: false, pageLoadStrategy: normal, platformName: windows, proxy: Proxy(), se:cdp: ws://localhost:51704/devtoo..., se:cdpVersion: 143.0.7499.170, setWindowRect: true, strictFileInteractability: false, timeouts: {implicit: 0, pageLoad: 300000, script: 30000}, unhandledPromptBehavior: dismiss and notify, webauthn:extension:credBlob: true, webauthn:extension:largeBlob: true, webauthn:extension:minPinLength: true, webauthn:extension:prf: true, webauthn:virtualAuthenticators: true}
Session ID: 98bd0bbc99fa89848d38d5309298fdbd
2026-01-14 17:33:10.210 [TestNG-test-Yt Master Tests-2] WARN  [verifyingSideMenuLanguageAsInSettings] [verifyingSideMenuLanguageAsInSettings] Attempt 2 failed to find elements: By.xpath: //ytd-guide-entry-renderer[@class='style-scope ytd-guide-section-renderer'] -> org.openqa.selenium.TimeoutException: Expected condition failed: waiting for presence of any elements located by By.xpath: //ytd-guide-entry-renderer[@class='style-scope ytd-guide-section-renderer'] (tried for 10 second(s) with 500 milliseconds interval)
Build info: version: '4.27.0', revision: 'd6e718d134'
System info: os.name: 'Windows Server 2025', os.arch: 'amd64', os.version: '10.0', java.version: '24.0.2'
Driver info: org.openqa.selenium.chrome.ChromeDriver
Capabilities {acceptInsecureCerts: false, browserName: chrome, browserVersion: 143.0.7499.170, chrome: {chromedriverVersion: 143.0.7499.192 (be2c1f4fd45..., userDataDir: C:\Windows\SystemTemp\scope...}, fedcm:accounts: true, goog:chromeOptions: {debuggerAddress: localhost:51704}, goog:processID: 3648, networkConnectionEnabled: false, pageLoadStrategy: normal, platformName: windows, proxy: Proxy(), se:cdp: ws://localhost:51704/devtoo..., se:cdpVersion: 143.0.7499.170, setWindowRect: true, strictFileInteractability: false, timeouts: {implicit: 0, pageLoad: 300000, script: 30000}, unhandledPromptBehavior: dismiss and notify, webauthn:extension:credBlob: true, webauthn:extension:largeBlob: true, webauthn:extension:minPinLength: true, webauthn:extension:prf: true, webauthn:virtualAuthenticators: true}
Session ID: 98bd0bbc99fa89848d38d5309298fdbd
2026-01-14 17:33:10.211 [TestNG-test-Yt Master Tests-2] WARN  [verifyingSideMenuLanguageAsInSettings] [verifyingSideMenuLanguageAsInSettings] Attempt 2 failed — refreshing the page to recover...
2026-01-14 17:33:10.214 [TestNG-test-Yt Master Tests-2] INFO  [verifyingSideMenuLanguageAsInSettings] [verifyingSideMenuLanguageAsInSettings] Current URL before refresh: https://www.youtube.com/
2026-01-14 17:33:10.316 [TestNG-test-Yt Master Tests-2] INFO  [verifyingSideMenuLanguageAsInSettings] [verifyingSideMenuLanguageAsInSettings] Page refreshed successfully.
2026-01-14 17:33:11.892 [TestNG-test-Yt Master Tests-2] INFO  [verifyingSideMenuLanguageAsInSettings] [verifyingSideMenuLanguageAsInSettings] Page fully loaded after refresh.
2026-01-14 17:33:22.054 [TestNG-test-Yt Master Tests-2] WARN  [verifyingSideMenuLanguageAsInSettings] [verifyingSideMenuLanguageAsInSettings] Attempt 3 failed to find elements: By.xpath: //ytd-guide-entry-renderer[@class='style-scope ytd-guide-section-renderer'] -> org.openqa.selenium.TimeoutException: Expected condition failed: waiting for presence of any elements located by By.xpath: //ytd-guide-entry-renderer[@class='style-scope ytd-guide-section-renderer'] (tried for 10 second(s) with 500 milliseconds interval)
Build info: version: '4.27.0', revision: 'd6e718d134'
System info: os.name: 'Windows Server 2025', os.arch: 'amd64', os.version: '10.0', java.version: '24.0.2'
Driver info: org.openqa.selenium.chrome.ChromeDriver
Capabilities {acceptInsecureCerts: false, browserName: chrome, browserVersion: 143.0.7499.170, chrome: {chromedriverVersion: 143.0.7499.192 (be2c1f4fd45..., userDataDir: C:\Windows\SystemTemp\scope...}, fedcm:accounts: true, goog:chromeOptions: {debuggerAddress: localhost:51704}, goog:processID: 3648, networkConnectionEnabled: false, pageLoadStrategy: normal, platformName: windows, proxy: Proxy(), se:cdp: ws://localhost:51704/devtoo..., se:cdpVersion: 143.0.7499.170, setWindowRect: true, strictFileInteractability: false, timeouts: {implicit: 0, pageLoad: 300000, script: 30000}, unhandledPromptBehavior: dismiss and notify, webauthn:extension:credBlob: true, webauthn:extension:largeBlob: true, webauthn:extension:minPinLength: true, webauthn:extension:prf: true, webauthn:virtualAuthenticators: true}
Session ID: 98bd0bbc99fa89848d38d5309298fdbd
2026-01-14 17:33:22.054 [TestNG-test-Yt Master Tests-2] WARN  [verifyingSideMenuLanguageAsInSettings] [verifyingSideMenuLanguageAsInSettings] Attempt 3 failed — refreshing the page to recover...
2026-01-14 17:33:22.058 [TestNG-test-Yt Master Tests-2] INFO  [verifyingSideMenuLanguageAsInSettings] [verifyingSideMenuLanguageAsInSettings] Current URL before refresh: https://www.youtube.com/
2026-01-14 17:33:22.160 [TestNG-test-Yt Master Tests-2] INFO  [verifyingSideMenuLanguageAsInSettings] [verifyingSideMenuLanguageAsInSettings] Page refreshed successfully.
2026-01-14 17:33:23.665 [TestNG-test-Yt Master Tests-2] INFO  [verifyingSideMenuLanguageAsInSettings] [verifyingSideMenuLanguageAsInSettings] Page fully loaded after refresh.
2026-01-14 17:33:23.665 [TestNG-test-Yt Master Tests-2] ERROR [verifyingSideMenuLanguageAsInSettings] [verifyingSideMenuLanguageAsInSettings] No elements ready after 3 attempts: By.xpath: //ytd-guide-entry-renderer[@class='style-scope ytd-guide-section-renderer']
2026-01-14 17:33:23.666 [TestNG-test-Yt Master Tests-2] INFO  [verifyingSideMenuLanguageAsInSettings] Clicking settings ellipses button...
2026-01-14 17:33:23.666 [TestNG-test-Yt Master Tests-2] INFO  [verifyingSideMenuLanguageAsInSettings] [verifyingSideMenuLanguageAsInSettings] Trying to find element: By.xpath: //ytd-topbar-menu-button-renderer[@class='style-scope ytd-masthead style-default']
2026-01-14 17:33:23.684 [TestNG-test-Yt Master Tests-2] INFO  [verifyingSideMenuLanguageAsInSettings] [verifyingSideMenuLanguageAsInSettings] Element found and ready (attempt 1): By.xpath: //ytd-topbar-menu-button-renderer[@class='style-scope ytd-masthead style-default']
2026-01-14 17:33:25.756 [TestNG-test-Yt Master Tests-2] INFO  [verifyingSideMenuLanguageAsInSettings] Clicking language dropdown...
2026-01-14 17:33:25.756 [TestNG-test-Yt Master Tests-2] INFO  [verifyingSideMenuLanguageAsInSettings] [verifyingSideMenuLanguageAsInSettings] Trying to find element: By.xpath: (//div[@id='content-icon'])[2]
2026-01-14 17:33:25.777 [TestNG-test-Yt Master Tests-2] INFO  [verifyingSideMenuLanguageAsInSettings] [verifyingSideMenuLanguageAsInSettings] Element found and ready (attempt 1): By.xpath: (//div[@id='content-icon'])[2]
2026-01-14 17:33:28.086 [TestNG-test-Yt Master Tests-2] INFO  [verifyingSideMenuLanguageAsInSettings] [verifyingSideMenuLanguageAsInSettings] Capturing screenshot: Filter Applied is Bosanski__2026-01-14_173328.png
2026-01-14 17:33:28.147 [TestNG-test-Yt Master Tests-2] INFO  [verifyingSideMenuLanguageAsInSettings] [verifyingSideMenuLanguageAsInSettings] Screenshot saved at: test-output/screenshots/Run_2026-01-14_17-14-57/verifyingSideMenuLanguageAsInSettings/Filter Applied is Bosanski__2026-01-14_173328.png
2026-01-14 17:33:29.148 [TestNG-test-Yt Master Tests-2] INFO  [verifyingSideMenuLanguageAsInSettings] Looking for language element with name: Bosanski
2026-01-14 17:33:29.148 [TestNG-test-Yt Master Tests-2] INFO  [verifyingSideMenuLanguageAsInSettings] [verifyingSideMenuLanguageAsInSettings] Trying to find element: By.xpath: //yt-multi-page-menu-section-renderer[@class='style-scope ytd-multi-page-menu-renderer']//yt-formatted-string[@id='label' and text()='Bosanski']
2026-01-14 17:33:29.173 [TestNG-test-Yt Master Tests-2] INFO  [verifyingSideMenuLanguageAsInSettings] [verifyingSideMenuLanguageAsInSettings] Element found and ready (attempt 1): By.xpath: //yt-multi-page-menu-section-renderer[@class='style-scope ytd-multi-page-menu-renderer']//yt-formatted-string[@id='label' and text()='Bosanski']
2026-01-14 17:33:29.772 [TestNG-test-Yt Master Tests-2] INFO  [verifyingSideMenuLanguageAsInSettings] Clicking settings ellipses button...
2026-01-14 17:33:29.772 [TestNG-test-Yt Master Tests-2] INFO  [verifyingSideMenuLanguageAsInSettings] [verifyingSideMenuLanguageAsInSettings] Trying to find element: By.xpath: //ytd-topbar-menu-button-renderer[@class='style-scope ytd-masthead style-default']
2026-01-14 17:33:30.022 [TestNG-test-Yt Master Tests-2] INFO  [verifyingSideMenuLanguageAsInSettings] [verifyingSideMenuLanguageAsInSettings] Element found and ready (attempt 1): By.xpath: //ytd-topbar-menu-button-renderer[@class='style-scope ytd-masthead style-default']
2026-01-14 17:33:30.262 [TestNG-test-Yt Master Tests-2] INFO  [verifyingSideMenuLanguageAsInSettings] Looking for language element with name: Bosanski
2026-01-14 17:33:30.262 [TestNG-test-Yt Master Tests-2] INFO  [verifyingSideMenuLanguageAsInSettings] [verifyingSideMenuLanguageAsInSettings] Waiting until element is visible in viewport
2026-01-14 17:33:40.533 [TestNG-test-Yt Master Tests-2] INFO  [verifyingSideMenuLanguageAsInSettings] [verifyingSideMenuLanguageAsInSettings] Capturing screenshot: Filter Applied is Bosanski__2026-01-14_173340.png
2026-01-14 17:33:40.581 [TestNG-test-Yt Master Tests-2] INFO  [verifyingSideMenuLanguageAsInSettings] [verifyingSideMenuLanguageAsInSettings] Screenshot saved at: test-output/screenshots/Run_2026-01-14_17-14-57/verifyingSideMenuLanguageAsInSettings/Filter Applied is Bosanski__2026-01-14_173340.png
2026-01-14 17:33:40.581 [TestNG-test-Yt Master Tests-2] INFO  [verifyingSideMenuLanguageAsInSettings] Clicking settings ellipses button...
2026-01-14 17:33:40.581 [TestNG-test-Yt Master Tests-2] INFO  [verifyingSideMenuLanguageAsInSettings] [verifyingSideMenuLanguageAsInSettings] Trying to find element: By.xpath: //ytd-topbar-menu-button-renderer[@class='style-scope ytd-masthead style-default']
2026-01-14 17:33:40.599 [TestNG-test-Yt Master Tests-2] INFO  [verifyingSideMenuLanguageAsInSettings] [verifyingSideMenuLanguageAsInSettings] Element found and ready (attempt 1): By.xpath: //ytd-topbar-menu-button-renderer[@class='style-scope ytd-masthead style-default']
2026-01-14 17:33:42.646 [TestNG-test-Yt Master Tests-2] INFO  [verifyingSideMenuLanguageAsInSettings] Fetching the side menu in expanded view
2026-01-14 17:33:42.646 [TestNG-test-Yt Master Tests-2] INFO  [verifyingSideMenuLanguageAsInSettings] [verifyingSideMenuLanguageAsInSettings] Finding elements list: By.xpath: //ytd-guide-entry-renderer[@class='style-scope ytd-guide-section-renderer']
2026-01-14 17:33:52.798 [TestNG-test-Yt Master Tests-2] WARN  [verifyingSideMenuLanguageAsInSettings] [verifyingSideMenuLanguageAsInSettings] Attempt 1 failed to find elements: By.xpath: //ytd-guide-entry-renderer[@class='style-scope ytd-guide-section-renderer'] -> org.openqa.selenium.TimeoutException: Expected condition failed: waiting for presence of any elements located by By.xpath: //ytd-guide-entry-renderer[@class='style-scope ytd-guide-section-renderer'] (tried for 10 second(s) with 500 milliseconds interval)
Build info: version: '4.27.0', revision: 'd6e718d134'
System info: os.name: 'Windows Server 2025', os.arch: 'amd64', os.version: '10.0', java.version: '24.0.2'
Driver info: org.openqa.selenium.chrome.ChromeDriver
Capabilities {acceptInsecureCerts: false, browserName: chrome, browserVersion: 143.0.7499.170, chrome: {chromedriverVersion: 143.0.7499.192 (be2c1f4fd45..., userDataDir: C:\Windows\SystemTemp\scope...}, fedcm:accounts: true, goog:chromeOptions: {debuggerAddress: localhost:51704}, goog:processID: 3648, networkConnectionEnabled: false, pageLoadStrategy: normal, platformName: windows, proxy: Proxy(), se:cdp: ws://localhost:51704/devtoo..., se:cdpVersion: 143.0.7499.170, setWindowRect: true, strictFileInteractability: false, timeouts: {implicit: 0, pageLoad: 300000, script: 30000}, unhandledPromptBehavior: dismiss and notify, webauthn:extension:credBlob: true, webauthn:extension:largeBlob: true, webauthn:extension:minPinLength: true, webauthn:extension:prf: true, webauthn:virtualAuthenticators: true}
Session ID: 98bd0bbc99fa89848d38d5309298fdbd
2026-01-14 17:34:02.948 [TestNG-test-Yt Master Tests-2] WARN  [verifyingSideMenuLanguageAsInSettings] [verifyingSideMenuLanguageAsInSettings] Attempt 2 failed to find elements: By.xpath: //ytd-guide-entry-renderer[@class='style-scope ytd-guide-section-renderer'] -> org.openqa.selenium.TimeoutException: Expected condition failed: waiting for presence of any elements located by By.xpath: //ytd-guide-entry-renderer[@class='style-scope ytd-guide-section-renderer'] (tried for 10 second(s) with 500 milliseconds interval)
Build info: version: '4.27.0', revision: 'd6e718d134'
System info: os.name: 'Windows Server 2025', os.arch: 'amd64', os.version: '10.0', java.version: '24.0.2'
Driver info: org.openqa.selenium.chrome.ChromeDriver
Capabilities {acceptInsecureCerts: false, browserName: chrome, browserVersion: 143.0.7499.170, chrome: {chromedriverVersion: 143.0.7499.192 (be2c1f4fd45..., userDataDir: C:\Windows\SystemTemp\scope...}, fedcm:accounts: true, goog:chromeOptions: {debuggerAddress: localhost:51704}, goog:processID: 3648, networkConnectionEnabled: false, pageLoadStrategy: normal, platformName: windows, proxy: Proxy(), se:cdp: ws://localhost:51704/devtoo..., se:cdpVersion: 143.0.7499.170, setWindowRect: true, strictFileInteractability: false, timeouts: {implicit: 0, pageLoad: 300000, script: 30000}, unhandledPromptBehavior: dismiss and notify, webauthn:extension:credBlob: true, webauthn:extension:largeBlob: true, webauthn:extension:minPinLength: true, webauthn:extension:prf: true, webauthn:virtualAuthenticators: true}
Session ID: 98bd0bbc99fa89848d38d5309298fdbd
2026-01-14 17:34:02.948 [TestNG-test-Yt Master Tests-2] WARN  [verifyingSideMenuLanguageAsInSettings] [verifyingSideMenuLanguageAsInSettings] Attempt 2 failed — refreshing the page to recover...
2026-01-14 17:34:02.951 [TestNG-test-Yt Master Tests-2] INFO  [verifyingSideMenuLanguageAsInSettings] [verifyingSideMenuLanguageAsInSettings] Current URL before refresh: https://www.youtube.com/
2026-01-14 17:34:04.228 [TestNG-test-Yt Master Tests-2] INFO  [verifyingSideMenuLanguageAsInSettings] [verifyingSideMenuLanguageAsInSettings] Page refreshed successfully.
2026-01-14 17:34:05.733 [TestNG-test-Yt Master Tests-2] INFO  [verifyingSideMenuLanguageAsInSettings] [verifyingSideMenuLanguageAsInSettings] Page fully loaded after refresh.
2026-01-14 17:34:15.889 [TestNG-test-Yt Master Tests-2] WARN  [verifyingSideMenuLanguageAsInSettings] [verifyingSideMenuLanguageAsInSettings] Attempt 3 failed to find elements: By.xpath: //ytd-guide-entry-renderer[@class='style-scope ytd-guide-section-renderer'] -> org.openqa.selenium.TimeoutException: Expected condition failed: waiting for presence of any elements located by By.xpath: //ytd-guide-entry-renderer[@class='style-scope ytd-guide-section-renderer'] (tried for 10 second(s) with 500 milliseconds interval)
Build info: version: '4.27.0', revision: 'd6e718d134'
System info: os.name: 'Windows Server 2025', os.arch: 'amd64', os.version: '10.0', java.version: '24.0.2'
Driver info: org.openqa.selenium.chrome.ChromeDriver
Capabilities {acceptInsecureCerts: false, browserName: chrome, browserVersion: 143.0.7499.170, chrome: {chromedriverVersion: 143.0.7499.192 (be2c1f4fd45..., userDataDir: C:\Windows\SystemTemp\scope...}, fedcm:accounts: true, goog:chromeOptions: {debuggerAddress: localhost:51704}, goog:processID: 3648, networkConnectionEnabled: false, pageLoadStrategy: normal, platformName: windows, proxy: Proxy(), se:cdp: ws://localhost:51704/devtoo..., se:cdpVersion: 143.0.7499.170, setWindowRect: true, strictFileInteractability: false, timeouts: {implicit: 0, pageLoad: 300000, script: 30000}, unhandledPromptBehavior: dismiss and notify, webauthn:extension:credBlob: true, webauthn:extension:largeBlob: true, webauthn:extension:minPinLength: true, webauthn:extension:prf: true, webauthn:virtualAuthenticators: true}
Session ID: 98bd0bbc99fa89848d38d5309298fdbd
2026-01-14 17:34:15.889 [TestNG-test-Yt Master Tests-2] WARN  [verifyingSideMenuLanguageAsInSettings] [verifyingSideMenuLanguageAsInSettings] Attempt 3 failed — refreshing the page to recover...
2026-01-14 17:34:15.893 [TestNG-test-Yt Master Tests-2] INFO  [verifyingSideMenuLanguageAsInSettings] [verifyingSideMenuLanguageAsInSettings] Current URL before refresh: https://www.youtube.com/
2026-01-14 17:34:15.988 [TestNG-test-Yt Master Tests-2] INFO  [verifyingSideMenuLanguageAsInSettings] [verifyingSideMenuLanguageAsInSettings] Page refreshed successfully.
2026-01-14 17:34:17.493 [TestNG-test-Yt Master Tests-2] INFO  [verifyingSideMenuLanguageAsInSettings] [verifyingSideMenuLanguageAsInSettings] Page fully loaded after refresh.
2026-01-14 17:34:17.493 [TestNG-test-Yt Master Tests-2] ERROR [verifyingSideMenuLanguageAsInSettings] [verifyingSideMenuLanguageAsInSettings] No elements ready after 3 attempts: By.xpath: //ytd-guide-entry-renderer[@class='style-scope ytd-guide-section-renderer']
2026-01-14 17:34:17.493 [TestNG-test-Yt Master Tests-2] INFO  [verifyingSideMenuLanguageAsInSettings] Clicking settings ellipses button...
2026-01-14 17:34:17.493 [TestNG-test-Yt Master Tests-2] INFO  [verifyingSideMenuLanguageAsInSettings] [verifyingSideMenuLanguageAsInSettings] Trying to find element: By.xpath: //ytd-topbar-menu-button-renderer[@class='style-scope ytd-masthead style-default']
2026-01-14 17:34:17.511 [TestNG-test-Yt Master Tests-2] INFO  [verifyingSideMenuLanguageAsInSettings] [verifyingSideMenuLanguageAsInSettings] Element found and ready (attempt 1): By.xpath: //ytd-topbar-menu-button-renderer[@class='style-scope ytd-masthead style-default']
2026-01-14 17:34:19.581 [TestNG-test-Yt Master Tests-2] INFO  [verifyingSideMenuLanguageAsInSettings] Clicking language dropdown...
2026-01-14 17:34:19.581 [TestNG-test-Yt Master Tests-2] INFO  [verifyingSideMenuLanguageAsInSettings] [verifyingSideMenuLanguageAsInSettings] Trying to find element: By.xpath: (//div[@id='content-icon'])[2]
2026-01-14 17:34:19.602 [TestNG-test-Yt Master Tests-2] INFO  [verifyingSideMenuLanguageAsInSettings] [verifyingSideMenuLanguageAsInSettings] Element found and ready (attempt 1): By.xpath: (//div[@id='content-icon'])[2]
2026-01-14 17:34:21.959 [TestNG-test-Yt Master Tests-2] INFO  [verifyingSideMenuLanguageAsInSettings] [verifyingSideMenuLanguageAsInSettings] Capturing screenshot: Filter Applied is Català__2026-01-14_173421.png
2026-01-14 17:34:22.030 [TestNG-test-Yt Master Tests-2] INFO  [verifyingSideMenuLanguageAsInSettings] [verifyingSideMenuLanguageAsInSettings] Screenshot saved at: test-output/screenshots/Run_2026-01-14_17-14-57/verifyingSideMenuLanguageAsInSettings/Filter Applied is Català__2026-01-14_173421.png
2026-01-14 17:34:23.031 [TestNG-test-Yt Master Tests-2] INFO  [verifyingSideMenuLanguageAsInSettings] Looking for language element with name: Català
2026-01-14 17:34:23.031 [TestNG-test-Yt Master Tests-2] INFO  [verifyingSideMenuLanguageAsInSettings] [verifyingSideMenuLanguageAsInSettings] Trying to find element: By.xpath: //yt-multi-page-menu-section-renderer[@class='style-scope ytd-multi-page-menu-renderer']//yt-formatted-string[@id='label' and text()='Català']
2026-01-14 17:34:23.056 [TestNG-test-Yt Master Tests-2] INFO  [verifyingSideMenuLanguageAsInSettings] [verifyingSideMenuLanguageAsInSettings] Element found and ready (attempt 1): By.xpath: //yt-multi-page-menu-section-renderer[@class='style-scope ytd-multi-page-menu-renderer']//yt-formatted-string[@id='label' and text()='Català']
2026-01-14 17:34:23.564 [TestNG-test-Yt Master Tests-2] INFO  [verifyingSideMenuLanguageAsInSettings] Clicking settings ellipses button...
2026-01-14 17:34:23.564 [TestNG-test-Yt Master Tests-2] INFO  [verifyingSideMenuLanguageAsInSettings] [verifyingSideMenuLanguageAsInSettings] Trying to find element: By.xpath: //ytd-topbar-menu-button-renderer[@class='style-scope ytd-masthead style-default']
2026-01-14 17:34:23.931 [TestNG-test-Yt Master Tests-2] INFO  [verifyingSideMenuLanguageAsInSettings] [verifyingSideMenuLanguageAsInSettings] Element found and ready (attempt 1): By.xpath: //ytd-topbar-menu-button-renderer[@class='style-scope ytd-masthead style-default']
2026-01-14 17:34:24.141 [TestNG-test-Yt Master Tests-2] INFO  [verifyingSideMenuLanguageAsInSettings] Looking for language element with name: Català
2026-01-14 17:34:24.141 [TestNG-test-Yt Master Tests-2] INFO  [verifyingSideMenuLanguageAsInSettings] [verifyingSideMenuLanguageAsInSettings] Waiting until element is visible in viewport
2026-01-14 17:34:34.353 [TestNG-test-Yt Master Tests-2] INFO  [verifyingSideMenuLanguageAsInSettings] [verifyingSideMenuLanguageAsInSettings] Capturing screenshot: Filter Applied is Català__2026-01-14_173434.png
2026-01-14 17:34:34.410 [TestNG-test-Yt Master Tests-2] INFO  [verifyingSideMenuLanguageAsInSettings] [verifyingSideMenuLanguageAsInSettings] Screenshot saved at: test-output/screenshots/Run_2026-01-14_17-14-57/verifyingSideMenuLanguageAsInSettings/Filter Applied is Català__2026-01-14_173434.png
2026-01-14 17:34:34.410 [TestNG-test-Yt Master Tests-2] INFO  [verifyingSideMenuLanguageAsInSettings] Clicking settings ellipses button...
2026-01-14 17:34:34.410 [TestNG-test-Yt Master Tests-2] INFO  [verifyingSideMenuLanguageAsInSettings] [verifyingSideMenuLanguageAsInSettings] Trying to find element: By.xpath: //ytd-topbar-menu-button-renderer[@class='style-scope ytd-masthead style-default']
2026-01-14 17:34:34.428 [TestNG-test-Yt Master Tests-2] INFO  [verifyingSideMenuLanguageAsInSettings] [verifyingSideMenuLanguageAsInSettings] Element found and ready (attempt 1): By.xpath: //ytd-topbar-menu-button-renderer[@class='style-scope ytd-masthead style-default']
2026-01-14 17:34:36.474 [TestNG-test-Yt Master Tests-2] INFO  [verifyingSideMenuLanguageAsInSettings] Fetching the side menu in expanded view
2026-01-14 17:34:36.474 [TestNG-test-Yt Master Tests-2] INFO  [verifyingSideMenuLanguageAsInSettings] [verifyingSideMenuLanguageAsInSettings] Finding elements list: By.xpath: //ytd-guide-entry-renderer[@class='style-scope ytd-guide-section-renderer']
2026-01-14 17:34:46.627 [TestNG-test-Yt Master Tests-2] WARN  [verifyingSideMenuLanguageAsInSettings] [verifyingSideMenuLanguageAsInSettings] Attempt 1 failed to find elements: By.xpath: //ytd-guide-entry-renderer[@class='style-scope ytd-guide-section-renderer'] -> org.openqa.selenium.TimeoutException: Expected condition failed: waiting for presence of any elements located by By.xpath: //ytd-guide-entry-renderer[@class='style-scope ytd-guide-section-renderer'] (tried for 10 second(s) with 500 milliseconds interval)
Build info: version: '4.27.0', revision: 'd6e718d134'
System info: os.name: 'Windows Server 2025', os.arch: 'amd64', os.version: '10.0', java.version: '24.0.2'
Driver info: org.openqa.selenium.chrome.ChromeDriver
Capabilities {acceptInsecureCerts: false, browserName: chrome, browserVersion: 143.0.7499.170, chrome: {chromedriverVersion: 143.0.7499.192 (be2c1f4fd45..., userDataDir: C:\Windows\SystemTemp\scope...}, fedcm:accounts: true, goog:chromeOptions: {debuggerAddress: localhost:51704}, goog:processID: 3648, networkConnectionEnabled: false, pageLoadStrategy: normal, platformName: windows, proxy: Proxy(), se:cdp: ws://localhost:51704/devtoo..., se:cdpVersion: 143.0.7499.170, setWindowRect: true, strictFileInteractability: false, timeouts: {implicit: 0, pageLoad: 300000, script: 30000}, unhandledPromptBehavior: dismiss and notify, webauthn:extension:credBlob: true, webauthn:extension:largeBlob: true, webauthn:extension:minPinLength: true, webauthn:extension:prf: true, webauthn:virtualAuthenticators: true}
Session ID: 98bd0bbc99fa89848d38d5309298fdbd
2026-01-14 17:34:56.774 [TestNG-test-Yt Master Tests-2] WARN  [verifyingSideMenuLanguageAsInSettings] [verifyingSideMenuLanguageAsInSettings] Attempt 2 failed to find elements: By.xpath: //ytd-guide-entry-renderer[@class='style-scope ytd-guide-section-renderer'] -> org.openqa.selenium.TimeoutException: Expected condition failed: waiting for presence of any elements located by By.xpath: //ytd-guide-entry-renderer[@class='style-scope ytd-guide-section-renderer'] (tried for 10 second(s) with 500 milliseconds interval)
Build info: version: '4.27.0', revision: 'd6e718d134'
System info: os.name: 'Windows Server 2025', os.arch: 'amd64', os.version: '10.0', java.version: '24.0.2'
Driver info: org.openqa.selenium.chrome.ChromeDriver
Capabilities {acceptInsecureCerts: false, browserName: chrome, browserVersion: 143.0.7499.170, chrome: {chromedriverVersion: 143.0.7499.192 (be2c1f4fd45..., userDataDir: C:\Windows\SystemTemp\scope...}, fedcm:accounts: true, goog:chromeOptions: {debuggerAddress: localhost:51704}, goog:processID: 3648, networkConnectionEnabled: false, pageLoadStrategy: normal, platformName: windows, proxy: Proxy(), se:cdp: ws://localhost:51704/devtoo..., se:cdpVersion: 143.0.7499.170, setWindowRect: true, strictFileInteractability: false, timeouts: {implicit: 0, pageLoad: 300000, script: 30000}, unhandledPromptBehavior: dismiss and notify, webauthn:extension:credBlob: true, webauthn:extension:largeBlob: true, webauthn:extension:minPinLength: true, webauthn:extension:prf: true, webauthn:virtualAuthenticators: true}
Session ID: 98bd0bbc99fa89848d38d5309298fdbd
2026-01-14 17:34:56.774 [TestNG-test-Yt Master Tests-2] WARN  [verifyingSideMenuLanguageAsInSettings] [verifyingSideMenuLanguageAsInSettings] Attempt 2 failed — refreshing the page to recover...
2026-01-14 17:34:56.777 [TestNG-test-Yt Master Tests-2] INFO  [verifyingSideMenuLanguageAsInSettings] [verifyingSideMenuLanguageAsInSettings] Current URL before refresh: https://www.youtube.com/
2026-01-14 17:34:56.878 [TestNG-test-Yt Master Tests-2] INFO  [verifyingSideMenuLanguageAsInSettings] [verifyingSideMenuLanguageAsInSettings] Page refreshed successfully.
2026-01-14 17:34:58.450 [TestNG-test-Yt Master Tests-2] INFO  [verifyingSideMenuLanguageAsInSettings] [verifyingSideMenuLanguageAsInSettings] Page fully loaded after refresh.
2026-01-14 17:35:08.606 [TestNG-test-Yt Master Tests-2] WARN  [verifyingSideMenuLanguageAsInSettings] [verifyingSideMenuLanguageAsInSettings] Attempt 3 failed to find elements: By.xpath: //ytd-guide-entry-renderer[@class='style-scope ytd-guide-section-renderer'] -> org.openqa.selenium.TimeoutException: Expected condition failed: waiting for presence of any elements located by By.xpath: //ytd-guide-entry-renderer[@class='style-scope ytd-guide-section-renderer'] (tried for 10 second(s) with 500 milliseconds interval)
Build info: version: '4.27.0', revision: 'd6e718d134'
System info: os.name: 'Windows Server 2025', os.arch: 'amd64', os.version: '10.0', java.version: '24.0.2'
Driver info: org.openqa.selenium.chrome.ChromeDriver
Capabilities {acceptInsecureCerts: false, browserName: chrome, browserVersion: 143.0.7499.170, chrome: {chromedriverVersion: 143.0.7499.192 (be2c1f4fd45..., userDataDir: C:\Windows\SystemTemp\scope...}, fedcm:accounts: true, goog:chromeOptions: {debuggerAddress: localhost:51704}, goog:processID: 3648, networkConnectionEnabled: false, pageLoadStrategy: normal, platformName: windows, proxy: Proxy(), se:cdp: ws://localhost:51704/devtoo..., se:cdpVersion: 143.0.7499.170, setWindowRect: true, strictFileInteractability: false, timeouts: {implicit: 0, pageLoad: 300000, script: 30000}, unhandledPromptBehavior: dismiss and notify, webauthn:extension:credBlob: true, webauthn:extension:largeBlob: true, webauthn:extension:minPinLength: true, webauthn:extension:prf: true, webauthn:virtualAuthenticators: true}
Session ID: 98bd0bbc99fa89848d38d5309298fdbd
2026-01-14 17:35:08.607 [TestNG-test-Yt Master Tests-2] WARN  [verifyingSideMenuLanguageAsInSettings] [verifyingSideMenuLanguageAsInSettings] Attempt 3 failed — refreshing the page to recover...
2026-01-14 17:35:08.610 [TestNG-test-Yt Master Tests-2] INFO  [verifyingSideMenuLanguageAsInSettings] [verifyingSideMenuLanguageAsInSettings] Current URL before refresh: https://www.youtube.com/
2026-01-14 17:35:08.703 [TestNG-test-Yt Master Tests-2] INFO  [verifyingSideMenuLanguageAsInSettings] [verifyingSideMenuLanguageAsInSettings] Page refreshed successfully.
2026-01-14 17:35:10.208 [TestNG-test-Yt Master Tests-2] INFO  [verifyingSideMenuLanguageAsInSettings] [verifyingSideMenuLanguageAsInSettings] Page fully loaded after refresh.
2026-01-14 17:35:10.208 [TestNG-test-Yt Master Tests-2] ERROR [verifyingSideMenuLanguageAsInSettings] [verifyingSideMenuLanguageAsInSettings] No elements ready after 3 attempts: By.xpath: //ytd-guide-entry-renderer[@class='style-scope ytd-guide-section-renderer']
2026-01-14 17:35:10.208 [TestNG-test-Yt Master Tests-2] INFO  [verifyingSideMenuLanguageAsInSettings] Clicking settings ellipses button...
2026-01-14 17:35:10.208 [TestNG-test-Yt Master Tests-2] INFO  [verifyingSideMenuLanguageAsInSettings] [verifyingSideMenuLanguageAsInSettings] Trying to find element: By.xpath: //ytd-topbar-menu-button-renderer[@class='style-scope ytd-masthead style-default']
2026-01-14 17:35:10.226 [TestNG-test-Yt Master Tests-2] INFO  [verifyingSideMenuLanguageAsInSettings] [verifyingSideMenuLanguageAsInSettings] Element found and ready (attempt 1): By.xpath: //ytd-topbar-menu-button-renderer[@class='style-scope ytd-masthead style-default']
2026-01-14 17:35:12.304 [TestNG-test-Yt Master Tests-2] INFO  [verifyingSideMenuLanguageAsInSettings] Clicking language dropdown...
2026-01-14 17:35:12.304 [TestNG-test-Yt Master Tests-2] INFO  [verifyingSideMenuLanguageAsInSettings] [verifyingSideMenuLanguageAsInSettings] Trying to find element: By.xpath: (//div[@id='content-icon'])[2]
2026-01-14 17:35:12.326 [TestNG-test-Yt Master Tests-2] INFO  [verifyingSideMenuLanguageAsInSettings] [verifyingSideMenuLanguageAsInSettings] Element found and ready (attempt 1): By.xpath: (//div[@id='content-icon'])[2]
2026-01-14 17:35:14.633 [TestNG-test-Yt Master Tests-2] INFO  [verifyingSideMenuLanguageAsInSettings] [verifyingSideMenuLanguageAsInSettings] Capturing screenshot: Filter Applied is Dansk__2026-01-14_173514.png
2026-01-14 17:35:14.711 [TestNG-test-Yt Master Tests-2] INFO  [verifyingSideMenuLanguageAsInSettings] [verifyingSideMenuLanguageAsInSettings] Screenshot saved at: test-output/screenshots/Run_2026-01-14_17-14-57/verifyingSideMenuLanguageAsInSettings/Filter Applied is Dansk__2026-01-14_173514.png
2026-01-14 17:35:15.711 [TestNG-test-Yt Master Tests-2] INFO  [verifyingSideMenuLanguageAsInSettings] Looking for language element with name: Dansk
2026-01-14 17:35:15.711 [TestNG-test-Yt Master Tests-2] INFO  [verifyingSideMenuLanguageAsInSettings] [verifyingSideMenuLanguageAsInSettings] Trying to find element: By.xpath: //yt-multi-page-menu-section-renderer[@class='style-scope ytd-multi-page-menu-renderer']//yt-formatted-string[@id='label' and text()='Dansk']
2026-01-14 17:35:15.734 [TestNG-test-Yt Master Tests-2] INFO  [verifyingSideMenuLanguageAsInSettings] [verifyingSideMenuLanguageAsInSettings] Element found and ready (attempt 1): By.xpath: //yt-multi-page-menu-section-renderer[@class='style-scope ytd-multi-page-menu-renderer']//yt-formatted-string[@id='label' and text()='Dansk']
2026-01-14 17:35:16.271 [TestNG-test-Yt Master Tests-2] INFO  [verifyingSideMenuLanguageAsInSettings] Clicking settings ellipses button...
2026-01-14 17:35:16.271 [TestNG-test-Yt Master Tests-2] INFO  [verifyingSideMenuLanguageAsInSettings] [verifyingSideMenuLanguageAsInSettings] Trying to find element: By.xpath: //ytd-topbar-menu-button-renderer[@class='style-scope ytd-masthead style-default']
2026-01-14 17:35:16.798 [TestNG-test-Yt Master Tests-2] INFO  [verifyingSideMenuLanguageAsInSettings] [verifyingSideMenuLanguageAsInSettings] Element found and ready (attempt 1): By.xpath: //ytd-topbar-menu-button-renderer[@class='style-scope ytd-masthead style-default']
2026-01-14 17:35:16.943 [TestNG-test-Yt Master Tests-2] INFO  [verifyingSideMenuLanguageAsInSettings] Looking for language element with name: Dansk
2026-01-14 17:35:16.943 [TestNG-test-Yt Master Tests-2] INFO  [verifyingSideMenuLanguageAsInSettings] [verifyingSideMenuLanguageAsInSettings] Waiting until element is visible in viewport
2026-01-14 17:35:27.195 [TestNG-test-Yt Master Tests-2] INFO  [verifyingSideMenuLanguageAsInSettings] [verifyingSideMenuLanguageAsInSettings] Capturing screenshot: Filter Applied is Dansk__2026-01-14_173527.png
2026-01-14 17:35:27.245 [TestNG-test-Yt Master Tests-2] INFO  [verifyingSideMenuLanguageAsInSettings] [verifyingSideMenuLanguageAsInSettings] Screenshot saved at: test-output/screenshots/Run_2026-01-14_17-14-57/verifyingSideMenuLanguageAsInSettings/Filter Applied is Dansk__2026-01-14_173527.png
2026-01-14 17:35:27.245 [TestNG-test-Yt Master Tests-2] INFO  [verifyingSideMenuLanguageAsInSettings] Clicking settings ellipses button...
2026-01-14 17:35:27.245 [TestNG-test-Yt Master Tests-2] INFO  [verifyingSideMenuLanguageAsInSettings] [verifyingSideMenuLanguageAsInSettings] Trying to find element: By.xpath: //ytd-topbar-menu-button-renderer[@class='style-scope ytd-masthead style-default']
2026-01-14 17:35:27.264 [TestNG-test-Yt Master Tests-2] INFO  [verifyingSideMenuLanguageAsInSettings] [verifyingSideMenuLanguageAsInSettings] Element found and ready (attempt 1): By.xpath: //ytd-topbar-menu-button-renderer[@class='style-scope ytd-masthead style-default']
2026-01-14 17:35:29.311 [TestNG-test-Yt Master Tests-2] INFO  [verifyingSideMenuLanguageAsInSettings] Fetching the side menu in expanded view
2026-01-14 17:35:29.311 [TestNG-test-Yt Master Tests-2] INFO  [verifyingSideMenuLanguageAsInSettings] [verifyingSideMenuLanguageAsInSettings] Finding elements list: By.xpath: //ytd-guide-entry-renderer[@class='style-scope ytd-guide-section-renderer']
2026-01-14 17:35:39.460 [TestNG-test-Yt Master Tests-2] WARN  [verifyingSideMenuLanguageAsInSettings] [verifyingSideMenuLanguageAsInSettings] Attempt 1 failed to find elements: By.xpath: //ytd-guide-entry-renderer[@class='style-scope ytd-guide-section-renderer'] -> org.openqa.selenium.TimeoutException: Expected condition failed: waiting for presence of any elements located by By.xpath: //ytd-guide-entry-renderer[@class='style-scope ytd-guide-section-renderer'] (tried for 10 second(s) with 500 milliseconds interval)
Build info: version: '4.27.0', revision: 'd6e718d134'
System info: os.name: 'Windows Server 2025', os.arch: 'amd64', os.version: '10.0', java.version: '24.0.2'
Driver info: org.openqa.selenium.chrome.ChromeDriver
Capabilities {acceptInsecureCerts: false, browserName: chrome, browserVersion: 143.0.7499.170, chrome: {chromedriverVersion: 143.0.7499.192 (be2c1f4fd45..., userDataDir: C:\Windows\SystemTemp\scope...}, fedcm:accounts: true, goog:chromeOptions: {debuggerAddress: localhost:51704}, goog:processID: 3648, networkConnectionEnabled: false, pageLoadStrategy: normal, platformName: windows, proxy: Proxy(), se:cdp: ws://localhost:51704/devtoo..., se:cdpVersion: 143.0.7499.170, setWindowRect: true, strictFileInteractability: false, timeouts: {implicit: 0, pageLoad: 300000, script: 30000}, unhandledPromptBehavior: dismiss and notify, webauthn:extension:credBlob: true, webauthn:extension:largeBlob: true, webauthn:extension:minPinLength: true, webauthn:extension:prf: true, webauthn:virtualAuthenticators: true}
Session ID: 98bd0bbc99fa89848d38d5309298fdbd
2026-01-14 17:35:49.607 [TestNG-test-Yt Master Tests-2] WARN  [verifyingSideMenuLanguageAsInSettings] [verifyingSideMenuLanguageAsInSettings] Attempt 2 failed to find elements: By.xpath: //ytd-guide-entry-renderer[@class='style-scope ytd-guide-section-renderer'] -> org.openqa.selenium.TimeoutException: Expected condition failed: waiting for presence of any elements located by By.xpath: //ytd-guide-entry-renderer[@class='style-scope ytd-guide-section-renderer'] (tried for 10 second(s) with 500 milliseconds interval)
Build info: version: '4.27.0', revision: 'd6e718d134'
System info: os.name: 'Windows Server 2025', os.arch: 'amd64', os.version: '10.0', java.version: '24.0.2'
Driver info: org.openqa.selenium.chrome.ChromeDriver
Capabilities {acceptInsecureCerts: false, browserName: chrome, browserVersion: 143.0.7499.170, chrome: {chromedriverVersion: 143.0.7499.192 (be2c1f4fd45..., userDataDir: C:\Windows\SystemTemp\scope...}, fedcm:accounts: true, goog:chromeOptions: {debuggerAddress: localhost:51704}, goog:processID: 3648, networkConnectionEnabled: false, pageLoadStrategy: normal, platformName: windows, proxy: Proxy(), se:cdp: ws://localhost:51704/devtoo..., se:cdpVersion: 143.0.7499.170, setWindowRect: true, strictFileInteractability: false, timeouts: {implicit: 0, pageLoad: 300000, script: 30000}, unhandledPromptBehavior: dismiss and notify, webauthn:extension:credBlob: true, webauthn:extension:largeBlob: true, webauthn:extension:minPinLength: true, webauthn:extension:prf: true, webauthn:virtualAuthenticators: true}
Session ID: 98bd0bbc99fa89848d38d5309298fdbd
2026-01-14 17:35:49.607 [TestNG-test-Yt Master Tests-2] WARN  [verifyingSideMenuLanguageAsInSettings] [verifyingSideMenuLanguageAsInSettings] Attempt 2 failed — refreshing the page to recover...
2026-01-14 17:35:49.610 [TestNG-test-Yt Master Tests-2] INFO  [verifyingSideMenuLanguageAsInSettings] [verifyingSideMenuLanguageAsInSettings] Current URL before refresh: https://www.youtube.com/
2026-01-14 17:35:49.711 [TestNG-test-Yt Master Tests-2] INFO  [verifyingSideMenuLanguageAsInSettings] [verifyingSideMenuLanguageAsInSettings] Page refreshed successfully.
2026-01-14 17:35:51.219 [TestNG-test-Yt Master Tests-2] INFO  [verifyingSideMenuLanguageAsInSettings] [verifyingSideMenuLanguageAsInSettings] Page fully loaded after refresh.
2026-01-14 17:36:01.385 [TestNG-test-Yt Master Tests-2] WARN  [verifyingSideMenuLanguageAsInSettings] [verifyingSideMenuLanguageAsInSettings] Attempt 3 failed to find elements: By.xpath: //ytd-guide-entry-renderer[@class='style-scope ytd-guide-section-renderer'] -> org.openqa.selenium.TimeoutException: Expected condition failed: waiting for presence of any elements located by By.xpath: //ytd-guide-entry-renderer[@class='style-scope ytd-guide-section-renderer'] (tried for 10 second(s) with 500 milliseconds interval)
Build info: version: '4.27.0', revision: 'd6e718d134'
System info: os.name: 'Windows Server 2025', os.arch: 'amd64', os.version: '10.0', java.version: '24.0.2'
Driver info: org.openqa.selenium.chrome.ChromeDriver
Capabilities {acceptInsecureCerts: false, browserName: chrome, browserVersion: 143.0.7499.170, chrome: {chromedriverVersion: 143.0.7499.192 (be2c1f4fd45..., userDataDir: C:\Windows\SystemTemp\scope...}, fedcm:accounts: true, goog:chromeOptions: {debuggerAddress: localhost:51704}, goog:processID: 3648, networkConnectionEnabled: false, pageLoadStrategy: normal, platformName: windows, proxy: Proxy(), se:cdp: ws://localhost:51704/devtoo..., se:cdpVersion: 143.0.7499.170, setWindowRect: true, strictFileInteractability: false, timeouts: {implicit: 0, pageLoad: 300000, script: 30000}, unhandledPromptBehavior: dismiss and notify, webauthn:extension:credBlob: true, webauthn:extension:largeBlob: true, webauthn:extension:minPinLength: true, webauthn:extension:prf: true, webauthn:virtualAuthenticators: true}
Session ID: 98bd0bbc99fa89848d38d5309298fdbd
2026-01-14 17:36:01.385 [TestNG-test-Yt Master Tests-2] WARN  [verifyingSideMenuLanguageAsInSettings] [verifyingSideMenuLanguageAsInSettings] Attempt 3 failed — refreshing the page to recover...
2026-01-14 17:36:01.388 [TestNG-test-Yt Master Tests-2] INFO  [verifyingSideMenuLanguageAsInSettings] [verifyingSideMenuLanguageAsInSettings] Current URL before refresh: https://www.youtube.com/
2026-01-14 17:36:01.844 [TestNG-test-Yt Master Tests-2] INFO  [verifyingSideMenuLanguageAsInSettings] [verifyingSideMenuLanguageAsInSettings] Page refreshed successfully.
2026-01-14 17:36:03.349 [TestNG-test-Yt Master Tests-2] INFO  [verifyingSideMenuLanguageAsInSettings] [verifyingSideMenuLanguageAsInSettings] Page fully loaded after refresh.
2026-01-14 17:36:03.349 [TestNG-test-Yt Master Tests-2] ERROR [verifyingSideMenuLanguageAsInSettings] [verifyingSideMenuLanguageAsInSettings] No elements ready after 3 attempts: By.xpath: //ytd-guide-entry-renderer[@class='style-scope ytd-guide-section-renderer']
2026-01-14 17:36:03.349 [TestNG-test-Yt Master Tests-2] INFO  [verifyingSideMenuLanguageAsInSettings] Clicking settings ellipses button...
2026-01-14 17:36:03.349 [TestNG-test-Yt Master Tests-2] INFO  [verifyingSideMenuLanguageAsInSettings] [verifyingSideMenuLanguageAsInSettings] Trying to find element: By.xpath: //ytd-topbar-menu-button-renderer[@class='style-scope ytd-masthead style-default']
2026-01-14 17:36:03.368 [TestNG-test-Yt Master Tests-2] INFO  [verifyingSideMenuLanguageAsInSettings] [verifyingSideMenuLanguageAsInSettings] Element found and ready (attempt 1): By.xpath: //ytd-topbar-menu-button-renderer[@class='style-scope ytd-masthead style-default']
2026-01-14 17:36:05.442 [TestNG-test-Yt Master Tests-2] INFO  [verifyingSideMenuLanguageAsInSettings] Clicking language dropdown...
2026-01-14 17:36:05.442 [TestNG-test-Yt Master Tests-2] INFO  [verifyingSideMenuLanguageAsInSettings] [verifyingSideMenuLanguageAsInSettings] Trying to find element: By.xpath: (//div[@id='content-icon'])[2]
2026-01-14 17:36:05.463 [TestNG-test-Yt Master Tests-2] INFO  [verifyingSideMenuLanguageAsInSettings] [verifyingSideMenuLanguageAsInSettings] Element found and ready (attempt 1): By.xpath: (//div[@id='content-icon'])[2]
2026-01-14 17:36:07.773 [TestNG-test-Yt Master Tests-2] INFO  [verifyingSideMenuLanguageAsInSettings] [verifyingSideMenuLanguageAsInSettings] Capturing screenshot: Filter Applied is Deutsch__2026-01-14_173607.png
2026-01-14 17:36:07.837 [TestNG-test-Yt Master Tests-2] INFO  [verifyingSideMenuLanguageAsInSettings] [verifyingSideMenuLanguageAsInSettings] Screenshot saved at: test-output/screenshots/Run_2026-01-14_17-14-57/verifyingSideMenuLanguageAsInSettings/Filter Applied is Deutsch__2026-01-14_173607.png
2026-01-14 17:36:08.838 [TestNG-test-Yt Master Tests-2] INFO  [verifyingSideMenuLanguageAsInSettings] Looking for language element with name: Deutsch
2026-01-14 17:36:08.838 [TestNG-test-Yt Master Tests-2] INFO  [verifyingSideMenuLanguageAsInSettings] [verifyingSideMenuLanguageAsInSettings] Trying to find element: By.xpath: //yt-multi-page-menu-section-renderer[@class='style-scope ytd-multi-page-menu-renderer']//yt-formatted-string[@id='label' and text()='Deutsch']
2026-01-14 17:36:08.861 [TestNG-test-Yt Master Tests-2] INFO  [verifyingSideMenuLanguageAsInSettings] [verifyingSideMenuLanguageAsInSettings] Element found and ready (attempt 1): By.xpath: //yt-multi-page-menu-section-renderer[@class='style-scope ytd-multi-page-menu-renderer']//yt-formatted-string[@id='label' and text()='Deutsch']
2026-01-14 17:36:09.422 [TestNG-test-Yt Master Tests-2] INFO  [verifyingSideMenuLanguageAsInSettings] Clicking settings ellipses button...
2026-01-14 17:36:09.422 [TestNG-test-Yt Master Tests-2] INFO  [verifyingSideMenuLanguageAsInSettings] [verifyingSideMenuLanguageAsInSettings] Trying to find element: By.xpath: //ytd-topbar-menu-button-renderer[@class='style-scope ytd-masthead style-default']
2026-01-14 17:36:09.731 [TestNG-test-Yt Master Tests-2] INFO  [verifyingSideMenuLanguageAsInSettings] [verifyingSideMenuLanguageAsInSettings] Element found and ready (attempt 1): By.xpath: //ytd-topbar-menu-button-renderer[@class='style-scope ytd-masthead style-default']
2026-01-14 17:36:09.909 [TestNG-test-Yt Master Tests-2] INFO  [verifyingSideMenuLanguageAsInSettings] Looking for language element with name: Deutsch
2026-01-14 17:36:09.909 [TestNG-test-Yt Master Tests-2] INFO  [verifyingSideMenuLanguageAsInSettings] [verifyingSideMenuLanguageAsInSettings] Waiting until element is visible in viewport
2026-01-14 17:36:20.174 [TestNG-test-Yt Master Tests-2] INFO  [verifyingSideMenuLanguageAsInSettings] [verifyingSideMenuLanguageAsInSettings] Capturing screenshot: Filter Applied is Deutsch__2026-01-14_173620.png
2026-01-14 17:36:20.223 [TestNG-test-Yt Master Tests-2] INFO  [verifyingSideMenuLanguageAsInSettings] [verifyingSideMenuLanguageAsInSettings] Screenshot saved at: test-output/screenshots/Run_2026-01-14_17-14-57/verifyingSideMenuLanguageAsInSettings/Filter Applied is Deutsch__2026-01-14_173620.png
2026-01-14 17:36:20.223 [TestNG-test-Yt Master Tests-2] INFO  [verifyingSideMenuLanguageAsInSettings] Clicking settings ellipses button...
2026-01-14 17:36:20.223 [TestNG-test-Yt Master Tests-2] INFO  [verifyingSideMenuLanguageAsInSettings] [verifyingSideMenuLanguageAsInSettings] Trying to find element: By.xpath: //ytd-topbar-menu-button-renderer[@class='style-scope ytd-masthead style-default']
2026-01-14 17:36:20.241 [TestNG-test-Yt Master Tests-2] INFO  [verifyingSideMenuLanguageAsInSettings] [verifyingSideMenuLanguageAsInSettings] Element found and ready (attempt 1): By.xpath: //ytd-topbar-menu-button-renderer[@class='style-scope ytd-masthead style-default']
2026-01-14 17:36:22.289 [TestNG-test-Yt Master Tests-2] INFO  [verifyingSideMenuLanguageAsInSettings] Fetching the side menu in expanded view
2026-01-14 17:36:22.289 [TestNG-test-Yt Master Tests-2] INFO  [verifyingSideMenuLanguageAsInSettings] [verifyingSideMenuLanguageAsInSettings] Finding elements list: By.xpath: //ytd-guide-entry-renderer[@class='style-scope ytd-guide-section-renderer']
2026-01-14 17:36:32.448 [TestNG-test-Yt Master Tests-2] WARN  [verifyingSideMenuLanguageAsInSettings] [verifyingSideMenuLanguageAsInSettings] Attempt 1 failed to find elements: By.xpath: //ytd-guide-entry-renderer[@class='style-scope ytd-guide-section-renderer'] -> org.openqa.selenium.TimeoutException: Expected condition failed: waiting for presence of any elements located by By.xpath: //ytd-guide-entry-renderer[@class='style-scope ytd-guide-section-renderer'] (tried for 10 second(s) with 500 milliseconds interval)
Build info: version: '4.27.0', revision: 'd6e718d134'
System info: os.name: 'Windows Server 2025', os.arch: 'amd64', os.version: '10.0', java.version: '24.0.2'
Driver info: org.openqa.selenium.chrome.ChromeDriver
Capabilities {acceptInsecureCerts: false, browserName: chrome, browserVersion: 143.0.7499.170, chrome: {chromedriverVersion: 143.0.7499.192 (be2c1f4fd45..., userDataDir: C:\Windows\SystemTemp\scope...}, fedcm:accounts: true, goog:chromeOptions: {debuggerAddress: localhost:51704}, goog:processID: 3648, networkConnectionEnabled: false, pageLoadStrategy: normal, platformName: windows, proxy: Proxy(), se:cdp: ws://localhost:51704/devtoo..., se:cdpVersion: 143.0.7499.170, setWindowRect: true, strictFileInteractability: false, timeouts: {implicit: 0, pageLoad: 300000, script: 30000}, unhandledPromptBehavior: dismiss and notify, webauthn:extension:credBlob: true, webauthn:extension:largeBlob: true, webauthn:extension:minPinLength: true, webauthn:extension:prf: true, webauthn:virtualAuthenticators: true}
Session ID: 98bd0bbc99fa89848d38d5309298fdbd
2026-01-14 17:36:42.609 [TestNG-test-Yt Master Tests-2] WARN  [verifyingSideMenuLanguageAsInSettings] [verifyingSideMenuLanguageAsInSettings] Attempt 2 failed to find elements: By.xpath: //ytd-guide-entry-renderer[@class='style-scope ytd-guide-section-renderer'] -> org.openqa.selenium.TimeoutException: Expected condition failed: waiting for presence of any elements located by By.xpath: //ytd-guide-entry-renderer[@class='style-scope ytd-guide-section-renderer'] (tried for 10 second(s) with 500 milliseconds interval)
Build info: version: '4.27.0', revision: 'd6e718d134'
System info: os.name: 'Windows Server 2025', os.arch: 'amd64', os.version: '10.0', java.version: '24.0.2'
Driver info: org.openqa.selenium.chrome.ChromeDriver
Capabilities {acceptInsecureCerts: false, browserName: chrome, browserVersion: 143.0.7499.170, chrome: {chromedriverVersion: 143.0.7499.192 (be2c1f4fd45..., userDataDir: C:\Windows\SystemTemp\scope...}, fedcm:accounts: true, goog:chromeOptions: {debuggerAddress: localhost:51704}, goog:processID: 3648, networkConnectionEnabled: false, pageLoadStrategy: normal, platformName: windows, proxy: Proxy(), se:cdp: ws://localhost:51704/devtoo..., se:cdpVersion: 143.0.7499.170, setWindowRect: true, strictFileInteractability: false, timeouts: {implicit: 0, pageLoad: 300000, script: 30000}, unhandledPromptBehavior: dismiss and notify, webauthn:extension:credBlob: true, webauthn:extension:largeBlob: true, webauthn:extension:minPinLength: true, webauthn:extension:prf: true, webauthn:virtualAuthenticators: true}
Session ID: 98bd0bbc99fa89848d38d5309298fdbd
2026-01-14 17:36:42.610 [TestNG-test-Yt Master Tests-2] WARN  [verifyingSideMenuLanguageAsInSettings] [verifyingSideMenuLanguageAsInSettings] Attempt 2 failed — refreshing the page to recover...
2026-01-14 17:36:42.614 [TestNG-test-Yt Master Tests-2] INFO  [verifyingSideMenuLanguageAsInSettings] [verifyingSideMenuLanguageAsInSettings] Current URL before refresh: https://www.youtube.com/
2026-01-14 17:36:42.718 [TestNG-test-Yt Master Tests-2] INFO  [verifyingSideMenuLanguageAsInSettings] [verifyingSideMenuLanguageAsInSettings] Page refreshed successfully.
2026-01-14 17:36:44.299 [TestNG-test-Yt Master Tests-2] INFO  [verifyingSideMenuLanguageAsInSettings] [verifyingSideMenuLanguageAsInSettings] Page fully loaded after refresh.
2026-01-14 17:36:54.475 [TestNG-test-Yt Master Tests-2] WARN  [verifyingSideMenuLanguageAsInSettings] [verifyingSideMenuLanguageAsInSettings] Attempt 3 failed to find elements: By.xpath: //ytd-guide-entry-renderer[@class='style-scope ytd-guide-section-renderer'] -> org.openqa.selenium.TimeoutException: Expected condition failed: waiting for presence of any elements located by By.xpath: //ytd-guide-entry-renderer[@class='style-scope ytd-guide-section-renderer'] (tried for 10 second(s) with 500 milliseconds interval)
Build info: version: '4.27.0', revision: 'd6e718d134'
System info: os.name: 'Windows Server 2025', os.arch: 'amd64', os.version: '10.0', java.version: '24.0.2'
Driver info: org.openqa.selenium.chrome.ChromeDriver
Capabilities {acceptInsecureCerts: false, browserName: chrome, browserVersion: 143.0.7499.170, chrome: {chromedriverVersion: 143.0.7499.192 (be2c1f4fd45..., userDataDir: C:\Windows\SystemTemp\scope...}, fedcm:accounts: true, goog:chromeOptions: {debuggerAddress: localhost:51704}, goog:processID: 3648, networkConnectionEnabled: false, pageLoadStrategy: normal, platformName: windows, proxy: Proxy(), se:cdp: ws://localhost:51704/devtoo..., se:cdpVersion: 143.0.7499.170, setWindowRect: true, strictFileInteractability: false, timeouts: {implicit: 0, pageLoad: 300000, script: 30000}, unhandledPromptBehavior: dismiss and notify, webauthn:extension:credBlob: true, webauthn:extension:largeBlob: true, webauthn:extension:minPinLength: true, webauthn:extension:prf: true, webauthn:virtualAuthenticators: true}
Session ID: 98bd0bbc99fa89848d38d5309298fdbd
2026-01-14 17:36:54.475 [TestNG-test-Yt Master Tests-2] WARN  [verifyingSideMenuLanguageAsInSettings] [verifyingSideMenuLanguageAsInSettings] Attempt 3 failed — refreshing the page to recover...
2026-01-14 17:36:54.478 [TestNG-test-Yt Master Tests-2] INFO  [verifyingSideMenuLanguageAsInSettings] [verifyingSideMenuLanguageAsInSettings] Current URL before refresh: https://www.youtube.com/
2026-01-14 17:36:54.575 [TestNG-test-Yt Master Tests-2] INFO  [verifyingSideMenuLanguageAsInSettings] [verifyingSideMenuLanguageAsInSettings] Page refreshed successfully.
2026-01-14 17:36:56.080 [TestNG-test-Yt Master Tests-2] INFO  [verifyingSideMenuLanguageAsInSettings] [verifyingSideMenuLanguageAsInSettings] Page fully loaded after refresh.
2026-01-14 17:36:56.080 [TestNG-test-Yt Master Tests-2] ERROR [verifyingSideMenuLanguageAsInSettings] [verifyingSideMenuLanguageAsInSettings] No elements ready after 3 attempts: By.xpath: //ytd-guide-entry-renderer[@class='style-scope ytd-guide-section-renderer']
2026-01-14 17:36:56.081 [TestNG-test-Yt Master Tests-2] INFO  [verifyingSideMenuLanguageAsInSettings] Clicking settings ellipses button...
2026-01-14 17:36:56.081 [TestNG-test-Yt Master Tests-2] INFO  [verifyingSideMenuLanguageAsInSettings] [verifyingSideMenuLanguageAsInSettings] Trying to find element: By.xpath: //ytd-topbar-menu-button-renderer[@class='style-scope ytd-masthead style-default']
2026-01-14 17:36:56.099 [TestNG-test-Yt Master Tests-2] INFO  [verifyingSideMenuLanguageAsInSettings] [verifyingSideMenuLanguageAsInSettings] Element found and ready (attempt 1): By.xpath: //ytd-topbar-menu-button-renderer[@class='style-scope ytd-masthead style-default']
2026-01-14 17:36:58.169 [TestNG-test-Yt Master Tests-2] INFO  [verifyingSideMenuLanguageAsInSettings] Clicking language dropdown...
2026-01-14 17:36:58.169 [TestNG-test-Yt Master Tests-2] INFO  [verifyingSideMenuLanguageAsInSettings] [verifyingSideMenuLanguageAsInSettings] Trying to find element: By.xpath: (//div[@id='content-icon'])[2]
2026-01-14 17:36:58.190 [TestNG-test-Yt Master Tests-2] INFO  [verifyingSideMenuLanguageAsInSettings] [verifyingSideMenuLanguageAsInSettings] Element found and ready (attempt 1): By.xpath: (//div[@id='content-icon'])[2]
2026-01-14 17:37:00.527 [TestNG-test-Yt Master Tests-2] INFO  [verifyingSideMenuLanguageAsInSettings] [verifyingSideMenuLanguageAsInSettings] Capturing screenshot: Filter Applied is Eesti__2026-01-14_173700.png
2026-01-14 17:37:00.585 [TestNG-test-Yt Master Tests-2] INFO  [verifyingSideMenuLanguageAsInSettings] [verifyingSideMenuLanguageAsInSettings] Screenshot saved at: test-output/screenshots/Run_2026-01-14_17-14-57/verifyingSideMenuLanguageAsInSettings/Filter Applied is Eesti__2026-01-14_173700.png
2026-01-14 17:37:01.586 [TestNG-test-Yt Master Tests-2] INFO  [verifyingSideMenuLanguageAsInSettings] Looking for language element with name: Eesti
2026-01-14 17:37:01.586 [TestNG-test-Yt Master Tests-2] INFO  [verifyingSideMenuLanguageAsInSettings] [verifyingSideMenuLanguageAsInSettings] Trying to find element: By.xpath: //yt-multi-page-menu-section-renderer[@class='style-scope ytd-multi-page-menu-renderer']//yt-formatted-string[@id='label' and text()='Eesti']
2026-01-14 17:37:01.609 [TestNG-test-Yt Master Tests-2] INFO  [verifyingSideMenuLanguageAsInSettings] [verifyingSideMenuLanguageAsInSettings] Element found and ready (attempt 1): By.xpath: //yt-multi-page-menu-section-renderer[@class='style-scope ytd-multi-page-menu-renderer']//yt-formatted-string[@id='label' and text()='Eesti']
2026-01-14 17:37:02.194 [TestNG-test-Yt Master Tests-2] INFO  [verifyingSideMenuLanguageAsInSettings] Clicking settings ellipses button...
2026-01-14 17:37:02.194 [TestNG-test-Yt Master Tests-2] INFO  [verifyingSideMenuLanguageAsInSettings] [verifyingSideMenuLanguageAsInSettings] Trying to find element: By.xpath: //ytd-topbar-menu-button-renderer[@class='style-scope ytd-masthead style-default']
2026-01-14 17:37:02.383 [TestNG-test-Yt Master Tests-2] INFO  [verifyingSideMenuLanguageAsInSettings] [verifyingSideMenuLanguageAsInSettings] Element found and ready (attempt 1): By.xpath: //ytd-topbar-menu-button-renderer[@class='style-scope ytd-masthead style-default']
2026-01-14 17:37:02.529 [TestNG-test-Yt Master Tests-2] INFO  [verifyingSideMenuLanguageAsInSettings] Looking for language element with name: Eesti
2026-01-14 17:37:02.530 [TestNG-test-Yt Master Tests-2] INFO  [verifyingSideMenuLanguageAsInSettings] [verifyingSideMenuLanguageAsInSettings] Waiting until element is visible in viewport
2026-01-14 17:37:12.776 [TestNG-test-Yt Master Tests-2] INFO  [verifyingSideMenuLanguageAsInSettings] [verifyingSideMenuLanguageAsInSettings] Capturing screenshot: Filter Applied is Eesti__2026-01-14_173712.png
2026-01-14 17:37:12.890 [TestNG-test-Yt Master Tests-2] INFO  [verifyingSideMenuLanguageAsInSettings] [verifyingSideMenuLanguageAsInSettings] Screenshot saved at: test-output/screenshots/Run_2026-01-14_17-14-57/verifyingSideMenuLanguageAsInSettings/Filter Applied is Eesti__2026-01-14_173712.png
2026-01-14 17:37:12.895 [TestNG-test-Yt Master Tests-2] INFO  [verifyingSideMenuLanguageAsInSettings] Clicking settings ellipses button...
2026-01-14 17:37:12.895 [TestNG-test-Yt Master Tests-2] INFO  [verifyingSideMenuLanguageAsInSettings] [verifyingSideMenuLanguageAsInSettings] Trying to find element: By.xpath: //ytd-topbar-menu-button-renderer[@class='style-scope ytd-masthead style-default']
2026-01-14 17:37:12.935 [TestNG-test-Yt Master Tests-2] INFO  [verifyingSideMenuLanguageAsInSettings] [verifyingSideMenuLanguageAsInSettings] Element found and ready (attempt 1): By.xpath: //ytd-topbar-menu-button-renderer[@class='style-scope ytd-masthead style-default']
2026-01-14 17:37:14.982 [TestNG-test-Yt Master Tests-2] INFO  [verifyingSideMenuLanguageAsInSettings] Fetching the side menu in expanded view
2026-01-14 17:37:14.982 [TestNG-test-Yt Master Tests-2] INFO  [verifyingSideMenuLanguageAsInSettings] [verifyingSideMenuLanguageAsInSettings] Finding elements list: By.xpath: //ytd-guide-entry-renderer[@class='style-scope ytd-guide-section-renderer']
2026-01-14 17:37:25.133 [TestNG-test-Yt Master Tests-2] WARN  [verifyingSideMenuLanguageAsInSettings] [verifyingSideMenuLanguageAsInSettings] Attempt 1 failed to find elements: By.xpath: //ytd-guide-entry-renderer[@class='style-scope ytd-guide-section-renderer'] -> org.openqa.selenium.TimeoutException: Expected condition failed: waiting for presence of any elements located by By.xpath: //ytd-guide-entry-renderer[@class='style-scope ytd-guide-section-renderer'] (tried for 10 second(s) with 500 milliseconds interval)
Build info: version: '4.27.0', revision: 'd6e718d134'
System info: os.name: 'Windows Server 2025', os.arch: 'amd64', os.version: '10.0', java.version: '24.0.2'
Driver info: org.openqa.selenium.chrome.ChromeDriver
Capabilities {acceptInsecureCerts: false, browserName: chrome, browserVersion: 143.0.7499.170, chrome: {chromedriverVersion: 143.0.7499.192 (be2c1f4fd45..., userDataDir: C:\Windows\SystemTemp\scope...}, fedcm:accounts: true, goog:chromeOptions: {debuggerAddress: localhost:51704}, goog:processID: 3648, networkConnectionEnabled: false, pageLoadStrategy: normal, platformName: windows, proxy: Proxy(), se:cdp: ws://localhost:51704/devtoo..., se:cdpVersion: 143.0.7499.170, setWindowRect: true, strictFileInteractability: false, timeouts: {implicit: 0, pageLoad: 300000, script: 30000}, unhandledPromptBehavior: dismiss and notify, webauthn:extension:credBlob: true, webauthn:extension:largeBlob: true, webauthn:extension:minPinLength: true, webauthn:extension:prf: true, webauthn:virtualAuthenticators: true}
Session ID: 98bd0bbc99fa89848d38d5309298fdbd
2026-01-14 17:37:35.291 [TestNG-test-Yt Master Tests-2] WARN  [verifyingSideMenuLanguageAsInSettings] [verifyingSideMenuLanguageAsInSettings] Attempt 2 failed to find elements: By.xpath: //ytd-guide-entry-renderer[@class='style-scope ytd-guide-section-renderer'] -> org.openqa.selenium.TimeoutException: Expected condition failed: waiting for presence of any elements located by By.xpath: //ytd-guide-entry-renderer[@class='style-scope ytd-guide-section-renderer'] (tried for 10 second(s) with 500 milliseconds interval)
Build info: version: '4.27.0', revision: 'd6e718d134'
System info: os.name: 'Windows Server 2025', os.arch: 'amd64', os.version: '10.0', java.version: '24.0.2'
Driver info: org.openqa.selenium.chrome.ChromeDriver
Capabilities {acceptInsecureCerts: false, browserName: chrome, browserVersion: 143.0.7499.170, chrome: {chromedriverVersion: 143.0.7499.192 (be2c1f4fd45..., userDataDir: C:\Windows\SystemTemp\scope...}, fedcm:accounts: true, goog:chromeOptions: {debuggerAddress: localhost:51704}, goog:processID: 3648, networkConnectionEnabled: false, pageLoadStrategy: normal, platformName: windows, proxy: Proxy(), se:cdp: ws://localhost:51704/devtoo..., se:cdpVersion: 143.0.7499.170, setWindowRect: true, strictFileInteractability: false, timeouts: {implicit: 0, pageLoad: 300000, script: 30000}, unhandledPromptBehavior: dismiss and notify, webauthn:extension:credBlob: true, webauthn:extension:largeBlob: true, webauthn:extension:minPinLength: true, webauthn:extension:prf: true, webauthn:virtualAuthenticators: true}
Session ID: 98bd0bbc99fa89848d38d5309298fdbd
2026-01-14 17:37:35.291 [TestNG-test-Yt Master Tests-2] WARN  [verifyingSideMenuLanguageAsInSettings] [verifyingSideMenuLanguageAsInSettings] Attempt 2 failed — refreshing the page to recover...
2026-01-14 17:37:35.295 [TestNG-test-Yt Master Tests-2] INFO  [verifyingSideMenuLanguageAsInSettings] [verifyingSideMenuLanguageAsInSettings] Current URL before refresh: https://www.youtube.com/
2026-01-14 17:37:35.389 [TestNG-test-Yt Master Tests-2] INFO  [verifyingSideMenuLanguageAsInSettings] [verifyingSideMenuLanguageAsInSettings] Page refreshed successfully.
2026-01-14 17:37:36.974 [TestNG-test-Yt Master Tests-2] INFO  [verifyingSideMenuLanguageAsInSettings] [verifyingSideMenuLanguageAsInSettings] Page fully loaded after refresh.
2026-01-14 17:37:47.140 [TestNG-test-Yt Master Tests-2] WARN  [verifyingSideMenuLanguageAsInSettings] [verifyingSideMenuLanguageAsInSettings] Attempt 3 failed to find elements: By.xpath: //ytd-guide-entry-renderer[@class='style-scope ytd-guide-section-renderer'] -> org.openqa.selenium.TimeoutException: Expected condition failed: waiting for presence of any elements located by By.xpath: //ytd-guide-entry-renderer[@class='style-scope ytd-guide-section-renderer'] (tried for 10 second(s) with 500 milliseconds interval)
Build info: version: '4.27.0', revision: 'd6e718d134'
System info: os.name: 'Windows Server 2025', os.arch: 'amd64', os.version: '10.0', java.version: '24.0.2'
Driver info: org.openqa.selenium.chrome.ChromeDriver
Capabilities {acceptInsecureCerts: false, browserName: chrome, browserVersion: 143.0.7499.170, chrome: {chromedriverVersion: 143.0.7499.192 (be2c1f4fd45..., userDataDir: C:\Windows\SystemTemp\scope...}, fedcm:accounts: true, goog:chromeOptions: {debuggerAddress: localhost:51704}, goog:processID: 3648, networkConnectionEnabled: false, pageLoadStrategy: normal, platformName: windows, proxy: Proxy(), se:cdp: ws://localhost:51704/devtoo..., se:cdpVersion: 143.0.7499.170, setWindowRect: true, strictFileInteractability: false, timeouts: {implicit: 0, pageLoad: 300000, script: 30000}, unhandledPromptBehavior: dismiss and notify, webauthn:extension:credBlob: true, webauthn:extension:largeBlob: true, webauthn:extension:minPinLength: true, webauthn:extension:prf: true, webauthn:virtualAuthenticators: true}
Session ID: 98bd0bbc99fa89848d38d5309298fdbd
2026-01-14 17:37:47.140 [TestNG-test-Yt Master Tests-2] WARN  [verifyingSideMenuLanguageAsInSettings] [verifyingSideMenuLanguageAsInSettings] Attempt 3 failed — refreshing the page to recover...
2026-01-14 17:37:47.144 [TestNG-test-Yt Master Tests-2] INFO  [verifyingSideMenuLanguageAsInSettings] [verifyingSideMenuLanguageAsInSettings] Current URL before refresh: https://www.youtube.com/
2026-01-14 17:37:47.661 [TestNG-test-Yt Master Tests-2] INFO  [verifyingSideMenuLanguageAsInSettings] [verifyingSideMenuLanguageAsInSettings] Page refreshed successfully.
2026-01-14 17:37:49.165 [TestNG-test-Yt Master Tests-2] INFO  [verifyingSideMenuLanguageAsInSettings] [verifyingSideMenuLanguageAsInSettings] Page fully loaded after refresh.
2026-01-14 17:37:49.165 [TestNG-test-Yt Master Tests-2] ERROR [verifyingSideMenuLanguageAsInSettings] [verifyingSideMenuLanguageAsInSettings] No elements ready after 3 attempts: By.xpath: //ytd-guide-entry-renderer[@class='style-scope ytd-guide-section-renderer']
2026-01-14 17:37:49.165 [TestNG-test-Yt Master Tests-2] INFO  [verifyingSideMenuLanguageAsInSettings] Clicking settings ellipses button...
2026-01-14 17:37:49.165 [TestNG-test-Yt Master Tests-2] INFO  [verifyingSideMenuLanguageAsInSettings] [verifyingSideMenuLanguageAsInSettings] Trying to find element: By.xpath: //ytd-topbar-menu-button-renderer[@class='style-scope ytd-masthead style-default']
2026-01-14 17:37:49.183 [TestNG-test-Yt Master Tests-2] INFO  [verifyingSideMenuLanguageAsInSettings] [verifyingSideMenuLanguageAsInSettings] Element found and ready (attempt 1): By.xpath: //ytd-topbar-menu-button-renderer[@class='style-scope ytd-masthead style-default']
2026-01-14 17:37:51.253 [TestNG-test-Yt Master Tests-2] INFO  [verifyingSideMenuLanguageAsInSettings] Clicking language dropdown...
2026-01-14 17:37:51.253 [TestNG-test-Yt Master Tests-2] INFO  [verifyingSideMenuLanguageAsInSettings] [verifyingSideMenuLanguageAsInSettings] Trying to find element: By.xpath: (//div[@id='content-icon'])[2]
2026-01-14 17:37:51.275 [TestNG-test-Yt Master Tests-2] INFO  [verifyingSideMenuLanguageAsInSettings] [verifyingSideMenuLanguageAsInSettings] Element found and ready (attempt 1): By.xpath: (//div[@id='content-icon'])[2]
2026-01-14 17:37:53.583 [TestNG-test-Yt Master Tests-2] INFO  [verifyingSideMenuLanguageAsInSettings] [verifyingSideMenuLanguageAsInSettings] Capturing screenshot: Filter Applied is English (India)__2026-01-14_173753.png
2026-01-14 17:37:53.657 [TestNG-test-Yt Master Tests-2] INFO  [verifyingSideMenuLanguageAsInSettings] [verifyingSideMenuLanguageAsInSettings] Screenshot saved at: test-output/screenshots/Run_2026-01-14_17-14-57/verifyingSideMenuLanguageAsInSettings/Filter Applied is English (India)__2026-01-14_173753.png
2026-01-14 17:37:54.658 [TestNG-test-Yt Master Tests-2] INFO  [verifyingSideMenuLanguageAsInSettings] Looking for language element with name: English (India)
2026-01-14 17:37:54.658 [TestNG-test-Yt Master Tests-2] INFO  [verifyingSideMenuLanguageAsInSettings] [verifyingSideMenuLanguageAsInSettings] Trying to find element: By.xpath: //yt-multi-page-menu-section-renderer[@class='style-scope ytd-multi-page-menu-renderer']//yt-formatted-string[@id='label' and text()='English (India)']
2026-01-14 17:37:54.680 [TestNG-test-Yt Master Tests-2] INFO  [verifyingSideMenuLanguageAsInSettings] [verifyingSideMenuLanguageAsInSettings] Element found and ready (attempt 1): By.xpath: //yt-multi-page-menu-section-renderer[@class='style-scope ytd-multi-page-menu-renderer']//yt-formatted-string[@id='label' and text()='English (India)']
2026-01-14 17:37:55.261 [TestNG-test-Yt Master Tests-2] INFO  [verifyingSideMenuLanguageAsInSettings] Clicking settings ellipses button...
2026-01-14 17:37:55.261 [TestNG-test-Yt Master Tests-2] INFO  [verifyingSideMenuLanguageAsInSettings] [verifyingSideMenuLanguageAsInSettings] Trying to find element: By.xpath: //ytd-topbar-menu-button-renderer[@class='style-scope ytd-masthead style-default']
2026-01-14 17:37:55.518 [TestNG-test-Yt Master Tests-2] INFO  [verifyingSideMenuLanguageAsInSettings] [verifyingSideMenuLanguageAsInSettings] Element found and ready (attempt 1): By.xpath: //ytd-topbar-menu-button-renderer[@class='style-scope ytd-masthead style-default']
2026-01-14 17:37:55.863 [TestNG-test-Yt Master Tests-2] INFO  [verifyingSideMenuLanguageAsInSettings] Looking for language element with name: English (India)
2026-01-14 17:37:55.863 [TestNG-test-Yt Master Tests-2] INFO  [verifyingSideMenuLanguageAsInSettings] [verifyingSideMenuLanguageAsInSettings] Waiting until element is visible in viewport
2026-01-14 17:38:06.145 [TestNG-test-Yt Master Tests-2] INFO  [verifyingSideMenuLanguageAsInSettings] [verifyingSideMenuLanguageAsInSettings] Capturing screenshot: Filter Applied is English (India)__2026-01-14_173806.png
2026-01-14 17:38:06.202 [TestNG-test-Yt Master Tests-2] INFO  [verifyingSideMenuLanguageAsInSettings] [verifyingSideMenuLanguageAsInSettings] Screenshot saved at: test-output/screenshots/Run_2026-01-14_17-14-57/verifyingSideMenuLanguageAsInSettings/Filter Applied is English (India)__2026-01-14_173806.png
2026-01-14 17:38:06.202 [TestNG-test-Yt Master Tests-2] INFO  [verifyingSideMenuLanguageAsInSettings] Clicking settings ellipses button...
2026-01-14 17:38:06.202 [TestNG-test-Yt Master Tests-2] INFO  [verifyingSideMenuLanguageAsInSettings] [verifyingSideMenuLanguageAsInSettings] Trying to find element: By.xpath: //ytd-topbar-menu-button-renderer[@class='style-scope ytd-masthead style-default']
2026-01-14 17:38:06.220 [TestNG-test-Yt Master Tests-2] INFO  [verifyingSideMenuLanguageAsInSettings] [verifyingSideMenuLanguageAsInSettings] Element found and ready (attempt 1): By.xpath: //ytd-topbar-menu-button-renderer[@class='style-scope ytd-masthead style-default']
2026-01-14 17:38:08.266 [TestNG-test-Yt Master Tests-2] INFO  [verifyingSideMenuLanguageAsInSettings] Fetching the side menu in expanded view
2026-01-14 17:38:08.266 [TestNG-test-Yt Master Tests-2] INFO  [verifyingSideMenuLanguageAsInSettings] [verifyingSideMenuLanguageAsInSettings] Finding elements list: By.xpath: //ytd-guide-entry-renderer[@class='style-scope ytd-guide-section-renderer']
2026-01-14 17:38:18.417 [TestNG-test-Yt Master Tests-2] WARN  [verifyingSideMenuLanguageAsInSettings] [verifyingSideMenuLanguageAsInSettings] Attempt 1 failed to find elements: By.xpath: //ytd-guide-entry-renderer[@class='style-scope ytd-guide-section-renderer'] -> org.openqa.selenium.TimeoutException: Expected condition failed: waiting for presence of any elements located by By.xpath: //ytd-guide-entry-renderer[@class='style-scope ytd-guide-section-renderer'] (tried for 10 second(s) with 500 milliseconds interval)
Build info: version: '4.27.0', revision: 'd6e718d134'
System info: os.name: 'Windows Server 2025', os.arch: 'amd64', os.version: '10.0', java.version: '24.0.2'
Driver info: org.openqa.selenium.chrome.ChromeDriver
Capabilities {acceptInsecureCerts: false, browserName: chrome, browserVersion: 143.0.7499.170, chrome: {chromedriverVersion: 143.0.7499.192 (be2c1f4fd45..., userDataDir: C:\Windows\SystemTemp\scope...}, fedcm:accounts: true, goog:chromeOptions: {debuggerAddress: localhost:51704}, goog:processID: 3648, networkConnectionEnabled: false, pageLoadStrategy: normal, platformName: windows, proxy: Proxy(), se:cdp: ws://localhost:51704/devtoo..., se:cdpVersion: 143.0.7499.170, setWindowRect: true, strictFileInteractability: false, timeouts: {implicit: 0, pageLoad: 300000, script: 30000}, unhandledPromptBehavior: dismiss and notify, webauthn:extension:credBlob: true, webauthn:extension:largeBlob: true, webauthn:extension:minPinLength: true, webauthn:extension:prf: true, webauthn:virtualAuthenticators: true}
Session ID: 98bd0bbc99fa89848d38d5309298fdbd
2026-01-14 17:38:28.573 [TestNG-test-Yt Master Tests-2] WARN  [verifyingSideMenuLanguageAsInSettings] [verifyingSideMenuLanguageAsInSettings] Attempt 2 failed to find elements: By.xpath: //ytd-guide-entry-renderer[@class='style-scope ytd-guide-section-renderer'] -> org.openqa.selenium.TimeoutException: Expected condition failed: waiting for presence of any elements located by By.xpath: //ytd-guide-entry-renderer[@class='style-scope ytd-guide-section-renderer'] (tried for 10 second(s) with 500 milliseconds interval)
Build info: version: '4.27.0', revision: 'd6e718d134'
System info: os.name: 'Windows Server 2025', os.arch: 'amd64', os.version: '10.0', java.version: '24.0.2'
Driver info: org.openqa.selenium.chrome.ChromeDriver
Capabilities {acceptInsecureCerts: false, browserName: chrome, browserVersion: 143.0.7499.170, chrome: {chromedriverVersion: 143.0.7499.192 (be2c1f4fd45..., userDataDir: C:\Windows\SystemTemp\scope...}, fedcm:accounts: true, goog:chromeOptions: {debuggerAddress: localhost:51704}, goog:processID: 3648, networkConnectionEnabled: false, pageLoadStrategy: normal, platformName: windows, proxy: Proxy(), se:cdp: ws://localhost:51704/devtoo..., se:cdpVersion: 143.0.7499.170, setWindowRect: true, strictFileInteractability: false, timeouts: {implicit: 0, pageLoad: 300000, script: 30000}, unhandledPromptBehavior: dismiss and notify, webauthn:extension:credBlob: true, webauthn:extension:largeBlob: true, webauthn:extension:minPinLength: true, webauthn:extension:prf: true, webauthn:virtualAuthenticators: true}
Session ID: 98bd0bbc99fa89848d38d5309298fdbd
2026-01-14 17:38:28.573 [TestNG-test-Yt Master Tests-2] WARN  [verifyingSideMenuLanguageAsInSettings] [verifyingSideMenuLanguageAsInSettings] Attempt 2 failed — refreshing the page to recover...
2026-01-14 17:38:28.576 [TestNG-test-Yt Master Tests-2] INFO  [verifyingSideMenuLanguageAsInSettings] [verifyingSideMenuLanguageAsInSettings] Current URL before refresh: https://www.youtube.com/
2026-01-14 17:38:28.693 [TestNG-test-Yt Master Tests-2] INFO  [verifyingSideMenuLanguageAsInSettings] [verifyingSideMenuLanguageAsInSettings] Page refreshed successfully.
2026-01-14 17:38:30.203 [TestNG-test-Yt Master Tests-2] INFO  [verifyingSideMenuLanguageAsInSettings] [verifyingSideMenuLanguageAsInSettings] Page fully loaded after refresh.
2026-01-14 17:38:40.395 [TestNG-test-Yt Master Tests-2] WARN  [verifyingSideMenuLanguageAsInSettings] [verifyingSideMenuLanguageAsInSettings] Attempt 3 failed to find elements: By.xpath: //ytd-guide-entry-renderer[@class='style-scope ytd-guide-section-renderer'] -> org.openqa.selenium.TimeoutException: Expected condition failed: waiting for presence of any elements located by By.xpath: //ytd-guide-entry-renderer[@class='style-scope ytd-guide-section-renderer'] (tried for 10 second(s) with 500 milliseconds interval)
Build info: version: '4.27.0', revision: 'd6e718d134'
System info: os.name: 'Windows Server 2025', os.arch: 'amd64', os.version: '10.0', java.version: '24.0.2'
Driver info: org.openqa.selenium.chrome.ChromeDriver
Capabilities {acceptInsecureCerts: false, browserName: chrome, browserVersion: 143.0.7499.170, chrome: {chromedriverVersion: 143.0.7499.192 (be2c1f4fd45..., userDataDir: C:\Windows\SystemTemp\scope...}, fedcm:accounts: true, goog:chromeOptions: {debuggerAddress: localhost:51704}, goog:processID: 3648, networkConnectionEnabled: false, pageLoadStrategy: normal, platformName: windows, proxy: Proxy(), se:cdp: ws://localhost:51704/devtoo..., se:cdpVersion: 143.0.7499.170, setWindowRect: true, strictFileInteractability: false, timeouts: {implicit: 0, pageLoad: 300000, script: 30000}, unhandledPromptBehavior: dismiss and notify, webauthn:extension:credBlob: true, webauthn:extension:largeBlob: true, webauthn:extension:minPinLength: true, webauthn:extension:prf: true, webauthn:virtualAuthenticators: true}
Session ID: 98bd0bbc99fa89848d38d5309298fdbd
2026-01-14 17:38:40.395 [TestNG-test-Yt Master Tests-2] WARN  [verifyingSideMenuLanguageAsInSettings] [verifyingSideMenuLanguageAsInSettings] Attempt 3 failed — refreshing the page to recover...
2026-01-14 17:38:40.399 [TestNG-test-Yt Master Tests-2] INFO  [verifyingSideMenuLanguageAsInSettings] [verifyingSideMenuLanguageAsInSettings] Current URL before refresh: https://www.youtube.com/
2026-01-14 17:38:40.496 [TestNG-test-Yt Master Tests-2] INFO  [verifyingSideMenuLanguageAsInSettings] [verifyingSideMenuLanguageAsInSettings] Page refreshed successfully.
2026-01-14 17:38:42.002 [TestNG-test-Yt Master Tests-2] INFO  [verifyingSideMenuLanguageAsInSettings] [verifyingSideMenuLanguageAsInSettings] Page fully loaded after refresh.
2026-01-14 17:38:42.003 [TestNG-test-Yt Master Tests-2] ERROR [verifyingSideMenuLanguageAsInSettings] [verifyingSideMenuLanguageAsInSettings] No elements ready after 3 attempts: By.xpath: //ytd-guide-entry-renderer[@class='style-scope ytd-guide-section-renderer']
2026-01-14 17:38:42.003 [TestNG-test-Yt Master Tests-2] INFO  [verifyingSideMenuLanguageAsInSettings] Clicking settings ellipses button...
2026-01-14 17:38:42.003 [TestNG-test-Yt Master Tests-2] INFO  [verifyingSideMenuLanguageAsInSettings] [verifyingSideMenuLanguageAsInSettings] Trying to find element: By.xpath: //ytd-topbar-menu-button-renderer[@class='style-scope ytd-masthead style-default']
2026-01-14 17:38:42.021 [TestNG-test-Yt Master Tests-2] INFO  [verifyingSideMenuLanguageAsInSettings] [verifyingSideMenuLanguageAsInSettings] Element found and ready (attempt 1): By.xpath: //ytd-topbar-menu-button-renderer[@class='style-scope ytd-masthead style-default']
2026-01-14 17:38:44.089 [TestNG-test-Yt Master Tests-2] INFO  [verifyingSideMenuLanguageAsInSettings] Clicking language dropdown...
2026-01-14 17:38:44.089 [TestNG-test-Yt Master Tests-2] INFO  [verifyingSideMenuLanguageAsInSettings] [verifyingSideMenuLanguageAsInSettings] Trying to find element: By.xpath: (//div[@id='content-icon'])[2]
2026-01-14 17:38:44.110 [TestNG-test-Yt Master Tests-2] INFO  [verifyingSideMenuLanguageAsInSettings] [verifyingSideMenuLanguageAsInSettings] Element found and ready (attempt 1): By.xpath: (//div[@id='content-icon'])[2]
2026-01-14 17:38:46.418 [TestNG-test-Yt Master Tests-2] INFO  [verifyingSideMenuLanguageAsInSettings] [verifyingSideMenuLanguageAsInSettings] Not retrying test 'verifyingSideMenuLanguageAsInSettings'. Retry count: 0, Cause: The following asserts failed:
	Mismatch in the Actual and Expected data expected [Tuis Kortvideo's Intekeninge Myne Geskiedenis Musiek Flieks Regstreeks YouTube Premium YouTube Music YouTube Kids Instellings Aangeegeskiedenis Hulp Stuur terugvoer] but found [],
	Mismatch in the Actual and Expected data expected [Ev Shorts Abunəliklər Siz Tarixçə Musiqi Filmlər Canlı YouTube Premium YouTube Music YouTube Kids Ayarlar Xəbər tarixçəsi Yardım Rəy göndərin] but found [],
	Mismatch in the Actual and Expected data expected [Beranda Shorts Subscription Anda Histori Musik Film Live YouTube Premium YouTube Music YouTube Kids Setelan Histori laporan Bantuan Kirim masukan] but found [],
	Mismatch in the Actual and Expected data expected [Početna stranica Shorts Pretplate Vi Hi‪storija Muzika Filmovi Uživo YouTube Premium YouTube Music YouTube Kids Postavke Historija prijava Pomoć Pošaljite povratne informacije] but found [],
	Mismatch in the Actual and Expected data expected [Inici YouTube Shorts Subscripcions Tu Historial Música Pel·lícules En directe YouTube Premium YouTube Music YouTube Kids Configuració Historial d'informes Ajuda Envia suggeriments] but found [],
	Mismatch in the Actual and Expected data expected [Start Shorts Abonnementer Dig Historik Musik Film Live YouTube Premium YouTube Music YouTube Kids Indstillinger Rapporteringshistorik Hjælp Send feedback] but found [],
	Mismatch in the Actual and Expected data expected [Startseite Shorts Abos Mein YouTube Verlauf Musik Filme Live YouTube Premium YouTube Music YouTube Kids Einstellungen Meldeverlauf Hilfe Feedback senden] but found [],
	Mismatch in the Actual and Expected data expected [Avaleht Shorts Tellimused Teie Ajalugu Muusika Filmid Otse YouTube Premium YouTube Music YouTube Kids Seaded Teavituste ajalugu Abi Tagasiside saatmine] but found [],
	Mismatch in the Actual and Expected data expected [Home Shorts Subscriptions You History Shopping Music Films YouTube Premium YouTube Music YouTube Kids Settings Report history Help Send feedback] but found []
2026-01-14 17:38:46.427 [TestNG-test-Yt Master Tests-2] ERROR [verifyingSideMenuLanguageAsInSettings] Test FAILED: verifyingSideMenuLanguageAsInSettings - java.lang.AssertionError: The following asserts failed:
	Mismatch in the Actual and Expected data expected [Tuis Kortvideo's Intekeninge Myne Geskiedenis Musiek Flieks Regstreeks YouTube Premium YouTube Music YouTube Kids Instellings Aangeegeskiedenis Hulp Stuur terugvoer] but found [],
	Mismatch in the Actual and Expected data expected [Ev Shorts Abunəliklər Siz Tarixçə Musiqi Filmlər Canlı YouTube Premium YouTube Music YouTube Kids Ayarlar Xəbər tarixçəsi Yardım Rəy göndərin] but found [],
	Mismatch in the Actual and Expected data expected [Beranda Shorts Subscription Anda Histori Musik Film Live YouTube Premium YouTube Music YouTube Kids Setelan Histori laporan Bantuan Kirim masukan] but found [],
	Mismatch in the Actual and Expected data expected [Početna stranica Shorts Pretplate Vi Hi‪storija Muzika Filmovi Uživo YouTube Premium YouTube Music YouTube Kids Postavke Historija prijava Pomoć Pošaljite povratne informacije] but found [],
	Mismatch in the Actual and Expected data expected [Inici YouTube Shorts Subscripcions Tu Historial Música Pel·lícules En directe YouTube Premium YouTube Music YouTube Kids Configuració Historial d'informes Ajuda Envia suggeriments] but found [],
	Mismatch in the Actual and Expected data expected [Start Shorts Abonnementer Dig Historik Musik Film Live YouTube Premium YouTube Music YouTube Kids Indstillinger Rapporteringshistorik Hjælp Send feedback] but found [],
	Mismatch in the Actual and Expected data expected [Startseite Shorts Abos Mein YouTube Verlauf Musik Filme Live YouTube Premium YouTube Music YouTube Kids Einstellungen Meldeverlauf Hilfe Feedback senden] but found [],
	Mismatch in the Actual and Expected data expected [Avaleht Shorts Tellimused Teie Ajalugu Muusika Filmid Otse YouTube Premium YouTube Music YouTube Kids Seaded Teavituste ajalugu Abi Tagasiside saatmine] but found [],
	Mismatch in the Actual and Expected data expected [Home Shorts Subscriptions You History Shopping Music Films YouTube Premium YouTube Music YouTube Kids Settings Report history Help Send feedback] but found []
2026-01-14 17:38:46.427 [TestNG-test-Yt Master Tests-2] INFO  [verifyingSideMenuLanguageAsInSettings] Closing WebDriver for thread: 35
2026-01-14 17:38:46.826 [TestNG-test-Yt Master Tests-2] INFO  [verifyingSideMenuLanguageAsInSettings] WebDriver instance removed from ThreadLocal for thread: 35
2026-01-14 17:38:46.826 [TestNG-test-Yt Master Tests-2] INFO  [verifyingSideMenuLanguageAsInSettings] Driver closed for test: verifyingSideMenuLanguageAsInSettings
