2025-11-07 18:05:32.714 [TestNG-test-Test-3] INFO  [verifyingSideMenuCollapsedLangAsInSettings] ===== STARTING TEST: verifyingSideMenuCollapsedLangAsInSettings  | Thread: 36 =====
2025-11-07 18:05:32.720 [TestNG-test-Test-3] INFO  [verifyingSideMenuCollapsedLangAsInSettings] No existing WebDriver found for current thread. Initializing a new ChromeDriver...
2025-11-07 18:05:32.734 [TestNG-test-Test-3] INFO  [verifyingSideMenuCollapsedLangAsInSettings] WebDriverManager: chromedriver setup OK
2025-11-07 18:05:33.950 [TestNG-test-Test-3] INFO  [verifyingSideMenuCollapsedLangAsInSettings] ChromeDriver initialized successfully for thread: 36
2025-11-07 18:05:33.951 [TestNG-test-Test-3] INFO  [verifyingSideMenuCollapsedLangAsInSettings] Driver initialized successfully for test: verifyingSideMenuCollapsedLangAsInSettings
2025-11-07 18:05:33.952 [TestNG-test-Test-3] INFO  [verifyingSideMenuCollapsedLangAsInSettings] CI DEBUG: sys.runTimestamp='2025-11-07_17-54-27' env.RUN_TIMESTAMP='2025-11-07_17-54-27' sys.logs.dir='D:\a\youtube-multi-lang-ui-validator-automation\youtube-multi-lang-ui-validator-automation\yt_multi_language_ui_validator/logs/run_2025-11-07_17-54-27'
2025-11-07 18:05:33.952 [TestNG-test-Test-3] INFO  [verifyingSideMenuCollapsedLangAsInSettings] BasePage initialized successfully for thread 36
2025-11-07 18:05:33.952 [TestNG-test-Test-3] INFO  [verifyingSideMenuCollapsedLangAsInSettings] SafeActions initialized with driver ChromeDriver: chrome on windows (0152462080265cb28845968da43a4df9)
2025-11-07 18:05:33.952 [TestNG-test-Test-3] INFO  [verifyingSideMenuCollapsedLangAsInSettings] Initialized YtLandingPage with driver: ChromeDriver: chrome on windows (0152462080265cb28845968da43a4df9)
2025-11-07 18:05:33.952 [TestNG-test-Test-3] INFO  [verifyingSideMenuCollapsedLangAsInSettings] CI DEBUG: sys.runTimestamp='2025-11-07_17-54-27' env.RUN_TIMESTAMP='2025-11-07_17-54-27' sys.logs.dir='D:\a\youtube-multi-lang-ui-validator-automation\youtube-multi-lang-ui-validator-automation\yt_multi_language_ui_validator/logs/run_2025-11-07_17-54-27'
2025-11-07 18:05:33.952 [TestNG-test-Test-3] INFO  [verifyingSideMenuCollapsedLangAsInSettings] BasePage initialized successfully for thread 36
2025-11-07 18:05:33.952 [TestNG-test-Test-3] INFO  [verifyingSideMenuCollapsedLangAsInSettings] SafeActions initialized with driver ChromeDriver: chrome on windows (0152462080265cb28845968da43a4df9)
2025-11-07 18:05:36.451 [TestNG-test-Test-3] INFO  [verifyingSideMenuCollapsedLangAsInSettings] Opened YouTube landing page.
2025-11-07 18:05:36.451 [TestNG-test-Test-3] INFO  [verifyingSideMenuCollapsedLangAsInSettings] Clicking left ellipses in the landing page
2025-11-07 18:05:36.456 [TestNG-test-Test-3] INFO  [verifyingSideMenuCollapsedLangAsInSettings] [verifyingSideMenuCollapsedLangAsInSettings] Trying to find element: By.xpath: //ytd-topbar-logo-renderer[@id='logo']/preceding-sibling::*[@id='guide-button']
2025-11-07 18:05:36.643 [TestNG-test-Test-3] INFO  [verifyingSideMenuCollapsedLangAsInSettings] [verifyingSideMenuCollapsedLangAsInSettings] Element found and ready (attempt 1): By.xpath: //ytd-topbar-logo-renderer[@id='logo']/preceding-sibling::*[@id='guide-button']
2025-11-07 18:05:38.194 [TestNG-test-Test-3] INFO  [verifyingSideMenuCollapsedLangAsInSettings] Clicking settings ellipses button...
2025-11-07 18:05:38.194 [TestNG-test-Test-3] INFO  [verifyingSideMenuCollapsedLangAsInSettings] [verifyingSideMenuCollapsedLangAsInSettings] Trying to find element: By.xpath: //ytd-topbar-menu-button-renderer[@class='style-scope ytd-masthead style-default']
2025-11-07 18:05:38.287 [TestNG-test-Test-3] INFO  [verifyingSideMenuCollapsedLangAsInSettings] [verifyingSideMenuCollapsedLangAsInSettings] Element found and ready (attempt 1): By.xpath: //ytd-topbar-menu-button-renderer[@class='style-scope ytd-masthead style-default']
2025-11-07 18:05:39.375 [TestNG-test-Test-3] WARN  [verifyingSideMenuCollapsedLangAsInSettings] [verifyingSideMenuCollapsedLangAsInSettings] Retrying test 'verifyingSideMenuCollapsedLangAsInSettings' (attempt 1) due to: element click intercepted: Element <ytd-topbar-menu-button-renderer class="style-scope ytd-masthead style-default" use-keyboard-focused="" is-icon-button="" has-no-text="">...</ytd-topbar-menu-button-renderer> is not clickable at point (866, 28). Other element would receive the click: <div id="scrim" class="style-scope tp-yt-app-drawer visible" style="transition-duration: 200ms;"></div>
  (Session info: chrome=141.0.7390.123)
Build info: version: '4.27.0', revision: 'd6e718d134'
System info: os.name: 'Windows Server 2025', os.arch: 'amd64', os.version: '10.0', java.version: '24.0.2'
Driver info: org.openqa.selenium.chrome.ChromeDriver
Command: [0152462080265cb28845968da43a4df9, clickElement {id=f.43B6E36FC538E05910AF6E9C6C2823F3.d.8627A19A9321A4CEA515BE5E25FD35E2.e.16}]
Capabilities {acceptInsecureCerts: false, browserName: chrome, browserVersion: 141.0.7390.123, chrome: {chromedriverVersion: 141.0.7390.122 (b477534e7e1..., userDataDir: C:\Windows\SystemTemp\scope...}, fedcm:accounts: true, goog:chromeOptions: {debuggerAddress: localhost:61539}, networkConnectionEnabled: false, pageLoadStrategy: normal, platformName: windows, proxy: Proxy(), se:cdp: ws://localhost:61539/devtoo..., se:cdpVersion: 141.0.7390.123, setWindowRect: true, strictFileInteractability: false, timeouts: {implicit: 0, pageLoad: 300000, script: 30000}, unhandledPromptBehavior: dismiss and notify, webauthn:extension:credBlob: true, webauthn:extension:largeBlob: true, webauthn:extension:minPinLength: true, webauthn:extension:prf: true, webauthn:virtualAuthenticators: true}
Element: [[ChromeDriver: chrome on windows (0152462080265cb28845968da43a4df9)] -> xpath: //ytd-topbar-menu-button-renderer[@class='style-scope ytd-masthead style-default']]
Session ID: 0152462080265cb28845968da43a4df9
2025-11-07 18:05:39.378 [TestNG-test-Test-3] WARN  [verifyingSideMenuCollapsedLangAsInSettings] Test SKIPPED: verifyingSideMenuCollapsedLangAsInSettings
2025-11-07 18:05:39.378 [TestNG-test-Test-3] INFO  [verifyingSideMenuCollapsedLangAsInSettings] Closing WebDriver for thread: 36
2025-11-07 18:05:39.678 [TestNG-test-Test-3] INFO  [verifyingSideMenuCollapsedLangAsInSettings] WebDriver instance removed from ThreadLocal for thread: 36
2025-11-07 18:05:39.678 [TestNG-test-Test-3] INFO  [verifyingSideMenuCollapsedLangAsInSettings] Driver closed for test: verifyingSideMenuCollapsedLangAsInSettings
2025-11-07 18:05:41.681 [TestNG-test-Test-3] INFO  [verifyingSideMenuCollapsedLangAsInSettings] ===== STARTING TEST: verifyingSideMenuCollapsedLangAsInSettings  | Thread: 36 =====
2025-11-07 18:05:41.681 [TestNG-test-Test-3] INFO  [verifyingSideMenuCollapsedLangAsInSettings] No existing WebDriver found for current thread. Initializing a new ChromeDriver...
2025-11-07 18:05:41.698 [TestNG-test-Test-3] INFO  [verifyingSideMenuCollapsedLangAsInSettings] WebDriverManager: chromedriver setup OK
2025-11-07 18:05:42.966 [TestNG-test-Test-3] INFO  [verifyingSideMenuCollapsedLangAsInSettings] ChromeDriver initialized successfully for thread: 36
2025-11-07 18:05:42.966 [TestNG-test-Test-3] INFO  [verifyingSideMenuCollapsedLangAsInSettings] Driver initialized successfully for test: verifyingSideMenuCollapsedLangAsInSettings
2025-11-07 18:05:42.967 [TestNG-test-Test-3] INFO  [verifyingSideMenuCollapsedLangAsInSettings] CI DEBUG: sys.runTimestamp='2025-11-07_17-54-27' env.RUN_TIMESTAMP='2025-11-07_17-54-27' sys.logs.dir='D:\a\youtube-multi-lang-ui-validator-automation\youtube-multi-lang-ui-validator-automation\yt_multi_language_ui_validator/logs/run_2025-11-07_17-54-27'
2025-11-07 18:05:42.967 [TestNG-test-Test-3] INFO  [verifyingSideMenuCollapsedLangAsInSettings] BasePage initialized successfully for thread 36
2025-11-07 18:05:42.967 [TestNG-test-Test-3] INFO  [verifyingSideMenuCollapsedLangAsInSettings] SafeActions initialized with driver ChromeDriver: chrome on windows (11e8c6e7bee1b468df8719b97e863459)
2025-11-07 18:05:42.967 [TestNG-test-Test-3] INFO  [verifyingSideMenuCollapsedLangAsInSettings] Initialized YtLandingPage with driver: ChromeDriver: chrome on windows (11e8c6e7bee1b468df8719b97e863459)
2025-11-07 18:05:42.967 [TestNG-test-Test-3] INFO  [verifyingSideMenuCollapsedLangAsInSettings] CI DEBUG: sys.runTimestamp='2025-11-07_17-54-27' env.RUN_TIMESTAMP='2025-11-07_17-54-27' sys.logs.dir='D:\a\youtube-multi-lang-ui-validator-automation\youtube-multi-lang-ui-validator-automation\yt_multi_language_ui_validator/logs/run_2025-11-07_17-54-27'
2025-11-07 18:05:42.968 [TestNG-test-Test-3] INFO  [verifyingSideMenuCollapsedLangAsInSettings] BasePage initialized successfully for thread 36
2025-11-07 18:05:42.968 [TestNG-test-Test-3] INFO  [verifyingSideMenuCollapsedLangAsInSettings] SafeActions initialized with driver ChromeDriver: chrome on windows (11e8c6e7bee1b468df8719b97e863459)
2025-11-07 18:05:45.263 [TestNG-test-Test-3] INFO  [verifyingSideMenuCollapsedLangAsInSettings] Opened YouTube landing page.
2025-11-07 18:05:45.264 [TestNG-test-Test-3] INFO  [verifyingSideMenuCollapsedLangAsInSettings] Clicking left ellipses in the landing page
2025-11-07 18:05:45.264 [TestNG-test-Test-3] INFO  [verifyingSideMenuCollapsedLangAsInSettings] [verifyingSideMenuCollapsedLangAsInSettings] Trying to find element: By.xpath: //ytd-topbar-logo-renderer[@id='logo']/preceding-sibling::*[@id='guide-button']
2025-11-07 18:05:45.434 [TestNG-test-Test-3] INFO  [verifyingSideMenuCollapsedLangAsInSettings] [verifyingSideMenuCollapsedLangAsInSettings] Element found and ready (attempt 1): By.xpath: //ytd-topbar-logo-renderer[@id='logo']/preceding-sibling::*[@id='guide-button']
2025-11-07 18:05:47.036 [TestNG-test-Test-3] INFO  [verifyingSideMenuCollapsedLangAsInSettings] Clicking settings ellipses button...
2025-11-07 18:05:47.036 [TestNG-test-Test-3] INFO  [verifyingSideMenuCollapsedLangAsInSettings] [verifyingSideMenuCollapsedLangAsInSettings] Trying to find element: By.xpath: //ytd-topbar-menu-button-renderer[@class='style-scope ytd-masthead style-default']
2025-11-07 18:05:47.700 [TestNG-test-Test-3] INFO  [verifyingSideMenuCollapsedLangAsInSettings] [verifyingSideMenuCollapsedLangAsInSettings] Element found and ready (attempt 1): By.xpath: //ytd-topbar-menu-button-renderer[@class='style-scope ytd-masthead style-default']
2025-11-07 18:05:48.938 [TestNG-test-Test-3] INFO  [verifyingSideMenuCollapsedLangAsInSettings] [verifyingSideMenuCollapsedLangAsInSettings] Not retrying test 'verifyingSideMenuCollapsedLangAsInSettings'. Retry count: 1, Cause: element click intercepted: Element <ytd-topbar-menu-button-renderer class="style-scope ytd-masthead style-default" use-keyboard-focused="" is-icon-button="" has-no-text="">...</ytd-topbar-menu-button-renderer> is not clickable at point (866, 28). Other element would receive the click: <div id="scrim" class="style-scope tp-yt-app-drawer visible" style="transition-duration: 200ms;"></div>
  (Session info: chrome=141.0.7390.123)
Build info: version: '4.27.0', revision: 'd6e718d134'
System info: os.name: 'Windows Server 2025', os.arch: 'amd64', os.version: '10.0', java.version: '24.0.2'
Driver info: org.openqa.selenium.chrome.ChromeDriver
Command: [11e8c6e7bee1b468df8719b97e863459, clickElement {id=f.79D65031565530F51587E415DA324DED.d.2B205F0D94F423CD9E90A1CC3FF25CC0.e.16}]
Capabilities {acceptInsecureCerts: false, browserName: chrome, browserVersion: 141.0.7390.123, chrome: {chromedriverVersion: 141.0.7390.122 (b477534e7e1..., userDataDir: C:\Windows\SystemTemp\scope...}, fedcm:accounts: true, goog:chromeOptions: {debuggerAddress: localhost:62641}, networkConnectionEnabled: false, pageLoadStrategy: normal, platformName: windows, proxy: Proxy(), se:cdp: ws://localhost:62641/devtoo..., se:cdpVersion: 141.0.7390.123, setWindowRect: true, strictFileInteractability: false, timeouts: {implicit: 0, pageLoad: 300000, script: 30000}, unhandledPromptBehavior: dismiss and notify, webauthn:extension:credBlob: true, webauthn:extension:largeBlob: true, webauthn:extension:minPinLength: true, webauthn:extension:prf: true, webauthn:virtualAuthenticators: true}
Element: [[ChromeDriver: chrome on windows (11e8c6e7bee1b468df8719b97e863459)] -> xpath: //ytd-topbar-menu-button-renderer[@class='style-scope ytd-masthead style-default']]
Session ID: 11e8c6e7bee1b468df8719b97e863459
2025-11-07 18:05:48.960 [TestNG-test-Test-3] ERROR [verifyingSideMenuCollapsedLangAsInSettings] Test FAILED: verifyingSideMenuCollapsedLangAsInSettings - org.openqa.selenium.ElementClickInterceptedException: element click intercepted: Element <ytd-topbar-menu-button-renderer class="style-scope ytd-masthead style-default" use-keyboard-focused="" is-icon-button="" has-no-text="">...</ytd-topbar-menu-button-renderer> is not clickable at point (866, 28). Other element would receive the click: <div id="scrim" class="style-scope tp-yt-app-drawer visible" style="transition-duration: 200ms;"></div>
  (Session info: chrome=141.0.7390.123)
Build info: version: '4.27.0', revision: 'd6e718d134'
System info: os.name: 'Windows Server 2025', os.arch: 'amd64', os.version: '10.0', java.version: '24.0.2'
Driver info: org.openqa.selenium.chrome.ChromeDriver
Command: [11e8c6e7bee1b468df8719b97e863459, clickElement {id=f.79D65031565530F51587E415DA324DED.d.2B205F0D94F423CD9E90A1CC3FF25CC0.e.16}]
Capabilities {acceptInsecureCerts: false, browserName: chrome, browserVersion: 141.0.7390.123, chrome: {chromedriverVersion: 141.0.7390.122 (b477534e7e1..., userDataDir: C:\Windows\SystemTemp\scope...}, fedcm:accounts: true, goog:chromeOptions: {debuggerAddress: localhost:62641}, networkConnectionEnabled: false, pageLoadStrategy: normal, platformName: windows, proxy: Proxy(), se:cdp: ws://localhost:62641/devtoo..., se:cdpVersion: 141.0.7390.123, setWindowRect: true, strictFileInteractability: false, timeouts: {implicit: 0, pageLoad: 300000, script: 30000}, unhandledPromptBehavior: dismiss and notify, webauthn:extension:credBlob: true, webauthn:extension:largeBlob: true, webauthn:extension:minPinLength: true, webauthn:extension:prf: true, webauthn:virtualAuthenticators: true}
Element: [[ChromeDriver: chrome on windows (11e8c6e7bee1b468df8719b97e863459)] -> xpath: //ytd-topbar-menu-button-renderer[@class='style-scope ytd-masthead style-default']]
Session ID: 11e8c6e7bee1b468df8719b97e863459
2025-11-07 18:05:48.961 [TestNG-test-Test-3] INFO  [verifyingSideMenuCollapsedLangAsInSettings] Closing WebDriver for thread: 36
2025-11-07 18:05:49.274 [TestNG-test-Test-3] INFO  [verifyingSideMenuCollapsedLangAsInSettings] WebDriver instance removed from ThreadLocal for thread: 36
2025-11-07 18:05:49.274 [TestNG-test-Test-3] INFO  [verifyingSideMenuCollapsedLangAsInSettings] Driver closed for test: verifyingSideMenuCollapsedLangAsInSettings
